[1.193s] Invoking command in '/home/nijin26/ros2_ws/src/pkg_template_py': DEBUGINFOD_URLS=https://debuginfod.ubuntu.com PYTHONPATH=/home/nijin26/ros2_ws/build/pkg_template_py/prefix_override:/usr/lib/python3/dist-packages/colcon_core/task/python/colcon_distutils_commands:/home/nijin26/ros2_ws/install/pkg_template_py/lib/python3.12/site-packages:${PYTHONPATH} /usr/bin/python3 -W ignore:setup.py install is deprecated setup.py egg_info --egg-base ../../build/pkg_template_py build --build-base /home/nijin26/ros2_ws/build/pkg_template_py/build install --record /home/nijin26/ros2_ws/build/pkg_template_py/install.log --single-version-externally-managed install_data
[1.497s] running egg_info
[1.497s] creating ../../build/pkg_template_py/pkg_template_py.egg-info
[1.522s] writing ../../build/pkg_template_py/pkg_template_py.egg-info/PKG-INFO
[1.523s] writing dependency_links to ../../build/pkg_template_py/pkg_template_py.egg-info/dependency_links.txt
[1.523s] writing entry points to ../../build/pkg_template_py/pkg_template_py.egg-info/entry_points.txt
[1.523s] writing requirements to ../../build/pkg_template_py/pkg_template_py.egg-info/requires.txt
[1.523s] writing top-level names to ../../build/pkg_template_py/pkg_template_py.egg-info/top_level.txt
[1.523s] writing manifest file '../../build/pkg_template_py/pkg_template_py.egg-info/SOURCES.txt'
[1.569s] reading manifest file '../../build/pkg_template_py/pkg_template_py.egg-info/SOURCES.txt'
[1.569s] writing manifest file '../../build/pkg_template_py/pkg_template_py.egg-info/SOURCES.txt'
[1.569s] running build
[1.569s] running build_py
[1.570s] creating /home/nijin26/ros2_ws/build/pkg_template_py/build
[1.570s] creating /home/nijin26/ros2_ws/build/pkg_template_py/build/lib
[1.570s] creating /home/nijin26/ros2_ws/build/pkg_template_py/build/lib/pkg_template_py
[1.570s] copying pkg_template_py/node_template_py.py -> /home/nijin26/ros2_ws/build/pkg_template_py/build/lib/pkg_template_py
[1.570s] copying pkg_template_py/__init__.py -> /home/nijin26/ros2_ws/build/pkg_template_py/build/lib/pkg_template_py
[1.570s] running install
[1.576s] running install_lib
[1.598s] creating /home/nijin26/ros2_ws/install/pkg_template_py/lib/python3.12/site-packages/pkg_template_py
[1.599s] copying /home/nijin26/ros2_ws/build/pkg_template_py/build/lib/pkg_template_py/node_template_py.py -> /home/nijin26/ros2_ws/install/pkg_template_py/lib/python3.12/site-packages/pkg_template_py
[1.599s] copying /home/nijin26/ros2_ws/build/pkg_template_py/build/lib/pkg_template_py/__init__.py -> /home/nijin26/ros2_ws/install/pkg_template_py/lib/python3.12/site-packages/pkg_template_py
[1.599s] byte-compiling /home/nijin26/ros2_ws/install/pkg_template_py/lib/python3.12/site-packages/pkg_template_py/node_template_py.py to node_template_py.cpython-312.pyc
[1.600s] byte-compiling /home/nijin26/ros2_ws/install/pkg_template_py/lib/python3.12/site-packages/pkg_template_py/__init__.py to __init__.cpython-312.pyc
[1.600s] running install_data
[1.600s] creating /home/nijin26/ros2_ws/install/pkg_template_py/share/ament_index
[1.600s] creating /home/nijin26/ros2_ws/install/pkg_template_py/share/ament_index/resource_index
[1.600s] creating /home/nijin26/ros2_ws/install/pkg_template_py/share/ament_index/resource_index/packages
[1.600s] copying resource/pkg_template_py -> /home/nijin26/ros2_ws/install/pkg_template_py/share/ament_index/resource_index/packages
[1.600s] copying package.xml -> /home/nijin26/ros2_ws/install/pkg_template_py/share/pkg_template_py
[1.600s] running install_egg_info
[1.629s] Copying ../../build/pkg_template_py/pkg_template_py.egg-info to /home/nijin26/ros2_ws/install/pkg_template_py/lib/python3.12/site-packages/pkg_template_py-0.0.0-py3.12.egg-info
[1.630s] running install_scripts
[1.788s] Installing node_template_py script to /home/nijin26/ros2_ws/install/pkg_template_py/lib/pkg_template_py
[1.788s] writing list of installed files to '/home/nijin26/ros2_ws/build/pkg_template_py/install.log'
[1.833s] Invoked command in '/home/nijin26/ros2_ws/src/pkg_template_py' returned '0': DEBUGINFOD_URLS=https://debuginfod.ubuntu.com PYTHONPATH=/home/nijin26/ros2_ws/build/pkg_template_py/prefix_override:/usr/lib/python3/dist-packages/colcon_core/task/python/colcon_distutils_commands:/home/nijin26/ros2_ws/install/pkg_template_py/lib/python3.12/site-packages:${PYTHONPATH} /usr/bin/python3 -W ignore:setup.py install is deprecated setup.py egg_info --egg-base ../../build/pkg_template_py build --build-base /home/nijin26/ros2_ws/build/pkg_template_py/build install --record /home/nijin26/ros2_ws/build/pkg_template_py/install.log --single-version-externally-managed install_data
