[0.057s] Invoking command in '/home/nijin26/ros2_ws/build/pkg_template_multi_language': CMAKE_PREFIX_PATH=${CMAKE_PREFIX_PATH}:/home/nijin26/ros2_ws/install/ros2jazzy_opencv:/home/nijin26/ros2_ws/install/pkg_udemy_course:/home/nijin26/ros2_ws/install/pkg_template_py:/opt/ros/jazzy DEBUGINFOD_URLS=https://debuginfod.ubuntu.com /usr/bin/cmake --build /home/nijin26/ros2_ws/build/pkg_template_multi_language -- -j12 -l12
[0.828s] -- Found ament_cmake: 2.5.2 (/opt/ros/jazzy/share/ament_cmake/cmake)
[0.828s] -- Found rclcpp: 28.1.3 (/opt/ros/jazzy/share/rclcpp/cmake)
[0.829s] -- Found rosidl_generator_c: 4.6.3 (/opt/ros/jazzy/share/rosidl_generator_c/cmake)
[0.830s] -- Found rosidl_generator_cpp: 4.6.3 (/opt/ros/jazzy/share/rosidl_generator_cpp/cmake)
[0.830s] -- Using all available rosidl_typesupport_c: rosidl_typesupport_fastrtps_c;rosidl_typesupport_introspection_c
[0.830s] -- Using all available rosidl_typesupport_cpp: rosidl_typesupport_fastrtps_cpp;rosidl_typesupport_introspection_cpp
[0.830s] -- Found rmw_implementation_cmake: 7.3.1 (/opt/ros/jazzy/share/rmw_implementation_cmake/cmake)
[0.831s] -- Found rmw_fastrtps_cpp: 8.4.1 (/opt/ros/jazzy/share/rmw_fastrtps_cpp/cmake)
[0.831s] -- Using RMW implementation 'rmw_fastrtps_cpp' as default
[0.831s] -- Found ament_lint_auto: 0.17.1 (/opt/ros/jazzy/share/ament_lint_auto/cmake)
[0.831s] -- Added test 'cppcheck' to perform static code analysis on C / C++ code
[0.831s] -- Configured cppcheck include dirs: 
[0.831s] -- Configured cppcheck exclude dirs and/or files: 
[0.831s] -- Added test 'flake8' to check Python code syntax and style conventions
[0.831s] -- Configured 'flake8' exclude dirs and/or files: 
[0.832s] -- Added test 'lint_cmake' to check CMake code style
[0.832s] -- Added test 'pep257' to check Python code against some of the docstring style conventions in PEP 257
[0.832s] -- Added test 'uncrustify' to check C / C++ code style
[0.832s] -- Configured uncrustify additional arguments: 
[0.832s] -- Added test 'xmllint' to check XML markup files
[0.833s] -- Configuring done (0.7s)
[0.833s] -- Generating done (0.0s)
[0.833s] -- Build files have been written to: /home/nijin26/ros2_ws/build/pkg_template_multi_language
[0.833s] [100%] Built target node_template_cpp
[0.837s] Invoked command in '/home/nijin26/ros2_ws/build/pkg_template_multi_language' returned '0': CMAKE_PREFIX_PATH=${CMAKE_PREFIX_PATH}:/home/nijin26/ros2_ws/install/ros2jazzy_opencv:/home/nijin26/ros2_ws/install/pkg_udemy_course:/home/nijin26/ros2_ws/install/pkg_template_py:/opt/ros/jazzy DEBUGINFOD_URLS=https://debuginfod.ubuntu.com /usr/bin/cmake --build /home/nijin26/ros2_ws/build/pkg_template_multi_language -- -j12 -l12
[0.877s] Invoking command in '/home/nijin26/ros2_ws/build/pkg_template_multi_language': CMAKE_PREFIX_PATH=${CMAKE_PREFIX_PATH}:/home/nijin26/ros2_ws/install/ros2jazzy_opencv:/home/nijin26/ros2_ws/install/pkg_udemy_course:/home/nijin26/ros2_ws/install/pkg_template_py:/opt/ros/jazzy DEBUGINFOD_URLS=https://debuginfod.ubuntu.com /usr/bin/cmake --install /home/nijin26/ros2_ws/build/pkg_template_multi_language
[0.892s] -- Install configuration: ""
[0.892s] -- Up-to-date: /home/nijin26/ros2_ws/install/pkg_template_multi_language/lib/pkg_template_multi_language/node_template_cpp
[0.892s] -- Installing: /home/nijin26/ros2_ws/install/pkg_template_multi_language/lib/pkg_template_multi_language/node_template_py.py
[0.893s] -- Up-to-date: /home/nijin26/ros2_ws/install/pkg_template_multi_language/share/ament_index/resource_index/package_run_dependencies/pkg_template_multi_language
[0.893s] -- Up-to-date: /home/nijin26/ros2_ws/install/pkg_template_multi_language/share/ament_index/resource_index/parent_prefix_path/pkg_template_multi_language
[0.893s] -- Up-to-date: /home/nijin26/ros2_ws/install/pkg_template_multi_language/share/pkg_template_multi_language/environment/ament_prefix_path.sh
[0.894s] -- Up-to-date: /home/nijin26/ros2_ws/install/pkg_template_multi_language/share/pkg_template_multi_language/environment/ament_prefix_path.dsv
[0.895s] -- Up-to-date: /home/nijin26/ros2_ws/install/pkg_template_multi_language/share/pkg_template_multi_language/environment/path.sh
[0.895s] -- Up-to-date: /home/nijin26/ros2_ws/install/pkg_template_multi_language/share/pkg_template_multi_language/environment/path.dsv
[0.895s] -- Up-to-date: /home/nijin26/ros2_ws/install/pkg_template_multi_language/share/pkg_template_multi_language/local_setup.bash
[0.896s] -- Up-to-date: /home/nijin26/ros2_ws/install/pkg_template_multi_language/share/pkg_template_multi_language/local_setup.sh
[0.896s] -- Up-to-date: /home/nijin26/ros2_ws/install/pkg_template_multi_language/share/pkg_template_multi_language/local_setup.zsh
[0.896s] -- Up-to-date: /home/nijin26/ros2_ws/install/pkg_template_multi_language/share/pkg_template_multi_language/local_setup.dsv
[0.896s] -- Installing: /home/nijin26/ros2_ws/install/pkg_template_multi_language/share/pkg_template_multi_language/package.dsv
[0.897s] -- Up-to-date: /home/nijin26/ros2_ws/install/pkg_template_multi_language/share/ament_index/resource_index/packages/pkg_template_multi_language
[0.898s] -- Up-to-date: /home/nijin26/ros2_ws/install/pkg_template_multi_language/share/pkg_template_multi_language/cmake/pkg_template_multi_languageConfig.cmake
[0.898s] -- Up-to-date: /home/nijin26/ros2_ws/install/pkg_template_multi_language/share/pkg_template_multi_language/cmake/pkg_template_multi_languageConfig-version.cmake
[0.898s] -- Up-to-date: /home/nijin26/ros2_ws/install/pkg_template_multi_language/share/pkg_template_multi_language/package.xml
[0.919s] Invoked command in '/home/nijin26/ros2_ws/build/pkg_template_multi_language' returned '0': CMAKE_PREFIX_PATH=${CMAKE_PREFIX_PATH}:/home/nijin26/ros2_ws/install/ros2jazzy_opencv:/home/nijin26/ros2_ws/install/pkg_udemy_course:/home/nijin26/ros2_ws/install/pkg_template_py:/opt/ros/jazzy DEBUGINFOD_URLS=https://debuginfod.ubuntu.com /usr/bin/cmake --install /home/nijin26/ros2_ws/build/pkg_template_multi_language
