[0.743s] Invoking command in '/home/nijin26/ros2_ws/build/rplidar_ros': CMAKE_PREFIX_PATH=${CMAKE_PREFIX_PATH}:/home/nijin26/ros2_ws/install/ros2jazzy_opencv:/home/nijin26/ros2_ws/install/pkg_udemy_course:/home/nijin26/ros2_ws/install/pkg_template_py:/opt/ros/jazzy DEBUGINFOD_URLS=https://debuginfod.ubuntu.com /usr/bin/cmake --build /home/nijin26/ros2_ws/build/rplidar_ros -- -j12 -l12
[0.822s] [  5%] Built target rplidar_client
[0.831s] [ 52%] Built target rplidar_node
[0.833s] [100%] Built target rplidar_composition
[0.850s] Invoked command in '/home/nijin26/ros2_ws/build/rplidar_ros' returned '0': CMAKE_PREFIX_PATH=${CMAKE_PREFIX_PATH}:/home/nijin26/ros2_ws/install/ros2jazzy_opencv:/home/nijin26/ros2_ws/install/pkg_udemy_course:/home/nijin26/ros2_ws/install/pkg_template_py:/opt/ros/jazzy DEBUGINFOD_URLS=https://debuginfod.ubuntu.com /usr/bin/cmake --build /home/nijin26/ros2_ws/build/rplidar_ros -- -j12 -l12
[0.932s] Invoking command in '/home/nijin26/ros2_ws/build/rplidar_ros': CMAKE_PREFIX_PATH=${CMAKE_PREFIX_PATH}:/home/nijin26/ros2_ws/install/ros2jazzy_opencv:/home/nijin26/ros2_ws/install/pkg_udemy_course:/home/nijin26/ros2_ws/install/pkg_template_py:/opt/ros/jazzy DEBUGINFOD_URLS=https://debuginfod.ubuntu.com /usr/bin/cmake --install /home/nijin26/ros2_ws/build/rplidar_ros
[0.941s] -- Install configuration: ""
[0.941s] -- Up-to-date: /home/nijin26/ros2_ws/install/rplidar_ros/share/rplidar_ros/launch
[0.941s] -- Up-to-date: /home/nijin26/ros2_ws/install/rplidar_ros/share/rplidar_ros/launch/view_rplidar_s2e_launch.py
[0.941s] -- Up-to-date: /home/nijin26/ros2_ws/install/rplidar_ros/share/rplidar_ros/launch/rplidar_a2m12_launch.py
[0.942s] -- Up-to-date: /home/nijin26/ros2_ws/install/rplidar_ros/share/rplidar_ros/launch/rplidar_a1_launch.py
[0.942s] -- Up-to-date: /home/nijin26/ros2_ws/install/rplidar_ros/share/rplidar_ros/launch/rplidar_c1_launch.py
[0.942s] -- Up-to-date: /home/nijin26/ros2_ws/install/rplidar_ros/share/rplidar_ros/launch/view_rplidar_c1_launch.py
[0.942s] -- Up-to-date: /home/nijin26/ros2_ws/install/rplidar_ros/share/rplidar_ros/launch/rplidar_a2m8_launch.py
[0.942s] -- Up-to-date: /home/nijin26/ros2_ws/install/rplidar_ros/share/rplidar_ros/launch/view_rplidar_a2m12_launch.py
[0.942s] -- Up-to-date: /home/nijin26/ros2_ws/install/rplidar_ros/share/rplidar_ros/launch/rplidar_a3_launch.py
[0.942s] -- Up-to-date: /home/nijin26/ros2_ws/install/rplidar_ros/share/rplidar_ros/launch/rplidar_t1_launch.py
[0.942s] -- Up-to-date: /home/nijin26/ros2_ws/install/rplidar_ros/share/rplidar_ros/launch/view_rplidar_a3_launch.py
[0.942s] -- Up-to-date: /home/nijin26/ros2_ws/install/rplidar_ros/share/rplidar_ros/launch/view_rplidar_a2m7_launch.py
[0.942s] -- Up-to-date: /home/nijin26/ros2_ws/install/rplidar_ros/share/rplidar_ros/launch/rplidar_s3_launch.py
[0.942s] -- Up-to-date: /home/nijin26/ros2_ws/install/rplidar_ros/share/rplidar_ros/launch/view_rplidar_a1_launch.py
[0.942s] -- Up-to-date: /home/nijin26/ros2_ws/install/rplidar_ros/share/rplidar_ros/launch/rplidar_s1_launch.py
[0.943s] -- Up-to-date: /home/nijin26/ros2_ws/install/rplidar_ros/share/rplidar_ros/launch/view_rplidar_s1_launch.py
[0.943s] -- Up-to-date: /home/nijin26/ros2_ws/install/rplidar_ros/share/rplidar_ros/launch/rplidar_s1_tcp_launch.py
[0.943s] -- Up-to-date: /home/nijin26/ros2_ws/install/rplidar_ros/share/rplidar_ros/launch/view_rplidar_t1_launch.py
[0.943s] -- Up-to-date: /home/nijin26/ros2_ws/install/rplidar_ros/share/rplidar_ros/launch/view_rplidar_s2_launch.py
[0.943s] -- Up-to-date: /home/nijin26/ros2_ws/install/rplidar_ros/share/rplidar_ros/launch/view_rplidar_a2m8_launch.py
[0.943s] -- Up-to-date: /home/nijin26/ros2_ws/install/rplidar_ros/share/rplidar_ros/launch/view_rplidar_s1_tcp_launch.py
[0.943s] -- Up-to-date: /home/nijin26/ros2_ws/install/rplidar_ros/share/rplidar_ros/launch/rplidar_s2_launch.py
[0.943s] -- Up-to-date: /home/nijin26/ros2_ws/install/rplidar_ros/share/rplidar_ros/launch/rplidar_a2m7_launch.py
[0.943s] -- Up-to-date: /home/nijin26/ros2_ws/install/rplidar_ros/share/rplidar_ros/launch/view_rplidar_s3_launch.py
[0.943s] -- Up-to-date: /home/nijin26/ros2_ws/install/rplidar_ros/share/rplidar_ros/launch/rplidar_s2e_launch.py
[0.943s] -- Up-to-date: /home/nijin26/ros2_ws/install/rplidar_ros/share/rplidar_ros/rviz
[0.944s] -- Up-to-date: /home/nijin26/ros2_ws/install/rplidar_ros/share/rplidar_ros/rviz/rplidar_ros.rviz
[0.944s] -- Up-to-date: /home/nijin26/ros2_ws/install/rplidar_ros/lib/rplidar_ros/rplidar_node
[0.944s] -- Up-to-date: /home/nijin26/ros2_ws/install/rplidar_ros/lib/rplidar_ros/rplidar_composition
[0.944s] -- Up-to-date: /home/nijin26/ros2_ws/install/rplidar_ros/lib/rplidar_ros/rplidar_client
[0.944s] -- Up-to-date: /home/nijin26/ros2_ws/install/rplidar_ros/share/ament_index/resource_index/package_run_dependencies/rplidar_ros
[0.944s] -- Up-to-date: /home/nijin26/ros2_ws/install/rplidar_ros/share/ament_index/resource_index/parent_prefix_path/rplidar_ros
[0.944s] -- Up-to-date: /home/nijin26/ros2_ws/install/rplidar_ros/share/rplidar_ros/environment/ament_prefix_path.sh
[0.944s] -- Up-to-date: /home/nijin26/ros2_ws/install/rplidar_ros/share/rplidar_ros/environment/ament_prefix_path.dsv
[0.944s] -- Up-to-date: /home/nijin26/ros2_ws/install/rplidar_ros/share/rplidar_ros/environment/path.sh
[0.944s] -- Up-to-date: /home/nijin26/ros2_ws/install/rplidar_ros/share/rplidar_ros/environment/path.dsv
[0.944s] -- Up-to-date: /home/nijin26/ros2_ws/install/rplidar_ros/share/rplidar_ros/local_setup.bash
[0.945s] -- Up-to-date: /home/nijin26/ros2_ws/install/rplidar_ros/share/rplidar_ros/local_setup.sh
[0.945s] -- Up-to-date: /home/nijin26/ros2_ws/install/rplidar_ros/share/rplidar_ros/local_setup.zsh
[0.945s] -- Up-to-date: /home/nijin26/ros2_ws/install/rplidar_ros/share/rplidar_ros/local_setup.dsv
[0.945s] -- Installing: /home/nijin26/ros2_ws/install/rplidar_ros/share/rplidar_ros/package.dsv
[0.945s] -- Up-to-date: /home/nijin26/ros2_ws/install/rplidar_ros/share/ament_index/resource_index/packages/rplidar_ros
[0.945s] -- Up-to-date: /home/nijin26/ros2_ws/install/rplidar_ros/share/rplidar_ros/cmake/ament_cmake_export_dependencies-extras.cmake
[0.945s] -- Up-to-date: /home/nijin26/ros2_ws/install/rplidar_ros/share/rplidar_ros/cmake/ament_cmake_export_include_directories-extras.cmake
[0.945s] -- Up-to-date: /home/nijin26/ros2_ws/install/rplidar_ros/share/rplidar_ros/cmake/rplidar_rosConfig.cmake
[0.945s] -- Up-to-date: /home/nijin26/ros2_ws/install/rplidar_ros/share/rplidar_ros/cmake/rplidar_rosConfig-version.cmake
[0.945s] -- Up-to-date: /home/nijin26/ros2_ws/install/rplidar_ros/share/rplidar_ros/package.xml
[0.947s] Invoked command in '/home/nijin26/ros2_ws/build/rplidar_ros' returned '0': CMAKE_PREFIX_PATH=${CMAKE_PREFIX_PATH}:/home/nijin26/ros2_ws/install/ros2jazzy_opencv:/home/nijin26/ros2_ws/install/pkg_udemy_course:/home/nijin26/ros2_ws/install/pkg_template_py:/opt/ros/jazzy DEBUGINFOD_URLS=https://debuginfod.ubuntu.com /usr/bin/cmake --install /home/nijin26/ros2_ws/build/rplidar_ros
