running egg_info
writing ../../build/ros2jazzy_opencv/ros2jazzy_opencv.egg-info/PKG-INFO
writing dependency_links to ../../build/ros2jazzy_opencv/ros2jazzy_opencv.egg-info/dependency_links.txt
writing entry points to ../../build/ros2jazzy_opencv/ros2jazzy_opencv.egg-info/entry_points.txt
writing requirements to ../../build/ros2jazzy_opencv/ros2jazzy_opencv.egg-info/requires.txt
writing top-level names to ../../build/ros2jazzy_opencv/ros2jazzy_opencv.egg-info/top_level.txt
reading manifest file '../../build/ros2jazzy_opencv/ros2jazzy_opencv.egg-info/SOURCES.txt'
adding license file 'LICENSE'
writing manifest file '../../build/ros2jazzy_opencv/ros2jazzy_opencv.egg-info/SOURCES.txt'
running build
running build_py
running install
running install_lib
creating /home/nijin26/ros2_ws/install/ros2jazzy_opencv/lib/python3.12/site-packages/ros2jazzy_opencv
copying /home/nijin26/ros2_ws/build/ros2jazzy_opencv/build/lib/ros2jazzy_opencv/cameraPublisher.py -> /home/nijin26/ros2_ws/install/ros2jazzy_opencv/lib/python3.12/site-packages/ros2jazzy_opencv
copying /home/nijin26/ros2_ws/build/ros2jazzy_opencv/build/lib/ros2jazzy_opencv/minimalPublisher.py -> /home/nijin26/ros2_ws/install/ros2jazzy_opencv/lib/python3.12/site-packages/ros2jazzy_opencv
copying /home/nijin26/ros2_ws/build/ros2jazzy_opencv/build/lib/ros2jazzy_opencv/minimalSubscriber.py -> /home/nijin26/ros2_ws/install/ros2jazzy_opencv/lib/python3.12/site-packages/ros2jazzy_opencv
copying /home/nijin26/ros2_ws/build/ros2jazzy_opencv/build/lib/ros2jazzy_opencv/detectCircle.py -> /home/nijin26/ros2_ws/install/ros2jazzy_opencv/lib/python3.12/site-packages/ros2jazzy_opencv
copying /home/nijin26/ros2_ws/build/ros2jazzy_opencv/build/lib/ros2jazzy_opencv/minimalParameters.py -> /home/nijin26/ros2_ws/install/ros2jazzy_opencv/lib/python3.12/site-packages/ros2jazzy_opencv
copying /home/nijin26/ros2_ws/build/ros2jazzy_opencv/build/lib/ros2jazzy_opencv/subscriberImage.py -> /home/nijin26/ros2_ws/install/ros2jazzy_opencv/lib/python3.12/site-packages/ros2jazzy_opencv
copying /home/nijin26/ros2_ws/build/ros2jazzy_opencv/build/lib/ros2jazzy_opencv/__init__.py -> /home/nijin26/ros2_ws/install/ros2jazzy_opencv/lib/python3.12/site-packages/ros2jazzy_opencv
byte-compiling /home/nijin26/ros2_ws/install/ros2jazzy_opencv/lib/python3.12/site-packages/ros2jazzy_opencv/cameraPublisher.py to cameraPublisher.cpython-312.pyc
byte-compiling /home/nijin26/ros2_ws/install/ros2jazzy_opencv/lib/python3.12/site-packages/ros2jazzy_opencv/minimalPublisher.py to minimalPublisher.cpython-312.pyc
byte-compiling /home/nijin26/ros2_ws/install/ros2jazzy_opencv/lib/python3.12/site-packages/ros2jazzy_opencv/minimalSubscriber.py to minimalSubscriber.cpython-312.pyc
byte-compiling /home/nijin26/ros2_ws/install/ros2jazzy_opencv/lib/python3.12/site-packages/ros2jazzy_opencv/detectCircle.py to detectCircle.cpython-312.pyc
byte-compiling /home/nijin26/ros2_ws/install/ros2jazzy_opencv/lib/python3.12/site-packages/ros2jazzy_opencv/minimalParameters.py to minimalParameters.cpython-312.pyc
byte-compiling /home/nijin26/ros2_ws/install/ros2jazzy_opencv/lib/python3.12/site-packages/ros2jazzy_opencv/subscriberImage.py to subscriberImage.cpython-312.pyc
byte-compiling /home/nijin26/ros2_ws/install/ros2jazzy_opencv/lib/python3.12/site-packages/ros2jazzy_opencv/__init__.py to __init__.cpython-312.pyc
running install_data
creating /home/nijin26/ros2_ws/install/ros2jazzy_opencv/share/ament_index
creating /home/nijin26/ros2_ws/install/ros2jazzy_opencv/share/ament_index/resource_index
creating /home/nijin26/ros2_ws/install/ros2jazzy_opencv/share/ament_index/resource_index/packages
copying resource/ros2jazzy_opencv -> /home/nijin26/ros2_ws/install/ros2jazzy_opencv/share/ament_index/resource_index/packages
copying package.xml -> /home/nijin26/ros2_ws/install/ros2jazzy_opencv/share/ros2jazzy_opencv
copying launch/parameters_launch.py -> /home/nijin26/ros2_ws/install/ros2jazzy_opencv/share/ros2jazzy_opencv
copying launch/detectCircle_launch.py -> /home/nijin26/ros2_ws/install/ros2jazzy_opencv/share/ros2jazzy_opencv
running install_egg_info
Copying ../../build/ros2jazzy_opencv/ros2jazzy_opencv.egg-info to /home/nijin26/ros2_ws/install/ros2jazzy_opencv/lib/python3.12/site-packages/ros2jazzy_opencv-0.0.0-py3.12.egg-info
running install_scripts
Installing cameraPublisher_node script to /home/nijin26/ros2_ws/install/ros2jazzy_opencv/lib/ros2jazzy_opencv
Installing detectCircle_node script to /home/nijin26/ros2_ws/install/ros2jazzy_opencv/lib/ros2jazzy_opencv
Installing minimalParameters_node script to /home/nijin26/ros2_ws/install/ros2jazzy_opencv/lib/ros2jazzy_opencv
Installing minimalPublisher_node script to /home/nijin26/ros2_ws/install/ros2jazzy_opencv/lib/ros2jazzy_opencv
Installing minimalSubscriber_node script to /home/nijin26/ros2_ws/install/ros2jazzy_opencv/lib/ros2jazzy_opencv
Installing subscriberImage_node script to /home/nijin26/ros2_ws/install/ros2jazzy_opencv/lib/ros2jazzy_opencv
writing list of installed files to '/home/nijin26/ros2_ws/build/ros2jazzy_opencv/install.log'
