[0.024s] Invoking command in '/home/nijin26/ros2_ws/build/pkg_template_cpp': CMAKE_PREFIX_PATH=${CMAKE_PREFIX_PATH}:/home/nijin26/ros2_ws/install/pkg_template_py:/home/nijin26/ros2_ws/install/ros2jazzy_opencv:/opt/ros/jazzy DEBUGINFOD_URLS=https://debuginfod.ubuntu.com /usr/bin/cmake /home/nijin26/ros2_ws/src/pkg_template_cpp -DCMAKE_INSTALL_PREFIX=/home/nijin26/ros2_ws/install/pkg_template_cpp
[0.254s] -- The C compiler identification is GNU 13.2.0
[0.254s] -- The CXX compiler identification is GNU 13.2.0
[0.254s] -- Detecting C compiler ABI info
[0.254s] -- Detecting C compiler ABI info - done
[0.254s] -- Check for working C compiler: /usr/bin/cc - skipped
[0.255s] -- Detecting C compile features
[0.255s] -- Detecting C compile features - done
[0.261s] -- Detecting CXX compiler ABI info
[0.362s] -- Detecting CXX compiler ABI info - done
[0.371s] -- Check for working CXX compiler: /usr/bin/c++ - skipped
[0.371s] -- Detecting CXX compile features
[0.372s] -- Detecting CXX compile features - done
[0.375s] -- Found ament_cmake: 2.5.2 (/opt/ros/jazzy/share/ament_cmake/cmake)
[0.546s] -- Found Python3: /usr/bin/python3 (found version "3.12.3") found components: Interpreter 
[0.668s] -- Found rclcpp: 28.1.3 (/opt/ros/jazzy/share/rclcpp/cmake)
[0.712s] -- Found rosidl_generator_c: 4.6.3 (/opt/ros/jazzy/share/rosidl_generator_c/cmake)
[0.729s] -- Found rosidl_generator_cpp: 4.6.3 (/opt/ros/jazzy/share/rosidl_generator_cpp/cmake)
[0.745s] -- Using all available rosidl_typesupport_c: rosidl_typesupport_fastrtps_c;rosidl_typesupport_introspection_c
[0.764s] -- Using all available rosidl_typesupport_cpp: rosidl_typesupport_fastrtps_cpp;rosidl_typesupport_introspection_cpp
[0.866s] -- Found rmw_implementation_cmake: 7.3.1 (/opt/ros/jazzy/share/rmw_implementation_cmake/cmake)
[0.869s] -- Found rmw_fastrtps_cpp: 8.4.1 (/opt/ros/jazzy/share/rmw_fastrtps_cpp/cmake)
[0.949s] -- Found OpenSSL: /usr/lib/x86_64-linux-gnu/libcrypto.so (found version "3.0.13")  
[0.968s] -- Found FastRTPS: /opt/ros/jazzy/include (Required is at least version "2.13") 
[0.991s] -- Using RMW implementation 'rmw_fastrtps_cpp' as default
[1.073s] -- Found ament_lint_auto: 0.17.1 (/opt/ros/jazzy/share/ament_lint_auto/cmake)
[1.206s] -- Added test 'cppcheck' to perform static code analysis on C / C++ code
[1.206s] -- Configured cppcheck include dirs: 
[1.206s] -- Configured cppcheck exclude dirs and/or files: 
[1.208s] -- Added test 'lint_cmake' to check CMake code style
[1.210s] -- Added test 'uncrustify' to check C / C++ code style
[1.210s] -- Configured uncrustify additional arguments: 
[1.211s] -- Added test 'xmllint' to check XML markup files
[1.214s] -- Configuring done (1.2s)
[1.231s] -- Generating done (0.0s)
[1.234s] -- Build files have been written to: /home/nijin26/ros2_ws/build/pkg_template_cpp
[1.247s] Invoked command in '/home/nijin26/ros2_ws/build/pkg_template_cpp' returned '0': CMAKE_PREFIX_PATH=${CMAKE_PREFIX_PATH}:/home/nijin26/ros2_ws/install/pkg_template_py:/home/nijin26/ros2_ws/install/ros2jazzy_opencv:/opt/ros/jazzy DEBUGINFOD_URLS=https://debuginfod.ubuntu.com /usr/bin/cmake /home/nijin26/ros2_ws/src/pkg_template_cpp -DCMAKE_INSTALL_PREFIX=/home/nijin26/ros2_ws/install/pkg_template_cpp
[1.248s] Invoking command in '/home/nijin26/ros2_ws/build/pkg_template_cpp': CMAKE_PREFIX_PATH=${CMAKE_PREFIX_PATH}:/home/nijin26/ros2_ws/install/pkg_template_py:/home/nijin26/ros2_ws/install/ros2jazzy_opencv:/opt/ros/jazzy DEBUGINFOD_URLS=https://debuginfod.ubuntu.com /usr/bin/cmake --build /home/nijin26/ros2_ws/build/pkg_template_cpp -- -j12 -l12
[1.298s] [ 50%] [32mBuilding CXX object CMakeFiles/node_template_cpp.dir/src/node_template_cpp.cpp.o[0m
[4.495s] [100%] [32m[1mLinking CXX executable node_template_cpp[0m
[4.608s] [100%] Built target node_template_cpp
[4.622s] Invoked command in '/home/nijin26/ros2_ws/build/pkg_template_cpp' returned '0': CMAKE_PREFIX_PATH=${CMAKE_PREFIX_PATH}:/home/nijin26/ros2_ws/install/pkg_template_py:/home/nijin26/ros2_ws/install/ros2jazzy_opencv:/opt/ros/jazzy DEBUGINFOD_URLS=https://debuginfod.ubuntu.com /usr/bin/cmake --build /home/nijin26/ros2_ws/build/pkg_template_cpp -- -j12 -l12
[4.654s] Invoking command in '/home/nijin26/ros2_ws/build/pkg_template_cpp': CMAKE_PREFIX_PATH=${CMAKE_PREFIX_PATH}:/home/nijin26/ros2_ws/install/pkg_template_py:/home/nijin26/ros2_ws/install/ros2jazzy_opencv:/opt/ros/jazzy DEBUGINFOD_URLS=https://debuginfod.ubuntu.com /usr/bin/cmake --install /home/nijin26/ros2_ws/build/pkg_template_cpp
[4.662s] -- Install configuration: ""
[4.662s] -- Installing: /home/nijin26/ros2_ws/install/pkg_template_cpp/lib/pkg_template_cpp/node_template_cpp
[4.663s] -- Set non-toolchain portion of runtime path of "/home/nijin26/ros2_ws/install/pkg_template_cpp/lib/pkg_template_cpp/node_template_cpp" to ""
[4.663s] -- Installing: /home/nijin26/ros2_ws/install/pkg_template_cpp/share/ament_index/resource_index/package_run_dependencies/pkg_template_cpp
[4.663s] -- Installing: /home/nijin26/ros2_ws/install/pkg_template_cpp/share/ament_index/resource_index/parent_prefix_path/pkg_template_cpp
[4.663s] -- Installing: /home/nijin26/ros2_ws/install/pkg_template_cpp/share/pkg_template_cpp/environment/ament_prefix_path.sh
[4.663s] -- Installing: /home/nijin26/ros2_ws/install/pkg_template_cpp/share/pkg_template_cpp/environment/ament_prefix_path.dsv
[4.663s] -- Installing: /home/nijin26/ros2_ws/install/pkg_template_cpp/share/pkg_template_cpp/environment/path.sh
[4.663s] -- Installing: /home/nijin26/ros2_ws/install/pkg_template_cpp/share/pkg_template_cpp/environment/path.dsv
[4.663s] -- Installing: /home/nijin26/ros2_ws/install/pkg_template_cpp/share/pkg_template_cpp/local_setup.bash
[4.664s] -- Installing: /home/nijin26/ros2_ws/install/pkg_template_cpp/share/pkg_template_cpp/local_setup.sh
[4.664s] -- Installing: /home/nijin26/ros2_ws/install/pkg_template_cpp/share/pkg_template_cpp/local_setup.zsh
[4.664s] -- Installing: /home/nijin26/ros2_ws/install/pkg_template_cpp/share/pkg_template_cpp/local_setup.dsv
[4.664s] -- Installing: /home/nijin26/ros2_ws/install/pkg_template_cpp/share/pkg_template_cpp/package.dsv
[4.664s] -- Installing: /home/nijin26/ros2_ws/install/pkg_template_cpp/share/ament_index/resource_index/packages/pkg_template_cpp
[4.664s] -- Installing: /home/nijin26/ros2_ws/install/pkg_template_cpp/share/pkg_template_cpp/cmake/pkg_template_cppConfig.cmake
[4.664s] -- Installing: /home/nijin26/ros2_ws/install/pkg_template_cpp/share/pkg_template_cpp/cmake/pkg_template_cppConfig-version.cmake
[4.665s] -- Installing: /home/nijin26/ros2_ws/install/pkg_template_cpp/share/pkg_template_cpp/package.xml
[4.666s] Invoked command in '/home/nijin26/ros2_ws/build/pkg_template_cpp' returned '0': CMAKE_PREFIX_PATH=${CMAKE_PREFIX_PATH}:/home/nijin26/ros2_ws/install/pkg_template_py:/home/nijin26/ros2_ws/install/ros2jazzy_opencv:/opt/ros/jazzy DEBUGINFOD_URLS=https://debuginfod.ubuntu.com /usr/bin/cmake --install /home/nijin26/ros2_ws/build/pkg_template_cpp
