running egg_info
writing ../../build/pkg_udemy_course/pkg_udemy_course.egg-info/PKG-INFO
writing dependency_links to ../../build/pkg_udemy_course/pkg_udemy_course.egg-info/dependency_links.txt
writing entry points to ../../build/pkg_udemy_course/pkg_udemy_course.egg-info/entry_points.txt
writing requirements to ../../build/pkg_udemy_course/pkg_udemy_course.egg-info/requires.txt
writing top-level names to ../../build/pkg_udemy_course/pkg_udemy_course.egg-info/top_level.txt
reading manifest file '../../build/pkg_udemy_course/pkg_udemy_course.egg-info/SOURCES.txt'
writing manifest file '../../build/pkg_udemy_course/pkg_udemy_course.egg-info/SOURCES.txt'
running build
running build_py
running install
running install_lib
running install_data
running install_egg_info
removing '/home/nijin26/ros2_ws/install/pkg_udemy_course/lib/python3.12/site-packages/pkg_udemy_course-0.0.0-py3.12.egg-info' (and everything under it)
Copying ../../build/pkg_udemy_course/pkg_udemy_course.egg-info to /home/nijin26/ros2_ws/install/pkg_udemy_course/lib/python3.12/site-packages/pkg_udemy_course-0.0.0-py3.12.egg-info
running install_scripts
Installing node_number_counter script to /home/nijin26/ros2_ws/install/pkg_udemy_course/lib/pkg_udemy_course
Installing node_number_publisher script to /home/nijin26/ros2_ws/install/pkg_udemy_course/lib/pkg_udemy_course
writing list of installed files to '/home/nijin26/ros2_ws/build/pkg_udemy_course/install.log'
