/home/nijin26/ros2_ws/install/ros2jazzy_opencv/lib/python3.12/site-packages/ros2jazzy_opencv/cameraPublisher.py
/home/nijin26/ros2_ws/install/ros2jazzy_opencv/lib/python3.12/site-packages/ros2jazzy_opencv/minimalPublisher.py
/home/nijin26/ros2_ws/install/ros2jazzy_opencv/lib/python3.12/site-packages/ros2jazzy_opencv/minimalSubscriber.py
/home/nijin26/ros2_ws/install/ros2jazzy_opencv/lib/python3.12/site-packages/ros2jazzy_opencv/detectCircle.py
/home/nijin26/ros2_ws/install/ros2jazzy_opencv/lib/python3.12/site-packages/ros2jazzy_opencv/minimalParameters.py
/home/nijin26/ros2_ws/install/ros2jazzy_opencv/lib/python3.12/site-packages/ros2jazzy_opencv/subscriberImage.py
/home/nijin26/ros2_ws/install/ros2jazzy_opencv/lib/python3.12/site-packages/ros2jazzy_opencv/__init__.py
/home/nijin26/ros2_ws/install/ros2jazzy_opencv/lib/python3.12/site-packages/ros2jazzy_opencv/__pycache__/cameraPublisher.cpython-312.pyc
/home/nijin26/ros2_ws/install/ros2jazzy_opencv/lib/python3.12/site-packages/ros2jazzy_opencv/__pycache__/minimalPublisher.cpython-312.pyc
/home/nijin26/ros2_ws/install/ros2jazzy_opencv/lib/python3.12/site-packages/ros2jazzy_opencv/__pycache__/minimalSubscriber.cpython-312.pyc
/home/nijin26/ros2_ws/install/ros2jazzy_opencv/lib/python3.12/site-packages/ros2jazzy_opencv/__pycache__/detectCircle.cpython-312.pyc
/home/nijin26/ros2_ws/install/ros2jazzy_opencv/lib/python3.12/site-packages/ros2jazzy_opencv/__pycache__/minimalParameters.cpython-312.pyc
/home/nijin26/ros2_ws/install/ros2jazzy_opencv/lib/python3.12/site-packages/ros2jazzy_opencv/__pycache__/subscriberImage.cpython-312.pyc
/home/nijin26/ros2_ws/install/ros2jazzy_opencv/lib/python3.12/site-packages/ros2jazzy_opencv/__pycache__/__init__.cpython-312.pyc
/home/nijin26/ros2_ws/install/ros2jazzy_opencv/share/ament_index/resource_index/packages/ros2jazzy_opencv
/home/nijin26/ros2_ws/install/ros2jazzy_opencv/share/ros2jazzy_opencv/package.xml
/home/nijin26/ros2_ws/install/ros2jazzy_opencv/share/ros2jazzy_opencv/parameters_launch.py
/home/nijin26/ros2_ws/install/ros2jazzy_opencv/share/ros2jazzy_opencv/detectCircle_launch.py
/home/nijin26/ros2_ws/install/ros2jazzy_opencv/lib/python3.12/site-packages/ros2jazzy_opencv-0.0.0-py3.12.egg-info/zip-safe
/home/nijin26/ros2_ws/install/ros2jazzy_opencv/lib/python3.12/site-packages/ros2jazzy_opencv-0.0.0-py3.12.egg-info/PKG-INFO
/home/nijin26/ros2_ws/install/ros2jazzy_opencv/lib/python3.12/site-packages/ros2jazzy_opencv-0.0.0-py3.12.egg-info/dependency_links.txt
/home/nijin26/ros2_ws/install/ros2jazzy_opencv/lib/python3.12/site-packages/ros2jazzy_opencv-0.0.0-py3.12.egg-info/SOURCES.txt
/home/nijin26/ros2_ws/install/ros2jazzy_opencv/lib/python3.12/site-packages/ros2jazzy_opencv-0.0.0-py3.12.egg-info/top_level.txt
/home/nijin26/ros2_ws/install/ros2jazzy_opencv/lib/python3.12/site-packages/ros2jazzy_opencv-0.0.0-py3.12.egg-info/entry_points.txt
/home/nijin26/ros2_ws/install/ros2jazzy_opencv/lib/python3.12/site-packages/ros2jazzy_opencv-0.0.0-py3.12.egg-info/requires.txt
/home/nijin26/ros2_ws/install/ros2jazzy_opencv/lib/ros2jazzy_opencv/cameraPublisher_node
/home/nijin26/ros2_ws/install/ros2jazzy_opencv/lib/ros2jazzy_opencv/detectCircle_node
/home/nijin26/ros2_ws/install/ros2jazzy_opencv/lib/ros2jazzy_opencv/minimalParameters_node
/home/nijin26/ros2_ws/install/ros2jazzy_opencv/lib/ros2jazzy_opencv/minimalPublisher_node
/home/nijin26/ros2_ws/install/ros2jazzy_opencv/lib/ros2jazzy_opencv/minimalSubscriber_node
/home/nijin26/ros2_ws/install/ros2jazzy_opencv/lib/ros2jazzy_opencv/subscriberImage_node
