-- The C compiler identification is GNU 13.2.0
-- The CXX compiler identification is GNU 13.2.0
-- Detecting C compiler ABI info
-- Detecting C compiler ABI info - done
-- Check for working C compiler: /usr/bin/cc - skipped
-- Detecting C compile features
-- Detecting C compile features - done
-- Detecting CXX compiler ABI info
-- Detecting CXX compiler ABI info - done
-- Check for working CXX compiler: /usr/bin/c++ - skipped
-- Detecting CXX compile features
-- Detecting CXX compile features - done
-- Found ament_cmake: 2.5.2 (/opt/ros/jazzy/share/ament_cmake/cmake)
-- Found Python3: /usr/bin/python3 (found version "3.12.3") found components: Interpreter 
-- Found rclcpp: 28.1.3 (/opt/ros/jazzy/share/rclcpp/cmake)
-- Found rosidl_generator_c: 4.6.3 (/opt/ros/jazzy/share/rosidl_generator_c/cmake)
-- Found rosidl_generator_cpp: 4.6.3 (/opt/ros/jazzy/share/rosidl_generator_cpp/cmake)
-- Using all available rosidl_typesupport_c: rosidl_typesupport_fastrtps_c;rosidl_typesupport_introspection_c
-- Using all available rosidl_typesupport_cpp: rosidl_typesupport_fastrtps_cpp;rosidl_typesupport_introspection_cpp
-- Found rmw_implementation_cmake: 7.3.1 (/opt/ros/jazzy/share/rmw_implementation_cmake/cmake)
-- Found rmw_fastrtps_cpp: 8.4.1 (/opt/ros/jazzy/share/rmw_fastrtps_cpp/cmake)
-- Found OpenSSL: /usr/lib/x86_64-linux-gnu/libcrypto.so (found version "3.0.13")  
-- Found FastRTPS: /opt/ros/jazzy/include (Required is at least version "2.13") 
-- Using RMW implementation 'rmw_fastrtps_cpp' as default
-- Found ament_lint_auto: 0.17.1 (/opt/ros/jazzy/share/ament_lint_auto/cmake)
-- Added test 'cppcheck' to perform static code analysis on C / C++ code
-- Configured cppcheck include dirs: 
-- Configured cppcheck exclude dirs and/or files: 
-- Added test 'lint_cmake' to check CMake code style
-- Added test 'uncrustify' to check C / C++ code style
-- Configured uncrustify additional arguments: 
-- Added test 'xmllint' to check XML markup files
-- Configuring done (5.2s)
-- Generating done (0.0s)
-- Build files have been written to: /home/nijin26/ros2_ws/build/pkg_template_multi_language
[ 50%] [32mBuilding CXX object CMakeFiles/node_template_cpp.dir/src/node_template_cpp.cpp.o[0m
[100%] [32m[1mLinking CXX executable node_template_cpp[0m
[100%] Built target node_template_cpp
-- Install configuration: ""
-- Installing: /home/nijin26/ros2_ws/install/pkg_template_multi_language/lib/pkg_template_multi_language/node_template_cpp
-- Set non-toolchain portion of runtime path of "/home/nijin26/ros2_ws/install/pkg_template_multi_language/lib/pkg_template_multi_language/node_template_cpp" to ""
-- Installing: /home/nijin26/ros2_ws/install/pkg_template_multi_language/share/ament_index/resource_index/package_run_dependencies/pkg_template_multi_language
-- Installing: /home/nijin26/ros2_ws/install/pkg_template_multi_language/share/ament_index/resource_index/parent_prefix_path/pkg_template_multi_language
-- Installing: /home/nijin26/ros2_ws/install/pkg_template_multi_language/share/pkg_template_multi_language/environment/ament_prefix_path.sh
-- Installing: /home/nijin26/ros2_ws/install/pkg_template_multi_language/share/pkg_template_multi_language/environment/ament_prefix_path.dsv
-- Installing: /home/nijin26/ros2_ws/install/pkg_template_multi_language/share/pkg_template_multi_language/environment/path.sh
-- Installing: /home/nijin26/ros2_ws/install/pkg_template_multi_language/share/pkg_template_multi_language/environment/path.dsv
-- Installing: /home/nijin26/ros2_ws/install/pkg_template_multi_language/share/pkg_template_multi_language/local_setup.bash
-- Installing: /home/nijin26/ros2_ws/install/pkg_template_multi_language/share/pkg_template_multi_language/local_setup.sh
-- Installing: /home/nijin26/ros2_ws/install/pkg_template_multi_language/share/pkg_template_multi_language/local_setup.zsh
-- Installing: /home/nijin26/ros2_ws/install/pkg_template_multi_language/share/pkg_template_multi_language/local_setup.dsv
-- Installing: /home/nijin26/ros2_ws/install/pkg_template_multi_language/share/pkg_template_multi_language/package.dsv
-- Installing: /home/nijin26/ros2_ws/install/pkg_template_multi_language/share/ament_index/resource_index/packages/pkg_template_multi_language
-- Installing: /home/nijin26/ros2_ws/install/pkg_template_multi_language/share/pkg_template_multi_language/cmake/pkg_template_multi_languageConfig.cmake
-- Installing: /home/nijin26/ros2_ws/install/pkg_template_multi_language/share/pkg_template_multi_language/cmake/pkg_template_multi_languageConfig-version.cmake
-- Installing: /home/nijin26/ros2_ws/install/pkg_template_multi_language/share/pkg_template_multi_language/package.xml
