[0.313s] DEBUG:colcon:Command line arguments: ['/usr/bin/colcon', 'build', '--packages-up-to', 'micro_ros_agent', '--cmake-args', '-DUAGENT_BUILD_EXECUTABLE=OFF', '-DUAGENT_P2P_PROFILE=OFF', '--no-warn-unused-cli']
[0.313s] DEBUG:colcon:Parsed command line arguments: Namespace(log_base=None, log_level=None, verb_name='build', build_base='build', install_base='install', merge_install=False, symlink_install=False, test_result_base=None, continue_on_error=False, executor='parallel', parallel_workers=12, event_handlers=None, ignore_user_meta=False, metas=['./colcon.meta'], base_paths=['.'], packages_ignore=None, packages_ignore_regex=None, paths=None, packages_up_to=['micro_ros_agent'], packages_up_to_regex=None, packages_above=None, packages_above_and_dependencies=None, packages_above_depth=None, packages_select_by_dep=None, packages_skip_by_dep=None, packages_skip_up_to=None, packages_select_build_failed=False, packages_skip_build_finished=False, packages_select_test_failures=False, packages_skip_test_passed=False, packages_select=None, packages_skip=None, packages_select_regex=None, packages_skip_regex=None, packages_start=None, packages_end=None, allow_overriding=[], cmake_args=['-DUAGENT_BUILD_EXECUTABLE=OFF', '-DUAGENT_P2P_PROFILE=OFF', '--no-warn-unused-cli'], cmake_target=None, cmake_target_skip_unavailable=False, cmake_clean_cache=False, cmake_clean_first=False, cmake_force_configure=False, ament_cmake_args=None, catkin_cmake_args=None, catkin_skip_building_tests=False, mixin_files=None, mixin=None, verb_parser=<colcon_mixin.mixin.mixin_argument.MixinArgumentDecorator object at 0x755101efc560>, verb_extension=<colcon_core.verb.build.BuildVerb object at 0x755101eb21e0>, main=<bound method BuildVerb.main of <colcon_core.verb.build.BuildVerb object at 0x755101eb21e0>>, mixin_verb=('build',))
[0.377s] Level 1:colcon.colcon_core.package_discovery:discover_packages(colcon_meta) check parameters
[0.377s] Level 1:colcon.colcon_core.package_discovery:discover_packages(recursive) check parameters
[0.377s] Level 1:colcon.colcon_core.package_discovery:discover_packages(ignore) check parameters
[0.377s] Level 1:colcon.colcon_core.package_discovery:discover_packages(path) check parameters
[0.377s] Level 1:colcon.colcon_core.package_discovery:discover_packages(colcon_meta) discover
[0.377s] Level 1:colcon.colcon_core.package_discovery:discover_packages(recursive) discover
[0.377s] INFO:colcon.colcon_core.package_discovery:Crawling recursively for packages in '/home/nijin26/microros_ws'
[0.377s] Level 1:colcon.colcon_core.package_identification:_identify(.) by extensions ['ignore', 'ignore_ament_install']
[0.378s] Level 1:colcon.colcon_core.package_identification:_identify(.) by extension 'ignore'
[0.378s] Level 1:colcon.colcon_core.package_identification:_identify(.) by extension 'ignore_ament_install'
[0.378s] Level 1:colcon.colcon_core.package_identification:_identify(.) by extensions ['colcon_pkg']
[0.378s] Level 1:colcon.colcon_core.package_identification:_identify(.) by extension 'colcon_pkg'
[0.378s] Level 1:colcon.colcon_core.package_identification:_identify(.) by extensions ['colcon_meta']
[0.378s] Level 1:colcon.colcon_core.package_identification:_identify(.) by extension 'colcon_meta'
[0.378s] Level 1:colcon.colcon_core.package_identification:_identify(.) by extensions ['ros']
[0.378s] Level 1:colcon.colcon_core.package_identification:_identify(.) by extension 'ros'
[0.429s] Level 1:colcon.colcon_core.package_identification:_identify(.) by extensions ['cmake', 'python']
[0.429s] Level 1:colcon.colcon_core.package_identification:_identify(.) by extension 'cmake'
[0.429s] Level 1:colcon.colcon_core.package_identification:_identify(.) by extension 'python'
[0.429s] Level 1:colcon.colcon_core.package_identification:_identify(.) by extensions ['python_setup_py']
[0.429s] Level 1:colcon.colcon_core.package_identification:_identify(.) by extension 'python_setup_py'
[0.430s] Level 1:colcon.colcon_core.package_identification:_identify(build) by extensions ['ignore', 'ignore_ament_install']
[0.430s] Level 1:colcon.colcon_core.package_identification:_identify(build) by extension 'ignore'
[0.430s] Level 1:colcon.colcon_core.package_identification:_identify(build) ignored
[0.430s] Level 1:colcon.colcon_core.package_identification:_identify(install) by extensions ['ignore', 'ignore_ament_install']
[0.430s] Level 1:colcon.colcon_core.package_identification:_identify(install) by extension 'ignore'
[0.430s] Level 1:colcon.colcon_core.package_identification:_identify(install) ignored
[0.430s] Level 1:colcon.colcon_core.package_identification:_identify(log) by extensions ['ignore', 'ignore_ament_install']
[0.431s] Level 1:colcon.colcon_core.package_identification:_identify(log) by extension 'ignore'
[0.431s] Level 1:colcon.colcon_core.package_identification:_identify(log) ignored
[0.431s] Level 1:colcon.colcon_core.package_identification:_identify(src) by extensions ['ignore', 'ignore_ament_install']
[0.431s] Level 1:colcon.colcon_core.package_identification:_identify(src) by extension 'ignore'
[0.431s] Level 1:colcon.colcon_core.package_identification:_identify(src) by extension 'ignore_ament_install'
[0.431s] Level 1:colcon.colcon_core.package_identification:_identify(src) by extensions ['colcon_pkg']
[0.431s] Level 1:colcon.colcon_core.package_identification:_identify(src) by extension 'colcon_pkg'
[0.431s] Level 1:colcon.colcon_core.package_identification:_identify(src) by extensions ['colcon_meta']
[0.431s] Level 1:colcon.colcon_core.package_identification:_identify(src) by extension 'colcon_meta'
[0.431s] Level 1:colcon.colcon_core.package_identification:_identify(src) by extensions ['ros']
[0.431s] Level 1:colcon.colcon_core.package_identification:_identify(src) by extension 'ros'
[0.432s] Level 1:colcon.colcon_core.package_identification:_identify(src) by extensions ['cmake', 'python']
[0.432s] Level 1:colcon.colcon_core.package_identification:_identify(src) by extension 'cmake'
[0.432s] Level 1:colcon.colcon_core.package_identification:_identify(src) by extension 'python'
[0.432s] Level 1:colcon.colcon_core.package_identification:_identify(src) by extensions ['python_setup_py']
[0.432s] Level 1:colcon.colcon_core.package_identification:_identify(src) by extension 'python_setup_py'
[0.432s] Level 1:colcon.colcon_core.package_identification:_identify(src/micro_ros_setup) by extensions ['ignore', 'ignore_ament_install']
[0.432s] Level 1:colcon.colcon_core.package_identification:_identify(src/micro_ros_setup) by extension 'ignore'
[0.432s] Level 1:colcon.colcon_core.package_identification:_identify(src/micro_ros_setup) by extension 'ignore_ament_install'
[0.432s] Level 1:colcon.colcon_core.package_identification:_identify(src/micro_ros_setup) by extensions ['colcon_pkg']
[0.432s] Level 1:colcon.colcon_core.package_identification:_identify(src/micro_ros_setup) by extension 'colcon_pkg'
[0.433s] Level 1:colcon.colcon_core.package_identification:_identify(src/micro_ros_setup) by extensions ['colcon_meta']
[0.433s] Level 1:colcon.colcon_core.package_identification:_identify(src/micro_ros_setup) by extension 'colcon_meta'
[0.433s] Level 1:colcon.colcon_core.package_identification:_identify(src/micro_ros_setup) by extensions ['ros']
[0.433s] Level 1:colcon.colcon_core.package_identification:_identify(src/micro_ros_setup) by extension 'ros'
[0.438s] DEBUG:colcon.colcon_core.package_identification:Package 'src/micro_ros_setup' with type 'ros.ament_cmake' and name 'micro_ros_setup'
[0.438s] Level 1:colcon.colcon_core.package_identification:_identify(src/uros) by extensions ['ignore', 'ignore_ament_install']
[0.438s] Level 1:colcon.colcon_core.package_identification:_identify(src/uros) by extension 'ignore'
[0.438s] Level 1:colcon.colcon_core.package_identification:_identify(src/uros) by extension 'ignore_ament_install'
[0.438s] Level 1:colcon.colcon_core.package_identification:_identify(src/uros) by extensions ['colcon_pkg']
[0.438s] Level 1:colcon.colcon_core.package_identification:_identify(src/uros) by extension 'colcon_pkg'
[0.439s] Level 1:colcon.colcon_core.package_identification:_identify(src/uros) by extensions ['colcon_meta']
[0.439s] Level 1:colcon.colcon_core.package_identification:_identify(src/uros) by extension 'colcon_meta'
[0.439s] Level 1:colcon.colcon_core.package_identification:_identify(src/uros) by extensions ['ros']
[0.439s] Level 1:colcon.colcon_core.package_identification:_identify(src/uros) by extension 'ros'
[0.439s] Level 1:colcon.colcon_core.package_identification:_identify(src/uros) by extensions ['cmake', 'python']
[0.439s] Level 1:colcon.colcon_core.package_identification:_identify(src/uros) by extension 'cmake'
[0.439s] Level 1:colcon.colcon_core.package_identification:_identify(src/uros) by extension 'python'
[0.439s] Level 1:colcon.colcon_core.package_identification:_identify(src/uros) by extensions ['python_setup_py']
[0.439s] Level 1:colcon.colcon_core.package_identification:_identify(src/uros) by extension 'python_setup_py'
[0.439s] Level 1:colcon.colcon_core.package_identification:_identify(src/uros/drive_base) by extensions ['ignore', 'ignore_ament_install']
[0.439s] Level 1:colcon.colcon_core.package_identification:_identify(src/uros/drive_base) by extension 'ignore'
[0.440s] Level 1:colcon.colcon_core.package_identification:_identify(src/uros/drive_base) by extension 'ignore_ament_install'
[0.440s] Level 1:colcon.colcon_core.package_identification:_identify(src/uros/drive_base) by extensions ['colcon_pkg']
[0.440s] Level 1:colcon.colcon_core.package_identification:_identify(src/uros/drive_base) by extension 'colcon_pkg'
[0.440s] Level 1:colcon.colcon_core.package_identification:_identify(src/uros/drive_base) by extensions ['colcon_meta']
[0.440s] Level 1:colcon.colcon_core.package_identification:_identify(src/uros/drive_base) by extension 'colcon_meta'
[0.440s] Level 1:colcon.colcon_core.package_identification:_identify(src/uros/drive_base) by extensions ['ros']
[0.440s] Level 1:colcon.colcon_core.package_identification:_identify(src/uros/drive_base) by extension 'ros'
[0.440s] Level 1:colcon.colcon_core.package_identification:_identify(src/uros/drive_base) by extensions ['cmake', 'python']
[0.440s] Level 1:colcon.colcon_core.package_identification:_identify(src/uros/drive_base) by extension 'cmake'
[0.440s] Level 1:colcon.colcon_core.package_identification:_identify(src/uros/drive_base) by extension 'python'
[0.440s] Level 1:colcon.colcon_core.package_identification:_identify(src/uros/drive_base) by extensions ['python_setup_py']
[0.440s] Level 1:colcon.colcon_core.package_identification:_identify(src/uros/drive_base) by extension 'python_setup_py'
[0.440s] Level 1:colcon.colcon_core.package_identification:_identify(src/uros/drive_base/drive_base_msgs) by extensions ['ignore', 'ignore_ament_install']
[0.441s] Level 1:colcon.colcon_core.package_identification:_identify(src/uros/drive_base/drive_base_msgs) by extension 'ignore'
[0.441s] Level 1:colcon.colcon_core.package_identification:_identify(src/uros/drive_base/drive_base_msgs) by extension 'ignore_ament_install'
[0.441s] Level 1:colcon.colcon_core.package_identification:_identify(src/uros/drive_base/drive_base_msgs) by extensions ['colcon_pkg']
[0.441s] Level 1:colcon.colcon_core.package_identification:_identify(src/uros/drive_base/drive_base_msgs) by extension 'colcon_pkg'
[0.441s] Level 1:colcon.colcon_core.package_identification:_identify(src/uros/drive_base/drive_base_msgs) by extensions ['colcon_meta']
[0.441s] Level 1:colcon.colcon_core.package_identification:_identify(src/uros/drive_base/drive_base_msgs) by extension 'colcon_meta'
[0.441s] Level 1:colcon.colcon_core.package_identification:_identify(src/uros/drive_base/drive_base_msgs) by extensions ['ros']
[0.441s] Level 1:colcon.colcon_core.package_identification:_identify(src/uros/drive_base/drive_base_msgs) by extension 'ros'
[0.442s] DEBUG:colcon.colcon_core.package_identification:Package 'src/uros/drive_base/drive_base_msgs' with type 'ros.ament_cmake' and name 'drive_base_msgs'
[0.442s] Level 1:colcon.colcon_core.package_identification:_identify(src/uros/micro-ROS-Agent) by extensions ['ignore', 'ignore_ament_install']
[0.442s] Level 1:colcon.colcon_core.package_identification:_identify(src/uros/micro-ROS-Agent) by extension 'ignore'
[0.442s] Level 1:colcon.colcon_core.package_identification:_identify(src/uros/micro-ROS-Agent) by extension 'ignore_ament_install'
[0.443s] Level 1:colcon.colcon_core.package_identification:_identify(src/uros/micro-ROS-Agent) by extensions ['colcon_pkg']
[0.443s] Level 1:colcon.colcon_core.package_identification:_identify(src/uros/micro-ROS-Agent) by extension 'colcon_pkg'
[0.443s] Level 1:colcon.colcon_core.package_identification:_identify(src/uros/micro-ROS-Agent) by extensions ['colcon_meta']
[0.443s] Level 1:colcon.colcon_core.package_identification:_identify(src/uros/micro-ROS-Agent) by extension 'colcon_meta'
[0.443s] Level 1:colcon.colcon_core.package_identification:_identify(src/uros/micro-ROS-Agent) by extensions ['ros']
[0.443s] Level 1:colcon.colcon_core.package_identification:_identify(src/uros/micro-ROS-Agent) by extension 'ros'
[0.443s] Level 1:colcon.colcon_core.package_identification:_identify(src/uros/micro-ROS-Agent) by extensions ['cmake', 'python']
[0.443s] Level 1:colcon.colcon_core.package_identification:_identify(src/uros/micro-ROS-Agent) by extension 'cmake'
[0.443s] Level 1:colcon.colcon_core.package_identification:_identify(src/uros/micro-ROS-Agent) by extension 'python'
[0.443s] Level 1:colcon.colcon_core.package_identification:_identify(src/uros/micro-ROS-Agent) by extensions ['python_setup_py']
[0.443s] Level 1:colcon.colcon_core.package_identification:_identify(src/uros/micro-ROS-Agent) by extension 'python_setup_py'
[0.443s] Level 1:colcon.colcon_core.package_identification:_identify(src/uros/micro-ROS-Agent/micro_ros_agent) by extensions ['ignore', 'ignore_ament_install']
[0.444s] Level 1:colcon.colcon_core.package_identification:_identify(src/uros/micro-ROS-Agent/micro_ros_agent) by extension 'ignore'
[0.444s] Level 1:colcon.colcon_core.package_identification:_identify(src/uros/micro-ROS-Agent/micro_ros_agent) by extension 'ignore_ament_install'
[0.444s] Level 1:colcon.colcon_core.package_identification:_identify(src/uros/micro-ROS-Agent/micro_ros_agent) by extensions ['colcon_pkg']
[0.444s] Level 1:colcon.colcon_core.package_identification:_identify(src/uros/micro-ROS-Agent/micro_ros_agent) by extension 'colcon_pkg'
[0.444s] Level 1:colcon.colcon_core.package_identification:_identify(src/uros/micro-ROS-Agent/micro_ros_agent) by extensions ['colcon_meta']
[0.444s] Level 1:colcon.colcon_core.package_identification:_identify(src/uros/micro-ROS-Agent/micro_ros_agent) by extension 'colcon_meta'
[0.444s] Level 1:colcon.colcon_core.package_identification:_identify(src/uros/micro-ROS-Agent/micro_ros_agent) by extensions ['ros']
[0.444s] Level 1:colcon.colcon_core.package_identification:_identify(src/uros/micro-ROS-Agent/micro_ros_agent) by extension 'ros'
[0.445s] DEBUG:colcon.colcon_core.package_identification:Package 'src/uros/micro-ROS-Agent/micro_ros_agent' with type 'ros.ament_cmake' and name 'micro_ros_agent'
[0.445s] Level 1:colcon.colcon_core.package_identification:_identify(src/uros/micro-ROS-Agent/snap) by extensions ['ignore', 'ignore_ament_install']
[0.446s] Level 1:colcon.colcon_core.package_identification:_identify(src/uros/micro-ROS-Agent/snap) by extension 'ignore'
[0.446s] Level 1:colcon.colcon_core.package_identification:_identify(src/uros/micro-ROS-Agent/snap) by extension 'ignore_ament_install'
[0.446s] Level 1:colcon.colcon_core.package_identification:_identify(src/uros/micro-ROS-Agent/snap) by extensions ['colcon_pkg']
[0.446s] Level 1:colcon.colcon_core.package_identification:_identify(src/uros/micro-ROS-Agent/snap) by extension 'colcon_pkg'
[0.446s] Level 1:colcon.colcon_core.package_identification:_identify(src/uros/micro-ROS-Agent/snap) by extensions ['colcon_meta']
[0.446s] Level 1:colcon.colcon_core.package_identification:_identify(src/uros/micro-ROS-Agent/snap) by extension 'colcon_meta'
[0.446s] Level 1:colcon.colcon_core.package_identification:_identify(src/uros/micro-ROS-Agent/snap) by extensions ['ros']
[0.446s] Level 1:colcon.colcon_core.package_identification:_identify(src/uros/micro-ROS-Agent/snap) by extension 'ros'
[0.446s] Level 1:colcon.colcon_core.package_identification:_identify(src/uros/micro-ROS-Agent/snap) by extensions ['cmake', 'python']
[0.447s] Level 1:colcon.colcon_core.package_identification:_identify(src/uros/micro-ROS-Agent/snap) by extension 'cmake'
[0.447s] Level 1:colcon.colcon_core.package_identification:_identify(src/uros/micro-ROS-Agent/snap) by extension 'python'
[0.447s] Level 1:colcon.colcon_core.package_identification:_identify(src/uros/micro-ROS-Agent/snap) by extensions ['python_setup_py']
[0.447s] Level 1:colcon.colcon_core.package_identification:_identify(src/uros/micro-ROS-Agent/snap) by extension 'python_setup_py'
[0.447s] Level 1:colcon.colcon_core.package_identification:_identify(src/uros/micro-ROS-Agent/snap/hooks) by extensions ['ignore', 'ignore_ament_install']
[0.447s] Level 1:colcon.colcon_core.package_identification:_identify(src/uros/micro-ROS-Agent/snap/hooks) by extension 'ignore'
[0.447s] Level 1:colcon.colcon_core.package_identification:_identify(src/uros/micro-ROS-Agent/snap/hooks) by extension 'ignore_ament_install'
[0.447s] Level 1:colcon.colcon_core.package_identification:_identify(src/uros/micro-ROS-Agent/snap/hooks) by extensions ['colcon_pkg']
[0.447s] Level 1:colcon.colcon_core.package_identification:_identify(src/uros/micro-ROS-Agent/snap/hooks) by extension 'colcon_pkg'
[0.447s] Level 1:colcon.colcon_core.package_identification:_identify(src/uros/micro-ROS-Agent/snap/hooks) by extensions ['colcon_meta']
[0.447s] Level 1:colcon.colcon_core.package_identification:_identify(src/uros/micro-ROS-Agent/snap/hooks) by extension 'colcon_meta'
[0.448s] Level 1:colcon.colcon_core.package_identification:_identify(src/uros/micro-ROS-Agent/snap/hooks) by extensions ['ros']
[0.448s] Level 1:colcon.colcon_core.package_identification:_identify(src/uros/micro-ROS-Agent/snap/hooks) by extension 'ros'
[0.448s] Level 1:colcon.colcon_core.package_identification:_identify(src/uros/micro-ROS-Agent/snap/hooks) by extensions ['cmake', 'python']
[0.448s] Level 1:colcon.colcon_core.package_identification:_identify(src/uros/micro-ROS-Agent/snap/hooks) by extension 'cmake'
[0.448s] Level 1:colcon.colcon_core.package_identification:_identify(src/uros/micro-ROS-Agent/snap/hooks) by extension 'python'
[0.448s] Level 1:colcon.colcon_core.package_identification:_identify(src/uros/micro-ROS-Agent/snap/hooks) by extensions ['python_setup_py']
[0.448s] Level 1:colcon.colcon_core.package_identification:_identify(src/uros/micro-ROS-Agent/snap/hooks) by extension 'python_setup_py'
[0.448s] Level 1:colcon.colcon_core.package_identification:_identify(src/uros/micro-ROS-Agent/snap/local) by extensions ['ignore', 'ignore_ament_install']
[0.448s] Level 1:colcon.colcon_core.package_identification:_identify(src/uros/micro-ROS-Agent/snap/local) by extension 'ignore'
[0.448s] Level 1:colcon.colcon_core.package_identification:_identify(src/uros/micro-ROS-Agent/snap/local) by extension 'ignore_ament_install'
[0.449s] Level 1:colcon.colcon_core.package_identification:_identify(src/uros/micro-ROS-Agent/snap/local) by extensions ['colcon_pkg']
[0.449s] Level 1:colcon.colcon_core.package_identification:_identify(src/uros/micro-ROS-Agent/snap/local) by extension 'colcon_pkg'
[0.449s] Level 1:colcon.colcon_core.package_identification:_identify(src/uros/micro-ROS-Agent/snap/local) by extensions ['colcon_meta']
[0.449s] Level 1:colcon.colcon_core.package_identification:_identify(src/uros/micro-ROS-Agent/snap/local) by extension 'colcon_meta'
[0.449s] Level 1:colcon.colcon_core.package_identification:_identify(src/uros/micro-ROS-Agent/snap/local) by extensions ['ros']
[0.449s] Level 1:colcon.colcon_core.package_identification:_identify(src/uros/micro-ROS-Agent/snap/local) by extension 'ros'
[0.449s] Level 1:colcon.colcon_core.package_identification:_identify(src/uros/micro-ROS-Agent/snap/local) by extensions ['cmake', 'python']
[0.449s] Level 1:colcon.colcon_core.package_identification:_identify(src/uros/micro-ROS-Agent/snap/local) by extension 'cmake'
[0.449s] Level 1:colcon.colcon_core.package_identification:_identify(src/uros/micro-ROS-Agent/snap/local) by extension 'python'
[0.449s] Level 1:colcon.colcon_core.package_identification:_identify(src/uros/micro-ROS-Agent/snap/local) by extensions ['python_setup_py']
[0.449s] Level 1:colcon.colcon_core.package_identification:_identify(src/uros/micro-ROS-Agent/snap/local) by extension 'python_setup_py'
[0.449s] Level 1:colcon.colcon_core.package_identification:_identify(src/uros/micro_ros_msgs) by extensions ['ignore', 'ignore_ament_install']
[0.450s] Level 1:colcon.colcon_core.package_identification:_identify(src/uros/micro_ros_msgs) by extension 'ignore'
[0.450s] Level 1:colcon.colcon_core.package_identification:_identify(src/uros/micro_ros_msgs) by extension 'ignore_ament_install'
[0.450s] Level 1:colcon.colcon_core.package_identification:_identify(src/uros/micro_ros_msgs) by extensions ['colcon_pkg']
[0.450s] Level 1:colcon.colcon_core.package_identification:_identify(src/uros/micro_ros_msgs) by extension 'colcon_pkg'
[0.450s] Level 1:colcon.colcon_core.package_identification:_identify(src/uros/micro_ros_msgs) by extensions ['colcon_meta']
[0.450s] Level 1:colcon.colcon_core.package_identification:_identify(src/uros/micro_ros_msgs) by extension 'colcon_meta'
[0.450s] Level 1:colcon.colcon_core.package_identification:_identify(src/uros/micro_ros_msgs) by extensions ['ros']
[0.450s] Level 1:colcon.colcon_core.package_identification:_identify(src/uros/micro_ros_msgs) by extension 'ros'
[0.451s] DEBUG:colcon.colcon_core.package_identification:Package 'src/uros/micro_ros_msgs' with type 'ros.ament_cmake' and name 'micro_ros_msgs'
[0.451s] Level 1:colcon.colcon_core.package_discovery:discover_packages(recursive) using defaults
[0.451s] Level 1:colcon.colcon_core.package_discovery:discover_packages(ignore) discover
[0.451s] Level 1:colcon.colcon_core.package_discovery:discover_packages(ignore) using defaults
[0.451s] Level 1:colcon.colcon_core.package_discovery:discover_packages(path) discover
[0.451s] Level 1:colcon.colcon_core.package_discovery:discover_packages(path) using defaults
[0.484s] INFO:colcon.colcon_core.package_selection:Skipping package 'micro_ros_setup' in 'src/micro_ros_setup'
[0.484s] INFO:colcon.colcon_core.package_selection:Skipping package 'drive_base_msgs' in 'src/uros/drive_base/drive_base_msgs'
[0.485s] Level 1:colcon.colcon_core.package_discovery:discover_packages(prefix_path) check parameters
[0.485s] Level 1:colcon.colcon_core.package_discovery:discover_packages(prefix_path) discover
[0.492s] DEBUG:colcon.colcon_installed_package_information.package_discovery:Found 3 installed packages in /home/nijin26/microros_ws/install
[0.492s] DEBUG:colcon.colcon_installed_package_information.package_discovery:Found 4 installed packages in /home/nijin26/ros2_ws/install
[0.495s] DEBUG:colcon.colcon_installed_package_information.package_discovery:Found 285 installed packages in /opt/ros/jazzy
[0.496s] Level 1:colcon.colcon_core.package_discovery:discover_packages(prefix_path) using defaults
[0.577s] Level 5:colcon.colcon_core.verb:set package 'micro_ros_msgs' build argument 'cmake_args' from command line to '['-DUAGENT_BUILD_EXECUTABLE=OFF', '-DUAGENT_P2P_PROFILE=OFF', '--no-warn-unused-cli']'
[0.577s] Level 5:colcon.colcon_core.verb:set package 'micro_ros_msgs' build argument 'cmake_target' from command line to 'None'
[0.577s] Level 5:colcon.colcon_core.verb:set package 'micro_ros_msgs' build argument 'cmake_target_skip_unavailable' from command line to 'False'
[0.577s] Level 5:colcon.colcon_core.verb:set package 'micro_ros_msgs' build argument 'cmake_clean_cache' from command line to 'False'
[0.577s] Level 5:colcon.colcon_core.verb:set package 'micro_ros_msgs' build argument 'cmake_clean_first' from command line to 'False'
[0.577s] Level 5:colcon.colcon_core.verb:set package 'micro_ros_msgs' build argument 'cmake_force_configure' from command line to 'False'
[0.577s] Level 5:colcon.colcon_core.verb:set package 'micro_ros_msgs' build argument 'ament_cmake_args' from command line to 'None'
[0.577s] Level 5:colcon.colcon_core.verb:set package 'micro_ros_msgs' build argument 'catkin_cmake_args' from command line to 'None'
[0.577s] Level 5:colcon.colcon_core.verb:set package 'micro_ros_msgs' build argument 'catkin_skip_building_tests' from command line to 'False'
[0.577s] DEBUG:colcon.colcon_core.verb:Building package 'micro_ros_msgs' with the following arguments: {'ament_cmake_args': None, 'build_base': '/home/nijin26/microros_ws/build/micro_ros_msgs', 'catkin_cmake_args': None, 'catkin_skip_building_tests': False, 'cmake_args': ['-DUAGENT_BUILD_EXECUTABLE=OFF', '-DUAGENT_P2P_PROFILE=OFF', '--no-warn-unused-cli'], 'cmake_clean_cache': False, 'cmake_clean_first': False, 'cmake_force_configure': False, 'cmake_target': None, 'cmake_target_skip_unavailable': False, 'install_base': '/home/nijin26/microros_ws/install/micro_ros_msgs', 'merge_install': False, 'path': '/home/nijin26/microros_ws/src/uros/micro_ros_msgs', 'symlink_install': False, 'test_result_base': None}
[0.578s] Level 5:colcon.colcon_core.verb:set package 'micro_ros_agent' build argument 'cmake_args' from command line to '['-DUAGENT_BUILD_EXECUTABLE=OFF', '-DUAGENT_P2P_PROFILE=OFF', '--no-warn-unused-cli']'
[0.578s] Level 5:colcon.colcon_core.verb:set package 'micro_ros_agent' build argument 'cmake_target' from command line to 'None'
[0.578s] Level 5:colcon.colcon_core.verb:set package 'micro_ros_agent' build argument 'cmake_target_skip_unavailable' from command line to 'False'
[0.578s] Level 5:colcon.colcon_core.verb:set package 'micro_ros_agent' build argument 'cmake_clean_cache' from command line to 'False'
[0.578s] Level 5:colcon.colcon_core.verb:set package 'micro_ros_agent' build argument 'cmake_clean_first' from command line to 'False'
[0.578s] Level 5:colcon.colcon_core.verb:set package 'micro_ros_agent' build argument 'cmake_force_configure' from command line to 'False'
[0.578s] Level 5:colcon.colcon_core.verb:set package 'micro_ros_agent' build argument 'ament_cmake_args' from command line to 'None'
[0.578s] Level 5:colcon.colcon_core.verb:set package 'micro_ros_agent' build argument 'catkin_cmake_args' from command line to 'None'
[0.578s] Level 5:colcon.colcon_core.verb:set package 'micro_ros_agent' build argument 'catkin_skip_building_tests' from command line to 'False'
[0.578s] DEBUG:colcon.colcon_core.verb:Building package 'micro_ros_agent' with the following arguments: {'ament_cmake_args': None, 'build_base': '/home/nijin26/microros_ws/build/micro_ros_agent', 'catkin_cmake_args': None, 'catkin_skip_building_tests': False, 'cmake_args': ['-DUAGENT_BUILD_EXECUTABLE=OFF', '-DUAGENT_P2P_PROFILE=OFF', '--no-warn-unused-cli'], 'cmake_clean_cache': False, 'cmake_clean_first': False, 'cmake_force_configure': False, 'cmake_target': None, 'cmake_target_skip_unavailable': False, 'install_base': '/home/nijin26/microros_ws/install/micro_ros_agent', 'merge_install': False, 'path': '/home/nijin26/microros_ws/src/uros/micro-ROS-Agent/micro_ros_agent', 'symlink_install': False, 'test_result_base': None}
[0.578s] INFO:colcon.colcon_core.executor:Executing jobs using 'parallel' executor
[0.580s] DEBUG:colcon.colcon_parallel_executor.executor.parallel:run_until_complete
[0.580s] INFO:colcon.colcon_ros.task.ament_cmake.build:Building ROS package in '/home/nijin26/microros_ws/src/uros/micro_ros_msgs' with build type 'ament_cmake'
[0.580s] INFO:colcon.colcon_cmake.task.cmake.build:Building CMake package in '/home/nijin26/microros_ws/src/uros/micro_ros_msgs'
[0.588s] INFO:colcon.colcon_core.plugin_system:Skipping extension 'colcon_core.shell.bat': Not used on non-Windows systems
[0.589s] INFO:colcon.colcon_core.shell:Skip shell extension 'powershell' for command environment: Not usable outside of PowerShell
[0.589s] DEBUG:colcon.colcon_core.shell:Skip shell extension 'dsv' for command environment
[0.604s] DEBUG:colcon.colcon_core.event_handler.log_command:Invoking command in '/home/nijin26/microros_ws/build/micro_ros_msgs': CMAKE_PREFIX_PATH=${CMAKE_PREFIX_PATH}:/home/nijin26/ros2_ws/install/ros2jazzy_opencv:/home/nijin26/ros2_ws/install/pkg_udemy_course:/home/nijin26/ros2_ws/install/pkg_template_py:/opt/ros/jazzy DEBUGINFOD_URLS=https://debuginfod.ubuntu.com /usr/bin/cmake --build /home/nijin26/microros_ws/build/micro_ros_msgs -- -j12 -l12
[1.342s] DEBUG:colcon.colcon_core.event_handler.log_command:Invoked command in '/home/nijin26/microros_ws/build/micro_ros_msgs' returned '0': CMAKE_PREFIX_PATH=${CMAKE_PREFIX_PATH}:/home/nijin26/ros2_ws/install/ros2jazzy_opencv:/home/nijin26/ros2_ws/install/pkg_udemy_course:/home/nijin26/ros2_ws/install/pkg_template_py:/opt/ros/jazzy DEBUGINFOD_URLS=https://debuginfod.ubuntu.com /usr/bin/cmake --build /home/nijin26/microros_ws/build/micro_ros_msgs -- -j12 -l12
[1.545s] DEBUG:colcon.colcon_core.event_handler.log_command:Invoking command in '/home/nijin26/microros_ws/build/micro_ros_msgs': CMAKE_PREFIX_PATH=${CMAKE_PREFIX_PATH}:/home/nijin26/ros2_ws/install/ros2jazzy_opencv:/home/nijin26/ros2_ws/install/pkg_udemy_course:/home/nijin26/ros2_ws/install/pkg_template_py:/opt/ros/jazzy DEBUGINFOD_URLS=https://debuginfod.ubuntu.com /usr/bin/cmake --install /home/nijin26/microros_ws/build/micro_ros_msgs
[1.652s] Level 1:colcon.colcon_core.environment:create_environment_scripts_only(micro_ros_msgs)
[1.652s] DEBUG:colcon.colcon_core.event_handler.log_command:Invoked command in '/home/nijin26/microros_ws/build/micro_ros_msgs' returned '0': CMAKE_PREFIX_PATH=${CMAKE_PREFIX_PATH}:/home/nijin26/ros2_ws/install/ros2jazzy_opencv:/home/nijin26/ros2_ws/install/pkg_udemy_course:/home/nijin26/ros2_ws/install/pkg_template_py:/opt/ros/jazzy DEBUGINFOD_URLS=https://debuginfod.ubuntu.com /usr/bin/cmake --install /home/nijin26/microros_ws/build/micro_ros_msgs
[1.657s] Level 1:colcon.colcon_core.environment:checking '/home/nijin26/microros_ws/install/micro_ros_msgs' for CMake module files
[1.658s] Level 1:colcon.colcon_core.environment:checking '/home/nijin26/microros_ws/install/micro_ros_msgs' for CMake config files
[1.658s] Level 1:colcon.colcon_core.shell:create_environment_hook('micro_ros_msgs', 'cmake_prefix_path')
[1.659s] INFO:colcon.colcon_core.shell:Creating environment hook '/home/nijin26/microros_ws/install/micro_ros_msgs/share/micro_ros_msgs/hook/cmake_prefix_path.ps1'
[1.659s] INFO:colcon.colcon_core.shell:Creating environment descriptor '/home/nijin26/microros_ws/install/micro_ros_msgs/share/micro_ros_msgs/hook/cmake_prefix_path.dsv'
[1.660s] INFO:colcon.colcon_core.shell:Creating environment hook '/home/nijin26/microros_ws/install/micro_ros_msgs/share/micro_ros_msgs/hook/cmake_prefix_path.sh'
[1.661s] Level 1:colcon.colcon_core.environment:checking '/home/nijin26/microros_ws/install/micro_ros_msgs/lib'
[1.662s] Level 1:colcon.colcon_core.shell:create_environment_hook('micro_ros_msgs', 'ld_library_path_lib')
[1.662s] INFO:colcon.colcon_core.shell:Creating environment hook '/home/nijin26/microros_ws/install/micro_ros_msgs/share/micro_ros_msgs/hook/ld_library_path_lib.ps1'
[1.662s] INFO:colcon.colcon_core.shell:Creating environment descriptor '/home/nijin26/microros_ws/install/micro_ros_msgs/share/micro_ros_msgs/hook/ld_library_path_lib.dsv'
[1.663s] INFO:colcon.colcon_core.shell:Creating environment hook '/home/nijin26/microros_ws/install/micro_ros_msgs/share/micro_ros_msgs/hook/ld_library_path_lib.sh'
[1.663s] Level 1:colcon.colcon_core.environment:checking '/home/nijin26/microros_ws/install/micro_ros_msgs/bin'
[1.663s] Level 1:colcon.colcon_core.environment:checking '/home/nijin26/microros_ws/install/micro_ros_msgs/lib/pkgconfig/micro_ros_msgs.pc'
[1.664s] Level 1:colcon.colcon_core.environment:checking '/home/nijin26/microros_ws/install/micro_ros_msgs/lib/python3.12/site-packages'
[1.664s] Level 1:colcon.colcon_core.shell:create_environment_hook('micro_ros_msgs', 'pythonpath')
[1.664s] INFO:colcon.colcon_core.shell:Creating environment hook '/home/nijin26/microros_ws/install/micro_ros_msgs/share/micro_ros_msgs/hook/pythonpath.ps1'
[1.665s] INFO:colcon.colcon_core.shell:Creating environment descriptor '/home/nijin26/microros_ws/install/micro_ros_msgs/share/micro_ros_msgs/hook/pythonpath.dsv'
[1.665s] INFO:colcon.colcon_core.shell:Creating environment hook '/home/nijin26/microros_ws/install/micro_ros_msgs/share/micro_ros_msgs/hook/pythonpath.sh'
[1.666s] Level 1:colcon.colcon_core.environment:checking '/home/nijin26/microros_ws/install/micro_ros_msgs/bin'
[1.666s] INFO:colcon.colcon_core.shell:Creating package script '/home/nijin26/microros_ws/install/micro_ros_msgs/share/micro_ros_msgs/package.ps1'
[1.668s] INFO:colcon.colcon_core.shell:Creating package descriptor '/home/nijin26/microros_ws/install/micro_ros_msgs/share/micro_ros_msgs/package.dsv'
[1.668s] INFO:colcon.colcon_core.shell:Creating package script '/home/nijin26/microros_ws/install/micro_ros_msgs/share/micro_ros_msgs/package.sh'
[1.669s] INFO:colcon.colcon_core.shell:Creating package script '/home/nijin26/microros_ws/install/micro_ros_msgs/share/micro_ros_msgs/package.bash'
[1.670s] INFO:colcon.colcon_core.shell:Creating package script '/home/nijin26/microros_ws/install/micro_ros_msgs/share/micro_ros_msgs/package.zsh'
[1.671s] Level 1:colcon.colcon_core.environment:create_file_with_runtime_dependencies(/home/nijin26/microros_ws/install/micro_ros_msgs/share/colcon-core/packages/micro_ros_msgs)
[1.836s] Level 1:colcon.colcon_core.environment:create_environment_scripts_only(micro_ros_msgs)
[1.836s] Level 1:colcon.colcon_core.environment:checking '/home/nijin26/microros_ws/install/micro_ros_msgs' for CMake module files
[1.837s] Level 1:colcon.colcon_core.environment:checking '/home/nijin26/microros_ws/install/micro_ros_msgs' for CMake config files
[1.838s] Level 1:colcon.colcon_core.shell:create_environment_hook('micro_ros_msgs', 'cmake_prefix_path')
[1.838s] INFO:colcon.colcon_core.shell:Creating environment hook '/home/nijin26/microros_ws/install/micro_ros_msgs/share/micro_ros_msgs/hook/cmake_prefix_path.ps1'
[1.839s] INFO:colcon.colcon_core.shell:Creating environment descriptor '/home/nijin26/microros_ws/install/micro_ros_msgs/share/micro_ros_msgs/hook/cmake_prefix_path.dsv'
[1.840s] INFO:colcon.colcon_core.shell:Creating environment hook '/home/nijin26/microros_ws/install/micro_ros_msgs/share/micro_ros_msgs/hook/cmake_prefix_path.sh'
[1.841s] Level 1:colcon.colcon_core.environment:checking '/home/nijin26/microros_ws/install/micro_ros_msgs/lib'
[1.841s] Level 1:colcon.colcon_core.shell:create_environment_hook('micro_ros_msgs', 'ld_library_path_lib')
[1.841s] INFO:colcon.colcon_core.shell:Creating environment hook '/home/nijin26/microros_ws/install/micro_ros_msgs/share/micro_ros_msgs/hook/ld_library_path_lib.ps1'
[1.842s] INFO:colcon.colcon_core.shell:Creating environment descriptor '/home/nijin26/microros_ws/install/micro_ros_msgs/share/micro_ros_msgs/hook/ld_library_path_lib.dsv'
[1.842s] INFO:colcon.colcon_core.shell:Creating environment hook '/home/nijin26/microros_ws/install/micro_ros_msgs/share/micro_ros_msgs/hook/ld_library_path_lib.sh'
[1.843s] Level 1:colcon.colcon_core.environment:checking '/home/nijin26/microros_ws/install/micro_ros_msgs/bin'
[1.843s] Level 1:colcon.colcon_core.environment:checking '/home/nijin26/microros_ws/install/micro_ros_msgs/lib/pkgconfig/micro_ros_msgs.pc'
[1.844s] Level 1:colcon.colcon_core.environment:checking '/home/nijin26/microros_ws/install/micro_ros_msgs/lib/python3.12/site-packages'
[1.844s] Level 1:colcon.colcon_core.shell:create_environment_hook('micro_ros_msgs', 'pythonpath')
[1.845s] INFO:colcon.colcon_core.shell:Creating environment hook '/home/nijin26/microros_ws/install/micro_ros_msgs/share/micro_ros_msgs/hook/pythonpath.ps1'
[1.846s] INFO:colcon.colcon_core.shell:Creating environment descriptor '/home/nijin26/microros_ws/install/micro_ros_msgs/share/micro_ros_msgs/hook/pythonpath.dsv'
[1.846s] INFO:colcon.colcon_core.shell:Creating environment hook '/home/nijin26/microros_ws/install/micro_ros_msgs/share/micro_ros_msgs/hook/pythonpath.sh'
[1.848s] Level 1:colcon.colcon_core.environment:checking '/home/nijin26/microros_ws/install/micro_ros_msgs/bin'
[1.848s] INFO:colcon.colcon_core.shell:Creating package script '/home/nijin26/microros_ws/install/micro_ros_msgs/share/micro_ros_msgs/package.ps1'
[1.850s] INFO:colcon.colcon_core.shell:Creating package descriptor '/home/nijin26/microros_ws/install/micro_ros_msgs/share/micro_ros_msgs/package.dsv'
[1.851s] INFO:colcon.colcon_core.shell:Creating package script '/home/nijin26/microros_ws/install/micro_ros_msgs/share/micro_ros_msgs/package.sh'
[1.852s] INFO:colcon.colcon_core.shell:Creating package script '/home/nijin26/microros_ws/install/micro_ros_msgs/share/micro_ros_msgs/package.bash'
[1.853s] INFO:colcon.colcon_core.shell:Creating package script '/home/nijin26/microros_ws/install/micro_ros_msgs/share/micro_ros_msgs/package.zsh'
[1.853s] Level 1:colcon.colcon_core.environment:create_file_with_runtime_dependencies(/home/nijin26/microros_ws/install/micro_ros_msgs/share/colcon-core/packages/micro_ros_msgs)
[1.854s] INFO:colcon.colcon_ros.task.ament_cmake.build:Building ROS package in '/home/nijin26/microros_ws/src/uros/micro-ROS-Agent/micro_ros_agent' with build type 'ament_cmake'
[1.854s] INFO:colcon.colcon_cmake.task.cmake.build:Building CMake package in '/home/nijin26/microros_ws/src/uros/micro-ROS-Agent/micro_ros_agent'
[1.855s] INFO:colcon.colcon_core.shell:Skip shell extension 'powershell' for command environment: Not usable outside of PowerShell
[1.855s] DEBUG:colcon.colcon_core.shell:Skip shell extension 'dsv' for command environment
[1.878s] DEBUG:colcon.colcon_core.event_handler.log_command:Invoking command in '/home/nijin26/microros_ws/build/micro_ros_agent': CMAKE_PREFIX_PATH=/home/nijin26/microros_ws/install/micro_ros_msgs:/home/nijin26/microros_ws/install/micro_ros_agent:/home/nijin26/microros_ws/install/micro_ros_setup:/home/nijin26/ros2_ws/install/pkg_template_cpp:/opt/ros/jazzy/opt/gz_math_vendor:/opt/ros/jazzy/opt/gz_utils_vendor:/opt/ros/jazzy/opt/gz_cmake_vendor:/home/nijin26/ros2_ws/install/ros2jazzy_opencv:/home/nijin26/ros2_ws/install/pkg_udemy_course:/home/nijin26/ros2_ws/install/pkg_template_py:/opt/ros/jazzy DEBUGINFOD_URLS=https://debuginfod.ubuntu.com LD_LIBRARY_PATH=/home/nijin26/microros_ws/install/micro_ros_msgs/lib:/home/nijin26/microros_ws/install/micro_ros_agent/lib:/opt/ros/jazzy/opt/rviz_ogre_vendor/lib:/opt/ros/jazzy/lib/x86_64-linux-gnu:/opt/ros/jazzy/opt/gz_math_vendor/lib:/opt/ros/jazzy/opt/gz_utils_vendor/lib:/opt/ros/jazzy/opt/gz_cmake_vendor/lib:/opt/ros/jazzy/lib /usr/bin/cmake --build /home/nijin26/microros_ws/build/micro_ros_agent -- -j12 -l12
[2.010s] DEBUG:colcon.colcon_core.event_handler.log_command:Invoked command in '/home/nijin26/microros_ws/build/micro_ros_agent' returned '0': CMAKE_PREFIX_PATH=/home/nijin26/microros_ws/install/micro_ros_msgs:/home/nijin26/microros_ws/install/micro_ros_agent:/home/nijin26/microros_ws/install/micro_ros_setup:/home/nijin26/ros2_ws/install/pkg_template_cpp:/opt/ros/jazzy/opt/gz_math_vendor:/opt/ros/jazzy/opt/gz_utils_vendor:/opt/ros/jazzy/opt/gz_cmake_vendor:/home/nijin26/ros2_ws/install/ros2jazzy_opencv:/home/nijin26/ros2_ws/install/pkg_udemy_course:/home/nijin26/ros2_ws/install/pkg_template_py:/opt/ros/jazzy DEBUGINFOD_URLS=https://debuginfod.ubuntu.com LD_LIBRARY_PATH=/home/nijin26/microros_ws/install/micro_ros_msgs/lib:/home/nijin26/microros_ws/install/micro_ros_agent/lib:/opt/ros/jazzy/opt/rviz_ogre_vendor/lib:/opt/ros/jazzy/lib/x86_64-linux-gnu:/opt/ros/jazzy/opt/gz_math_vendor/lib:/opt/ros/jazzy/opt/gz_utils_vendor/lib:/opt/ros/jazzy/opt/gz_cmake_vendor/lib:/opt/ros/jazzy/lib /usr/bin/cmake --build /home/nijin26/microros_ws/build/micro_ros_agent -- -j12 -l12
[2.069s] DEBUG:colcon.colcon_core.event_handler.log_command:Invoking command in '/home/nijin26/microros_ws/build/micro_ros_agent': CMAKE_PREFIX_PATH=/home/nijin26/microros_ws/install/micro_ros_msgs:/home/nijin26/microros_ws/install/micro_ros_agent:/home/nijin26/microros_ws/install/micro_ros_setup:/home/nijin26/ros2_ws/install/pkg_template_cpp:/opt/ros/jazzy/opt/gz_math_vendor:/opt/ros/jazzy/opt/gz_utils_vendor:/opt/ros/jazzy/opt/gz_cmake_vendor:/home/nijin26/ros2_ws/install/ros2jazzy_opencv:/home/nijin26/ros2_ws/install/pkg_udemy_course:/home/nijin26/ros2_ws/install/pkg_template_py:/opt/ros/jazzy DEBUGINFOD_URLS=https://debuginfod.ubuntu.com LD_LIBRARY_PATH=/home/nijin26/microros_ws/install/micro_ros_msgs/lib:/home/nijin26/microros_ws/install/micro_ros_agent/lib:/opt/ros/jazzy/opt/rviz_ogre_vendor/lib:/opt/ros/jazzy/lib/x86_64-linux-gnu:/opt/ros/jazzy/opt/gz_math_vendor/lib:/opt/ros/jazzy/opt/gz_utils_vendor/lib:/opt/ros/jazzy/opt/gz_cmake_vendor/lib:/opt/ros/jazzy/lib /usr/bin/cmake --install /home/nijin26/microros_ws/build/micro_ros_agent
[2.102s] Level 1:colcon.colcon_core.environment:create_environment_scripts_only(micro_ros_agent)
[2.102s] Level 1:colcon.colcon_core.environment:checking '/home/nijin26/microros_ws/install/micro_ros_agent' for CMake module files
[2.103s] DEBUG:colcon.colcon_core.event_handler.log_command:Invoked command in '/home/nijin26/microros_ws/build/micro_ros_agent' returned '0': CMAKE_PREFIX_PATH=/home/nijin26/microros_ws/install/micro_ros_msgs:/home/nijin26/microros_ws/install/micro_ros_agent:/home/nijin26/microros_ws/install/micro_ros_setup:/home/nijin26/ros2_ws/install/pkg_template_cpp:/opt/ros/jazzy/opt/gz_math_vendor:/opt/ros/jazzy/opt/gz_utils_vendor:/opt/ros/jazzy/opt/gz_cmake_vendor:/home/nijin26/ros2_ws/install/ros2jazzy_opencv:/home/nijin26/ros2_ws/install/pkg_udemy_course:/home/nijin26/ros2_ws/install/pkg_template_py:/opt/ros/jazzy DEBUGINFOD_URLS=https://debuginfod.ubuntu.com LD_LIBRARY_PATH=/home/nijin26/microros_ws/install/micro_ros_msgs/lib:/home/nijin26/microros_ws/install/micro_ros_agent/lib:/opt/ros/jazzy/opt/rviz_ogre_vendor/lib:/opt/ros/jazzy/lib/x86_64-linux-gnu:/opt/ros/jazzy/opt/gz_math_vendor/lib:/opt/ros/jazzy/opt/gz_utils_vendor/lib:/opt/ros/jazzy/opt/gz_cmake_vendor/lib:/opt/ros/jazzy/lib /usr/bin/cmake --install /home/nijin26/microros_ws/build/micro_ros_agent
[2.104s] Level 1:colcon.colcon_core.environment:checking '/home/nijin26/microros_ws/install/micro_ros_agent' for CMake config files
[2.107s] Level 1:colcon.colcon_core.shell:create_environment_hook('micro_ros_agent', 'cmake_prefix_path')
[2.107s] INFO:colcon.colcon_core.shell:Creating environment hook '/home/nijin26/microros_ws/install/micro_ros_agent/share/micro_ros_agent/hook/cmake_prefix_path.ps1'
[2.108s] INFO:colcon.colcon_core.shell:Creating environment descriptor '/home/nijin26/microros_ws/install/micro_ros_agent/share/micro_ros_agent/hook/cmake_prefix_path.dsv'
[2.109s] INFO:colcon.colcon_core.shell:Creating environment hook '/home/nijin26/microros_ws/install/micro_ros_agent/share/micro_ros_agent/hook/cmake_prefix_path.sh'
[2.110s] Level 1:colcon.colcon_core.environment:checking '/home/nijin26/microros_ws/install/micro_ros_agent/lib'
[2.110s] Level 1:colcon.colcon_core.shell:create_environment_hook('micro_ros_agent', 'ld_library_path_lib')
[2.111s] INFO:colcon.colcon_core.shell:Creating environment hook '/home/nijin26/microros_ws/install/micro_ros_agent/share/micro_ros_agent/hook/ld_library_path_lib.ps1'
[2.111s] INFO:colcon.colcon_core.shell:Creating environment descriptor '/home/nijin26/microros_ws/install/micro_ros_agent/share/micro_ros_agent/hook/ld_library_path_lib.dsv'
[2.112s] INFO:colcon.colcon_core.shell:Creating environment hook '/home/nijin26/microros_ws/install/micro_ros_agent/share/micro_ros_agent/hook/ld_library_path_lib.sh'
[2.113s] Level 1:colcon.colcon_core.environment:checking '/home/nijin26/microros_ws/install/micro_ros_agent/bin'
[2.113s] Level 1:colcon.colcon_core.environment:checking '/home/nijin26/microros_ws/install/micro_ros_agent/lib/pkgconfig/micro_ros_agent.pc'
[2.113s] Level 1:colcon.colcon_core.environment:checking '/home/nijin26/microros_ws/install/micro_ros_agent/lib/python3.12/site-packages'
[2.114s] Level 1:colcon.colcon_core.environment:checking '/home/nijin26/microros_ws/install/micro_ros_agent/bin'
[2.114s] INFO:colcon.colcon_core.shell:Creating package script '/home/nijin26/microros_ws/install/micro_ros_agent/share/micro_ros_agent/package.ps1'
[2.115s] INFO:colcon.colcon_core.shell:Creating package descriptor '/home/nijin26/microros_ws/install/micro_ros_agent/share/micro_ros_agent/package.dsv'
[2.116s] INFO:colcon.colcon_core.shell:Creating package script '/home/nijin26/microros_ws/install/micro_ros_agent/share/micro_ros_agent/package.sh'
[2.116s] INFO:colcon.colcon_core.shell:Creating package script '/home/nijin26/microros_ws/install/micro_ros_agent/share/micro_ros_agent/package.bash'
[2.117s] INFO:colcon.colcon_core.shell:Creating package script '/home/nijin26/microros_ws/install/micro_ros_agent/share/micro_ros_agent/package.zsh'
[2.118s] Level 1:colcon.colcon_core.environment:create_file_with_runtime_dependencies(/home/nijin26/microros_ws/install/micro_ros_agent/share/colcon-core/packages/micro_ros_agent)
[2.188s] Level 1:colcon.colcon_core.environment:create_environment_scripts_only(micro_ros_agent)
[2.189s] Level 1:colcon.colcon_core.environment:checking '/home/nijin26/microros_ws/install/micro_ros_agent' for CMake module files
[2.190s] Level 1:colcon.colcon_core.environment:checking '/home/nijin26/microros_ws/install/micro_ros_agent' for CMake config files
[2.193s] Level 1:colcon.colcon_core.shell:create_environment_hook('micro_ros_agent', 'cmake_prefix_path')
[2.193s] INFO:colcon.colcon_core.shell:Creating environment hook '/home/nijin26/microros_ws/install/micro_ros_agent/share/micro_ros_agent/hook/cmake_prefix_path.ps1'
[2.195s] INFO:colcon.colcon_core.shell:Creating environment descriptor '/home/nijin26/microros_ws/install/micro_ros_agent/share/micro_ros_agent/hook/cmake_prefix_path.dsv'
[2.195s] INFO:colcon.colcon_core.shell:Creating environment hook '/home/nijin26/microros_ws/install/micro_ros_agent/share/micro_ros_agent/hook/cmake_prefix_path.sh'
[2.197s] Level 1:colcon.colcon_core.environment:checking '/home/nijin26/microros_ws/install/micro_ros_agent/lib'
[2.197s] Level 1:colcon.colcon_core.shell:create_environment_hook('micro_ros_agent', 'ld_library_path_lib')
[2.198s] INFO:colcon.colcon_core.shell:Creating environment hook '/home/nijin26/microros_ws/install/micro_ros_agent/share/micro_ros_agent/hook/ld_library_path_lib.ps1'
[2.199s] INFO:colcon.colcon_core.shell:Creating environment descriptor '/home/nijin26/microros_ws/install/micro_ros_agent/share/micro_ros_agent/hook/ld_library_path_lib.dsv'
[2.200s] INFO:colcon.colcon_core.shell:Creating environment hook '/home/nijin26/microros_ws/install/micro_ros_agent/share/micro_ros_agent/hook/ld_library_path_lib.sh'
[2.201s] Level 1:colcon.colcon_core.environment:checking '/home/nijin26/microros_ws/install/micro_ros_agent/bin'
[2.201s] Level 1:colcon.colcon_core.environment:checking '/home/nijin26/microros_ws/install/micro_ros_agent/lib/pkgconfig/micro_ros_agent.pc'
[2.202s] Level 1:colcon.colcon_core.environment:checking '/home/nijin26/microros_ws/install/micro_ros_agent/lib/python3.12/site-packages'
[2.202s] Level 1:colcon.colcon_core.environment:checking '/home/nijin26/microros_ws/install/micro_ros_agent/bin'
[2.203s] INFO:colcon.colcon_core.shell:Creating package script '/home/nijin26/microros_ws/install/micro_ros_agent/share/micro_ros_agent/package.ps1'
[2.204s] INFO:colcon.colcon_core.shell:Creating package descriptor '/home/nijin26/microros_ws/install/micro_ros_agent/share/micro_ros_agent/package.dsv'
[2.206s] INFO:colcon.colcon_core.shell:Creating package script '/home/nijin26/microros_ws/install/micro_ros_agent/share/micro_ros_agent/package.sh'
[2.206s] INFO:colcon.colcon_core.shell:Creating package script '/home/nijin26/microros_ws/install/micro_ros_agent/share/micro_ros_agent/package.bash'
[2.207s] INFO:colcon.colcon_core.shell:Creating package script '/home/nijin26/microros_ws/install/micro_ros_agent/share/micro_ros_agent/package.zsh'
[2.208s] Level 1:colcon.colcon_core.environment:create_file_with_runtime_dependencies(/home/nijin26/microros_ws/install/micro_ros_agent/share/colcon-core/packages/micro_ros_agent)
[2.208s] DEBUG:colcon.colcon_parallel_executor.executor.parallel:closing loop
[2.209s] DEBUG:colcon.colcon_parallel_executor.executor.parallel:loop closed
[2.209s] DEBUG:colcon.colcon_parallel_executor.executor.parallel:run_until_complete finished with '0'
[2.209s] DEBUG:colcon.colcon_core.event_reactor:joining thread
[2.223s] INFO:colcon.colcon_core.plugin_system:Skipping extension 'colcon_notification.desktop_notification.terminal_notifier': Not used on non-Darwin systems
[2.223s] INFO:colcon.colcon_core.plugin_system:Skipping extension 'colcon_notification.desktop_notification.win32': Not used on non-Windows systems
[2.223s] INFO:colcon.colcon_notification.desktop_notification:Sending desktop notification using 'notify2'
[2.255s] DEBUG:colcon.colcon_core.event_reactor:joined thread
[2.256s] INFO:colcon.colcon_core.shell:Creating prefix script '/home/nijin26/microros_ws/install/local_setup.ps1'
[2.273s] INFO:colcon.colcon_core.shell:Creating prefix util module '/home/nijin26/microros_ws/install/_local_setup_util_ps1.py'
[2.298s] INFO:colcon.colcon_core.shell:Creating prefix chain script '/home/nijin26/microros_ws/install/setup.ps1'
[2.330s] INFO:colcon.colcon_core.shell:Creating prefix script '/home/nijin26/microros_ws/install/local_setup.sh'
[2.401s] INFO:colcon.colcon_core.shell:Creating prefix util module '/home/nijin26/microros_ws/install/_local_setup_util_sh.py'
[2.403s] INFO:colcon.colcon_core.shell:Creating prefix chain script '/home/nijin26/microros_ws/install/setup.sh'
[2.407s] INFO:colcon.colcon_core.shell:Creating prefix script '/home/nijin26/microros_ws/install/local_setup.bash'
[2.408s] INFO:colcon.colcon_core.shell:Creating prefix chain script '/home/nijin26/microros_ws/install/setup.bash'
[2.412s] INFO:colcon.colcon_core.shell:Creating prefix script '/home/nijin26/microros_ws/install/local_setup.zsh'
[2.414s] INFO:colcon.colcon_core.shell:Creating prefix chain script '/home/nijin26/microros_ws/install/setup.zsh'
