-- Found ament_cmake: 2.5.2 (/opt/ros/jazzy/share/ament_cmake/cmake)
-- Found rclcpp: 28.1.3 (/opt/ros/jazzy/share/rclcpp/cmake)
-- Found rosidl_generator_c: 4.6.3 (/opt/ros/jazzy/share/rosidl_generator_c/cmake)
-- Found rosidl_generator_cpp: 4.6.3 (/opt/ros/jazzy/share/rosidl_generator_cpp/cmake)
-- Using all available rosidl_typesupport_c: rosidl_typesupport_fastrtps_c;rosidl_typesupport_introspection_c
-- Using all available rosidl_typesupport_cpp: rosidl_typesupport_fastrtps_cpp;rosidl_typesupport_introspection_cpp
-- Found rmw_implementation_cmake: 7.3.1 (/opt/ros/jazzy/share/rmw_implementation_cmake/cmake)
-- Found rmw_fastrtps_cpp: 8.4.1 (/opt/ros/jazzy/share/rmw_fastrtps_cpp/cmake)
-- Using RMW implementation 'rmw_fastrtps_cpp' as default
-- Found ament_lint_auto: 0.17.1 (/opt/ros/jazzy/share/ament_lint_auto/cmake)
-- Added test 'cppcheck' to perform static code analysis on C / C++ code
-- Configured cppcheck include dirs: 
-- Configured cppcheck exclude dirs and/or files: 
-- Added test 'flake8' to check Python code syntax and style conventions
-- Configured 'flake8' exclude dirs and/or files: 
-- Added test 'lint_cmake' to check CMake code style
-- Added test 'pep257' to check Python code against some of the docstring style conventions in PEP 257
-- Added test 'uncrustify' to check C / C++ code style
-- Configured uncrustify additional arguments: 
-- Added test 'xmllint' to check XML markup files
-- Configuring done (0.7s)
-- Generating done (0.0s)
-- Build files have been written to: /home/nijin26/ros2_ws/build/pkg_template_multi_language
[100%] Built target node_template_cpp
-- Install configuration: ""
-- Up-to-date: /home/nijin26/ros2_ws/install/pkg_template_multi_language/lib/pkg_template_multi_language/node_template_cpp
-- Up-to-date: /home/nijin26/ros2_ws/install/pkg_template_multi_language/lib/pkg_template_multi_language/node_template_py.py
-- Up-to-date: /home/nijin26/ros2_ws/install/pkg_template_multi_language/share/ament_index/resource_index/package_run_dependencies/pkg_template_multi_language
-- Installing: /home/nijin26/ros2_ws/install/pkg_template_multi_language/share/ament_index/resource_index/parent_prefix_path/pkg_template_multi_language
-- Up-to-date: /home/nijin26/ros2_ws/install/pkg_template_multi_language/share/pkg_template_multi_language/environment/ament_prefix_path.sh
-- Up-to-date: /home/nijin26/ros2_ws/install/pkg_template_multi_language/share/pkg_template_multi_language/environment/ament_prefix_path.dsv
-- Up-to-date: /home/nijin26/ros2_ws/install/pkg_template_multi_language/share/pkg_template_multi_language/environment/path.sh
-- Up-to-date: /home/nijin26/ros2_ws/install/pkg_template_multi_language/share/pkg_template_multi_language/environment/path.dsv
-- Up-to-date: /home/nijin26/ros2_ws/install/pkg_template_multi_language/share/pkg_template_multi_language/local_setup.bash
-- Up-to-date: /home/nijin26/ros2_ws/install/pkg_template_multi_language/share/pkg_template_multi_language/local_setup.sh
-- Up-to-date: /home/nijin26/ros2_ws/install/pkg_template_multi_language/share/pkg_template_multi_language/local_setup.zsh
-- Up-to-date: /home/nijin26/ros2_ws/install/pkg_template_multi_language/share/pkg_template_multi_language/local_setup.dsv
-- Installing: /home/nijin26/ros2_ws/install/pkg_template_multi_language/share/pkg_template_multi_language/package.dsv
-- Up-to-date: /home/nijin26/ros2_ws/install/pkg_template_multi_language/share/ament_index/resource_index/packages/pkg_template_multi_language
-- Up-to-date: /home/nijin26/ros2_ws/install/pkg_template_multi_language/share/pkg_template_multi_language/cmake/pkg_template_multi_languageConfig.cmake
-- Up-to-date: /home/nijin26/ros2_ws/install/pkg_template_multi_language/share/pkg_template_multi_language/cmake/pkg_template_multi_languageConfig-version.cmake
-- Up-to-date: /home/nijin26/ros2_ws/install/pkg_template_multi_language/share/pkg_template_multi_language/package.xml
