running egg_info
creating ../../build/pkg_udemy_course/pkg_udemy_course.egg-info
writing ../../build/pkg_udemy_course/pkg_udemy_course.egg-info/PKG-INFO
writing dependency_links to ../../build/pkg_udemy_course/pkg_udemy_course.egg-info/dependency_links.txt
writing entry points to ../../build/pkg_udemy_course/pkg_udemy_course.egg-info/entry_points.txt
writing requirements to ../../build/pkg_udemy_course/pkg_udemy_course.egg-info/requires.txt
writing top-level names to ../../build/pkg_udemy_course/pkg_udemy_course.egg-info/top_level.txt
writing manifest file '../../build/pkg_udemy_course/pkg_udemy_course.egg-info/SOURCES.txt'
reading manifest file '../../build/pkg_udemy_course/pkg_udemy_course.egg-info/SOURCES.txt'
writing manifest file '../../build/pkg_udemy_course/pkg_udemy_course.egg-info/SOURCES.txt'
running build
running build_py
creating /home/nijin26/ros2_ws/build/pkg_udemy_course/build
creating /home/nijin26/ros2_ws/build/pkg_udemy_course/build/lib
creating /home/nijin26/ros2_ws/build/pkg_udemy_course/build/lib/pkg_udemy_course
copying pkg_udemy_course/node_number_publisher.py -> /home/nijin26/ros2_ws/build/pkg_udemy_course/build/lib/pkg_udemy_course
copying pkg_udemy_course/node_number_counter.py -> /home/nijin26/ros2_ws/build/pkg_udemy_course/build/lib/pkg_udemy_course
copying pkg_udemy_course/__init__.py -> /home/nijin26/ros2_ws/build/pkg_udemy_course/build/lib/pkg_udemy_course
running install
running install_lib
creating /home/nijin26/ros2_ws/install/pkg_udemy_course/lib/python3.12/site-packages/pkg_udemy_course
copying /home/nijin26/ros2_ws/build/pkg_udemy_course/build/lib/pkg_udemy_course/node_number_publisher.py -> /home/nijin26/ros2_ws/install/pkg_udemy_course/lib/python3.12/site-packages/pkg_udemy_course
copying /home/nijin26/ros2_ws/build/pkg_udemy_course/build/lib/pkg_udemy_course/node_number_counter.py -> /home/nijin26/ros2_ws/install/pkg_udemy_course/lib/python3.12/site-packages/pkg_udemy_course
copying /home/nijin26/ros2_ws/build/pkg_udemy_course/build/lib/pkg_udemy_course/__init__.py -> /home/nijin26/ros2_ws/install/pkg_udemy_course/lib/python3.12/site-packages/pkg_udemy_course
byte-compiling /home/nijin26/ros2_ws/install/pkg_udemy_course/lib/python3.12/site-packages/pkg_udemy_course/node_number_publisher.py to node_number_publisher.cpython-312.pyc
byte-compiling /home/nijin26/ros2_ws/install/pkg_udemy_course/lib/python3.12/site-packages/pkg_udemy_course/node_number_counter.py to node_number_counter.cpython-312.pyc
byte-compiling /home/nijin26/ros2_ws/install/pkg_udemy_course/lib/python3.12/site-packages/pkg_udemy_course/__init__.py to __init__.cpython-312.pyc
running install_data
creating /home/nijin26/ros2_ws/install/pkg_udemy_course/share/ament_index
creating /home/nijin26/ros2_ws/install/pkg_udemy_course/share/ament_index/resource_index
creating /home/nijin26/ros2_ws/install/pkg_udemy_course/share/ament_index/resource_index/packages
copying resource/pkg_udemy_course -> /home/nijin26/ros2_ws/install/pkg_udemy_course/share/ament_index/resource_index/packages
copying package.xml -> /home/nijin26/ros2_ws/install/pkg_udemy_course/share/pkg_udemy_course
running install_egg_info
Copying ../../build/pkg_udemy_course/pkg_udemy_course.egg-info to /home/nijin26/ros2_ws/install/pkg_udemy_course/lib/python3.12/site-packages/pkg_udemy_course-0.0.0-py3.12.egg-info
running install_scripts
Installing node_number_counter script to /home/nijin26/ros2_ws/install/pkg_udemy_course/lib/pkg_udemy_course
Installing node_number_publisher script to /home/nijin26/ros2_ws/install/pkg_udemy_course/lib/pkg_udemy_course
writing list of installed files to '/home/nijin26/ros2_ws/build/pkg_udemy_course/install.log'
