[0.020s] Invoking command in '/home/nijin26/microros_ws/build/micro_ros_msgs': CMAKE_PREFIX_PATH=${CMAKE_PREFIX_PATH}:/home/nijin26/ros2_ws/install/ros2jazzy_opencv:/home/nijin26/ros2_ws/install/pkg_udemy_course:/home/nijin26/ros2_ws/install/pkg_template_py:/opt/ros/jazzy DEBUGINFOD_URLS=https://debuginfod.ubuntu.com /usr/bin/cmake /home/nijin26/microros_ws/src/uros/micro_ros_msgs -DUAGENT_BUILD_EXECUTABLE=OFF -DUAGENT_P2P_PROFILE=OFF --no-warn-unused-cli -DCMAKE_INSTALL_PREFIX=/home/nijin26/microros_ws/install/micro_ros_msgs
[0.031s] Not searching for unused variables given on the command line.
[0.111s] -- The C compiler identification is GNU 13.2.0
[0.207s] -- The CXX compiler identification is GNU 13.2.0
[0.232s] -- Detecting C compiler ABI info
[0.392s] -- Detecting C compiler ABI info - done
[0.408s] -- Check for working C compiler: /usr/bin/cc - skipped
[0.408s] -- Detecting C compile features
[0.409s] -- Detecting C compile features - done
[0.423s] -- Detecting CXX compiler ABI info
[0.586s] -- Detecting CXX compiler ABI info - done
[0.618s] -- Check for working CXX compiler: /usr/bin/c++ - skipped
[0.618s] -- Detecting CXX compile features
[0.620s] -- Detecting CXX compile features - done
[0.626s] -- Found ament_cmake: 2.5.2 (/opt/ros/jazzy/share/ament_cmake/cmake)
[0.878s] -- Found Python3: /usr/bin/python3 (found version "3.12.3") found components: Interpreter 
[1.081s] -- Found rosidl_default_generators: 1.6.0 (/opt/ros/jazzy/share/rosidl_default_generators/cmake)
[1.146s] -- Using all available rosidl_typesupport_c: rosidl_typesupport_fastrtps_c;rosidl_typesupport_introspection_c
[1.555s] -- Using all available rosidl_typesupport_cpp: rosidl_typesupport_fastrtps_cpp;rosidl_typesupport_introspection_cpp
[2.082s] -- Found rosidl_adapter: 4.6.3 (/opt/ros/jazzy/share/rosidl_adapter/cmake)
[2.099s] -- Found ament_lint_auto: 0.17.1 (/opt/ros/jazzy/share/ament_lint_auto/cmake)
[3.509s] -- Found ament_cmake_ros: 0.12.0 (/opt/ros/jazzy/share/ament_cmake_ros/cmake)
[4.252s] -- Using all available rosidl_typesupport_c: rosidl_typesupport_fastrtps_c;rosidl_typesupport_introspection_c
[5.207s] -- Using all available rosidl_typesupport_cpp: rosidl_typesupport_fastrtps_cpp;rosidl_typesupport_introspection_cpp
[5.239s] -- Found python_cmake_module: 0.11.1 (/opt/ros/jazzy/share/python_cmake_module/cmake)
[5.467s] -- Found PythonExtra: /usr/bin/python3  
[7.917s] -- Found Python3: /usr/bin/python3 (found version "3.12.3") found components: Interpreter Development NumPy Development.Module Development.Embed 
[8.035s] -- Added test 'copyright' to check source files copyright and LICENSE
[8.113s] -- Added test 'lint_cmake' to check CMake code style
[8.179s] -- Added test 'xmllint' to check XML markup files
[8.301s] -- Configuring done (8.3s)
[8.414s] -- Generating done (0.1s)
[8.419s] -- Build files have been written to: /home/nijin26/microros_ws/build/micro_ros_msgs
[8.429s] Invoked command in '/home/nijin26/microros_ws/build/micro_ros_msgs' returned '0': CMAKE_PREFIX_PATH=${CMAKE_PREFIX_PATH}:/home/nijin26/ros2_ws/install/ros2jazzy_opencv:/home/nijin26/ros2_ws/install/pkg_udemy_course:/home/nijin26/ros2_ws/install/pkg_template_py:/opt/ros/jazzy DEBUGINFOD_URLS=https://debuginfod.ubuntu.com /usr/bin/cmake /home/nijin26/microros_ws/src/uros/micro_ros_msgs -DUAGENT_BUILD_EXECUTABLE=OFF -DUAGENT_P2P_PROFILE=OFF --no-warn-unused-cli -DCMAKE_INSTALL_PREFIX=/home/nijin26/microros_ws/install/micro_ros_msgs
[8.431s] Invoking command in '/home/nijin26/microros_ws/build/micro_ros_msgs': CMAKE_PREFIX_PATH=${CMAKE_PREFIX_PATH}:/home/nijin26/ros2_ws/install/ros2jazzy_opencv:/home/nijin26/ros2_ws/install/pkg_udemy_course:/home/nijin26/ros2_ws/install/pkg_template_py:/opt/ros/jazzy DEBUGINFOD_URLS=https://debuginfod.ubuntu.com /usr/bin/cmake --build /home/nijin26/microros_ws/build/micro_ros_msgs -- -j12 -l12
[8.510s] [  1%] [34m[1mGenerating type hashes for ROS interfaces[0m
[8.523s] [  1%] Built target ament_cmake_python_copy_micro_ros_msgs
[8.985s] running egg_info
[8.987s] creating micro_ros_msgs.egg-info
[9.028s] writing micro_ros_msgs.egg-info/PKG-INFO
[9.029s] writing dependency_links to micro_ros_msgs.egg-info/dependency_links.txt
[9.029s] writing top-level names to micro_ros_msgs.egg-info/top_level.txt
[9.029s] writing manifest file 'micro_ros_msgs.egg-info/SOURCES.txt'
[9.150s] reading manifest file 'micro_ros_msgs.egg-info/SOURCES.txt'
[9.150s] writing manifest file 'micro_ros_msgs.egg-info/SOURCES.txt'
[9.164s] [  1%] Built target micro_ros_msgs__rosidl_generator_type_description
[9.182s] [  3%] [34m[1mGenerating C code for ROS interfaces[0m
[9.197s] [  3%] Built target ament_cmake_python_build_micro_ros_msgs_egg
[9.199s] [  5%] [34m[1mGenerating C++ code for ROS interfaces[0m
[9.821s] [  5%] Built target micro_ros_msgs__cpp
[9.879s] [  7%] [32mBuilding C object CMakeFiles/micro_ros_msgs__rosidl_generator_c.dir/rosidl_generator_c/micro_ros_msgs/msg/detail/node__description.c.o[0m
[9.879s] [  9%] [32mBuilding C object CMakeFiles/micro_ros_msgs__rosidl_generator_c.dir/rosidl_generator_c/micro_ros_msgs/msg/detail/entity__functions.c.o[0m
[9.880s] [ 11%] [32mBuilding C object CMakeFiles/micro_ros_msgs__rosidl_generator_c.dir/rosidl_generator_c/micro_ros_msgs/msg/detail/graph__type_support.c.o[0m
[9.882s] [ 14%] [32mBuilding C object CMakeFiles/micro_ros_msgs__rosidl_generator_c.dir/rosidl_generator_c/micro_ros_msgs/msg/detail/graph__description.c.o[0m
[9.883s] [ 14%] [32mBuilding C object CMakeFiles/micro_ros_msgs__rosidl_generator_c.dir/rosidl_generator_c/micro_ros_msgs/msg/detail/graph__functions.c.o[0m
[9.883s] [ 16%] [32mBuilding C object CMakeFiles/micro_ros_msgs__rosidl_generator_c.dir/rosidl_generator_c/micro_ros_msgs/msg/detail/node__functions.c.o[0m
[9.884s] [ 18%] [32mBuilding C object CMakeFiles/micro_ros_msgs__rosidl_generator_c.dir/rosidl_generator_c/micro_ros_msgs/msg/detail/node__type_support.c.o[0m
[9.886s] [ 22%] [32mBuilding C object CMakeFiles/micro_ros_msgs__rosidl_generator_c.dir/rosidl_generator_c/micro_ros_msgs/msg/detail/entity__type_support.c.o[0m
[9.886s] [ 22%] [32mBuilding C object CMakeFiles/micro_ros_msgs__rosidl_generator_c.dir/rosidl_generator_c/micro_ros_msgs/msg/detail/entity__description.c.o[0m
[10.387s] [ 24%] [32m[1mLinking C shared library libmicro_ros_msgs__rosidl_generator_c.so[0m
[10.449s] [ 24%] Built target micro_ros_msgs__rosidl_generator_c
[10.465s] [ 27%] [34m[1mGenerating C introspection for ROS interfaces[0m
[10.465s] [ 29%] [34m[1mGenerating C type support dispatch for ROS interfaces[0m
[10.465s] [ 29%] [34m[1mGenerating C++ type support for eProsima Fast-RTPS[0m
[10.466s] [ 31%] [34m[1mGenerating C++ introspection for ROS interfaces[0m
[10.466s] [ 33%] [34m[1mGenerating C++ type support dispatch for ROS interfaces[0m
[10.466s] [ 35%] [34m[1mGenerating C type support for eProsima Fast-RTPS[0m
[11.061s] [ 40%] [32mBuilding CXX object CMakeFiles/micro_ros_msgs__rosidl_typesupport_cpp.dir/rosidl_typesupport_cpp/micro_ros_msgs/msg/graph__type_support.cpp.o[0m
[11.062s] [ 40%] [32mBuilding CXX object CMakeFiles/micro_ros_msgs__rosidl_typesupport_cpp.dir/rosidl_typesupport_cpp/micro_ros_msgs/msg/node__type_support.cpp.o[0m
[11.062s] [ 40%] [32mBuilding CXX object CMakeFiles/micro_ros_msgs__rosidl_typesupport_cpp.dir/rosidl_typesupport_cpp/micro_ros_msgs/msg/entity__type_support.cpp.o[0m
[11.106s] [ 42%] [32mBuilding CXX object CMakeFiles/micro_ros_msgs__rosidl_typesupport_c.dir/rosidl_typesupport_c/micro_ros_msgs/msg/node__type_support.cpp.o[0m
[11.107s] [ 44%] [32mBuilding CXX object CMakeFiles/micro_ros_msgs__rosidl_typesupport_c.dir/rosidl_typesupport_c/micro_ros_msgs/msg/entity__type_support.cpp.o[0m
[11.109s] [ 46%] [32mBuilding CXX object CMakeFiles/micro_ros_msgs__rosidl_typesupport_c.dir/rosidl_typesupport_c/micro_ros_msgs/msg/graph__type_support.cpp.o[0m
[11.120s] [ 50%] [32mBuilding CXX object CMakeFiles/micro_ros_msgs__rosidl_typesupport_introspection_cpp.dir/rosidl_typesupport_introspection_cpp/micro_ros_msgs/msg/detail/graph__type_support.cpp.o[0m
[11.120s] [ 50%] [32mBuilding CXX object CMakeFiles/micro_ros_msgs__rosidl_typesupport_introspection_cpp.dir/rosidl_typesupport_introspection_cpp/micro_ros_msgs/msg/detail/node__type_support.cpp.o[0m
[11.124s] [ 51%] [32mBuilding CXX object CMakeFiles/micro_ros_msgs__rosidl_typesupport_introspection_cpp.dir/rosidl_typesupport_introspection_cpp/micro_ros_msgs/msg/detail/entity__type_support.cpp.o[0m
[11.134s] [ 53%] [32mBuilding C object CMakeFiles/micro_ros_msgs__rosidl_typesupport_introspection_c.dir/rosidl_typesupport_introspection_c/micro_ros_msgs/msg/detail/graph__type_support.c.o[0m
[11.294s] [ 55%] [32mBuilding CXX object CMakeFiles/micro_ros_msgs__rosidl_typesupport_fastrtps_c.dir/rosidl_typesupport_fastrtps_c/micro_ros_msgs/msg/detail/graph__type_support_c.cpp.o[0m
[11.317s] [ 57%] [32mBuilding CXX object CMakeFiles/micro_ros_msgs__rosidl_typesupport_fastrtps_cpp.dir/rosidl_typesupport_fastrtps_cpp/micro_ros_msgs/msg/detail/dds_fastrtps/graph__type_support.cpp.o[0m
[11.352s] [ 59%] [32mBuilding C object CMakeFiles/micro_ros_msgs__rosidl_typesupport_introspection_c.dir/rosidl_typesupport_introspection_c/micro_ros_msgs/msg/detail/node__type_support.c.o[0m
[11.432s] [ 61%] [32mBuilding C object CMakeFiles/micro_ros_msgs__rosidl_typesupport_introspection_c.dir/rosidl_typesupport_introspection_c/micro_ros_msgs/msg/detail/entity__type_support.c.o[0m
[11.472s] [ 62%] [32mBuilding CXX object CMakeFiles/micro_ros_msgs__rosidl_typesupport_fastrtps_c.dir/rosidl_typesupport_fastrtps_c/micro_ros_msgs/msg/detail/node__type_support_c.cpp.o[0m
[11.473s] [ 64%] [32mBuilding CXX object CMakeFiles/micro_ros_msgs__rosidl_typesupport_fastrtps_cpp.dir/rosidl_typesupport_fastrtps_cpp/micro_ros_msgs/msg/detail/dds_fastrtps/node__type_support.cpp.o[0m
[11.479s] [ 66%] [32m[1mLinking CXX shared library libmicro_ros_msgs__rosidl_typesupport_c.so[0m
[11.518s] [ 68%] [32m[1mLinking C shared library libmicro_ros_msgs__rosidl_typesupport_introspection_c.so[0m
[11.560s] [ 68%] Built target micro_ros_msgs__rosidl_typesupport_c
[11.578s] [ 70%] [32mBuilding CXX object CMakeFiles/micro_ros_msgs__rosidl_typesupport_fastrtps_cpp.dir/rosidl_typesupport_fastrtps_cpp/micro_ros_msgs/msg/detail/dds_fastrtps/entity__type_support.cpp.o[0m
[11.578s] [ 70%] Built target micro_ros_msgs__rosidl_typesupport_introspection_c
[11.593s] [ 72%] [32mBuilding CXX object CMakeFiles/micro_ros_msgs__rosidl_typesupport_fastrtps_c.dir/rosidl_typesupport_fastrtps_c/micro_ros_msgs/msg/detail/entity__type_support_c.cpp.o[0m
[13.090s] [ 74%] [32m[1mLinking CXX shared library libmicro_ros_msgs__rosidl_typesupport_cpp.so[0m
[13.209s] [ 74%] Built target micro_ros_msgs__rosidl_typesupport_cpp
[13.556s] [ 75%] [32m[1mLinking CXX shared library libmicro_ros_msgs__rosidl_typesupport_introspection_cpp.so[0m
[13.679s] [ 77%] [32m[1mLinking CXX shared library libmicro_ros_msgs__rosidl_typesupport_fastrtps_c.so[0m
[13.712s] [ 77%] Built target micro_ros_msgs__rosidl_typesupport_introspection_cpp
[13.835s] [ 77%] Built target micro_ros_msgs__rosidl_typesupport_fastrtps_c
[13.855s] [ 79%] [32m[1mLinking CXX shared library libmicro_ros_msgs__rosidl_typesupport_fastrtps_cpp.so[0m
[13.984s] [ 79%] Built target micro_ros_msgs__rosidl_typesupport_fastrtps_cpp
[14.017s] [ 79%] Built target micro_ros_msgs
[14.050s] [ 81%] [34m[1mGenerating Python code for ROS interfaces[0m
[14.852s] [ 81%] Built target micro_ros_msgs__py
[14.886s] [ 87%] [32mBuilding C object CMakeFiles/micro_ros_msgs__rosidl_generator_py.dir/rosidl_generator_py/micro_ros_msgs/msg/_graph_s.c.o[0m
[14.886s] [ 87%] [32mBuilding C object CMakeFiles/micro_ros_msgs__rosidl_generator_py.dir/rosidl_generator_py/micro_ros_msgs/msg/_node_s.c.o[0m
[14.886s] [ 87%] [32mBuilding C object CMakeFiles/micro_ros_msgs__rosidl_generator_py.dir/rosidl_generator_py/micro_ros_msgs/msg/_entity_s.c.o[0m
[15.368s] [ 88%] [32m[1mLinking C shared library libmicro_ros_msgs__rosidl_generator_py.so[0m
[15.433s] [ 88%] Built target micro_ros_msgs__rosidl_generator_py
[15.467s] [ 94%] [32mBuilding C object CMakeFiles/micro_ros_msgs_s__rosidl_typesupport_c.dir/rosidl_generator_py/micro_ros_msgs/_micro_ros_msgs_s.ep.rosidl_typesupport_c.c.o[0m
[15.467s] [ 94%] [32mBuilding C object CMakeFiles/micro_ros_msgs_s__rosidl_typesupport_fastrtps_c.dir/rosidl_generator_py/micro_ros_msgs/_micro_ros_msgs_s.ep.rosidl_typesupport_fastrtps_c.c.o[0m
[15.467s] [ 94%] [32mBuilding C object CMakeFiles/micro_ros_msgs_s__rosidl_typesupport_introspection_c.dir/rosidl_generator_py/micro_ros_msgs/_micro_ros_msgs_s.ep.rosidl_typesupport_introspection_c.c.o[0m
[15.665s] [ 96%] [32m[1mLinking C shared module rosidl_generator_py/micro_ros_msgs/micro_ros_msgs_s__rosidl_typesupport_c.so[0m
[15.672s] [ 98%] [32m[1mLinking C shared module rosidl_generator_py/micro_ros_msgs/micro_ros_msgs_s__rosidl_typesupport_introspection_c.so[0m
[15.679s] [100%] [32m[1mLinking C shared module rosidl_generator_py/micro_ros_msgs/micro_ros_msgs_s__rosidl_typesupport_fastrtps_c.so[0m
[15.717s] [100%] Built target micro_ros_msgs_s__rosidl_typesupport_c
[15.723s] [100%] Built target micro_ros_msgs_s__rosidl_typesupport_introspection_c
[15.732s] [100%] Built target micro_ros_msgs_s__rosidl_typesupport_fastrtps_c
[15.751s] Invoked command in '/home/nijin26/microros_ws/build/micro_ros_msgs' returned '0': CMAKE_PREFIX_PATH=${CMAKE_PREFIX_PATH}:/home/nijin26/ros2_ws/install/ros2jazzy_opencv:/home/nijin26/ros2_ws/install/pkg_udemy_course:/home/nijin26/ros2_ws/install/pkg_template_py:/opt/ros/jazzy DEBUGINFOD_URLS=https://debuginfod.ubuntu.com /usr/bin/cmake --build /home/nijin26/microros_ws/build/micro_ros_msgs -- -j12 -l12
[15.929s] Invoking command in '/home/nijin26/microros_ws/build/micro_ros_msgs': CMAKE_PREFIX_PATH=${CMAKE_PREFIX_PATH}:/home/nijin26/ros2_ws/install/ros2jazzy_opencv:/home/nijin26/ros2_ws/install/pkg_udemy_course:/home/nijin26/ros2_ws/install/pkg_template_py:/opt/ros/jazzy DEBUGINFOD_URLS=https://debuginfod.ubuntu.com /usr/bin/cmake --install /home/nijin26/microros_ws/build/micro_ros_msgs
[15.943s] -- Install configuration: ""
[15.943s] -- Installing: /home/nijin26/microros_ws/install/micro_ros_msgs/share/ament_index/resource_index/rosidl_interfaces/micro_ros_msgs
[15.944s] -- Installing: /home/nijin26/microros_ws/install/micro_ros_msgs/share/micro_ros_msgs/msg/Graph.json
[15.944s] -- Installing: /home/nijin26/microros_ws/install/micro_ros_msgs/share/micro_ros_msgs/msg/Node.json
[15.944s] -- Installing: /home/nijin26/microros_ws/install/micro_ros_msgs/share/micro_ros_msgs/msg/Entity.json
[15.945s] -- Installing: /home/nijin26/microros_ws/install/micro_ros_msgs/include/micro_ros_msgs/micro_ros_msgs
[15.945s] -- Installing: /home/nijin26/microros_ws/install/micro_ros_msgs/include/micro_ros_msgs/micro_ros_msgs/msg
[15.945s] -- Installing: /home/nijin26/microros_ws/install/micro_ros_msgs/include/micro_ros_msgs/micro_ros_msgs/msg/rosidl_generator_c__visibility_control.h
[15.945s] -- Installing: /home/nijin26/microros_ws/install/micro_ros_msgs/include/micro_ros_msgs/micro_ros_msgs/msg/detail
[15.945s] -- Installing: /home/nijin26/microros_ws/install/micro_ros_msgs/include/micro_ros_msgs/micro_ros_msgs/msg/detail/node__struct.h
[15.945s] -- Installing: /home/nijin26/microros_ws/install/micro_ros_msgs/include/micro_ros_msgs/micro_ros_msgs/msg/detail/node__functions.h
[15.945s] -- Installing: /home/nijin26/microros_ws/install/micro_ros_msgs/include/micro_ros_msgs/micro_ros_msgs/msg/detail/entity__description.c
[15.946s] -- Installing: /home/nijin26/microros_ws/install/micro_ros_msgs/include/micro_ros_msgs/micro_ros_msgs/msg/detail/node__description.c
[15.946s] -- Installing: /home/nijin26/microros_ws/install/micro_ros_msgs/include/micro_ros_msgs/micro_ros_msgs/msg/detail/graph__functions.c
[15.946s] -- Installing: /home/nijin26/microros_ws/install/micro_ros_msgs/include/micro_ros_msgs/micro_ros_msgs/msg/detail/graph__description.c
[15.946s] -- Installing: /home/nijin26/microros_ws/install/micro_ros_msgs/include/micro_ros_msgs/micro_ros_msgs/msg/detail/entity__functions.h
[15.946s] -- Installing: /home/nijin26/microros_ws/install/micro_ros_msgs/include/micro_ros_msgs/micro_ros_msgs/msg/detail/node__functions.c
[15.946s] -- Installing: /home/nijin26/microros_ws/install/micro_ros_msgs/include/micro_ros_msgs/micro_ros_msgs/msg/detail/entity__struct.h
[15.946s] -- Installing: /home/nijin26/microros_ws/install/micro_ros_msgs/include/micro_ros_msgs/micro_ros_msgs/msg/detail/entity__functions.c
[15.947s] -- Installing: /home/nijin26/microros_ws/install/micro_ros_msgs/include/micro_ros_msgs/micro_ros_msgs/msg/detail/graph__struct.h
[15.947s] -- Installing: /home/nijin26/microros_ws/install/micro_ros_msgs/include/micro_ros_msgs/micro_ros_msgs/msg/detail/node__type_support.h
[15.947s] -- Installing: /home/nijin26/microros_ws/install/micro_ros_msgs/include/micro_ros_msgs/micro_ros_msgs/msg/detail/graph__type_support.c
[15.947s] -- Installing: /home/nijin26/microros_ws/install/micro_ros_msgs/include/micro_ros_msgs/micro_ros_msgs/msg/detail/node__type_support.c
[15.947s] -- Installing: /home/nijin26/microros_ws/install/micro_ros_msgs/include/micro_ros_msgs/micro_ros_msgs/msg/detail/graph__type_support.h
[15.948s] -- Installing: /home/nijin26/microros_ws/install/micro_ros_msgs/include/micro_ros_msgs/micro_ros_msgs/msg/detail/entity__type_support.c
[15.948s] -- Installing: /home/nijin26/microros_ws/install/micro_ros_msgs/include/micro_ros_msgs/micro_ros_msgs/msg/detail/graph__functions.h
[15.948s] -- Installing: /home/nijin26/microros_ws/install/micro_ros_msgs/include/micro_ros_msgs/micro_ros_msgs/msg/detail/entity__type_support.h
[15.948s] -- Installing: /home/nijin26/microros_ws/install/micro_ros_msgs/include/micro_ros_msgs/micro_ros_msgs/msg/node.h
[15.948s] -- Installing: /home/nijin26/microros_ws/install/micro_ros_msgs/include/micro_ros_msgs/micro_ros_msgs/msg/graph.h
[15.948s] -- Installing: /home/nijin26/microros_ws/install/micro_ros_msgs/include/micro_ros_msgs/micro_ros_msgs/msg/entity.h
[15.949s] -- Installing: /home/nijin26/microros_ws/install/micro_ros_msgs/share/micro_ros_msgs/environment/library_path.sh
[15.949s] -- Installing: /home/nijin26/microros_ws/install/micro_ros_msgs/share/micro_ros_msgs/environment/library_path.dsv
[15.949s] -- Installing: /home/nijin26/microros_ws/install/micro_ros_msgs/lib/libmicro_ros_msgs__rosidl_generator_c.so
[15.950s] -- Set non-toolchain portion of runtime path of "/home/nijin26/microros_ws/install/micro_ros_msgs/lib/libmicro_ros_msgs__rosidl_generator_c.so" to ""
[15.950s] -- Up-to-date: /home/nijin26/microros_ws/install/micro_ros_msgs/include/micro_ros_msgs/micro_ros_msgs
[15.951s] -- Up-to-date: /home/nijin26/microros_ws/install/micro_ros_msgs/include/micro_ros_msgs/micro_ros_msgs/msg
[15.951s] -- Installing: /home/nijin26/microros_ws/install/micro_ros_msgs/include/micro_ros_msgs/micro_ros_msgs/msg/rosidl_typesupport_fastrtps_c__visibility_control.h
[15.951s] -- Up-to-date: /home/nijin26/microros_ws/install/micro_ros_msgs/include/micro_ros_msgs/micro_ros_msgs/msg/detail
[15.951s] -- Installing: /home/nijin26/microros_ws/install/micro_ros_msgs/include/micro_ros_msgs/micro_ros_msgs/msg/detail/entity__rosidl_typesupport_fastrtps_c.h
[15.951s] -- Installing: /home/nijin26/microros_ws/install/micro_ros_msgs/include/micro_ros_msgs/micro_ros_msgs/msg/detail/node__rosidl_typesupport_fastrtps_c.h
[15.951s] -- Installing: /home/nijin26/microros_ws/install/micro_ros_msgs/include/micro_ros_msgs/micro_ros_msgs/msg/detail/graph__rosidl_typesupport_fastrtps_c.h
[15.951s] -- Installing: /home/nijin26/microros_ws/install/micro_ros_msgs/lib/libmicro_ros_msgs__rosidl_typesupport_fastrtps_c.so
[15.952s] -- Set non-toolchain portion of runtime path of "/home/nijin26/microros_ws/install/micro_ros_msgs/lib/libmicro_ros_msgs__rosidl_typesupport_fastrtps_c.so" to ""
[15.952s] -- Up-to-date: /home/nijin26/microros_ws/install/micro_ros_msgs/include/micro_ros_msgs/micro_ros_msgs
[15.952s] -- Up-to-date: /home/nijin26/microros_ws/install/micro_ros_msgs/include/micro_ros_msgs/micro_ros_msgs/msg
[15.952s] -- Up-to-date: /home/nijin26/microros_ws/install/micro_ros_msgs/include/micro_ros_msgs/micro_ros_msgs/msg/detail
[15.953s] -- Installing: /home/nijin26/microros_ws/install/micro_ros_msgs/include/micro_ros_msgs/micro_ros_msgs/msg/detail/graph__rosidl_typesupport_introspection_c.h
[15.953s] -- Installing: /home/nijin26/microros_ws/install/micro_ros_msgs/include/micro_ros_msgs/micro_ros_msgs/msg/detail/entity__rosidl_typesupport_introspection_c.h
[15.953s] -- Installing: /home/nijin26/microros_ws/install/micro_ros_msgs/include/micro_ros_msgs/micro_ros_msgs/msg/detail/node__rosidl_typesupport_introspection_c.h
[15.953s] -- Installing: /home/nijin26/microros_ws/install/micro_ros_msgs/include/micro_ros_msgs/micro_ros_msgs/msg/detail/graph__type_support.c
[15.953s] -- Installing: /home/nijin26/microros_ws/install/micro_ros_msgs/include/micro_ros_msgs/micro_ros_msgs/msg/detail/node__type_support.c
[15.953s] -- Installing: /home/nijin26/microros_ws/install/micro_ros_msgs/include/micro_ros_msgs/micro_ros_msgs/msg/detail/entity__type_support.c
[15.953s] -- Installing: /home/nijin26/microros_ws/install/micro_ros_msgs/include/micro_ros_msgs/micro_ros_msgs/msg/rosidl_typesupport_introspection_c__visibility_control.h
[15.954s] -- Installing: /home/nijin26/microros_ws/install/micro_ros_msgs/lib/libmicro_ros_msgs__rosidl_typesupport_introspection_c.so
[15.955s] -- Set non-toolchain portion of runtime path of "/home/nijin26/microros_ws/install/micro_ros_msgs/lib/libmicro_ros_msgs__rosidl_typesupport_introspection_c.so" to ""
[15.955s] -- Installing: /home/nijin26/microros_ws/install/micro_ros_msgs/lib/libmicro_ros_msgs__rosidl_typesupport_c.so
[15.955s] -- Set non-toolchain portion of runtime path of "/home/nijin26/microros_ws/install/micro_ros_msgs/lib/libmicro_ros_msgs__rosidl_typesupport_c.so" to ""
[15.956s] -- Up-to-date: /home/nijin26/microros_ws/install/micro_ros_msgs/include/micro_ros_msgs/micro_ros_msgs
[15.956s] -- Up-to-date: /home/nijin26/microros_ws/install/micro_ros_msgs/include/micro_ros_msgs/micro_ros_msgs/msg
[15.956s] -- Installing: /home/nijin26/microros_ws/install/micro_ros_msgs/include/micro_ros_msgs/micro_ros_msgs/msg/rosidl_generator_cpp__visibility_control.hpp
[15.956s] -- Installing: /home/nijin26/microros_ws/install/micro_ros_msgs/include/micro_ros_msgs/micro_ros_msgs/msg/graph.hpp
[15.957s] -- Installing: /home/nijin26/microros_ws/install/micro_ros_msgs/include/micro_ros_msgs/micro_ros_msgs/msg/node.hpp
[15.957s] -- Up-to-date: /home/nijin26/microros_ws/install/micro_ros_msgs/include/micro_ros_msgs/micro_ros_msgs/msg/detail
[15.957s] -- Installing: /home/nijin26/microros_ws/install/micro_ros_msgs/include/micro_ros_msgs/micro_ros_msgs/msg/detail/node__builder.hpp
[15.957s] -- Installing: /home/nijin26/microros_ws/install/micro_ros_msgs/include/micro_ros_msgs/micro_ros_msgs/msg/detail/node__type_support.hpp
[15.958s] -- Installing: /home/nijin26/microros_ws/install/micro_ros_msgs/include/micro_ros_msgs/micro_ros_msgs/msg/detail/entity__builder.hpp
[15.958s] -- Installing: /home/nijin26/microros_ws/install/micro_ros_msgs/include/micro_ros_msgs/micro_ros_msgs/msg/detail/graph__type_support.hpp
[15.958s] -- Installing: /home/nijin26/microros_ws/install/micro_ros_msgs/include/micro_ros_msgs/micro_ros_msgs/msg/detail/node__traits.hpp
[15.958s] -- Installing: /home/nijin26/microros_ws/install/micro_ros_msgs/include/micro_ros_msgs/micro_ros_msgs/msg/detail/entity__traits.hpp
[15.959s] -- Installing: /home/nijin26/microros_ws/install/micro_ros_msgs/include/micro_ros_msgs/micro_ros_msgs/msg/detail/graph__traits.hpp
[15.959s] -- Installing: /home/nijin26/microros_ws/install/micro_ros_msgs/include/micro_ros_msgs/micro_ros_msgs/msg/detail/entity__type_support.hpp
[15.959s] -- Installing: /home/nijin26/microros_ws/install/micro_ros_msgs/include/micro_ros_msgs/micro_ros_msgs/msg/detail/node__struct.hpp
[15.959s] -- Installing: /home/nijin26/microros_ws/install/micro_ros_msgs/include/micro_ros_msgs/micro_ros_msgs/msg/detail/entity__struct.hpp
[15.960s] -- Installing: /home/nijin26/microros_ws/install/micro_ros_msgs/include/micro_ros_msgs/micro_ros_msgs/msg/detail/graph__builder.hpp
[15.960s] -- Installing: /home/nijin26/microros_ws/install/micro_ros_msgs/include/micro_ros_msgs/micro_ros_msgs/msg/detail/graph__struct.hpp
[15.960s] -- Installing: /home/nijin26/microros_ws/install/micro_ros_msgs/include/micro_ros_msgs/micro_ros_msgs/msg/entity.hpp
[15.960s] -- Up-to-date: /home/nijin26/microros_ws/install/micro_ros_msgs/include/micro_ros_msgs/micro_ros_msgs
[15.961s] -- Up-to-date: /home/nijin26/microros_ws/install/micro_ros_msgs/include/micro_ros_msgs/micro_ros_msgs/msg
[15.961s] -- Installing: /home/nijin26/microros_ws/install/micro_ros_msgs/include/micro_ros_msgs/micro_ros_msgs/msg/rosidl_typesupport_fastrtps_cpp__visibility_control.h
[15.961s] -- Up-to-date: /home/nijin26/microros_ws/install/micro_ros_msgs/include/micro_ros_msgs/micro_ros_msgs/msg/detail
[15.961s] -- Installing: /home/nijin26/microros_ws/install/micro_ros_msgs/include/micro_ros_msgs/micro_ros_msgs/msg/detail/entity__rosidl_typesupport_fastrtps_cpp.hpp
[15.962s] -- Installing: /home/nijin26/microros_ws/install/micro_ros_msgs/include/micro_ros_msgs/micro_ros_msgs/msg/detail/dds_fastrtps
[15.962s] -- Installing: /home/nijin26/microros_ws/install/micro_ros_msgs/include/micro_ros_msgs/micro_ros_msgs/msg/detail/node__rosidl_typesupport_fastrtps_cpp.hpp
[15.962s] -- Installing: /home/nijin26/microros_ws/install/micro_ros_msgs/include/micro_ros_msgs/micro_ros_msgs/msg/detail/graph__rosidl_typesupport_fastrtps_cpp.hpp
[15.962s] -- Installing: /home/nijin26/microros_ws/install/micro_ros_msgs/lib/libmicro_ros_msgs__rosidl_typesupport_fastrtps_cpp.so
[15.963s] -- Set non-toolchain portion of runtime path of "/home/nijin26/microros_ws/install/micro_ros_msgs/lib/libmicro_ros_msgs__rosidl_typesupport_fastrtps_cpp.so" to ""
[15.963s] -- Up-to-date: /home/nijin26/microros_ws/install/micro_ros_msgs/include/micro_ros_msgs/micro_ros_msgs
[15.963s] -- Up-to-date: /home/nijin26/microros_ws/install/micro_ros_msgs/include/micro_ros_msgs/micro_ros_msgs/msg
[15.963s] -- Up-to-date: /home/nijin26/microros_ws/install/micro_ros_msgs/include/micro_ros_msgs/micro_ros_msgs/msg/detail
[15.963s] -- Installing: /home/nijin26/microros_ws/install/micro_ros_msgs/include/micro_ros_msgs/micro_ros_msgs/msg/detail/entity__rosidl_typesupport_introspection_cpp.hpp
[15.963s] -- Installing: /home/nijin26/microros_ws/install/micro_ros_msgs/include/micro_ros_msgs/micro_ros_msgs/msg/detail/graph__type_support.cpp
[15.964s] -- Installing: /home/nijin26/microros_ws/install/micro_ros_msgs/include/micro_ros_msgs/micro_ros_msgs/msg/detail/graph__rosidl_typesupport_introspection_cpp.hpp
[15.964s] -- Installing: /home/nijin26/microros_ws/install/micro_ros_msgs/include/micro_ros_msgs/micro_ros_msgs/msg/detail/node__type_support.cpp
[15.964s] -- Installing: /home/nijin26/microros_ws/install/micro_ros_msgs/include/micro_ros_msgs/micro_ros_msgs/msg/detail/entity__type_support.cpp
[15.964s] -- Installing: /home/nijin26/microros_ws/install/micro_ros_msgs/include/micro_ros_msgs/micro_ros_msgs/msg/detail/node__rosidl_typesupport_introspection_cpp.hpp
[15.965s] -- Installing: /home/nijin26/microros_ws/install/micro_ros_msgs/lib/libmicro_ros_msgs__rosidl_typesupport_introspection_cpp.so
[15.965s] -- Set non-toolchain portion of runtime path of "/home/nijin26/microros_ws/install/micro_ros_msgs/lib/libmicro_ros_msgs__rosidl_typesupport_introspection_cpp.so" to ""
[15.965s] -- Installing: /home/nijin26/microros_ws/install/micro_ros_msgs/lib/libmicro_ros_msgs__rosidl_typesupport_cpp.so
[15.965s] -- Set non-toolchain portion of runtime path of "/home/nijin26/microros_ws/install/micro_ros_msgs/lib/libmicro_ros_msgs__rosidl_typesupport_cpp.so" to ""
[15.966s] -- Installing: /home/nijin26/microros_ws/install/micro_ros_msgs/share/micro_ros_msgs/environment/pythonpath.sh
[15.966s] -- Installing: /home/nijin26/microros_ws/install/micro_ros_msgs/share/micro_ros_msgs/environment/pythonpath.dsv
[15.966s] -- Installing: /home/nijin26/microros_ws/install/micro_ros_msgs/lib/python3.12/site-packages/micro_ros_msgs-5.0.2-py3.12.egg-info
[15.966s] -- Installing: /home/nijin26/microros_ws/install/micro_ros_msgs/lib/python3.12/site-packages/micro_ros_msgs-5.0.2-py3.12.egg-info/PKG-INFO
[15.967s] -- Installing: /home/nijin26/microros_ws/install/micro_ros_msgs/lib/python3.12/site-packages/micro_ros_msgs-5.0.2-py3.12.egg-info/dependency_links.txt
[15.967s] -- Installing: /home/nijin26/microros_ws/install/micro_ros_msgs/lib/python3.12/site-packages/micro_ros_msgs-5.0.2-py3.12.egg-info/SOURCES.txt
[15.967s] -- Installing: /home/nijin26/microros_ws/install/micro_ros_msgs/lib/python3.12/site-packages/micro_ros_msgs-5.0.2-py3.12.egg-info/top_level.txt
[15.968s] -- Installing: /home/nijin26/microros_ws/install/micro_ros_msgs/lib/python3.12/site-packages/micro_ros_msgs
[15.968s] -- Installing: /home/nijin26/microros_ws/install/micro_ros_msgs/lib/python3.12/site-packages/micro_ros_msgs/msg
[15.968s] -- Installing: /home/nijin26/microros_ws/install/micro_ros_msgs/lib/python3.12/site-packages/micro_ros_msgs/msg/_node_s.c
[15.968s] -- Installing: /home/nijin26/microros_ws/install/micro_ros_msgs/lib/python3.12/site-packages/micro_ros_msgs/msg/_graph_s.c
[15.969s] -- Installing: /home/nijin26/microros_ws/install/micro_ros_msgs/lib/python3.12/site-packages/micro_ros_msgs/msg/_entity_s.c
[15.969s] -- Installing: /home/nijin26/microros_ws/install/micro_ros_msgs/lib/python3.12/site-packages/micro_ros_msgs/msg/_node.py
[15.969s] -- Installing: /home/nijin26/microros_ws/install/micro_ros_msgs/lib/python3.12/site-packages/micro_ros_msgs/msg/_entity.py
[15.969s] -- Installing: /home/nijin26/microros_ws/install/micro_ros_msgs/lib/python3.12/site-packages/micro_ros_msgs/msg/_graph.py
[15.969s] -- Installing: /home/nijin26/microros_ws/install/micro_ros_msgs/lib/python3.12/site-packages/micro_ros_msgs/msg/__init__.py
[15.970s] -- Installing: /home/nijin26/microros_ws/install/micro_ros_msgs/lib/python3.12/site-packages/micro_ros_msgs/micro_ros_msgs_s__rosidl_typesupport_c.so
[15.970s] -- Installing: /home/nijin26/microros_ws/install/micro_ros_msgs/lib/python3.12/site-packages/micro_ros_msgs/micro_ros_msgs_s__rosidl_typesupport_introspection_c.so
[15.970s] -- Installing: /home/nijin26/microros_ws/install/micro_ros_msgs/lib/python3.12/site-packages/micro_ros_msgs/_micro_ros_msgs_s.ep.rosidl_typesupport_introspection_c.c
[15.970s] -- Installing: /home/nijin26/microros_ws/install/micro_ros_msgs/lib/python3.12/site-packages/micro_ros_msgs/_micro_ros_msgs_s.ep.rosidl_typesupport_fastrtps_c.c
[15.970s] -- Installing: /home/nijin26/microros_ws/install/micro_ros_msgs/lib/python3.12/site-packages/micro_ros_msgs/micro_ros_msgs_s__rosidl_typesupport_fastrtps_c.so
[15.970s] -- Installing: /home/nijin26/microros_ws/install/micro_ros_msgs/lib/python3.12/site-packages/micro_ros_msgs/_micro_ros_msgs_s.ep.rosidl_typesupport_c.c
[15.971s] -- Installing: /home/nijin26/microros_ws/install/micro_ros_msgs/lib/python3.12/site-packages/micro_ros_msgs/__init__.py
[16.055s] Listing '/home/nijin26/microros_ws/install/micro_ros_msgs/lib/python3.12/site-packages/micro_ros_msgs'...
[16.056s] Compiling '/home/nijin26/microros_ws/install/micro_ros_msgs/lib/python3.12/site-packages/micro_ros_msgs/__init__.py'...
[16.056s] Listing '/home/nijin26/microros_ws/install/micro_ros_msgs/lib/python3.12/site-packages/micro_ros_msgs/msg'...
[16.056s] Compiling '/home/nijin26/microros_ws/install/micro_ros_msgs/lib/python3.12/site-packages/micro_ros_msgs/msg/__init__.py'...
[16.056s] Compiling '/home/nijin26/microros_ws/install/micro_ros_msgs/lib/python3.12/site-packages/micro_ros_msgs/msg/_entity.py'...
[16.056s] Compiling '/home/nijin26/microros_ws/install/micro_ros_msgs/lib/python3.12/site-packages/micro_ros_msgs/msg/_graph.py'...
[16.056s] Compiling '/home/nijin26/microros_ws/install/micro_ros_msgs/lib/python3.12/site-packages/micro_ros_msgs/msg/_node.py'...
[16.066s] -- Installing: /home/nijin26/microros_ws/install/micro_ros_msgs/lib/python3.12/site-packages/micro_ros_msgs/micro_ros_msgs_s__rosidl_typesupport_fastrtps_c.so
[16.067s] -- Set non-toolchain portion of runtime path of "/home/nijin26/microros_ws/install/micro_ros_msgs/lib/python3.12/site-packages/micro_ros_msgs/micro_ros_msgs_s__rosidl_typesupport_fastrtps_c.so" to ""
[16.067s] -- Installing: /home/nijin26/microros_ws/install/micro_ros_msgs/lib/python3.12/site-packages/micro_ros_msgs/micro_ros_msgs_s__rosidl_typesupport_introspection_c.so
[16.068s] -- Set non-toolchain portion of runtime path of "/home/nijin26/microros_ws/install/micro_ros_msgs/lib/python3.12/site-packages/micro_ros_msgs/micro_ros_msgs_s__rosidl_typesupport_introspection_c.so" to ""
[16.068s] -- Installing: /home/nijin26/microros_ws/install/micro_ros_msgs/lib/python3.12/site-packages/micro_ros_msgs/micro_ros_msgs_s__rosidl_typesupport_c.so
[16.069s] -- Set non-toolchain portion of runtime path of "/home/nijin26/microros_ws/install/micro_ros_msgs/lib/python3.12/site-packages/micro_ros_msgs/micro_ros_msgs_s__rosidl_typesupport_c.so" to ""
[16.069s] -- Installing: /home/nijin26/microros_ws/install/micro_ros_msgs/lib/libmicro_ros_msgs__rosidl_generator_py.so
[16.070s] -- Set non-toolchain portion of runtime path of "/home/nijin26/microros_ws/install/micro_ros_msgs/lib/libmicro_ros_msgs__rosidl_generator_py.so" to ""
[16.070s] -- Installing: /home/nijin26/microros_ws/install/micro_ros_msgs/share/micro_ros_msgs/msg/Graph.idl
[16.070s] -- Installing: /home/nijin26/microros_ws/install/micro_ros_msgs/share/micro_ros_msgs/msg/Node.idl
[16.070s] -- Installing: /home/nijin26/microros_ws/install/micro_ros_msgs/share/micro_ros_msgs/msg/Entity.idl
[16.071s] -- Installing: /home/nijin26/microros_ws/install/micro_ros_msgs/share/micro_ros_msgs/msg/Graph.msg
[16.071s] -- Installing: /home/nijin26/microros_ws/install/micro_ros_msgs/share/micro_ros_msgs/msg/Node.msg
[16.071s] -- Installing: /home/nijin26/microros_ws/install/micro_ros_msgs/share/micro_ros_msgs/msg/Entity.msg
[16.071s] -- Installing: /home/nijin26/microros_ws/install/micro_ros_msgs/share/ament_index/resource_index/package_run_dependencies/micro_ros_msgs
[16.072s] -- Installing: /home/nijin26/microros_ws/install/micro_ros_msgs/share/ament_index/resource_index/parent_prefix_path/micro_ros_msgs
[16.072s] -- Installing: /home/nijin26/microros_ws/install/micro_ros_msgs/share/micro_ros_msgs/environment/ament_prefix_path.sh
[16.072s] -- Installing: /home/nijin26/microros_ws/install/micro_ros_msgs/share/micro_ros_msgs/environment/ament_prefix_path.dsv
[16.073s] -- Installing: /home/nijin26/microros_ws/install/micro_ros_msgs/share/micro_ros_msgs/environment/path.sh
[16.073s] -- Installing: /home/nijin26/microros_ws/install/micro_ros_msgs/share/micro_ros_msgs/environment/path.dsv
[16.073s] -- Installing: /home/nijin26/microros_ws/install/micro_ros_msgs/share/micro_ros_msgs/local_setup.bash
[16.073s] -- Installing: /home/nijin26/microros_ws/install/micro_ros_msgs/share/micro_ros_msgs/local_setup.sh
[16.074s] -- Installing: /home/nijin26/microros_ws/install/micro_ros_msgs/share/micro_ros_msgs/local_setup.zsh
[16.074s] -- Installing: /home/nijin26/microros_ws/install/micro_ros_msgs/share/micro_ros_msgs/local_setup.dsv
[16.074s] -- Installing: /home/nijin26/microros_ws/install/micro_ros_msgs/share/micro_ros_msgs/package.dsv
[16.074s] -- Installing: /home/nijin26/microros_ws/install/micro_ros_msgs/share/ament_index/resource_index/packages/micro_ros_msgs
[16.075s] -- Installing: /home/nijin26/microros_ws/install/micro_ros_msgs/share/micro_ros_msgs/cmake/export_micro_ros_msgs__rosidl_generator_cExport.cmake
[16.075s] -- Installing: /home/nijin26/microros_ws/install/micro_ros_msgs/share/micro_ros_msgs/cmake/export_micro_ros_msgs__rosidl_generator_cExport-noconfig.cmake
[16.075s] -- Installing: /home/nijin26/microros_ws/install/micro_ros_msgs/share/micro_ros_msgs/cmake/export_micro_ros_msgs__rosidl_typesupport_fastrtps_cExport.cmake
[16.075s] -- Installing: /home/nijin26/microros_ws/install/micro_ros_msgs/share/micro_ros_msgs/cmake/export_micro_ros_msgs__rosidl_typesupport_fastrtps_cExport-noconfig.cmake
[16.076s] -- Installing: /home/nijin26/microros_ws/install/micro_ros_msgs/share/micro_ros_msgs/cmake/micro_ros_msgs__rosidl_typesupport_introspection_cExport.cmake
[16.076s] -- Installing: /home/nijin26/microros_ws/install/micro_ros_msgs/share/micro_ros_msgs/cmake/micro_ros_msgs__rosidl_typesupport_introspection_cExport-noconfig.cmake
[16.076s] -- Installing: /home/nijin26/microros_ws/install/micro_ros_msgs/share/micro_ros_msgs/cmake/micro_ros_msgs__rosidl_typesupport_cExport.cmake
[16.076s] -- Installing: /home/nijin26/microros_ws/install/micro_ros_msgs/share/micro_ros_msgs/cmake/micro_ros_msgs__rosidl_typesupport_cExport-noconfig.cmake
[16.077s] -- Installing: /home/nijin26/microros_ws/install/micro_ros_msgs/share/micro_ros_msgs/cmake/export_micro_ros_msgs__rosidl_generator_cppExport.cmake
[16.077s] -- Installing: /home/nijin26/microros_ws/install/micro_ros_msgs/share/micro_ros_msgs/cmake/export_micro_ros_msgs__rosidl_typesupport_fastrtps_cppExport.cmake
[16.077s] -- Installing: /home/nijin26/microros_ws/install/micro_ros_msgs/share/micro_ros_msgs/cmake/export_micro_ros_msgs__rosidl_typesupport_fastrtps_cppExport-noconfig.cmake
[16.077s] -- Installing: /home/nijin26/microros_ws/install/micro_ros_msgs/share/micro_ros_msgs/cmake/micro_ros_msgs__rosidl_typesupport_introspection_cppExport.cmake
[16.078s] -- Installing: /home/nijin26/microros_ws/install/micro_ros_msgs/share/micro_ros_msgs/cmake/micro_ros_msgs__rosidl_typesupport_introspection_cppExport-noconfig.cmake
[16.078s] -- Installing: /home/nijin26/microros_ws/install/micro_ros_msgs/share/micro_ros_msgs/cmake/micro_ros_msgs__rosidl_typesupport_cppExport.cmake
[16.078s] -- Installing: /home/nijin26/microros_ws/install/micro_ros_msgs/share/micro_ros_msgs/cmake/micro_ros_msgs__rosidl_typesupport_cppExport-noconfig.cmake
[16.078s] -- Installing: /home/nijin26/microros_ws/install/micro_ros_msgs/share/micro_ros_msgs/cmake/export_micro_ros_msgs__rosidl_generator_pyExport.cmake
[16.079s] -- Installing: /home/nijin26/microros_ws/install/micro_ros_msgs/share/micro_ros_msgs/cmake/export_micro_ros_msgs__rosidl_generator_pyExport-noconfig.cmake
[16.079s] -- Installing: /home/nijin26/microros_ws/install/micro_ros_msgs/share/micro_ros_msgs/cmake/rosidl_cmake-extras.cmake
[16.079s] -- Installing: /home/nijin26/microros_ws/install/micro_ros_msgs/share/micro_ros_msgs/cmake/ament_cmake_export_include_directories-extras.cmake
[16.079s] -- Installing: /home/nijin26/microros_ws/install/micro_ros_msgs/share/micro_ros_msgs/cmake/ament_cmake_export_libraries-extras.cmake
[16.080s] -- Installing: /home/nijin26/microros_ws/install/micro_ros_msgs/share/micro_ros_msgs/cmake/ament_cmake_export_targets-extras.cmake
[16.080s] -- Installing: /home/nijin26/microros_ws/install/micro_ros_msgs/share/micro_ros_msgs/cmake/rosidl_cmake_export_typesupport_targets-extras.cmake
[16.080s] -- Installing: /home/nijin26/microros_ws/install/micro_ros_msgs/share/micro_ros_msgs/cmake/ament_cmake_export_dependencies-extras.cmake
[16.080s] -- Installing: /home/nijin26/microros_ws/install/micro_ros_msgs/share/micro_ros_msgs/cmake/rosidl_cmake_export_typesupport_libraries-extras.cmake
[16.081s] -- Installing: /home/nijin26/microros_ws/install/micro_ros_msgs/share/micro_ros_msgs/cmake/micro_ros_msgsConfig.cmake
[16.081s] -- Installing: /home/nijin26/microros_ws/install/micro_ros_msgs/share/micro_ros_msgs/cmake/micro_ros_msgsConfig-version.cmake
[16.081s] -- Installing: /home/nijin26/microros_ws/install/micro_ros_msgs/share/micro_ros_msgs/package.xml
[16.083s] Invoked command in '/home/nijin26/microros_ws/build/micro_ros_msgs' returned '0': CMAKE_PREFIX_PATH=${CMAKE_PREFIX_PATH}:/home/nijin26/ros2_ws/install/ros2jazzy_opencv:/home/nijin26/ros2_ws/install/pkg_udemy_course:/home/nijin26/ros2_ws/install/pkg_template_py:/opt/ros/jazzy DEBUGINFOD_URLS=https://debuginfod.ubuntu.com /usr/bin/cmake --install /home/nijin26/microros_ws/build/micro_ros_msgs
