[0.299s] DEBUG:colcon:Command line arguments: ['/usr/bin/colcon', 'build']
[0.299s] DEBUG:colcon:Parsed command line arguments: Namespace(log_base=None, log_level=None, verb_name='build', build_base='build', install_base='install', merge_install=False, symlink_install=False, test_result_base=None, continue_on_error=False, executor='parallel', parallel_workers=12, event_handlers=None, ignore_user_meta=False, metas=['./colcon.meta'], base_paths=['.'], packages_ignore=None, packages_ignore_regex=None, paths=None, packages_up_to=None, packages_up_to_regex=None, packages_above=None, packages_above_and_dependencies=None, packages_above_depth=None, packages_select_by_dep=None, packages_skip_by_dep=None, packages_skip_up_to=None, packages_select_build_failed=False, packages_skip_build_finished=False, packages_select_test_failures=False, packages_skip_test_passed=False, packages_select=None, packages_skip=None, packages_select_regex=None, packages_skip_regex=None, packages_start=None, packages_end=None, allow_overriding=[], cmake_args=None, cmake_target=None, cmake_target_skip_unavailable=False, cmake_clean_cache=False, cmake_clean_first=False, cmake_force_configure=False, ament_cmake_args=None, catkin_cmake_args=None, catkin_skip_building_tests=False, mixin_files=None, mixin=None, verb_parser=<colcon_mixin.mixin.mixin_argument.MixinArgumentDecorator object at 0x7ce54d3f4a40>, verb_extension=<colcon_core.verb.build.BuildVerb object at 0x7ce54de67d70>, main=<bound method BuildVerb.main of <colcon_core.verb.build.BuildVerb object at 0x7ce54de67d70>>, mixin_verb=('build',))
[0.385s] Level 1:colcon.colcon_core.package_discovery:discover_packages(colcon_meta) check parameters
[0.386s] Level 1:colcon.colcon_core.package_discovery:discover_packages(recursive) check parameters
[0.386s] Level 1:colcon.colcon_core.package_discovery:discover_packages(ignore) check parameters
[0.386s] Level 1:colcon.colcon_core.package_discovery:discover_packages(path) check parameters
[0.386s] Level 1:colcon.colcon_core.package_discovery:discover_packages(colcon_meta) discover
[0.386s] Level 1:colcon.colcon_core.package_discovery:discover_packages(recursive) discover
[0.386s] INFO:colcon.colcon_core.package_discovery:Crawling recursively for packages in '/home/nijin26/ros2_ws'
[0.386s] Level 1:colcon.colcon_core.package_identification:_identify(.) by extensions ['ignore', 'ignore_ament_install']
[0.386s] Level 1:colcon.colcon_core.package_identification:_identify(.) by extension 'ignore'
[0.386s] Level 1:colcon.colcon_core.package_identification:_identify(.) by extension 'ignore_ament_install'
[0.386s] Level 1:colcon.colcon_core.package_identification:_identify(.) by extensions ['colcon_pkg']
[0.386s] Level 1:colcon.colcon_core.package_identification:_identify(.) by extension 'colcon_pkg'
[0.387s] Level 1:colcon.colcon_core.package_identification:_identify(.) by extensions ['colcon_meta']
[0.387s] Level 1:colcon.colcon_core.package_identification:_identify(.) by extension 'colcon_meta'
[0.387s] Level 1:colcon.colcon_core.package_identification:_identify(.) by extensions ['ros']
[0.387s] Level 1:colcon.colcon_core.package_identification:_identify(.) by extension 'ros'
[0.437s] Level 1:colcon.colcon_core.package_identification:_identify(.) by extensions ['cmake', 'python']
[0.437s] Level 1:colcon.colcon_core.package_identification:_identify(.) by extension 'cmake'
[0.437s] Level 1:colcon.colcon_core.package_identification:_identify(.) by extension 'python'
[0.437s] Level 1:colcon.colcon_core.package_identification:_identify(.) by extensions ['python_setup_py']
[0.437s] Level 1:colcon.colcon_core.package_identification:_identify(.) by extension 'python_setup_py'
[0.438s] Level 1:colcon.colcon_core.package_identification:_identify(build) by extensions ['ignore', 'ignore_ament_install']
[0.438s] Level 1:colcon.colcon_core.package_identification:_identify(build) by extension 'ignore'
[0.438s] Level 1:colcon.colcon_core.package_identification:_identify(build) ignored
[0.438s] Level 1:colcon.colcon_core.package_identification:_identify(install) by extensions ['ignore', 'ignore_ament_install']
[0.438s] Level 1:colcon.colcon_core.package_identification:_identify(install) by extension 'ignore'
[0.438s] Level 1:colcon.colcon_core.package_identification:_identify(install) ignored
[0.438s] Level 1:colcon.colcon_core.package_identification:_identify(log) by extensions ['ignore', 'ignore_ament_install']
[0.439s] Level 1:colcon.colcon_core.package_identification:_identify(log) by extension 'ignore'
[0.439s] Level 1:colcon.colcon_core.package_identification:_identify(log) ignored
[0.439s] Level 1:colcon.colcon_core.package_identification:_identify(src) by extensions ['ignore', 'ignore_ament_install']
[0.439s] Level 1:colcon.colcon_core.package_identification:_identify(src) by extension 'ignore'
[0.439s] Level 1:colcon.colcon_core.package_identification:_identify(src) by extension 'ignore_ament_install'
[0.439s] Level 1:colcon.colcon_core.package_identification:_identify(src) by extensions ['colcon_pkg']
[0.439s] Level 1:colcon.colcon_core.package_identification:_identify(src) by extension 'colcon_pkg'
[0.439s] Level 1:colcon.colcon_core.package_identification:_identify(src) by extensions ['colcon_meta']
[0.439s] Level 1:colcon.colcon_core.package_identification:_identify(src) by extension 'colcon_meta'
[0.439s] Level 1:colcon.colcon_core.package_identification:_identify(src) by extensions ['ros']
[0.439s] Level 1:colcon.colcon_core.package_identification:_identify(src) by extension 'ros'
[0.439s] Level 1:colcon.colcon_core.package_identification:_identify(src) by extensions ['cmake', 'python']
[0.440s] Level 1:colcon.colcon_core.package_identification:_identify(src) by extension 'cmake'
[0.440s] Level 1:colcon.colcon_core.package_identification:_identify(src) by extension 'python'
[0.440s] Level 1:colcon.colcon_core.package_identification:_identify(src) by extensions ['python_setup_py']
[0.440s] Level 1:colcon.colcon_core.package_identification:_identify(src) by extension 'python_setup_py'
[0.440s] Level 1:colcon.colcon_core.package_identification:_identify(src/build) by extensions ['ignore', 'ignore_ament_install']
[0.440s] Level 1:colcon.colcon_core.package_identification:_identify(src/build) by extension 'ignore'
[0.440s] Level 1:colcon.colcon_core.package_identification:_identify(src/build) ignored
[0.440s] Level 1:colcon.colcon_core.package_identification:_identify(src/install) by extensions ['ignore', 'ignore_ament_install']
[0.440s] Level 1:colcon.colcon_core.package_identification:_identify(src/install) by extension 'ignore'
[0.440s] Level 1:colcon.colcon_core.package_identification:_identify(src/install) ignored
[0.441s] Level 1:colcon.colcon_core.package_identification:_identify(src/log) by extensions ['ignore', 'ignore_ament_install']
[0.441s] Level 1:colcon.colcon_core.package_identification:_identify(src/log) by extension 'ignore'
[0.441s] Level 1:colcon.colcon_core.package_identification:_identify(src/log) ignored
[0.441s] Level 1:colcon.colcon_core.package_identification:_identify(src/pkg_template_cpp) by extensions ['ignore', 'ignore_ament_install']
[0.441s] Level 1:colcon.colcon_core.package_identification:_identify(src/pkg_template_cpp) by extension 'ignore'
[0.441s] Level 1:colcon.colcon_core.package_identification:_identify(src/pkg_template_cpp) by extension 'ignore_ament_install'
[0.441s] Level 1:colcon.colcon_core.package_identification:_identify(src/pkg_template_cpp) by extensions ['colcon_pkg']
[0.441s] Level 1:colcon.colcon_core.package_identification:_identify(src/pkg_template_cpp) by extension 'colcon_pkg'
[0.441s] Level 1:colcon.colcon_core.package_identification:_identify(src/pkg_template_cpp) by extensions ['colcon_meta']
[0.441s] Level 1:colcon.colcon_core.package_identification:_identify(src/pkg_template_cpp) by extension 'colcon_meta'
[0.442s] Level 1:colcon.colcon_core.package_identification:_identify(src/pkg_template_cpp) by extensions ['ros']
[0.442s] Level 1:colcon.colcon_core.package_identification:_identify(src/pkg_template_cpp) by extension 'ros'
[0.446s] DEBUG:colcon.colcon_core.package_identification:Package 'src/pkg_template_cpp' with type 'ros.ament_cmake' and name 'pkg_template_cpp'
[0.446s] Level 1:colcon.colcon_core.package_identification:_identify(src/pkg_template_py) by extensions ['ignore', 'ignore_ament_install']
[0.447s] Level 1:colcon.colcon_core.package_identification:_identify(src/pkg_template_py) by extension 'ignore'
[0.447s] Level 1:colcon.colcon_core.package_identification:_identify(src/pkg_template_py) by extension 'ignore_ament_install'
[0.447s] Level 1:colcon.colcon_core.package_identification:_identify(src/pkg_template_py) by extensions ['colcon_pkg']
[0.447s] Level 1:colcon.colcon_core.package_identification:_identify(src/pkg_template_py) by extension 'colcon_pkg'
[0.447s] Level 1:colcon.colcon_core.package_identification:_identify(src/pkg_template_py) by extensions ['colcon_meta']
[0.447s] Level 1:colcon.colcon_core.package_identification:_identify(src/pkg_template_py) by extension 'colcon_meta'
[0.447s] Level 1:colcon.colcon_core.package_identification:_identify(src/pkg_template_py) by extensions ['ros']
[0.447s] Level 1:colcon.colcon_core.package_identification:_identify(src/pkg_template_py) by extension 'ros'
[0.448s] DEBUG:colcon.colcon_core.package_identification:Package 'src/pkg_template_py' with type 'ros.ament_python' and name 'pkg_template_py'
[0.448s] Level 1:colcon.colcon_core.package_identification:_identify(src/pkg_udemy_course) by extensions ['ignore', 'ignore_ament_install']
[0.448s] Level 1:colcon.colcon_core.package_identification:_identify(src/pkg_udemy_course) by extension 'ignore'
[0.448s] Level 1:colcon.colcon_core.package_identification:_identify(src/pkg_udemy_course) by extension 'ignore_ament_install'
[0.448s] Level 1:colcon.colcon_core.package_identification:_identify(src/pkg_udemy_course) by extensions ['colcon_pkg']
[0.448s] Level 1:colcon.colcon_core.package_identification:_identify(src/pkg_udemy_course) by extension 'colcon_pkg'
[0.448s] Level 1:colcon.colcon_core.package_identification:_identify(src/pkg_udemy_course) by extensions ['colcon_meta']
[0.448s] Level 1:colcon.colcon_core.package_identification:_identify(src/pkg_udemy_course) by extension 'colcon_meta'
[0.449s] Level 1:colcon.colcon_core.package_identification:_identify(src/pkg_udemy_course) by extensions ['ros']
[0.449s] Level 1:colcon.colcon_core.package_identification:_identify(src/pkg_udemy_course) by extension 'ros'
[0.449s] DEBUG:colcon.colcon_core.package_identification:Package 'src/pkg_udemy_course' with type 'ros.ament_python' and name 'pkg_udemy_course'
[0.450s] Level 1:colcon.colcon_core.package_identification:_identify(src/ros2jazzy_opencv) by extensions ['ignore', 'ignore_ament_install']
[0.450s] Level 1:colcon.colcon_core.package_identification:_identify(src/ros2jazzy_opencv) by extension 'ignore'
[0.450s] Level 1:colcon.colcon_core.package_identification:_identify(src/ros2jazzy_opencv) by extension 'ignore_ament_install'
[0.450s] Level 1:colcon.colcon_core.package_identification:_identify(src/ros2jazzy_opencv) by extensions ['colcon_pkg']
[0.450s] Level 1:colcon.colcon_core.package_identification:_identify(src/ros2jazzy_opencv) by extension 'colcon_pkg'
[0.450s] Level 1:colcon.colcon_core.package_identification:_identify(src/ros2jazzy_opencv) by extensions ['colcon_meta']
[0.450s] Level 1:colcon.colcon_core.package_identification:_identify(src/ros2jazzy_opencv) by extension 'colcon_meta'
[0.450s] Level 1:colcon.colcon_core.package_identification:_identify(src/ros2jazzy_opencv) by extensions ['ros']
[0.450s] Level 1:colcon.colcon_core.package_identification:_identify(src/ros2jazzy_opencv) by extension 'ros'
[0.451s] DEBUG:colcon.colcon_core.package_identification:Package 'src/ros2jazzy_opencv' with type 'ros.ament_python' and name 'ros2jazzy_opencv'
[0.452s] Level 1:colcon.colcon_core.package_identification:_identify(src/rplidar_ros) by extensions ['ignore', 'ignore_ament_install']
[0.452s] Level 1:colcon.colcon_core.package_identification:_identify(src/rplidar_ros) by extension 'ignore'
[0.452s] Level 1:colcon.colcon_core.package_identification:_identify(src/rplidar_ros) by extension 'ignore_ament_install'
[0.452s] Level 1:colcon.colcon_core.package_identification:_identify(src/rplidar_ros) by extensions ['colcon_pkg']
[0.452s] Level 1:colcon.colcon_core.package_identification:_identify(src/rplidar_ros) by extension 'colcon_pkg'
[0.452s] Level 1:colcon.colcon_core.package_identification:_identify(src/rplidar_ros) by extensions ['colcon_meta']
[0.452s] Level 1:colcon.colcon_core.package_identification:_identify(src/rplidar_ros) by extension 'colcon_meta'
[0.452s] Level 1:colcon.colcon_core.package_identification:_identify(src/rplidar_ros) by extensions ['ros']
[0.452s] Level 1:colcon.colcon_core.package_identification:_identify(src/rplidar_ros) by extension 'ros'
[0.453s] DEBUG:colcon.colcon_core.package_identification:Package 'src/rplidar_ros' with type 'ros.ament_cmake' and name 'rplidar_ros'
[0.453s] Level 1:colcon.colcon_core.package_discovery:discover_packages(recursive) using defaults
[0.453s] Level 1:colcon.colcon_core.package_discovery:discover_packages(ignore) discover
[0.453s] Level 1:colcon.colcon_core.package_discovery:discover_packages(ignore) using defaults
[0.453s] Level 1:colcon.colcon_core.package_discovery:discover_packages(path) discover
[0.453s] Level 1:colcon.colcon_core.package_discovery:discover_packages(path) using defaults
[0.486s] Level 1:colcon.colcon_core.package_discovery:discover_packages(prefix_path) check parameters
[0.486s] Level 1:colcon.colcon_core.package_discovery:discover_packages(prefix_path) discover
[0.492s] DEBUG:colcon.colcon_installed_package_information.package_discovery:Found 3 installed packages in /home/nijin26/microros_ws/install
[0.493s] DEBUG:colcon.colcon_installed_package_information.package_discovery:Found 4 installed packages in /home/nijin26/ros2_ws/install
[0.495s] DEBUG:colcon.colcon_installed_package_information.package_discovery:Found 285 installed packages in /opt/ros/jazzy
[0.496s] Level 1:colcon.colcon_core.package_discovery:discover_packages(prefix_path) using defaults
[0.573s] Level 5:colcon.colcon_core.verb:set package 'pkg_template_cpp' build argument 'cmake_args' from command line to 'None'
[0.573s] Level 5:colcon.colcon_core.verb:set package 'pkg_template_cpp' build argument 'cmake_target' from command line to 'None'
[0.574s] Level 5:colcon.colcon_core.verb:set package 'pkg_template_cpp' build argument 'cmake_target_skip_unavailable' from command line to 'False'
[0.574s] Level 5:colcon.colcon_core.verb:set package 'pkg_template_cpp' build argument 'cmake_clean_cache' from command line to 'False'
[0.574s] Level 5:colcon.colcon_core.verb:set package 'pkg_template_cpp' build argument 'cmake_clean_first' from command line to 'False'
[0.574s] Level 5:colcon.colcon_core.verb:set package 'pkg_template_cpp' build argument 'cmake_force_configure' from command line to 'False'
[0.574s] Level 5:colcon.colcon_core.verb:set package 'pkg_template_cpp' build argument 'ament_cmake_args' from command line to 'None'
[0.574s] Level 5:colcon.colcon_core.verb:set package 'pkg_template_cpp' build argument 'catkin_cmake_args' from command line to 'None'
[0.574s] Level 5:colcon.colcon_core.verb:set package 'pkg_template_cpp' build argument 'catkin_skip_building_tests' from command line to 'False'
[0.574s] DEBUG:colcon.colcon_core.verb:Building package 'pkg_template_cpp' with the following arguments: {'ament_cmake_args': None, 'build_base': '/home/nijin26/ros2_ws/build/pkg_template_cpp', 'catkin_cmake_args': None, 'catkin_skip_building_tests': False, 'cmake_args': None, 'cmake_clean_cache': False, 'cmake_clean_first': False, 'cmake_force_configure': False, 'cmake_target': None, 'cmake_target_skip_unavailable': False, 'install_base': '/home/nijin26/ros2_ws/install/pkg_template_cpp', 'merge_install': False, 'path': '/home/nijin26/ros2_ws/src/pkg_template_cpp', 'symlink_install': False, 'test_result_base': None}
[0.574s] Level 5:colcon.colcon_core.verb:set package 'pkg_template_py' build argument 'cmake_args' from command line to 'None'
[0.574s] Level 5:colcon.colcon_core.verb:set package 'pkg_template_py' build argument 'cmake_target' from command line to 'None'
[0.574s] Level 5:colcon.colcon_core.verb:set package 'pkg_template_py' build argument 'cmake_target_skip_unavailable' from command line to 'False'
[0.574s] Level 5:colcon.colcon_core.verb:set package 'pkg_template_py' build argument 'cmake_clean_cache' from command line to 'False'
[0.574s] Level 5:colcon.colcon_core.verb:set package 'pkg_template_py' build argument 'cmake_clean_first' from command line to 'False'
[0.575s] Level 5:colcon.colcon_core.verb:set package 'pkg_template_py' build argument 'cmake_force_configure' from command line to 'False'
[0.575s] Level 5:colcon.colcon_core.verb:set package 'pkg_template_py' build argument 'ament_cmake_args' from command line to 'None'
[0.575s] Level 5:colcon.colcon_core.verb:set package 'pkg_template_py' build argument 'catkin_cmake_args' from command line to 'None'
[0.575s] Level 5:colcon.colcon_core.verb:set package 'pkg_template_py' build argument 'catkin_skip_building_tests' from command line to 'False'
[0.575s] DEBUG:colcon.colcon_core.verb:Building package 'pkg_template_py' with the following arguments: {'ament_cmake_args': None, 'build_base': '/home/nijin26/ros2_ws/build/pkg_template_py', 'catkin_cmake_args': None, 'catkin_skip_building_tests': False, 'cmake_args': None, 'cmake_clean_cache': False, 'cmake_clean_first': False, 'cmake_force_configure': False, 'cmake_target': None, 'cmake_target_skip_unavailable': False, 'install_base': '/home/nijin26/ros2_ws/install/pkg_template_py', 'merge_install': False, 'path': '/home/nijin26/ros2_ws/src/pkg_template_py', 'symlink_install': False, 'test_result_base': None}
[0.575s] Level 5:colcon.colcon_core.verb:set package 'pkg_udemy_course' build argument 'cmake_args' from command line to 'None'
[0.575s] Level 5:colcon.colcon_core.verb:set package 'pkg_udemy_course' build argument 'cmake_target' from command line to 'None'
[0.575s] Level 5:colcon.colcon_core.verb:set package 'pkg_udemy_course' build argument 'cmake_target_skip_unavailable' from command line to 'False'
[0.575s] Level 5:colcon.colcon_core.verb:set package 'pkg_udemy_course' build argument 'cmake_clean_cache' from command line to 'False'
[0.575s] Level 5:colcon.colcon_core.verb:set package 'pkg_udemy_course' build argument 'cmake_clean_first' from command line to 'False'
[0.575s] Level 5:colcon.colcon_core.verb:set package 'pkg_udemy_course' build argument 'cmake_force_configure' from command line to 'False'
[0.575s] Level 5:colcon.colcon_core.verb:set package 'pkg_udemy_course' build argument 'ament_cmake_args' from command line to 'None'
[0.575s] Level 5:colcon.colcon_core.verb:set package 'pkg_udemy_course' build argument 'catkin_cmake_args' from command line to 'None'
[0.575s] Level 5:colcon.colcon_core.verb:set package 'pkg_udemy_course' build argument 'catkin_skip_building_tests' from command line to 'False'
[0.575s] DEBUG:colcon.colcon_core.verb:Building package 'pkg_udemy_course' with the following arguments: {'ament_cmake_args': None, 'build_base': '/home/nijin26/ros2_ws/build/pkg_udemy_course', 'catkin_cmake_args': None, 'catkin_skip_building_tests': False, 'cmake_args': None, 'cmake_clean_cache': False, 'cmake_clean_first': False, 'cmake_force_configure': False, 'cmake_target': None, 'cmake_target_skip_unavailable': False, 'install_base': '/home/nijin26/ros2_ws/install/pkg_udemy_course', 'merge_install': False, 'path': '/home/nijin26/ros2_ws/src/pkg_udemy_course', 'symlink_install': False, 'test_result_base': None}
[0.576s] Level 5:colcon.colcon_core.verb:set package 'ros2jazzy_opencv' build argument 'cmake_args' from command line to 'None'
[0.576s] Level 5:colcon.colcon_core.verb:set package 'ros2jazzy_opencv' build argument 'cmake_target' from command line to 'None'
[0.576s] Level 5:colcon.colcon_core.verb:set package 'ros2jazzy_opencv' build argument 'cmake_target_skip_unavailable' from command line to 'False'
[0.576s] Level 5:colcon.colcon_core.verb:set package 'ros2jazzy_opencv' build argument 'cmake_clean_cache' from command line to 'False'
[0.576s] Level 5:colcon.colcon_core.verb:set package 'ros2jazzy_opencv' build argument 'cmake_clean_first' from command line to 'False'
[0.576s] Level 5:colcon.colcon_core.verb:set package 'ros2jazzy_opencv' build argument 'cmake_force_configure' from command line to 'False'
[0.576s] Level 5:colcon.colcon_core.verb:set package 'ros2jazzy_opencv' build argument 'ament_cmake_args' from command line to 'None'
[0.576s] Level 5:colcon.colcon_core.verb:set package 'ros2jazzy_opencv' build argument 'catkin_cmake_args' from command line to 'None'
[0.576s] Level 5:colcon.colcon_core.verb:set package 'ros2jazzy_opencv' build argument 'catkin_skip_building_tests' from command line to 'False'
[0.576s] DEBUG:colcon.colcon_core.verb:Building package 'ros2jazzy_opencv' with the following arguments: {'ament_cmake_args': None, 'build_base': '/home/nijin26/ros2_ws/build/ros2jazzy_opencv', 'catkin_cmake_args': None, 'catkin_skip_building_tests': False, 'cmake_args': None, 'cmake_clean_cache': False, 'cmake_clean_first': False, 'cmake_force_configure': False, 'cmake_target': None, 'cmake_target_skip_unavailable': False, 'install_base': '/home/nijin26/ros2_ws/install/ros2jazzy_opencv', 'merge_install': False, 'path': '/home/nijin26/ros2_ws/src/ros2jazzy_opencv', 'symlink_install': False, 'test_result_base': None}
[0.577s] Level 5:colcon.colcon_core.verb:set package 'rplidar_ros' build argument 'cmake_args' from command line to 'None'
[0.577s] Level 5:colcon.colcon_core.verb:set package 'rplidar_ros' build argument 'cmake_target' from command line to 'None'
[0.577s] Level 5:colcon.colcon_core.verb:set package 'rplidar_ros' build argument 'cmake_target_skip_unavailable' from command line to 'False'
[0.577s] Level 5:colcon.colcon_core.verb:set package 'rplidar_ros' build argument 'cmake_clean_cache' from command line to 'False'
[0.577s] Level 5:colcon.colcon_core.verb:set package 'rplidar_ros' build argument 'cmake_clean_first' from command line to 'False'
[0.577s] Level 5:colcon.colcon_core.verb:set package 'rplidar_ros' build argument 'cmake_force_configure' from command line to 'False'
[0.577s] Level 5:colcon.colcon_core.verb:set package 'rplidar_ros' build argument 'ament_cmake_args' from command line to 'None'
[0.577s] Level 5:colcon.colcon_core.verb:set package 'rplidar_ros' build argument 'catkin_cmake_args' from command line to 'None'
[0.577s] Level 5:colcon.colcon_core.verb:set package 'rplidar_ros' build argument 'catkin_skip_building_tests' from command line to 'False'
[0.577s] DEBUG:colcon.colcon_core.verb:Building package 'rplidar_ros' with the following arguments: {'ament_cmake_args': None, 'build_base': '/home/nijin26/ros2_ws/build/rplidar_ros', 'catkin_cmake_args': None, 'catkin_skip_building_tests': False, 'cmake_args': None, 'cmake_clean_cache': False, 'cmake_clean_first': False, 'cmake_force_configure': False, 'cmake_target': None, 'cmake_target_skip_unavailable': False, 'install_base': '/home/nijin26/ros2_ws/install/rplidar_ros', 'merge_install': False, 'path': '/home/nijin26/ros2_ws/src/rplidar_ros', 'symlink_install': False, 'test_result_base': None}
[0.577s] INFO:colcon.colcon_core.executor:Executing jobs using 'parallel' executor
[0.578s] DEBUG:colcon.colcon_parallel_executor.executor.parallel:run_until_complete
[0.579s] INFO:colcon.colcon_ros.task.ament_cmake.build:Building ROS package in '/home/nijin26/ros2_ws/src/pkg_template_cpp' with build type 'ament_cmake'
[0.579s] INFO:colcon.colcon_cmake.task.cmake.build:Building CMake package in '/home/nijin26/ros2_ws/src/pkg_template_cpp'
[0.587s] INFO:colcon.colcon_core.plugin_system:Skipping extension 'colcon_core.shell.bat': Not used on non-Windows systems
[0.587s] INFO:colcon.colcon_core.shell:Skip shell extension 'powershell' for command environment: Not usable outside of PowerShell
[0.587s] DEBUG:colcon.colcon_core.shell:Skip shell extension 'dsv' for command environment
[0.614s] INFO:colcon.colcon_ros.task.ament_python.build:Building ROS package in '/home/nijin26/ros2_ws/src/pkg_template_py' with build type 'ament_python'
[0.615s] Level 1:colcon.colcon_core.shell:create_environment_hook('pkg_template_py', 'ament_prefix_path')
[0.615s] INFO:colcon.colcon_core.shell:Creating environment hook '/home/nijin26/ros2_ws/install/pkg_template_py/share/pkg_template_py/hook/ament_prefix_path.ps1'
[0.616s] INFO:colcon.colcon_core.shell:Creating environment descriptor '/home/nijin26/ros2_ws/install/pkg_template_py/share/pkg_template_py/hook/ament_prefix_path.dsv'
[0.616s] INFO:colcon.colcon_core.shell:Creating environment hook '/home/nijin26/ros2_ws/install/pkg_template_py/share/pkg_template_py/hook/ament_prefix_path.sh'
[0.617s] INFO:colcon.colcon_core.shell:Skip shell extension 'powershell' for command environment: Not usable outside of PowerShell
[0.617s] DEBUG:colcon.colcon_core.shell:Skip shell extension 'dsv' for command environment
[0.636s] INFO:colcon.colcon_ros.task.ament_python.build:Building ROS package in '/home/nijin26/ros2_ws/src/pkg_udemy_course' with build type 'ament_python'
[0.636s] Level 1:colcon.colcon_core.shell:create_environment_hook('pkg_udemy_course', 'ament_prefix_path')
[0.637s] INFO:colcon.colcon_core.shell:Creating environment hook '/home/nijin26/ros2_ws/install/pkg_udemy_course/share/pkg_udemy_course/hook/ament_prefix_path.ps1'
[0.638s] INFO:colcon.colcon_core.shell:Creating environment descriptor '/home/nijin26/ros2_ws/install/pkg_udemy_course/share/pkg_udemy_course/hook/ament_prefix_path.dsv'
[0.638s] INFO:colcon.colcon_core.shell:Creating environment hook '/home/nijin26/ros2_ws/install/pkg_udemy_course/share/pkg_udemy_course/hook/ament_prefix_path.sh'
[0.639s] INFO:colcon.colcon_core.shell:Skip shell extension 'powershell' for command environment: Not usable outside of PowerShell
[0.639s] DEBUG:colcon.colcon_core.shell:Skip shell extension 'dsv' for command environment
[0.645s] INFO:colcon.colcon_ros.task.ament_python.build:Building ROS package in '/home/nijin26/ros2_ws/src/ros2jazzy_opencv' with build type 'ament_python'
[0.645s] Level 1:colcon.colcon_core.shell:create_environment_hook('ros2jazzy_opencv', 'ament_prefix_path')
[0.646s] INFO:colcon.colcon_core.shell:Creating environment hook '/home/nijin26/ros2_ws/install/ros2jazzy_opencv/share/ros2jazzy_opencv/hook/ament_prefix_path.ps1'
[0.647s] INFO:colcon.colcon_core.shell:Creating environment descriptor '/home/nijin26/ros2_ws/install/ros2jazzy_opencv/share/ros2jazzy_opencv/hook/ament_prefix_path.dsv'
[0.647s] INFO:colcon.colcon_core.shell:Creating environment hook '/home/nijin26/ros2_ws/install/ros2jazzy_opencv/share/ros2jazzy_opencv/hook/ament_prefix_path.sh'
[0.648s] INFO:colcon.colcon_core.shell:Skip shell extension 'powershell' for command environment: Not usable outside of PowerShell
[0.648s] DEBUG:colcon.colcon_core.shell:Skip shell extension 'dsv' for command environment
[0.654s] INFO:colcon.colcon_ros.task.ament_cmake.build:Building ROS package in '/home/nijin26/ros2_ws/src/rplidar_ros' with build type 'ament_cmake'
[0.654s] INFO:colcon.colcon_cmake.task.cmake.build:Building CMake package in '/home/nijin26/ros2_ws/src/rplidar_ros'
[0.654s] INFO:colcon.colcon_core.shell:Skip shell extension 'powershell' for command environment: Not usable outside of PowerShell
[0.654s] DEBUG:colcon.colcon_core.shell:Skip shell extension 'dsv' for command environment
[0.707s] DEBUG:colcon.colcon_core.event_handler.log_command:Invoking command in '/home/nijin26/ros2_ws/build/pkg_template_cpp': CMAKE_PREFIX_PATH=${CMAKE_PREFIX_PATH}:/home/nijin26/ros2_ws/install/ros2jazzy_opencv:/home/nijin26/ros2_ws/install/pkg_udemy_course:/home/nijin26/ros2_ws/install/pkg_template_py:/opt/ros/jazzy DEBUGINFOD_URLS=https://debuginfod.ubuntu.com /usr/bin/cmake --build /home/nijin26/ros2_ws/build/pkg_template_cpp -- -j12 -l12
[1.164s] INFO:colcon.colcon_core.task.python.build:Building Python package in '/home/nijin26/ros2_ws/src/pkg_template_py'
[1.164s] INFO:colcon.colcon_core.shell:Skip shell extension 'powershell' for command environment: Not usable outside of PowerShell
[1.164s] DEBUG:colcon.colcon_core.shell:Skip shell extension 'dsv' for command environment
[1.543s] INFO:colcon.colcon_core.task.python.build:Building Python package in '/home/nijin26/ros2_ws/src/pkg_udemy_course'
[1.543s] INFO:colcon.colcon_core.shell:Skip shell extension 'powershell' for command environment: Not usable outside of PowerShell
[1.543s] DEBUG:colcon.colcon_core.shell:Skip shell extension 'dsv' for command environment
[1.952s] INFO:colcon.colcon_core.task.python.build:Building Python package in '/home/nijin26/ros2_ws/src/ros2jazzy_opencv'
[1.952s] INFO:colcon.colcon_core.shell:Skip shell extension 'powershell' for command environment: Not usable outside of PowerShell
[1.952s] DEBUG:colcon.colcon_core.shell:Skip shell extension 'dsv' for command environment
[1.962s] DEBUG:colcon.colcon_core.event_handler.log_command:Invoked command in '/home/nijin26/ros2_ws/build/pkg_template_cpp' returned '0': CMAKE_PREFIX_PATH=${CMAKE_PREFIX_PATH}:/home/nijin26/ros2_ws/install/ros2jazzy_opencv:/home/nijin26/ros2_ws/install/pkg_udemy_course:/home/nijin26/ros2_ws/install/pkg_template_py:/opt/ros/jazzy DEBUGINFOD_URLS=https://debuginfod.ubuntu.com /usr/bin/cmake --build /home/nijin26/ros2_ws/build/pkg_template_cpp -- -j12 -l12
[1.966s] DEBUG:colcon.colcon_core.event_handler.log_command:Invoking command in '/home/nijin26/ros2_ws/build/rplidar_ros': CMAKE_PREFIX_PATH=${CMAKE_PREFIX_PATH}:/home/nijin26/ros2_ws/install/ros2jazzy_opencv:/home/nijin26/ros2_ws/install/pkg_udemy_course:/home/nijin26/ros2_ws/install/pkg_template_py:/opt/ros/jazzy DEBUGINFOD_URLS=https://debuginfod.ubuntu.com /usr/bin/cmake /home/nijin26/ros2_ws/src/rplidar_ros -DCMAKE_INSTALL_PREFIX=/home/nijin26/ros2_ws/install/rplidar_ros
[2.018s] DEBUG:colcon.colcon_core.event_handler.log_command:Invoking command in '/home/nijin26/ros2_ws/build/pkg_template_cpp': CMAKE_PREFIX_PATH=${CMAKE_PREFIX_PATH}:/home/nijin26/ros2_ws/install/ros2jazzy_opencv:/home/nijin26/ros2_ws/install/pkg_udemy_course:/home/nijin26/ros2_ws/install/pkg_template_py:/opt/ros/jazzy DEBUGINFOD_URLS=https://debuginfod.ubuntu.com /usr/bin/cmake --install /home/nijin26/ros2_ws/build/pkg_template_cpp
[2.070s] Level 1:colcon.colcon_core.environment:create_environment_scripts_only(pkg_template_cpp)
[2.071s] DEBUG:colcon.colcon_core.event_handler.log_command:Invoked command in '/home/nijin26/ros2_ws/build/pkg_template_cpp' returned '0': CMAKE_PREFIX_PATH=${CMAKE_PREFIX_PATH}:/home/nijin26/ros2_ws/install/ros2jazzy_opencv:/home/nijin26/ros2_ws/install/pkg_udemy_course:/home/nijin26/ros2_ws/install/pkg_template_py:/opt/ros/jazzy DEBUGINFOD_URLS=https://debuginfod.ubuntu.com /usr/bin/cmake --install /home/nijin26/ros2_ws/build/pkg_template_cpp
[2.075s] Level 1:colcon.colcon_core.environment:checking '/home/nijin26/ros2_ws/install/pkg_template_cpp' for CMake module files
[2.076s] Level 1:colcon.colcon_core.environment:checking '/home/nijin26/ros2_ws/install/pkg_template_cpp' for CMake config files
[2.076s] Level 1:colcon.colcon_core.shell:create_environment_hook('pkg_template_cpp', 'cmake_prefix_path')
[2.076s] INFO:colcon.colcon_core.shell:Creating environment hook '/home/nijin26/ros2_ws/install/pkg_template_cpp/share/pkg_template_cpp/hook/cmake_prefix_path.ps1'
[2.077s] INFO:colcon.colcon_core.shell:Creating environment descriptor '/home/nijin26/ros2_ws/install/pkg_template_cpp/share/pkg_template_cpp/hook/cmake_prefix_path.dsv'
[2.078s] INFO:colcon.colcon_core.shell:Creating environment hook '/home/nijin26/ros2_ws/install/pkg_template_cpp/share/pkg_template_cpp/hook/cmake_prefix_path.sh'
[2.078s] Level 1:colcon.colcon_core.environment:checking '/home/nijin26/ros2_ws/install/pkg_template_cpp/lib'
[2.079s] Level 1:colcon.colcon_core.environment:checking '/home/nijin26/ros2_ws/install/pkg_template_cpp/bin'
[2.079s] Level 1:colcon.colcon_core.environment:checking '/home/nijin26/ros2_ws/install/pkg_template_cpp/lib/pkgconfig/pkg_template_cpp.pc'
[2.079s] Level 1:colcon.colcon_core.environment:checking '/home/nijin26/ros2_ws/install/pkg_template_cpp/lib/python3.12/site-packages'
[2.080s] Level 1:colcon.colcon_core.environment:checking '/home/nijin26/ros2_ws/install/pkg_template_cpp/bin'
[2.080s] INFO:colcon.colcon_core.shell:Creating package script '/home/nijin26/ros2_ws/install/pkg_template_cpp/share/pkg_template_cpp/package.ps1'
[2.081s] INFO:colcon.colcon_core.shell:Creating package descriptor '/home/nijin26/ros2_ws/install/pkg_template_cpp/share/pkg_template_cpp/package.dsv'
[2.082s] INFO:colcon.colcon_core.shell:Creating package script '/home/nijin26/ros2_ws/install/pkg_template_cpp/share/pkg_template_cpp/package.sh'
[2.083s] INFO:colcon.colcon_core.shell:Creating package script '/home/nijin26/ros2_ws/install/pkg_template_cpp/share/pkg_template_cpp/package.bash'
[2.084s] INFO:colcon.colcon_core.shell:Creating package script '/home/nijin26/ros2_ws/install/pkg_template_cpp/share/pkg_template_cpp/package.zsh'
[2.085s] Level 1:colcon.colcon_core.environment:create_file_with_runtime_dependencies(/home/nijin26/ros2_ws/install/pkg_template_cpp/share/colcon-core/packages/pkg_template_cpp)
[2.125s] Level 1:colcon.colcon_core.environment:create_environment_scripts_only(pkg_template_cpp)
[2.125s] Level 1:colcon.colcon_core.environment:checking '/home/nijin26/ros2_ws/install/pkg_template_cpp' for CMake module files
[2.126s] Level 1:colcon.colcon_core.environment:checking '/home/nijin26/ros2_ws/install/pkg_template_cpp' for CMake config files
[2.127s] Level 1:colcon.colcon_core.shell:create_environment_hook('pkg_template_cpp', 'cmake_prefix_path')
[2.127s] INFO:colcon.colcon_core.shell:Creating environment hook '/home/nijin26/ros2_ws/install/pkg_template_cpp/share/pkg_template_cpp/hook/cmake_prefix_path.ps1'
[2.127s] INFO:colcon.colcon_core.shell:Creating environment descriptor '/home/nijin26/ros2_ws/install/pkg_template_cpp/share/pkg_template_cpp/hook/cmake_prefix_path.dsv'
[2.128s] INFO:colcon.colcon_core.shell:Creating environment hook '/home/nijin26/ros2_ws/install/pkg_template_cpp/share/pkg_template_cpp/hook/cmake_prefix_path.sh'
[2.129s] Level 1:colcon.colcon_core.environment:checking '/home/nijin26/ros2_ws/install/pkg_template_cpp/lib'
[2.129s] Level 1:colcon.colcon_core.environment:checking '/home/nijin26/ros2_ws/install/pkg_template_cpp/bin'
[2.129s] Level 1:colcon.colcon_core.environment:checking '/home/nijin26/ros2_ws/install/pkg_template_cpp/lib/pkgconfig/pkg_template_cpp.pc'
[2.129s] Level 1:colcon.colcon_core.environment:checking '/home/nijin26/ros2_ws/install/pkg_template_cpp/lib/python3.12/site-packages'
[2.130s] Level 1:colcon.colcon_core.environment:checking '/home/nijin26/ros2_ws/install/pkg_template_cpp/bin'
[2.130s] INFO:colcon.colcon_core.shell:Creating package script '/home/nijin26/ros2_ws/install/pkg_template_cpp/share/pkg_template_cpp/package.ps1'
[2.131s] INFO:colcon.colcon_core.shell:Creating package descriptor '/home/nijin26/ros2_ws/install/pkg_template_cpp/share/pkg_template_cpp/package.dsv'
[2.132s] INFO:colcon.colcon_core.shell:Creating package script '/home/nijin26/ros2_ws/install/pkg_template_cpp/share/pkg_template_cpp/package.sh'
[2.132s] INFO:colcon.colcon_core.shell:Creating package script '/home/nijin26/ros2_ws/install/pkg_template_cpp/share/pkg_template_cpp/package.bash'
[2.133s] INFO:colcon.colcon_core.shell:Creating package script '/home/nijin26/ros2_ws/install/pkg_template_cpp/share/pkg_template_cpp/package.zsh'
[2.134s] Level 1:colcon.colcon_core.environment:create_file_with_runtime_dependencies(/home/nijin26/ros2_ws/install/pkg_template_cpp/share/colcon-core/packages/pkg_template_cpp)
[3.119s] DEBUG:colcon.colcon_core.event_handler.log_command:Invoking command in '/home/nijin26/ros2_ws/src/pkg_template_py': DEBUGINFOD_URLS=https://debuginfod.ubuntu.com PYTHONPATH=/home/nijin26/ros2_ws/build/pkg_template_py/prefix_override:/usr/lib/python3/dist-packages/colcon_core/task/python/colcon_distutils_commands:/home/nijin26/ros2_ws/install/pkg_template_py/lib/python3.12/site-packages:${PYTHONPATH} /usr/bin/python3 -W ignore:setup.py install is deprecated setup.py egg_info --egg-base ../../build/pkg_template_py build --build-base /home/nijin26/ros2_ws/build/pkg_template_py/build install --record /home/nijin26/ros2_ws/build/pkg_template_py/install.log --single-version-externally-managed install_data
[3.171s] DEBUG:colcon.colcon_core.event_handler.log_command:Invoking command in '/home/nijin26/ros2_ws/src/pkg_udemy_course': DEBUGINFOD_URLS=https://debuginfod.ubuntu.com PYTHONPATH=/home/nijin26/ros2_ws/build/pkg_udemy_course/prefix_override:/usr/lib/python3/dist-packages/colcon_core/task/python/colcon_distutils_commands:/home/nijin26/ros2_ws/install/pkg_udemy_course/lib/python3.12/site-packages:${PYTHONPATH} /usr/bin/python3 -W ignore:setup.py install is deprecated setup.py egg_info --egg-base ../../build/pkg_udemy_course build --build-base /home/nijin26/ros2_ws/build/pkg_udemy_course/build install --record /home/nijin26/ros2_ws/build/pkg_udemy_course/install.log --single-version-externally-managed install_data
[3.174s] DEBUG:colcon.colcon_core.event_handler.log_command:Invoking command in '/home/nijin26/ros2_ws/src/ros2jazzy_opencv': DEBUGINFOD_URLS=https://debuginfod.ubuntu.com PYTHONPATH=/home/nijin26/ros2_ws/build/ros2jazzy_opencv/prefix_override:/usr/lib/python3/dist-packages/colcon_core/task/python/colcon_distutils_commands:/home/nijin26/ros2_ws/install/ros2jazzy_opencv/lib/python3.12/site-packages:${PYTHONPATH} /usr/bin/python3 -W ignore:setup.py install is deprecated setup.py egg_info --egg-base ../../build/ros2jazzy_opencv build --build-base /home/nijin26/ros2_ws/build/ros2jazzy_opencv/build install --record /home/nijin26/ros2_ws/build/ros2jazzy_opencv/install.log --single-version-externally-managed install_data
[4.138s] DEBUG:colcon.colcon_core.event_handler.log_command:Invoked command in '/home/nijin26/ros2_ws/build/rplidar_ros' returned '0': CMAKE_PREFIX_PATH=${CMAKE_PREFIX_PATH}:/home/nijin26/ros2_ws/install/ros2jazzy_opencv:/home/nijin26/ros2_ws/install/pkg_udemy_course:/home/nijin26/ros2_ws/install/pkg_template_py:/opt/ros/jazzy DEBUGINFOD_URLS=https://debuginfod.ubuntu.com /usr/bin/cmake /home/nijin26/ros2_ws/src/rplidar_ros -DCMAKE_INSTALL_PREFIX=/home/nijin26/ros2_ws/install/rplidar_ros
[4.140s] DEBUG:colcon.colcon_core.event_handler.log_command:Invoking command in '/home/nijin26/ros2_ws/build/rplidar_ros': CMAKE_PREFIX_PATH=${CMAKE_PREFIX_PATH}:/home/nijin26/ros2_ws/install/ros2jazzy_opencv:/home/nijin26/ros2_ws/install/pkg_udemy_course:/home/nijin26/ros2_ws/install/pkg_template_py:/opt/ros/jazzy DEBUGINFOD_URLS=https://debuginfod.ubuntu.com /usr/bin/cmake --build /home/nijin26/ros2_ws/build/rplidar_ros -- -j12 -l12
[4.156s] Level 1:colcon.colcon_core.environment:checking '/home/nijin26/ros2_ws/install/pkg_template_py' for CMake module files
[4.157s] DEBUG:colcon.colcon_core.event_handler.log_command:Invoked command in '/home/nijin26/ros2_ws/src/pkg_template_py' returned '0': DEBUGINFOD_URLS=https://debuginfod.ubuntu.com PYTHONPATH=/home/nijin26/ros2_ws/build/pkg_template_py/prefix_override:/usr/lib/python3/dist-packages/colcon_core/task/python/colcon_distutils_commands:/home/nijin26/ros2_ws/install/pkg_template_py/lib/python3.12/site-packages:${PYTHONPATH} /usr/bin/python3 -W ignore:setup.py install is deprecated setup.py egg_info --egg-base ../../build/pkg_template_py build --build-base /home/nijin26/ros2_ws/build/pkg_template_py/build install --record /home/nijin26/ros2_ws/build/pkg_template_py/install.log --single-version-externally-managed install_data
[4.158s] Level 1:colcon.colcon_core.environment:checking '/home/nijin26/ros2_ws/install/pkg_template_py' for CMake config files
[4.160s] Level 1:colcon.colcon_core.environment:checking '/home/nijin26/ros2_ws/install/pkg_template_py/lib'
[4.160s] Level 1:colcon.colcon_core.environment:checking '/home/nijin26/ros2_ws/install/pkg_template_py/bin'
[4.160s] Level 1:colcon.colcon_core.environment:checking '/home/nijin26/ros2_ws/install/pkg_template_py/lib/pkgconfig/pkg_template_py.pc'
[4.161s] Level 1:colcon.colcon_core.environment:checking '/home/nijin26/ros2_ws/install/pkg_template_py/lib/python3.12/site-packages'
[4.161s] Level 1:colcon.colcon_core.shell:create_environment_hook('pkg_template_py', 'pythonpath')
[4.161s] INFO:colcon.colcon_core.shell:Creating environment hook '/home/nijin26/ros2_ws/install/pkg_template_py/share/pkg_template_py/hook/pythonpath.ps1'
[4.162s] INFO:colcon.colcon_core.shell:Creating environment descriptor '/home/nijin26/ros2_ws/install/pkg_template_py/share/pkg_template_py/hook/pythonpath.dsv'
[4.163s] INFO:colcon.colcon_core.shell:Creating environment hook '/home/nijin26/ros2_ws/install/pkg_template_py/share/pkg_template_py/hook/pythonpath.sh'
[4.164s] Level 1:colcon.colcon_core.environment:checking '/home/nijin26/ros2_ws/install/pkg_template_py/bin'
[4.164s] Level 1:colcon.colcon_core.environment:create_environment_scripts_only(pkg_template_py)
[4.165s] INFO:colcon.colcon_core.shell:Creating package script '/home/nijin26/ros2_ws/install/pkg_template_py/share/pkg_template_py/package.ps1'
[4.166s] INFO:colcon.colcon_core.shell:Creating package descriptor '/home/nijin26/ros2_ws/install/pkg_template_py/share/pkg_template_py/package.dsv'
[4.167s] INFO:colcon.colcon_core.shell:Creating package script '/home/nijin26/ros2_ws/install/pkg_template_py/share/pkg_template_py/package.sh'
[4.168s] INFO:colcon.colcon_core.shell:Creating package script '/home/nijin26/ros2_ws/install/pkg_template_py/share/pkg_template_py/package.bash'
[4.168s] INFO:colcon.colcon_core.shell:Creating package script '/home/nijin26/ros2_ws/install/pkg_template_py/share/pkg_template_py/package.zsh'
[4.169s] Level 1:colcon.colcon_core.environment:create_file_with_runtime_dependencies(/home/nijin26/ros2_ws/install/pkg_template_py/share/colcon-core/packages/pkg_template_py)
[4.331s] Level 1:colcon.colcon_core.environment:checking '/home/nijin26/ros2_ws/install/pkg_udemy_course' for CMake module files
[4.332s] DEBUG:colcon.colcon_core.event_handler.log_command:Invoked command in '/home/nijin26/ros2_ws/src/pkg_udemy_course' returned '0': DEBUGINFOD_URLS=https://debuginfod.ubuntu.com PYTHONPATH=/home/nijin26/ros2_ws/build/pkg_udemy_course/prefix_override:/usr/lib/python3/dist-packages/colcon_core/task/python/colcon_distutils_commands:/home/nijin26/ros2_ws/install/pkg_udemy_course/lib/python3.12/site-packages:${PYTHONPATH} /usr/bin/python3 -W ignore:setup.py install is deprecated setup.py egg_info --egg-base ../../build/pkg_udemy_course build --build-base /home/nijin26/ros2_ws/build/pkg_udemy_course/build install --record /home/nijin26/ros2_ws/build/pkg_udemy_course/install.log --single-version-externally-managed install_data
[4.335s] Level 1:colcon.colcon_core.environment:checking '/home/nijin26/ros2_ws/install/pkg_udemy_course' for CMake config files
[4.336s] Level 1:colcon.colcon_core.environment:checking '/home/nijin26/ros2_ws/install/pkg_udemy_course/lib'
[4.337s] Level 1:colcon.colcon_core.environment:checking '/home/nijin26/ros2_ws/install/pkg_udemy_course/bin'
[4.337s] Level 1:colcon.colcon_core.environment:checking '/home/nijin26/ros2_ws/install/pkg_udemy_course/lib/pkgconfig/pkg_udemy_course.pc'
[4.338s] Level 1:colcon.colcon_core.environment:checking '/home/nijin26/ros2_ws/install/pkg_udemy_course/lib/python3.12/site-packages'
[4.338s] Level 1:colcon.colcon_core.shell:create_environment_hook('pkg_udemy_course', 'pythonpath')
[4.344s] INFO:colcon.colcon_core.shell:Creating environment hook '/home/nijin26/ros2_ws/install/pkg_udemy_course/share/pkg_udemy_course/hook/pythonpath.ps1'
[4.345s] INFO:colcon.colcon_core.shell:Creating environment descriptor '/home/nijin26/ros2_ws/install/pkg_udemy_course/share/pkg_udemy_course/hook/pythonpath.dsv'
[4.348s] INFO:colcon.colcon_core.shell:Creating environment hook '/home/nijin26/ros2_ws/install/pkg_udemy_course/share/pkg_udemy_course/hook/pythonpath.sh'
[4.349s] Level 1:colcon.colcon_core.environment:checking '/home/nijin26/ros2_ws/install/pkg_udemy_course/bin'
[4.349s] Level 1:colcon.colcon_core.environment:create_environment_scripts_only(pkg_udemy_course)
[4.350s] INFO:colcon.colcon_core.shell:Creating package script '/home/nijin26/ros2_ws/install/pkg_udemy_course/share/pkg_udemy_course/package.ps1'
[4.351s] INFO:colcon.colcon_core.shell:Creating package descriptor '/home/nijin26/ros2_ws/install/pkg_udemy_course/share/pkg_udemy_course/package.dsv'
[4.352s] INFO:colcon.colcon_core.shell:Creating package script '/home/nijin26/ros2_ws/install/pkg_udemy_course/share/pkg_udemy_course/package.sh'
[4.353s] INFO:colcon.colcon_core.shell:Creating package script '/home/nijin26/ros2_ws/install/pkg_udemy_course/share/pkg_udemy_course/package.bash'
[4.354s] INFO:colcon.colcon_core.shell:Creating package script '/home/nijin26/ros2_ws/install/pkg_udemy_course/share/pkg_udemy_course/package.zsh'
[4.355s] Level 1:colcon.colcon_core.environment:create_file_with_runtime_dependencies(/home/nijin26/ros2_ws/install/pkg_udemy_course/share/colcon-core/packages/pkg_udemy_course)
[4.363s] Level 1:colcon.colcon_core.environment:checking '/home/nijin26/ros2_ws/install/ros2jazzy_opencv' for CMake module files
[4.365s] Level 1:colcon.colcon_core.environment:checking '/home/nijin26/ros2_ws/install/ros2jazzy_opencv' for CMake config files
[4.366s] DEBUG:colcon.colcon_core.event_handler.log_command:Invoked command in '/home/nijin26/ros2_ws/src/ros2jazzy_opencv' returned '0': DEBUGINFOD_URLS=https://debuginfod.ubuntu.com PYTHONPATH=/home/nijin26/ros2_ws/build/ros2jazzy_opencv/prefix_override:/usr/lib/python3/dist-packages/colcon_core/task/python/colcon_distutils_commands:/home/nijin26/ros2_ws/install/ros2jazzy_opencv/lib/python3.12/site-packages:${PYTHONPATH} /usr/bin/python3 -W ignore:setup.py install is deprecated setup.py egg_info --egg-base ../../build/ros2jazzy_opencv build --build-base /home/nijin26/ros2_ws/build/ros2jazzy_opencv/build install --record /home/nijin26/ros2_ws/build/ros2jazzy_opencv/install.log --single-version-externally-managed install_data
[4.370s] Level 1:colcon.colcon_core.environment:checking '/home/nijin26/ros2_ws/install/ros2jazzy_opencv/lib'
[4.371s] Level 1:colcon.colcon_core.environment:checking '/home/nijin26/ros2_ws/install/ros2jazzy_opencv/bin'
[4.371s] Level 1:colcon.colcon_core.environment:checking '/home/nijin26/ros2_ws/install/ros2jazzy_opencv/lib/pkgconfig/ros2jazzy_opencv.pc'
[4.371s] Level 1:colcon.colcon_core.environment:checking '/home/nijin26/ros2_ws/install/ros2jazzy_opencv/lib/python3.12/site-packages'
[4.372s] Level 1:colcon.colcon_core.shell:create_environment_hook('ros2jazzy_opencv', 'pythonpath')
[4.372s] INFO:colcon.colcon_core.shell:Creating environment hook '/home/nijin26/ros2_ws/install/ros2jazzy_opencv/share/ros2jazzy_opencv/hook/pythonpath.ps1'
[4.373s] INFO:colcon.colcon_core.shell:Creating environment descriptor '/home/nijin26/ros2_ws/install/ros2jazzy_opencv/share/ros2jazzy_opencv/hook/pythonpath.dsv'
[4.377s] INFO:colcon.colcon_core.shell:Creating environment hook '/home/nijin26/ros2_ws/install/ros2jazzy_opencv/share/ros2jazzy_opencv/hook/pythonpath.sh'
[4.378s] Level 1:colcon.colcon_core.environment:checking '/home/nijin26/ros2_ws/install/ros2jazzy_opencv/bin'
[4.379s] Level 1:colcon.colcon_core.environment:create_environment_scripts_only(ros2jazzy_opencv)
[4.379s] INFO:colcon.colcon_core.shell:Creating package script '/home/nijin26/ros2_ws/install/ros2jazzy_opencv/share/ros2jazzy_opencv/package.ps1'
[4.383s] INFO:colcon.colcon_core.shell:Creating package descriptor '/home/nijin26/ros2_ws/install/ros2jazzy_opencv/share/ros2jazzy_opencv/package.dsv'
[4.384s] INFO:colcon.colcon_core.shell:Creating package script '/home/nijin26/ros2_ws/install/ros2jazzy_opencv/share/ros2jazzy_opencv/package.sh'
[4.386s] INFO:colcon.colcon_core.shell:Creating package script '/home/nijin26/ros2_ws/install/ros2jazzy_opencv/share/ros2jazzy_opencv/package.bash'
[4.390s] INFO:colcon.colcon_core.shell:Creating package script '/home/nijin26/ros2_ws/install/ros2jazzy_opencv/share/ros2jazzy_opencv/package.zsh'
[4.391s] Level 1:colcon.colcon_core.environment:create_file_with_runtime_dependencies(/home/nijin26/ros2_ws/install/ros2jazzy_opencv/share/colcon-core/packages/ros2jazzy_opencv)
[21.792s] DEBUG:colcon.colcon_core.event_handler.log_command:Invoked command in '/home/nijin26/ros2_ws/build/rplidar_ros' returned '0': CMAKE_PREFIX_PATH=${CMAKE_PREFIX_PATH}:/home/nijin26/ros2_ws/install/ros2jazzy_opencv:/home/nijin26/ros2_ws/install/pkg_udemy_course:/home/nijin26/ros2_ws/install/pkg_template_py:/opt/ros/jazzy DEBUGINFOD_URLS=https://debuginfod.ubuntu.com /usr/bin/cmake --build /home/nijin26/ros2_ws/build/rplidar_ros -- -j12 -l12
[21.962s] DEBUG:colcon.colcon_core.event_handler.log_command:Invoking command in '/home/nijin26/ros2_ws/build/rplidar_ros': CMAKE_PREFIX_PATH=${CMAKE_PREFIX_PATH}:/home/nijin26/ros2_ws/install/ros2jazzy_opencv:/home/nijin26/ros2_ws/install/pkg_udemy_course:/home/nijin26/ros2_ws/install/pkg_template_py:/opt/ros/jazzy DEBUGINFOD_URLS=https://debuginfod.ubuntu.com /usr/bin/cmake --install /home/nijin26/ros2_ws/build/rplidar_ros
[22.048s] Level 1:colcon.colcon_core.environment:create_environment_scripts_only(rplidar_ros)
[22.049s] Level 1:colcon.colcon_core.environment:checking '/home/nijin26/ros2_ws/install/rplidar_ros' for CMake module files
[22.051s] DEBUG:colcon.colcon_core.event_handler.log_command:Invoked command in '/home/nijin26/ros2_ws/build/rplidar_ros' returned '0': CMAKE_PREFIX_PATH=${CMAKE_PREFIX_PATH}:/home/nijin26/ros2_ws/install/ros2jazzy_opencv:/home/nijin26/ros2_ws/install/pkg_udemy_course:/home/nijin26/ros2_ws/install/pkg_template_py:/opt/ros/jazzy DEBUGINFOD_URLS=https://debuginfod.ubuntu.com /usr/bin/cmake --install /home/nijin26/ros2_ws/build/rplidar_ros
[22.053s] Level 1:colcon.colcon_core.environment:checking '/home/nijin26/ros2_ws/install/rplidar_ros' for CMake config files
[22.053s] Level 1:colcon.colcon_core.shell:create_environment_hook('rplidar_ros', 'cmake_prefix_path')
[22.054s] INFO:colcon.colcon_core.shell:Creating environment hook '/home/nijin26/ros2_ws/install/rplidar_ros/share/rplidar_ros/hook/cmake_prefix_path.ps1'
[22.055s] INFO:colcon.colcon_core.shell:Creating environment descriptor '/home/nijin26/ros2_ws/install/rplidar_ros/share/rplidar_ros/hook/cmake_prefix_path.dsv'
[22.056s] INFO:colcon.colcon_core.shell:Creating environment hook '/home/nijin26/ros2_ws/install/rplidar_ros/share/rplidar_ros/hook/cmake_prefix_path.sh'
[22.058s] Level 1:colcon.colcon_core.environment:checking '/home/nijin26/ros2_ws/install/rplidar_ros/lib'
[22.058s] Level 1:colcon.colcon_core.environment:checking '/home/nijin26/ros2_ws/install/rplidar_ros/bin'
[22.059s] Level 1:colcon.colcon_core.environment:checking '/home/nijin26/ros2_ws/install/rplidar_ros/lib/pkgconfig/rplidar_ros.pc'
[22.059s] Level 1:colcon.colcon_core.environment:checking '/home/nijin26/ros2_ws/install/rplidar_ros/lib/python3.12/site-packages'
[22.060s] Level 1:colcon.colcon_core.environment:checking '/home/nijin26/ros2_ws/install/rplidar_ros/bin'
[22.061s] INFO:colcon.colcon_core.shell:Creating package script '/home/nijin26/ros2_ws/install/rplidar_ros/share/rplidar_ros/package.ps1'
[22.062s] INFO:colcon.colcon_core.shell:Creating package descriptor '/home/nijin26/ros2_ws/install/rplidar_ros/share/rplidar_ros/package.dsv'
[22.064s] INFO:colcon.colcon_core.shell:Creating package script '/home/nijin26/ros2_ws/install/rplidar_ros/share/rplidar_ros/package.sh'
[22.065s] INFO:colcon.colcon_core.shell:Creating package script '/home/nijin26/ros2_ws/install/rplidar_ros/share/rplidar_ros/package.bash'
[22.066s] INFO:colcon.colcon_core.shell:Creating package script '/home/nijin26/ros2_ws/install/rplidar_ros/share/rplidar_ros/package.zsh'
[22.067s] Level 1:colcon.colcon_core.environment:create_file_with_runtime_dependencies(/home/nijin26/ros2_ws/install/rplidar_ros/share/colcon-core/packages/rplidar_ros)
[22.294s] Level 1:colcon.colcon_core.environment:create_environment_scripts_only(rplidar_ros)
[22.295s] Level 1:colcon.colcon_core.environment:checking '/home/nijin26/ros2_ws/install/rplidar_ros' for CMake module files
[22.297s] Level 1:colcon.colcon_core.environment:checking '/home/nijin26/ros2_ws/install/rplidar_ros' for CMake config files
[22.298s] Level 1:colcon.colcon_core.shell:create_environment_hook('rplidar_ros', 'cmake_prefix_path')
[22.299s] INFO:colcon.colcon_core.shell:Creating environment hook '/home/nijin26/ros2_ws/install/rplidar_ros/share/rplidar_ros/hook/cmake_prefix_path.ps1'
[22.301s] INFO:colcon.colcon_core.shell:Creating environment descriptor '/home/nijin26/ros2_ws/install/rplidar_ros/share/rplidar_ros/hook/cmake_prefix_path.dsv'
[22.302s] INFO:colcon.colcon_core.shell:Creating environment hook '/home/nijin26/ros2_ws/install/rplidar_ros/share/rplidar_ros/hook/cmake_prefix_path.sh'
[22.304s] Level 1:colcon.colcon_core.environment:checking '/home/nijin26/ros2_ws/install/rplidar_ros/lib'
[22.304s] Level 1:colcon.colcon_core.environment:checking '/home/nijin26/ros2_ws/install/rplidar_ros/bin'
[22.305s] Level 1:colcon.colcon_core.environment:checking '/home/nijin26/ros2_ws/install/rplidar_ros/lib/pkgconfig/rplidar_ros.pc'
[22.306s] Level 1:colcon.colcon_core.environment:checking '/home/nijin26/ros2_ws/install/rplidar_ros/lib/python3.12/site-packages'
[22.306s] Level 1:colcon.colcon_core.environment:checking '/home/nijin26/ros2_ws/install/rplidar_ros/bin'
[22.307s] INFO:colcon.colcon_core.shell:Creating package script '/home/nijin26/ros2_ws/install/rplidar_ros/share/rplidar_ros/package.ps1'
[22.309s] INFO:colcon.colcon_core.shell:Creating package descriptor '/home/nijin26/ros2_ws/install/rplidar_ros/share/rplidar_ros/package.dsv'
[22.311s] INFO:colcon.colcon_core.shell:Creating package script '/home/nijin26/ros2_ws/install/rplidar_ros/share/rplidar_ros/package.sh'
[22.313s] INFO:colcon.colcon_core.shell:Creating package script '/home/nijin26/ros2_ws/install/rplidar_ros/share/rplidar_ros/package.bash'
[22.314s] INFO:colcon.colcon_core.shell:Creating package script '/home/nijin26/ros2_ws/install/rplidar_ros/share/rplidar_ros/package.zsh'
[22.316s] Level 1:colcon.colcon_core.environment:create_file_with_runtime_dependencies(/home/nijin26/ros2_ws/install/rplidar_ros/share/colcon-core/packages/rplidar_ros)
[22.317s] DEBUG:colcon.colcon_parallel_executor.executor.parallel:closing loop
[22.319s] DEBUG:colcon.colcon_parallel_executor.executor.parallel:loop closed
[22.320s] DEBUG:colcon.colcon_parallel_executor.executor.parallel:run_until_complete finished with '0'
[22.320s] DEBUG:colcon.colcon_core.event_reactor:joining thread
[22.406s] INFO:colcon.colcon_core.plugin_system:Skipping extension 'colcon_notification.desktop_notification.terminal_notifier': Not used on non-Darwin systems
[22.406s] INFO:colcon.colcon_core.plugin_system:Skipping extension 'colcon_notification.desktop_notification.win32': Not used on non-Windows systems
[22.406s] INFO:colcon.colcon_notification.desktop_notification:Sending desktop notification using 'notify2'
[22.452s] DEBUG:colcon.colcon_core.event_reactor:joined thread
[22.453s] INFO:colcon.colcon_core.shell:Creating prefix script '/home/nijin26/ros2_ws/install/local_setup.ps1'
[22.455s] INFO:colcon.colcon_core.shell:Creating prefix util module '/home/nijin26/ros2_ws/install/_local_setup_util_ps1.py'
[22.459s] INFO:colcon.colcon_core.shell:Creating prefix chain script '/home/nijin26/ros2_ws/install/setup.ps1'
[22.464s] INFO:colcon.colcon_core.shell:Creating prefix script '/home/nijin26/ros2_ws/install/local_setup.sh'
[22.466s] INFO:colcon.colcon_core.shell:Creating prefix util module '/home/nijin26/ros2_ws/install/_local_setup_util_sh.py'
[22.468s] INFO:colcon.colcon_core.shell:Creating prefix chain script '/home/nijin26/ros2_ws/install/setup.sh'
[22.473s] INFO:colcon.colcon_core.shell:Creating prefix script '/home/nijin26/ros2_ws/install/local_setup.bash'
[22.475s] INFO:colcon.colcon_core.shell:Creating prefix chain script '/home/nijin26/ros2_ws/install/setup.bash'
[22.479s] INFO:colcon.colcon_core.shell:Creating prefix script '/home/nijin26/ros2_ws/install/local_setup.zsh'
[22.481s] INFO:colcon.colcon_core.shell:Creating prefix chain script '/home/nijin26/ros2_ws/install/setup.zsh'
