[4.111s] DEBUG:colcon:Command line arguments: ['/usr/bin/colcon', 'build']
[4.111s] DEBUG:colcon:Parsed command line arguments: Namespace(log_base=None, log_level=None, verb_name='build', build_base='build', install_base='install', merge_install=False, symlink_install=False, test_result_base=None, continue_on_error=False, executor='parallel', parallel_workers=12, event_handlers=None, ignore_user_meta=False, metas=['./colcon.meta'], base_paths=['.'], packages_ignore=None, packages_ignore_regex=None, paths=None, packages_up_to=None, packages_up_to_regex=None, packages_above=None, packages_above_and_dependencies=None, packages_above_depth=None, packages_select_by_dep=None, packages_skip_by_dep=None, packages_skip_up_to=None, packages_select_build_failed=False, packages_skip_build_finished=False, packages_select_test_failures=False, packages_skip_test_passed=False, packages_select=None, packages_skip=None, packages_select_regex=None, packages_skip_regex=None, packages_start=None, packages_end=None, allow_overriding=[], cmake_args=None, cmake_target=None, cmake_target_skip_unavailable=False, cmake_clean_cache=False, cmake_clean_first=False, cmake_force_configure=False, ament_cmake_args=None, catkin_cmake_args=None, catkin_skip_building_tests=False, mixin_files=None, mixin=None, verb_parser=<colcon_mixin.mixin.mixin_argument.MixinArgumentDecorator object at 0x770084bf06b0>, verb_extension=<colcon_core.verb.build.BuildVerb object at 0x77008570bad0>, main=<bound method BuildVerb.main of <colcon_core.verb.build.BuildVerb object at 0x77008570bad0>>, mixin_verb=('build',))
[4.177s] Level 1:colcon.colcon_core.package_discovery:discover_packages(colcon_meta) check parameters
[4.178s] Level 1:colcon.colcon_core.package_discovery:discover_packages(recursive) check parameters
[4.178s] Level 1:colcon.colcon_core.package_discovery:discover_packages(ignore) check parameters
[4.178s] Level 1:colcon.colcon_core.package_discovery:discover_packages(path) check parameters
[4.178s] Level 1:colcon.colcon_core.package_discovery:discover_packages(colcon_meta) discover
[4.178s] Level 1:colcon.colcon_core.package_discovery:discover_packages(recursive) discover
[4.178s] INFO:colcon.colcon_core.package_discovery:Crawling recursively for packages in '/home/nijin26/microros_ws'
[4.178s] Level 1:colcon.colcon_core.package_identification:_identify(.) by extensions ['ignore', 'ignore_ament_install']
[4.178s] Level 1:colcon.colcon_core.package_identification:_identify(.) by extension 'ignore'
[4.178s] Level 1:colcon.colcon_core.package_identification:_identify(.) by extension 'ignore_ament_install'
[4.178s] Level 1:colcon.colcon_core.package_identification:_identify(.) by extensions ['colcon_pkg']
[4.178s] Level 1:colcon.colcon_core.package_identification:_identify(.) by extension 'colcon_pkg'
[4.179s] Level 1:colcon.colcon_core.package_identification:_identify(.) by extensions ['colcon_meta']
[4.179s] Level 1:colcon.colcon_core.package_identification:_identify(.) by extension 'colcon_meta'
[4.179s] Level 1:colcon.colcon_core.package_identification:_identify(.) by extensions ['ros']
[4.179s] Level 1:colcon.colcon_core.package_identification:_identify(.) by extension 'ros'
[4.230s] Level 1:colcon.colcon_core.package_identification:_identify(.) by extensions ['cmake', 'python']
[4.230s] Level 1:colcon.colcon_core.package_identification:_identify(.) by extension 'cmake'
[4.230s] Level 1:colcon.colcon_core.package_identification:_identify(.) by extension 'python'
[4.230s] Level 1:colcon.colcon_core.package_identification:_identify(.) by extensions ['python_setup_py']
[4.230s] Level 1:colcon.colcon_core.package_identification:_identify(.) by extension 'python_setup_py'
[4.230s] Level 1:colcon.colcon_core.package_identification:_identify(build) by extensions ['ignore', 'ignore_ament_install']
[4.230s] Level 1:colcon.colcon_core.package_identification:_identify(build) by extension 'ignore'
[4.230s] Level 1:colcon.colcon_core.package_identification:_identify(build) ignored
[4.231s] Level 1:colcon.colcon_core.package_identification:_identify(install) by extensions ['ignore', 'ignore_ament_install']
[4.231s] Level 1:colcon.colcon_core.package_identification:_identify(install) by extension 'ignore'
[4.231s] Level 1:colcon.colcon_core.package_identification:_identify(install) ignored
[4.231s] Level 1:colcon.colcon_core.package_identification:_identify(log) by extensions ['ignore', 'ignore_ament_install']
[4.231s] Level 1:colcon.colcon_core.package_identification:_identify(log) by extension 'ignore'
[4.231s] Level 1:colcon.colcon_core.package_identification:_identify(log) ignored
[4.231s] Level 1:colcon.colcon_core.package_identification:_identify(src) by extensions ['ignore', 'ignore_ament_install']
[4.232s] Level 1:colcon.colcon_core.package_identification:_identify(src) by extension 'ignore'
[4.232s] Level 1:colcon.colcon_core.package_identification:_identify(src) by extension 'ignore_ament_install'
[4.232s] Level 1:colcon.colcon_core.package_identification:_identify(src) by extensions ['colcon_pkg']
[4.232s] Level 1:colcon.colcon_core.package_identification:_identify(src) by extension 'colcon_pkg'
[4.232s] Level 1:colcon.colcon_core.package_identification:_identify(src) by extensions ['colcon_meta']
[4.232s] Level 1:colcon.colcon_core.package_identification:_identify(src) by extension 'colcon_meta'
[4.232s] Level 1:colcon.colcon_core.package_identification:_identify(src) by extensions ['ros']
[4.232s] Level 1:colcon.colcon_core.package_identification:_identify(src) by extension 'ros'
[4.232s] Level 1:colcon.colcon_core.package_identification:_identify(src) by extensions ['cmake', 'python']
[4.232s] Level 1:colcon.colcon_core.package_identification:_identify(src) by extension 'cmake'
[4.232s] Level 1:colcon.colcon_core.package_identification:_identify(src) by extension 'python'
[4.232s] Level 1:colcon.colcon_core.package_identification:_identify(src) by extensions ['python_setup_py']
[4.233s] Level 1:colcon.colcon_core.package_identification:_identify(src) by extension 'python_setup_py'
[4.233s] Level 1:colcon.colcon_core.package_identification:_identify(src/micro_ros_setup) by extensions ['ignore', 'ignore_ament_install']
[4.233s] Level 1:colcon.colcon_core.package_identification:_identify(src/micro_ros_setup) by extension 'ignore'
[4.233s] Level 1:colcon.colcon_core.package_identification:_identify(src/micro_ros_setup) by extension 'ignore_ament_install'
[4.233s] Level 1:colcon.colcon_core.package_identification:_identify(src/micro_ros_setup) by extensions ['colcon_pkg']
[4.233s] Level 1:colcon.colcon_core.package_identification:_identify(src/micro_ros_setup) by extension 'colcon_pkg'
[4.233s] Level 1:colcon.colcon_core.package_identification:_identify(src/micro_ros_setup) by extensions ['colcon_meta']
[4.233s] Level 1:colcon.colcon_core.package_identification:_identify(src/micro_ros_setup) by extension 'colcon_meta'
[4.233s] Level 1:colcon.colcon_core.package_identification:_identify(src/micro_ros_setup) by extensions ['ros']
[4.233s] Level 1:colcon.colcon_core.package_identification:_identify(src/micro_ros_setup) by extension 'ros'
[4.238s] DEBUG:colcon.colcon_core.package_identification:Package 'src/micro_ros_setup' with type 'ros.ament_cmake' and name 'micro_ros_setup'
[4.238s] Level 1:colcon.colcon_core.package_discovery:discover_packages(recursive) using defaults
[4.238s] Level 1:colcon.colcon_core.package_discovery:discover_packages(ignore) discover
[4.238s] Level 1:colcon.colcon_core.package_discovery:discover_packages(ignore) using defaults
[4.239s] Level 1:colcon.colcon_core.package_discovery:discover_packages(path) discover
[4.239s] Level 1:colcon.colcon_core.package_discovery:discover_packages(path) using defaults
[4.459s] Level 1:colcon.colcon_core.package_discovery:discover_packages(prefix_path) check parameters
[4.460s] Level 1:colcon.colcon_core.package_discovery:discover_packages(prefix_path) discover
[4.490s] DEBUG:colcon.colcon_installed_package_information.package_discovery:Found 4 installed packages in /home/nijin26/ros2_ws/install
[4.493s] DEBUG:colcon.colcon_installed_package_information.package_discovery:Found 285 installed packages in /opt/ros/jazzy
[4.494s] Level 1:colcon.colcon_core.package_discovery:discover_packages(prefix_path) using defaults
[4.583s] Level 5:colcon.colcon_core.verb:set package 'micro_ros_setup' build argument 'cmake_args' from command line to 'None'
[4.584s] Level 5:colcon.colcon_core.verb:set package 'micro_ros_setup' build argument 'cmake_target' from command line to 'None'
[4.584s] Level 5:colcon.colcon_core.verb:set package 'micro_ros_setup' build argument 'cmake_target_skip_unavailable' from command line to 'False'
[4.584s] Level 5:colcon.colcon_core.verb:set package 'micro_ros_setup' build argument 'cmake_clean_cache' from command line to 'False'
[4.584s] Level 5:colcon.colcon_core.verb:set package 'micro_ros_setup' build argument 'cmake_clean_first' from command line to 'False'
[4.584s] Level 5:colcon.colcon_core.verb:set package 'micro_ros_setup' build argument 'cmake_force_configure' from command line to 'False'
[4.584s] Level 5:colcon.colcon_core.verb:set package 'micro_ros_setup' build argument 'ament_cmake_args' from command line to 'None'
[4.584s] Level 5:colcon.colcon_core.verb:set package 'micro_ros_setup' build argument 'catkin_cmake_args' from command line to 'None'
[4.584s] Level 5:colcon.colcon_core.verb:set package 'micro_ros_setup' build argument 'catkin_skip_building_tests' from command line to 'False'
[4.584s] DEBUG:colcon.colcon_core.verb:Building package 'micro_ros_setup' with the following arguments: {'ament_cmake_args': None, 'build_base': '/home/nijin26/microros_ws/build/micro_ros_setup', 'catkin_cmake_args': None, 'catkin_skip_building_tests': False, 'cmake_args': None, 'cmake_clean_cache': False, 'cmake_clean_first': False, 'cmake_force_configure': False, 'cmake_target': None, 'cmake_target_skip_unavailable': False, 'install_base': '/home/nijin26/microros_ws/install/micro_ros_setup', 'merge_install': False, 'path': '/home/nijin26/microros_ws/src/micro_ros_setup', 'symlink_install': False, 'test_result_base': None}
[4.584s] INFO:colcon.colcon_core.executor:Executing jobs using 'parallel' executor
[4.585s] DEBUG:colcon.colcon_parallel_executor.executor.parallel:run_until_complete
[4.586s] INFO:colcon.colcon_ros.task.ament_cmake.build:Building ROS package in '/home/nijin26/microros_ws/src/micro_ros_setup' with build type 'ament_cmake'
[4.586s] INFO:colcon.colcon_cmake.task.cmake.build:Building CMake package in '/home/nijin26/microros_ws/src/micro_ros_setup'
[4.597s] INFO:colcon.colcon_core.plugin_system:Skipping extension 'colcon_core.shell.bat': Not used on non-Windows systems
[4.597s] INFO:colcon.colcon_core.shell:Skip shell extension 'powershell' for command environment: Not usable outside of PowerShell
[4.597s] DEBUG:colcon.colcon_core.shell:Skip shell extension 'dsv' for command environment
[4.609s] DEBUG:colcon.colcon_core.event_handler.log_command:Invoking command in '/home/nijin26/microros_ws/build/micro_ros_setup': CMAKE_PREFIX_PATH=${CMAKE_PREFIX_PATH}:/home/nijin26/ros2_ws/install/ros2jazzy_opencv:/home/nijin26/ros2_ws/install/pkg_udemy_course:/home/nijin26/ros2_ws/install/pkg_template_py:/opt/ros/jazzy DEBUGINFOD_URLS=https://debuginfod.ubuntu.com /usr/bin/cmake /home/nijin26/microros_ws/src/micro_ros_setup -DCMAKE_INSTALL_PREFIX=/home/nijin26/microros_ws/install/micro_ros_setup
[8.785s] DEBUG:colcon.colcon_core.event_handler.log_command:Invoked command in '/home/nijin26/microros_ws/build/micro_ros_setup' returned '0': CMAKE_PREFIX_PATH=${CMAKE_PREFIX_PATH}:/home/nijin26/ros2_ws/install/ros2jazzy_opencv:/home/nijin26/ros2_ws/install/pkg_udemy_course:/home/nijin26/ros2_ws/install/pkg_template_py:/opt/ros/jazzy DEBUGINFOD_URLS=https://debuginfod.ubuntu.com /usr/bin/cmake /home/nijin26/microros_ws/src/micro_ros_setup -DCMAKE_INSTALL_PREFIX=/home/nijin26/microros_ws/install/micro_ros_setup
[8.787s] DEBUG:colcon.colcon_core.event_handler.log_command:Invoking command in '/home/nijin26/microros_ws/build/micro_ros_setup': CMAKE_PREFIX_PATH=${CMAKE_PREFIX_PATH}:/home/nijin26/ros2_ws/install/ros2jazzy_opencv:/home/nijin26/ros2_ws/install/pkg_udemy_course:/home/nijin26/ros2_ws/install/pkg_template_py:/opt/ros/jazzy DEBUGINFOD_URLS=https://debuginfod.ubuntu.com /usr/bin/cmake --build /home/nijin26/microros_ws/build/micro_ros_setup -- -j12 -l12
[8.847s] DEBUG:colcon.colcon_core.event_handler.log_command:Invoked command in '/home/nijin26/microros_ws/build/micro_ros_setup' returned '0': CMAKE_PREFIX_PATH=${CMAKE_PREFIX_PATH}:/home/nijin26/ros2_ws/install/ros2jazzy_opencv:/home/nijin26/ros2_ws/install/pkg_udemy_course:/home/nijin26/ros2_ws/install/pkg_template_py:/opt/ros/jazzy DEBUGINFOD_URLS=https://debuginfod.ubuntu.com /usr/bin/cmake --build /home/nijin26/microros_ws/build/micro_ros_setup -- -j12 -l12
[8.893s] DEBUG:colcon.colcon_core.event_handler.log_command:Invoking command in '/home/nijin26/microros_ws/build/micro_ros_setup': CMAKE_PREFIX_PATH=${CMAKE_PREFIX_PATH}:/home/nijin26/ros2_ws/install/ros2jazzy_opencv:/home/nijin26/ros2_ws/install/pkg_udemy_course:/home/nijin26/ros2_ws/install/pkg_template_py:/opt/ros/jazzy DEBUGINFOD_URLS=https://debuginfod.ubuntu.com /usr/bin/cmake --install /home/nijin26/microros_ws/build/micro_ros_setup
[8.934s] Level 1:colcon.colcon_core.environment:create_environment_scripts_only(micro_ros_setup)
[8.935s] DEBUG:colcon.colcon_core.event_handler.log_command:Invoked command in '/home/nijin26/microros_ws/build/micro_ros_setup' returned '0': CMAKE_PREFIX_PATH=${CMAKE_PREFIX_PATH}:/home/nijin26/ros2_ws/install/ros2jazzy_opencv:/home/nijin26/ros2_ws/install/pkg_udemy_course:/home/nijin26/ros2_ws/install/pkg_template_py:/opt/ros/jazzy DEBUGINFOD_URLS=https://debuginfod.ubuntu.com /usr/bin/cmake --install /home/nijin26/microros_ws/build/micro_ros_setup
[9.060s] Level 1:colcon.colcon_core.environment:checking '/home/nijin26/microros_ws/install/micro_ros_setup' for CMake module files
[9.062s] Level 1:colcon.colcon_core.environment:checking '/home/nijin26/microros_ws/install/micro_ros_setup' for CMake config files
[9.065s] Level 1:colcon.colcon_core.shell:create_environment_hook('micro_ros_setup', 'cmake_prefix_path')
[9.065s] INFO:colcon.colcon_core.shell:Creating environment hook '/home/nijin26/microros_ws/install/micro_ros_setup/share/micro_ros_setup/hook/cmake_prefix_path.ps1'
[9.079s] INFO:colcon.colcon_core.shell:Creating environment descriptor '/home/nijin26/microros_ws/install/micro_ros_setup/share/micro_ros_setup/hook/cmake_prefix_path.dsv'
[9.081s] INFO:colcon.colcon_core.shell:Creating environment hook '/home/nijin26/microros_ws/install/micro_ros_setup/share/micro_ros_setup/hook/cmake_prefix_path.sh'
[9.084s] Level 1:colcon.colcon_core.environment:checking '/home/nijin26/microros_ws/install/micro_ros_setup/lib'
[9.085s] Level 1:colcon.colcon_core.environment:checking '/home/nijin26/microros_ws/install/micro_ros_setup/bin'
[9.085s] Level 1:colcon.colcon_core.environment:checking '/home/nijin26/microros_ws/install/micro_ros_setup/lib/pkgconfig/micro_ros_setup.pc'
[9.086s] Level 1:colcon.colcon_core.environment:checking '/home/nijin26/microros_ws/install/micro_ros_setup/lib/python3.12/site-packages'
[9.087s] Level 1:colcon.colcon_core.environment:checking '/home/nijin26/microros_ws/install/micro_ros_setup/bin'
[9.088s] INFO:colcon.colcon_core.shell:Creating package script '/home/nijin26/microros_ws/install/micro_ros_setup/share/micro_ros_setup/package.ps1'
[9.090s] INFO:colcon.colcon_core.shell:Creating package descriptor '/home/nijin26/microros_ws/install/micro_ros_setup/share/micro_ros_setup/package.dsv'
[9.092s] INFO:colcon.colcon_core.shell:Creating package script '/home/nijin26/microros_ws/install/micro_ros_setup/share/micro_ros_setup/package.sh'
[9.095s] INFO:colcon.colcon_core.shell:Creating package script '/home/nijin26/microros_ws/install/micro_ros_setup/share/micro_ros_setup/package.bash'
[9.119s] INFO:colcon.colcon_core.shell:Creating package script '/home/nijin26/microros_ws/install/micro_ros_setup/share/micro_ros_setup/package.zsh'
[9.158s] Level 1:colcon.colcon_core.environment:create_file_with_runtime_dependencies(/home/nijin26/microros_ws/install/micro_ros_setup/share/colcon-core/packages/micro_ros_setup)
[9.195s] Level 1:colcon.colcon_core.environment:create_environment_scripts_only(micro_ros_setup)
[9.196s] Level 1:colcon.colcon_core.environment:checking '/home/nijin26/microros_ws/install/micro_ros_setup' for CMake module files
[9.197s] Level 1:colcon.colcon_core.environment:checking '/home/nijin26/microros_ws/install/micro_ros_setup' for CMake config files
[9.198s] Level 1:colcon.colcon_core.shell:create_environment_hook('micro_ros_setup', 'cmake_prefix_path')
[9.199s] INFO:colcon.colcon_core.shell:Creating environment hook '/home/nijin26/microros_ws/install/micro_ros_setup/share/micro_ros_setup/hook/cmake_prefix_path.ps1'
[9.200s] INFO:colcon.colcon_core.shell:Creating environment descriptor '/home/nijin26/microros_ws/install/micro_ros_setup/share/micro_ros_setup/hook/cmake_prefix_path.dsv'
[9.201s] INFO:colcon.colcon_core.shell:Creating environment hook '/home/nijin26/microros_ws/install/micro_ros_setup/share/micro_ros_setup/hook/cmake_prefix_path.sh'
[9.202s] Level 1:colcon.colcon_core.environment:checking '/home/nijin26/microros_ws/install/micro_ros_setup/lib'
[9.202s] Level 1:colcon.colcon_core.environment:checking '/home/nijin26/microros_ws/install/micro_ros_setup/bin'
[9.203s] Level 1:colcon.colcon_core.environment:checking '/home/nijin26/microros_ws/install/micro_ros_setup/lib/pkgconfig/micro_ros_setup.pc'
[9.203s] Level 1:colcon.colcon_core.environment:checking '/home/nijin26/microros_ws/install/micro_ros_setup/lib/python3.12/site-packages'
[9.204s] Level 1:colcon.colcon_core.environment:checking '/home/nijin26/microros_ws/install/micro_ros_setup/bin'
[9.205s] INFO:colcon.colcon_core.shell:Creating package script '/home/nijin26/microros_ws/install/micro_ros_setup/share/micro_ros_setup/package.ps1'
[9.206s] INFO:colcon.colcon_core.shell:Creating package descriptor '/home/nijin26/microros_ws/install/micro_ros_setup/share/micro_ros_setup/package.dsv'
[9.209s] INFO:colcon.colcon_core.shell:Creating package script '/home/nijin26/microros_ws/install/micro_ros_setup/share/micro_ros_setup/package.sh'
[9.210s] INFO:colcon.colcon_core.shell:Creating package script '/home/nijin26/microros_ws/install/micro_ros_setup/share/micro_ros_setup/package.bash'
[9.211s] INFO:colcon.colcon_core.shell:Creating package script '/home/nijin26/microros_ws/install/micro_ros_setup/share/micro_ros_setup/package.zsh'
[9.213s] Level 1:colcon.colcon_core.environment:create_file_with_runtime_dependencies(/home/nijin26/microros_ws/install/micro_ros_setup/share/colcon-core/packages/micro_ros_setup)
[9.213s] DEBUG:colcon.colcon_parallel_executor.executor.parallel:closing loop
[9.215s] DEBUG:colcon.colcon_parallel_executor.executor.parallel:loop closed
[9.215s] DEBUG:colcon.colcon_parallel_executor.executor.parallel:run_until_complete finished with '0'
[9.215s] DEBUG:colcon.colcon_core.event_reactor:joining thread
[9.277s] INFO:colcon.colcon_core.plugin_system:Skipping extension 'colcon_notification.desktop_notification.terminal_notifier': Not used on non-Darwin systems
[9.277s] INFO:colcon.colcon_core.plugin_system:Skipping extension 'colcon_notification.desktop_notification.win32': Not used on non-Windows systems
[9.277s] INFO:colcon.colcon_notification.desktop_notification:Sending desktop notification using 'notify2'
[9.324s] DEBUG:colcon.colcon_core.event_reactor:joined thread
[9.324s] INFO:colcon.colcon_core.shell:Creating prefix script '/home/nijin26/microros_ws/install/local_setup.ps1'
[9.332s] INFO:colcon.colcon_core.shell:Creating prefix util module '/home/nijin26/microros_ws/install/_local_setup_util_ps1.py'
[9.333s] INFO:colcon.colcon_core.shell:Creating prefix chain script '/home/nijin26/microros_ws/install/setup.ps1'
[9.335s] INFO:colcon.colcon_core.shell:Creating prefix script '/home/nijin26/microros_ws/install/local_setup.sh'
[9.353s] INFO:colcon.colcon_core.shell:Creating prefix util module '/home/nijin26/microros_ws/install/_local_setup_util_sh.py'
[9.353s] INFO:colcon.colcon_core.shell:Creating prefix chain script '/home/nijin26/microros_ws/install/setup.sh'
[9.355s] INFO:colcon.colcon_core.shell:Creating prefix script '/home/nijin26/microros_ws/install/local_setup.bash'
[9.356s] INFO:colcon.colcon_core.shell:Creating prefix chain script '/home/nijin26/microros_ws/install/setup.bash'
[9.358s] INFO:colcon.colcon_core.shell:Creating prefix script '/home/nijin26/microros_ws/install/local_setup.zsh'
[9.358s] INFO:colcon.colcon_core.shell:Creating prefix chain script '/home/nijin26/microros_ws/install/setup.zsh'
