running egg_info
writing ../../build/pkg_template_py/pkg_template_py.egg-info/PKG-INFO
writing dependency_links to ../../build/pkg_template_py/pkg_template_py.egg-info/dependency_links.txt
writing entry points to ../../build/pkg_template_py/pkg_template_py.egg-info/entry_points.txt
writing requirements to ../../build/pkg_template_py/pkg_template_py.egg-info/requires.txt
writing top-level names to ../../build/pkg_template_py/pkg_template_py.egg-info/top_level.txt
reading manifest file '../../build/pkg_template_py/pkg_template_py.egg-info/SOURCES.txt'
writing manifest file '../../build/pkg_template_py/pkg_template_py.egg-info/SOURCES.txt'
running build
running build_py
running install
running install_lib
creating /home/nijin26/ros2_ws/install/pkg_template_py/lib/python3.12/site-packages/pkg_template_py
copying /home/nijin26/ros2_ws/build/pkg_template_py/build/lib/pkg_template_py/node_template_py.py -> /home/nijin26/ros2_ws/install/pkg_template_py/lib/python3.12/site-packages/pkg_template_py
copying /home/nijin26/ros2_ws/build/pkg_template_py/build/lib/pkg_template_py/__init__.py -> /home/nijin26/ros2_ws/install/pkg_template_py/lib/python3.12/site-packages/pkg_template_py
byte-compiling /home/nijin26/ros2_ws/install/pkg_template_py/lib/python3.12/site-packages/pkg_template_py/node_template_py.py to node_template_py.cpython-312.pyc
byte-compiling /home/nijin26/ros2_ws/install/pkg_template_py/lib/python3.12/site-packages/pkg_template_py/__init__.py to __init__.cpython-312.pyc
running install_data
creating /home/nijin26/ros2_ws/install/pkg_template_py/share/ament_index
creating /home/nijin26/ros2_ws/install/pkg_template_py/share/ament_index/resource_index
creating /home/nijin26/ros2_ws/install/pkg_template_py/share/ament_index/resource_index/packages
copying resource/pkg_template_py -> /home/nijin26/ros2_ws/install/pkg_template_py/share/ament_index/resource_index/packages
copying package.xml -> /home/nijin26/ros2_ws/install/pkg_template_py/share/pkg_template_py
running install_egg_info
Copying ../../build/pkg_template_py/pkg_template_py.egg-info to /home/nijin26/ros2_ws/install/pkg_template_py/lib/python3.12/site-packages/pkg_template_py-0.0.0-py3.12.egg-info
running install_scripts
Installing node_template_py script to /home/nijin26/ros2_ws/install/pkg_template_py/lib/pkg_template_py
writing list of installed files to '/home/nijin26/ros2_ws/build/pkg_template_py/install.log'
