[0.167s] DEBUG:colcon:Command line arguments: ['/usr/bin/colcon', 'build', '--packages-select', 'pkg_udemy_course']
[0.167s] DEBUG:colcon:Parsed command line arguments: Namespace(log_base=None, log_level=None, verb_name='build', build_base='build', install_base='install', merge_install=False, symlink_install=False, test_result_base=None, continue_on_error=False, executor='parallel', parallel_workers=12, event_handlers=None, ignore_user_meta=False, metas=['./colcon.meta'], base_paths=['.'], packages_ignore=None, packages_ignore_regex=None, paths=None, packages_up_to=None, packages_up_to_regex=None, packages_above=None, packages_above_and_dependencies=None, packages_above_depth=None, packages_select_by_dep=None, packages_skip_by_dep=None, packages_skip_up_to=None, packages_select_build_failed=False, packages_skip_build_finished=False, packages_select_test_failures=False, packages_skip_test_passed=False, packages_select=['pkg_udemy_course'], packages_skip=None, packages_select_regex=None, packages_skip_regex=None, packages_start=None, packages_end=None, allow_overriding=[], cmake_args=None, cmake_target=None, cmake_target_skip_unavailable=False, cmake_clean_cache=False, cmake_clean_first=False, cmake_force_configure=False, ament_cmake_args=None, catkin_cmake_args=None, catkin_skip_building_tests=False, mixin_files=None, mixin=None, verb_parser=<colcon_mixin.mixin.mixin_argument.MixinArgumentDecorator object at 0x7f77f10001d0>, verb_extension=<colcon_core.verb.build.BuildVerb object at 0x7f77f113fdd0>, main=<bound method BuildVerb.main of <colcon_core.verb.build.BuildVerb object at 0x7f77f113fdd0>>, mixin_verb=('build',))
[0.202s] Level 1:colcon.colcon_core.package_discovery:discover_packages(colcon_meta) check parameters
[0.202s] Level 1:colcon.colcon_core.package_discovery:discover_packages(recursive) check parameters
[0.202s] Level 1:colcon.colcon_core.package_discovery:discover_packages(ignore) check parameters
[0.202s] Level 1:colcon.colcon_core.package_discovery:discover_packages(path) check parameters
[0.202s] Level 1:colcon.colcon_core.package_discovery:discover_packages(colcon_meta) discover
[0.202s] Level 1:colcon.colcon_core.package_discovery:discover_packages(recursive) discover
[0.202s] INFO:colcon.colcon_core.package_discovery:Crawling recursively for packages in '/home/nijin26/ros2_ws'
[0.202s] Level 1:colcon.colcon_core.package_identification:_identify(.) by extensions ['ignore', 'ignore_ament_install']
[0.202s] Level 1:colcon.colcon_core.package_identification:_identify(.) by extension 'ignore'
[0.202s] Level 1:colcon.colcon_core.package_identification:_identify(.) by extension 'ignore_ament_install'
[0.202s] Level 1:colcon.colcon_core.package_identification:_identify(.) by extensions ['colcon_pkg']
[0.202s] Level 1:colcon.colcon_core.package_identification:_identify(.) by extension 'colcon_pkg'
[0.202s] Level 1:colcon.colcon_core.package_identification:_identify(.) by extensions ['colcon_meta']
[0.202s] Level 1:colcon.colcon_core.package_identification:_identify(.) by extension 'colcon_meta'
[0.203s] Level 1:colcon.colcon_core.package_identification:_identify(.) by extensions ['ros']
[0.203s] Level 1:colcon.colcon_core.package_identification:_identify(.) by extension 'ros'
[0.230s] Level 1:colcon.colcon_core.package_identification:_identify(.) by extensions ['cmake', 'python']
[0.230s] Level 1:colcon.colcon_core.package_identification:_identify(.) by extension 'cmake'
[0.230s] Level 1:colcon.colcon_core.package_identification:_identify(.) by extension 'python'
[0.230s] Level 1:colcon.colcon_core.package_identification:_identify(.) by extensions ['python_setup_py']
[0.230s] Level 1:colcon.colcon_core.package_identification:_identify(.) by extension 'python_setup_py'
[0.231s] Level 1:colcon.colcon_core.package_identification:_identify(build) by extensions ['ignore', 'ignore_ament_install']
[0.231s] Level 1:colcon.colcon_core.package_identification:_identify(build) by extension 'ignore'
[0.231s] Level 1:colcon.colcon_core.package_identification:_identify(build) ignored
[0.231s] Level 1:colcon.colcon_core.package_identification:_identify(install) by extensions ['ignore', 'ignore_ament_install']
[0.231s] Level 1:colcon.colcon_core.package_identification:_identify(install) by extension 'ignore'
[0.231s] Level 1:colcon.colcon_core.package_identification:_identify(install) ignored
[0.231s] Level 1:colcon.colcon_core.package_identification:_identify(log) by extensions ['ignore', 'ignore_ament_install']
[0.231s] Level 1:colcon.colcon_core.package_identification:_identify(log) by extension 'ignore'
[0.231s] Level 1:colcon.colcon_core.package_identification:_identify(log) ignored
[0.231s] Level 1:colcon.colcon_core.package_identification:_identify(src) by extensions ['ignore', 'ignore_ament_install']
[0.231s] Level 1:colcon.colcon_core.package_identification:_identify(src) by extension 'ignore'
[0.231s] Level 1:colcon.colcon_core.package_identification:_identify(src) by extension 'ignore_ament_install'
[0.231s] Level 1:colcon.colcon_core.package_identification:_identify(src) by extensions ['colcon_pkg']
[0.231s] Level 1:colcon.colcon_core.package_identification:_identify(src) by extension 'colcon_pkg'
[0.231s] Level 1:colcon.colcon_core.package_identification:_identify(src) by extensions ['colcon_meta']
[0.232s] Level 1:colcon.colcon_core.package_identification:_identify(src) by extension 'colcon_meta'
[0.232s] Level 1:colcon.colcon_core.package_identification:_identify(src) by extensions ['ros']
[0.232s] Level 1:colcon.colcon_core.package_identification:_identify(src) by extension 'ros'
[0.232s] Level 1:colcon.colcon_core.package_identification:_identify(src) by extensions ['cmake', 'python']
[0.232s] Level 1:colcon.colcon_core.package_identification:_identify(src) by extension 'cmake'
[0.232s] Level 1:colcon.colcon_core.package_identification:_identify(src) by extension 'python'
[0.232s] Level 1:colcon.colcon_core.package_identification:_identify(src) by extensions ['python_setup_py']
[0.232s] Level 1:colcon.colcon_core.package_identification:_identify(src) by extension 'python_setup_py'
[0.232s] Level 1:colcon.colcon_core.package_identification:_identify(src/pkg_template_cpp) by extensions ['ignore', 'ignore_ament_install']
[0.232s] Level 1:colcon.colcon_core.package_identification:_identify(src/pkg_template_cpp) by extension 'ignore'
[0.232s] Level 1:colcon.colcon_core.package_identification:_identify(src/pkg_template_cpp) by extension 'ignore_ament_install'
[0.232s] Level 1:colcon.colcon_core.package_identification:_identify(src/pkg_template_cpp) by extensions ['colcon_pkg']
[0.232s] Level 1:colcon.colcon_core.package_identification:_identify(src/pkg_template_cpp) by extension 'colcon_pkg'
[0.232s] Level 1:colcon.colcon_core.package_identification:_identify(src/pkg_template_cpp) by extensions ['colcon_meta']
[0.232s] Level 1:colcon.colcon_core.package_identification:_identify(src/pkg_template_cpp) by extension 'colcon_meta'
[0.232s] Level 1:colcon.colcon_core.package_identification:_identify(src/pkg_template_cpp) by extensions ['ros']
[0.232s] Level 1:colcon.colcon_core.package_identification:_identify(src/pkg_template_cpp) by extension 'ros'
[0.235s] DEBUG:colcon.colcon_core.package_identification:Package 'src/pkg_template_cpp' with type 'ros.ament_cmake' and name 'pkg_template_cpp'
[0.235s] Level 1:colcon.colcon_core.package_identification:_identify(src/pkg_template_py) by extensions ['ignore', 'ignore_ament_install']
[0.235s] Level 1:colcon.colcon_core.package_identification:_identify(src/pkg_template_py) by extension 'ignore'
[0.235s] Level 1:colcon.colcon_core.package_identification:_identify(src/pkg_template_py) by extension 'ignore_ament_install'
[0.235s] Level 1:colcon.colcon_core.package_identification:_identify(src/pkg_template_py) by extensions ['colcon_pkg']
[0.235s] Level 1:colcon.colcon_core.package_identification:_identify(src/pkg_template_py) by extension 'colcon_pkg'
[0.235s] Level 1:colcon.colcon_core.package_identification:_identify(src/pkg_template_py) by extensions ['colcon_meta']
[0.235s] Level 1:colcon.colcon_core.package_identification:_identify(src/pkg_template_py) by extension 'colcon_meta'
[0.235s] Level 1:colcon.colcon_core.package_identification:_identify(src/pkg_template_py) by extensions ['ros']
[0.235s] Level 1:colcon.colcon_core.package_identification:_identify(src/pkg_template_py) by extension 'ros'
[0.236s] DEBUG:colcon.colcon_core.package_identification:Package 'src/pkg_template_py' with type 'ros.ament_python' and name 'pkg_template_py'
[0.236s] Level 1:colcon.colcon_core.package_identification:_identify(src/pkg_udemy_course) by extensions ['ignore', 'ignore_ament_install']
[0.236s] Level 1:colcon.colcon_core.package_identification:_identify(src/pkg_udemy_course) by extension 'ignore'
[0.236s] Level 1:colcon.colcon_core.package_identification:_identify(src/pkg_udemy_course) by extension 'ignore_ament_install'
[0.236s] Level 1:colcon.colcon_core.package_identification:_identify(src/pkg_udemy_course) by extensions ['colcon_pkg']
[0.236s] Level 1:colcon.colcon_core.package_identification:_identify(src/pkg_udemy_course) by extension 'colcon_pkg'
[0.236s] Level 1:colcon.colcon_core.package_identification:_identify(src/pkg_udemy_course) by extensions ['colcon_meta']
[0.236s] Level 1:colcon.colcon_core.package_identification:_identify(src/pkg_udemy_course) by extension 'colcon_meta'
[0.236s] Level 1:colcon.colcon_core.package_identification:_identify(src/pkg_udemy_course) by extensions ['ros']
[0.236s] Level 1:colcon.colcon_core.package_identification:_identify(src/pkg_udemy_course) by extension 'ros'
[0.237s] DEBUG:colcon.colcon_core.package_identification:Package 'src/pkg_udemy_course' with type 'ros.ament_python' and name 'pkg_udemy_course'
[0.237s] Level 1:colcon.colcon_core.package_identification:_identify(src/ros2jazzy_opencv) by extensions ['ignore', 'ignore_ament_install']
[0.237s] Level 1:colcon.colcon_core.package_identification:_identify(src/ros2jazzy_opencv) by extension 'ignore'
[0.237s] Level 1:colcon.colcon_core.package_identification:_identify(src/ros2jazzy_opencv) by extension 'ignore_ament_install'
[0.237s] Level 1:colcon.colcon_core.package_identification:_identify(src/ros2jazzy_opencv) by extensions ['colcon_pkg']
[0.237s] Level 1:colcon.colcon_core.package_identification:_identify(src/ros2jazzy_opencv) by extension 'colcon_pkg'
[0.237s] Level 1:colcon.colcon_core.package_identification:_identify(src/ros2jazzy_opencv) by extensions ['colcon_meta']
[0.237s] Level 1:colcon.colcon_core.package_identification:_identify(src/ros2jazzy_opencv) by extension 'colcon_meta'
[0.237s] Level 1:colcon.colcon_core.package_identification:_identify(src/ros2jazzy_opencv) by extensions ['ros']
[0.237s] Level 1:colcon.colcon_core.package_identification:_identify(src/ros2jazzy_opencv) by extension 'ros'
[0.238s] DEBUG:colcon.colcon_core.package_identification:Package 'src/ros2jazzy_opencv' with type 'ros.ament_python' and name 'ros2jazzy_opencv'
[0.238s] Level 1:colcon.colcon_core.package_discovery:discover_packages(recursive) using defaults
[0.238s] Level 1:colcon.colcon_core.package_discovery:discover_packages(ignore) discover
[0.238s] Level 1:colcon.colcon_core.package_discovery:discover_packages(ignore) using defaults
[0.238s] Level 1:colcon.colcon_core.package_discovery:discover_packages(path) discover
[0.238s] Level 1:colcon.colcon_core.package_discovery:discover_packages(path) using defaults
[0.256s] INFO:colcon.colcon_core.package_selection:Skipping not selected package 'pkg_template_cpp' in 'src/pkg_template_cpp'
[0.256s] INFO:colcon.colcon_core.package_selection:Skipping not selected package 'pkg_template_py' in 'src/pkg_template_py'
[0.256s] INFO:colcon.colcon_core.package_selection:Skipping not selected package 'ros2jazzy_opencv' in 'src/ros2jazzy_opencv'
[0.257s] Level 1:colcon.colcon_core.package_discovery:discover_packages(prefix_path) check parameters
[0.257s] Level 1:colcon.colcon_core.package_discovery:discover_packages(prefix_path) discover
[0.259s] WARNING:colcon.colcon_core.prefix_path.colcon:The path '/home/nijin26/ros2_ws/src/install' in the environment variable COLCON_PREFIX_PATH doesn't exist
[0.259s] WARNING:colcon.colcon_ros.prefix_path.ament:The path '/home/nijin26/ros2_ws/src/install/pkg_udemy_course' in the environment variable AMENT_PREFIX_PATH doesn't exist
[0.259s] WARNING:colcon.colcon_ros.prefix_path.ament:The path '/home/nijin26/ros2_ws/install/ros2jazzy_opencv' in the environment variable AMENT_PREFIX_PATH doesn't exist
[0.259s] WARNING:colcon.colcon_ros.prefix_path.ament:The path '/home/nijin26/ros2_ws/install/pkg_template_py' in the environment variable AMENT_PREFIX_PATH doesn't exist
[0.259s] WARNING:colcon.colcon_ros.prefix_path.ament:The path '/home/nijin26/ros2_ws/install/pkg_template_cpp' in the environment variable AMENT_PREFIX_PATH doesn't exist
[0.259s] WARNING:colcon.colcon_ros.prefix_path.catkin:The path '/home/nijin26/ros2_ws/install/pkg_template_cpp' in the environment variable CMAKE_PREFIX_PATH doesn't exist
[0.260s] DEBUG:colcon.colcon_installed_package_information.package_discovery:Found 0 installed packages in /home/nijin26/ros2_ws/install
[0.262s] DEBUG:colcon.colcon_installed_package_information.package_discovery:Found 285 installed packages in /opt/ros/jazzy
[0.262s] Level 1:colcon.colcon_core.package_discovery:discover_packages(prefix_path) using defaults
[0.309s] Level 5:colcon.colcon_core.verb:set package 'pkg_udemy_course' build argument 'cmake_args' from command line to 'None'
[0.309s] Level 5:colcon.colcon_core.verb:set package 'pkg_udemy_course' build argument 'cmake_target' from command line to 'None'
[0.309s] Level 5:colcon.colcon_core.verb:set package 'pkg_udemy_course' build argument 'cmake_target_skip_unavailable' from command line to 'False'
[0.309s] Level 5:colcon.colcon_core.verb:set package 'pkg_udemy_course' build argument 'cmake_clean_cache' from command line to 'False'
[0.309s] Level 5:colcon.colcon_core.verb:set package 'pkg_udemy_course' build argument 'cmake_clean_first' from command line to 'False'
[0.309s] Level 5:colcon.colcon_core.verb:set package 'pkg_udemy_course' build argument 'cmake_force_configure' from command line to 'False'
[0.309s] Level 5:colcon.colcon_core.verb:set package 'pkg_udemy_course' build argument 'ament_cmake_args' from command line to 'None'
[0.309s] Level 5:colcon.colcon_core.verb:set package 'pkg_udemy_course' build argument 'catkin_cmake_args' from command line to 'None'
[0.309s] Level 5:colcon.colcon_core.verb:set package 'pkg_udemy_course' build argument 'catkin_skip_building_tests' from command line to 'False'
[0.309s] DEBUG:colcon.colcon_core.verb:Building package 'pkg_udemy_course' with the following arguments: {'ament_cmake_args': None, 'build_base': '/home/nijin26/ros2_ws/build/pkg_udemy_course', 'catkin_cmake_args': None, 'catkin_skip_building_tests': False, 'cmake_args': None, 'cmake_clean_cache': False, 'cmake_clean_first': False, 'cmake_force_configure': False, 'cmake_target': None, 'cmake_target_skip_unavailable': False, 'install_base': '/home/nijin26/ros2_ws/install/pkg_udemy_course', 'merge_install': False, 'path': '/home/nijin26/ros2_ws/src/pkg_udemy_course', 'symlink_install': False, 'test_result_base': None}
[0.309s] INFO:colcon.colcon_core.executor:Executing jobs using 'parallel' executor
[0.310s] DEBUG:colcon.colcon_parallel_executor.executor.parallel:run_until_complete
[0.310s] INFO:colcon.colcon_ros.task.ament_python.build:Building ROS package in '/home/nijin26/ros2_ws/src/pkg_udemy_course' with build type 'ament_python'
[0.310s] Level 1:colcon.colcon_core.shell:create_environment_hook('pkg_udemy_course', 'ament_prefix_path')
[0.314s] INFO:colcon.colcon_core.plugin_system:Skipping extension 'colcon_core.shell.bat': Not used on non-Windows systems
[0.314s] INFO:colcon.colcon_core.shell:Creating environment hook '/home/nijin26/ros2_ws/install/pkg_udemy_course/share/pkg_udemy_course/hook/ament_prefix_path.ps1'
[0.315s] INFO:colcon.colcon_core.shell:Creating environment descriptor '/home/nijin26/ros2_ws/install/pkg_udemy_course/share/pkg_udemy_course/hook/ament_prefix_path.dsv'
[0.315s] INFO:colcon.colcon_core.shell:Creating environment hook '/home/nijin26/ros2_ws/install/pkg_udemy_course/share/pkg_udemy_course/hook/ament_prefix_path.sh'
[0.316s] INFO:colcon.colcon_core.shell:Skip shell extension 'powershell' for command environment: Not usable outside of PowerShell
[0.316s] DEBUG:colcon.colcon_core.shell:Skip shell extension 'dsv' for command environment
[0.543s] INFO:colcon.colcon_core.task.python.build:Building Python package in '/home/nijin26/ros2_ws/src/pkg_udemy_course'
[0.543s] INFO:colcon.colcon_core.shell:Skip shell extension 'powershell' for command environment: Not usable outside of PowerShell
[0.543s] DEBUG:colcon.colcon_core.shell:Skip shell extension 'dsv' for command environment
[1.161s] DEBUG:colcon.colcon_core.event_handler.log_command:Invoking command in '/home/nijin26/ros2_ws/src/pkg_udemy_course': DEBUGINFOD_URLS=https://debuginfod.ubuntu.com PYTHONPATH=/home/nijin26/ros2_ws/build/pkg_udemy_course/prefix_override:/usr/lib/python3/dist-packages/colcon_core/task/python/colcon_distutils_commands:/home/nijin26/ros2_ws/install/pkg_udemy_course/lib/python3.12/site-packages:${PYTHONPATH} /usr/bin/python3 -W ignore:setup.py install is deprecated setup.py egg_info --egg-base ../../build/pkg_udemy_course build --build-base /home/nijin26/ros2_ws/build/pkg_udemy_course/build install --record /home/nijin26/ros2_ws/build/pkg_udemy_course/install.log --single-version-externally-managed install_data
[1.753s] DEBUG:colcon.colcon_core.event_handler.log_command:Invoked command in '/home/nijin26/ros2_ws/src/pkg_udemy_course' returned '0': DEBUGINFOD_URLS=https://debuginfod.ubuntu.com PYTHONPATH=/home/nijin26/ros2_ws/build/pkg_udemy_course/prefix_override:/usr/lib/python3/dist-packages/colcon_core/task/python/colcon_distutils_commands:/home/nijin26/ros2_ws/install/pkg_udemy_course/lib/python3.12/site-packages:${PYTHONPATH} /usr/bin/python3 -W ignore:setup.py install is deprecated setup.py egg_info --egg-base ../../build/pkg_udemy_course build --build-base /home/nijin26/ros2_ws/build/pkg_udemy_course/build install --record /home/nijin26/ros2_ws/build/pkg_udemy_course/install.log --single-version-externally-managed install_data
[1.756s] Level 1:colcon.colcon_core.environment:checking '/home/nijin26/ros2_ws/install/pkg_udemy_course' for CMake module files
[1.756s] Level 1:colcon.colcon_core.environment:checking '/home/nijin26/ros2_ws/install/pkg_udemy_course' for CMake config files
[1.757s] Level 1:colcon.colcon_core.environment:checking '/home/nijin26/ros2_ws/install/pkg_udemy_course/lib'
[1.757s] Level 1:colcon.colcon_core.environment:checking '/home/nijin26/ros2_ws/install/pkg_udemy_course/bin'
[1.757s] Level 1:colcon.colcon_core.environment:checking '/home/nijin26/ros2_ws/install/pkg_udemy_course/lib/pkgconfig/pkg_udemy_course.pc'
[1.757s] Level 1:colcon.colcon_core.environment:checking '/home/nijin26/ros2_ws/install/pkg_udemy_course/lib/python3.12/site-packages'
[1.757s] Level 1:colcon.colcon_core.shell:create_environment_hook('pkg_udemy_course', 'pythonpath')
[1.757s] INFO:colcon.colcon_core.shell:Creating environment hook '/home/nijin26/ros2_ws/install/pkg_udemy_course/share/pkg_udemy_course/hook/pythonpath.ps1'
[1.758s] INFO:colcon.colcon_core.shell:Creating environment descriptor '/home/nijin26/ros2_ws/install/pkg_udemy_course/share/pkg_udemy_course/hook/pythonpath.dsv'
[1.758s] INFO:colcon.colcon_core.shell:Creating environment hook '/home/nijin26/ros2_ws/install/pkg_udemy_course/share/pkg_udemy_course/hook/pythonpath.sh'
[1.758s] Level 1:colcon.colcon_core.environment:checking '/home/nijin26/ros2_ws/install/pkg_udemy_course/bin'
[1.759s] Level 1:colcon.colcon_core.environment:create_environment_scripts_only(pkg_udemy_course)
[1.759s] INFO:colcon.colcon_core.shell:Creating package script '/home/nijin26/ros2_ws/install/pkg_udemy_course/share/pkg_udemy_course/package.ps1'
[1.759s] INFO:colcon.colcon_core.shell:Creating package descriptor '/home/nijin26/ros2_ws/install/pkg_udemy_course/share/pkg_udemy_course/package.dsv'
[1.760s] INFO:colcon.colcon_core.shell:Creating package script '/home/nijin26/ros2_ws/install/pkg_udemy_course/share/pkg_udemy_course/package.sh'
[1.760s] INFO:colcon.colcon_core.shell:Creating package script '/home/nijin26/ros2_ws/install/pkg_udemy_course/share/pkg_udemy_course/package.bash'
[1.761s] INFO:colcon.colcon_core.shell:Creating package script '/home/nijin26/ros2_ws/install/pkg_udemy_course/share/pkg_udemy_course/package.zsh'
[1.761s] Level 1:colcon.colcon_core.environment:create_file_with_runtime_dependencies(/home/nijin26/ros2_ws/install/pkg_udemy_course/share/colcon-core/packages/pkg_udemy_course)
[1.762s] DEBUG:colcon.colcon_parallel_executor.executor.parallel:closing loop
[1.762s] DEBUG:colcon.colcon_parallel_executor.executor.parallel:loop closed
[1.762s] DEBUG:colcon.colcon_parallel_executor.executor.parallel:run_until_complete finished with '0'
[1.762s] DEBUG:colcon.colcon_core.event_reactor:joining thread
[1.769s] INFO:colcon.colcon_core.plugin_system:Skipping extension 'colcon_notification.desktop_notification.terminal_notifier': Not used on non-Darwin systems
[1.769s] INFO:colcon.colcon_core.plugin_system:Skipping extension 'colcon_notification.desktop_notification.win32': Not used on non-Windows systems
[1.769s] INFO:colcon.colcon_notification.desktop_notification:Sending desktop notification using 'notify2'
[1.784s] DEBUG:colcon.colcon_core.event_reactor:joined thread
[1.784s] INFO:colcon.colcon_core.shell:Creating prefix script '/home/nijin26/ros2_ws/install/local_setup.ps1'
[1.785s] INFO:colcon.colcon_core.shell:Creating prefix util module '/home/nijin26/ros2_ws/install/_local_setup_util_ps1.py'
[1.786s] INFO:colcon.colcon_core.shell:Creating prefix chain script '/home/nijin26/ros2_ws/install/setup.ps1'
[1.787s] INFO:colcon.colcon_core.shell:Creating prefix script '/home/nijin26/ros2_ws/install/local_setup.sh'
[1.787s] INFO:colcon.colcon_core.shell:Creating prefix util module '/home/nijin26/ros2_ws/install/_local_setup_util_sh.py'
[1.788s] INFO:colcon.colcon_core.shell:Creating prefix chain script '/home/nijin26/ros2_ws/install/setup.sh'
[1.789s] INFO:colcon.colcon_core.shell:Creating prefix script '/home/nijin26/ros2_ws/install/local_setup.bash'
[1.789s] INFO:colcon.colcon_core.shell:Creating prefix chain script '/home/nijin26/ros2_ws/install/setup.bash'
[1.790s] INFO:colcon.colcon_core.shell:Creating prefix script '/home/nijin26/ros2_ws/install/local_setup.zsh'
[1.790s] INFO:colcon.colcon_core.shell:Creating prefix chain script '/home/nijin26/ros2_ws/install/setup.zsh'
