[0.170s] DEBUG:colcon:Command line arguments: ['/usr/bin/colcon', 'build']
[0.170s] DEBUG:colcon:Parsed command line arguments: Namespace(log_base=None, log_level=None, verb_name='build', build_base='build', install_base='install', merge_install=False, symlink_install=False, test_result_base=None, continue_on_error=False, executor='parallel', parallel_workers=12, event_handlers=None, ignore_user_meta=False, metas=['./colcon.meta'], base_paths=['.'], packages_ignore=None, packages_ignore_regex=None, paths=None, packages_up_to=None, packages_up_to_regex=None, packages_above=None, packages_above_and_dependencies=None, packages_above_depth=None, packages_select_by_dep=None, packages_skip_by_dep=None, packages_skip_up_to=None, packages_select_build_failed=False, packages_skip_build_finished=False, packages_select_test_failures=False, packages_skip_test_passed=False, packages_select=None, packages_skip=None, packages_select_regex=None, packages_skip_regex=None, packages_start=None, packages_end=None, allow_overriding=[], cmake_args=None, cmake_target=None, cmake_target_skip_unavailable=False, cmake_clean_cache=False, cmake_clean_first=False, cmake_force_configure=False, ament_cmake_args=None, catkin_cmake_args=None, catkin_skip_building_tests=False, mixin_files=None, mixin=None, verb_parser=<colcon_mixin.mixin.mixin_argument.MixinArgumentDecorator object at 0x7c7d4aee4590>, verb_extension=<colcon_core.verb.build.BuildVerb object at 0x7c7d4ae21ca0>, main=<bound method BuildVerb.main of <colcon_core.verb.build.BuildVerb object at 0x7c7d4ae21ca0>>, mixin_verb=('build',))
[0.205s] Level 1:colcon.colcon_core.package_discovery:discover_packages(colcon_meta) check parameters
[0.205s] Level 1:colcon.colcon_core.package_discovery:discover_packages(recursive) check parameters
[0.205s] Level 1:colcon.colcon_core.package_discovery:discover_packages(ignore) check parameters
[0.205s] Level 1:colcon.colcon_core.package_discovery:discover_packages(path) check parameters
[0.205s] Level 1:colcon.colcon_core.package_discovery:discover_packages(colcon_meta) discover
[0.205s] Level 1:colcon.colcon_core.package_discovery:discover_packages(recursive) discover
[0.205s] INFO:colcon.colcon_core.package_discovery:Crawling recursively for packages in '/home/nijin26/ros2_ws'
[0.205s] Level 1:colcon.colcon_core.package_identification:_identify(.) by extensions ['ignore', 'ignore_ament_install']
[0.205s] Level 1:colcon.colcon_core.package_identification:_identify(.) by extension 'ignore'
[0.205s] Level 1:colcon.colcon_core.package_identification:_identify(.) by extension 'ignore_ament_install'
[0.206s] Level 1:colcon.colcon_core.package_identification:_identify(.) by extensions ['colcon_pkg']
[0.206s] Level 1:colcon.colcon_core.package_identification:_identify(.) by extension 'colcon_pkg'
[0.206s] Level 1:colcon.colcon_core.package_identification:_identify(.) by extensions ['colcon_meta']
[0.206s] Level 1:colcon.colcon_core.package_identification:_identify(.) by extension 'colcon_meta'
[0.206s] Level 1:colcon.colcon_core.package_identification:_identify(.) by extensions ['ros']
[0.206s] Level 1:colcon.colcon_core.package_identification:_identify(.) by extension 'ros'
[0.234s] Level 1:colcon.colcon_core.package_identification:_identify(.) by extensions ['cmake', 'python']
[0.234s] Level 1:colcon.colcon_core.package_identification:_identify(.) by extension 'cmake'
[0.234s] Level 1:colcon.colcon_core.package_identification:_identify(.) by extension 'python'
[0.234s] Level 1:colcon.colcon_core.package_identification:_identify(.) by extensions ['python_setup_py']
[0.234s] Level 1:colcon.colcon_core.package_identification:_identify(.) by extension 'python_setup_py'
[0.235s] Level 1:colcon.colcon_core.package_identification:_identify(build) by extensions ['ignore', 'ignore_ament_install']
[0.235s] Level 1:colcon.colcon_core.package_identification:_identify(build) by extension 'ignore'
[0.235s] Level 1:colcon.colcon_core.package_identification:_identify(build) ignored
[0.235s] Level 1:colcon.colcon_core.package_identification:_identify(install) by extensions ['ignore', 'ignore_ament_install']
[0.235s] Level 1:colcon.colcon_core.package_identification:_identify(install) by extension 'ignore'
[0.235s] Level 1:colcon.colcon_core.package_identification:_identify(install) ignored
[0.235s] Level 1:colcon.colcon_core.package_identification:_identify(log) by extensions ['ignore', 'ignore_ament_install']
[0.235s] Level 1:colcon.colcon_core.package_identification:_identify(log) by extension 'ignore'
[0.235s] Level 1:colcon.colcon_core.package_identification:_identify(log) ignored
[0.235s] Level 1:colcon.colcon_core.package_identification:_identify(src) by extensions ['ignore', 'ignore_ament_install']
[0.235s] Level 1:colcon.colcon_core.package_identification:_identify(src) by extension 'ignore'
[0.235s] Level 1:colcon.colcon_core.package_identification:_identify(src) by extension 'ignore_ament_install'
[0.235s] Level 1:colcon.colcon_core.package_identification:_identify(src) by extensions ['colcon_pkg']
[0.235s] Level 1:colcon.colcon_core.package_identification:_identify(src) by extension 'colcon_pkg'
[0.235s] Level 1:colcon.colcon_core.package_identification:_identify(src) by extensions ['colcon_meta']
[0.235s] Level 1:colcon.colcon_core.package_identification:_identify(src) by extension 'colcon_meta'
[0.236s] Level 1:colcon.colcon_core.package_identification:_identify(src) by extensions ['ros']
[0.236s] Level 1:colcon.colcon_core.package_identification:_identify(src) by extension 'ros'
[0.236s] Level 1:colcon.colcon_core.package_identification:_identify(src) by extensions ['cmake', 'python']
[0.236s] Level 1:colcon.colcon_core.package_identification:_identify(src) by extension 'cmake'
[0.236s] Level 1:colcon.colcon_core.package_identification:_identify(src) by extension 'python'
[0.236s] Level 1:colcon.colcon_core.package_identification:_identify(src) by extensions ['python_setup_py']
[0.236s] Level 1:colcon.colcon_core.package_identification:_identify(src) by extension 'python_setup_py'
[0.236s] Level 1:colcon.colcon_core.package_identification:_identify(src/pkg_template_cpp) by extensions ['ignore', 'ignore_ament_install']
[0.236s] Level 1:colcon.colcon_core.package_identification:_identify(src/pkg_template_cpp) by extension 'ignore'
[0.236s] Level 1:colcon.colcon_core.package_identification:_identify(src/pkg_template_cpp) by extension 'ignore_ament_install'
[0.236s] Level 1:colcon.colcon_core.package_identification:_identify(src/pkg_template_cpp) by extensions ['colcon_pkg']
[0.236s] Level 1:colcon.colcon_core.package_identification:_identify(src/pkg_template_cpp) by extension 'colcon_pkg'
[0.236s] Level 1:colcon.colcon_core.package_identification:_identify(src/pkg_template_cpp) by extensions ['colcon_meta']
[0.236s] Level 1:colcon.colcon_core.package_identification:_identify(src/pkg_template_cpp) by extension 'colcon_meta'
[0.236s] Level 1:colcon.colcon_core.package_identification:_identify(src/pkg_template_cpp) by extensions ['ros']
[0.236s] Level 1:colcon.colcon_core.package_identification:_identify(src/pkg_template_cpp) by extension 'ros'
[0.239s] DEBUG:colcon.colcon_core.package_identification:Package 'src/pkg_template_cpp' with type 'ros.ament_cmake' and name 'pkg_template_cpp'
[0.239s] Level 1:colcon.colcon_core.package_identification:_identify(src/pkg_template_py) by extensions ['ignore', 'ignore_ament_install']
[0.239s] Level 1:colcon.colcon_core.package_identification:_identify(src/pkg_template_py) by extension 'ignore'
[0.239s] Level 1:colcon.colcon_core.package_identification:_identify(src/pkg_template_py) by extension 'ignore_ament_install'
[0.239s] Level 1:colcon.colcon_core.package_identification:_identify(src/pkg_template_py) by extensions ['colcon_pkg']
[0.239s] Level 1:colcon.colcon_core.package_identification:_identify(src/pkg_template_py) by extension 'colcon_pkg'
[0.239s] Level 1:colcon.colcon_core.package_identification:_identify(src/pkg_template_py) by extensions ['colcon_meta']
[0.239s] Level 1:colcon.colcon_core.package_identification:_identify(src/pkg_template_py) by extension 'colcon_meta'
[0.239s] Level 1:colcon.colcon_core.package_identification:_identify(src/pkg_template_py) by extensions ['ros']
[0.239s] Level 1:colcon.colcon_core.package_identification:_identify(src/pkg_template_py) by extension 'ros'
[0.240s] DEBUG:colcon.colcon_core.package_identification:Package 'src/pkg_template_py' with type 'ros.ament_python' and name 'pkg_template_py'
[0.240s] Level 1:colcon.colcon_core.package_identification:_identify(src/pkg_udemy_course) by extensions ['ignore', 'ignore_ament_install']
[0.240s] Level 1:colcon.colcon_core.package_identification:_identify(src/pkg_udemy_course) by extension 'ignore'
[0.240s] Level 1:colcon.colcon_core.package_identification:_identify(src/pkg_udemy_course) by extension 'ignore_ament_install'
[0.240s] Level 1:colcon.colcon_core.package_identification:_identify(src/pkg_udemy_course) by extensions ['colcon_pkg']
[0.240s] Level 1:colcon.colcon_core.package_identification:_identify(src/pkg_udemy_course) by extension 'colcon_pkg'
[0.240s] Level 1:colcon.colcon_core.package_identification:_identify(src/pkg_udemy_course) by extensions ['colcon_meta']
[0.240s] Level 1:colcon.colcon_core.package_identification:_identify(src/pkg_udemy_course) by extension 'colcon_meta'
[0.240s] Level 1:colcon.colcon_core.package_identification:_identify(src/pkg_udemy_course) by extensions ['ros']
[0.240s] Level 1:colcon.colcon_core.package_identification:_identify(src/pkg_udemy_course) by extension 'ros'
[0.241s] DEBUG:colcon.colcon_core.package_identification:Package 'src/pkg_udemy_course' with type 'ros.ament_python' and name 'pkg_udemy_course'
[0.241s] Level 1:colcon.colcon_core.package_identification:_identify(src/ros2jazzy_opencv) by extensions ['ignore', 'ignore_ament_install']
[0.241s] Level 1:colcon.colcon_core.package_identification:_identify(src/ros2jazzy_opencv) by extension 'ignore'
[0.241s] Level 1:colcon.colcon_core.package_identification:_identify(src/ros2jazzy_opencv) by extension 'ignore_ament_install'
[0.241s] Level 1:colcon.colcon_core.package_identification:_identify(src/ros2jazzy_opencv) by extensions ['colcon_pkg']
[0.241s] Level 1:colcon.colcon_core.package_identification:_identify(src/ros2jazzy_opencv) by extension 'colcon_pkg'
[0.241s] Level 1:colcon.colcon_core.package_identification:_identify(src/ros2jazzy_opencv) by extensions ['colcon_meta']
[0.241s] Level 1:colcon.colcon_core.package_identification:_identify(src/ros2jazzy_opencv) by extension 'colcon_meta'
[0.241s] Level 1:colcon.colcon_core.package_identification:_identify(src/ros2jazzy_opencv) by extensions ['ros']
[0.241s] Level 1:colcon.colcon_core.package_identification:_identify(src/ros2jazzy_opencv) by extension 'ros'
[0.242s] DEBUG:colcon.colcon_core.package_identification:Package 'src/ros2jazzy_opencv' with type 'ros.ament_python' and name 'ros2jazzy_opencv'
[0.242s] Level 1:colcon.colcon_core.package_discovery:discover_packages(recursive) using defaults
[0.242s] Level 1:colcon.colcon_core.package_discovery:discover_packages(ignore) discover
[0.242s] Level 1:colcon.colcon_core.package_discovery:discover_packages(ignore) using defaults
[0.242s] Level 1:colcon.colcon_core.package_discovery:discover_packages(path) discover
[0.242s] Level 1:colcon.colcon_core.package_discovery:discover_packages(path) using defaults
[0.261s] Level 1:colcon.colcon_core.package_discovery:discover_packages(prefix_path) check parameters
[0.261s] Level 1:colcon.colcon_core.package_discovery:discover_packages(prefix_path) discover
[0.263s] WARNING:colcon.colcon_core.prefix_path.colcon:The path '/home/nijin26/ros2_ws/src/install' in the environment variable COLCON_PREFIX_PATH doesn't exist
[0.263s] WARNING:colcon.colcon_ros.prefix_path.ament:The path '/home/nijin26/ros2_ws/src/install/pkg_udemy_course' in the environment variable AMENT_PREFIX_PATH doesn't exist
[0.264s] DEBUG:colcon.colcon_installed_package_information.package_discovery:Found 4 installed packages in /home/nijin26/ros2_ws/install
[0.266s] DEBUG:colcon.colcon_installed_package_information.package_discovery:Found 285 installed packages in /opt/ros/jazzy
[0.266s] Level 1:colcon.colcon_core.package_discovery:discover_packages(prefix_path) using defaults
[0.316s] Level 5:colcon.colcon_core.verb:set package 'pkg_template_cpp' build argument 'cmake_args' from command line to 'None'
[0.316s] Level 5:colcon.colcon_core.verb:set package 'pkg_template_cpp' build argument 'cmake_target' from command line to 'None'
[0.316s] Level 5:colcon.colcon_core.verb:set package 'pkg_template_cpp' build argument 'cmake_target_skip_unavailable' from command line to 'False'
[0.316s] Level 5:colcon.colcon_core.verb:set package 'pkg_template_cpp' build argument 'cmake_clean_cache' from command line to 'False'
[0.316s] Level 5:colcon.colcon_core.verb:set package 'pkg_template_cpp' build argument 'cmake_clean_first' from command line to 'False'
[0.316s] Level 5:colcon.colcon_core.verb:set package 'pkg_template_cpp' build argument 'cmake_force_configure' from command line to 'False'
[0.316s] Level 5:colcon.colcon_core.verb:set package 'pkg_template_cpp' build argument 'ament_cmake_args' from command line to 'None'
[0.316s] Level 5:colcon.colcon_core.verb:set package 'pkg_template_cpp' build argument 'catkin_cmake_args' from command line to 'None'
[0.316s] Level 5:colcon.colcon_core.verb:set package 'pkg_template_cpp' build argument 'catkin_skip_building_tests' from command line to 'False'
[0.316s] DEBUG:colcon.colcon_core.verb:Building package 'pkg_template_cpp' with the following arguments: {'ament_cmake_args': None, 'build_base': '/home/nijin26/ros2_ws/build/pkg_template_cpp', 'catkin_cmake_args': None, 'catkin_skip_building_tests': False, 'cmake_args': None, 'cmake_clean_cache': False, 'cmake_clean_first': False, 'cmake_force_configure': False, 'cmake_target': None, 'cmake_target_skip_unavailable': False, 'install_base': '/home/nijin26/ros2_ws/install/pkg_template_cpp', 'merge_install': False, 'path': '/home/nijin26/ros2_ws/src/pkg_template_cpp', 'symlink_install': False, 'test_result_base': None}
[0.316s] Level 5:colcon.colcon_core.verb:set package 'pkg_template_py' build argument 'cmake_args' from command line to 'None'
[0.317s] Level 5:colcon.colcon_core.verb:set package 'pkg_template_py' build argument 'cmake_target' from command line to 'None'
[0.317s] Level 5:colcon.colcon_core.verb:set package 'pkg_template_py' build argument 'cmake_target_skip_unavailable' from command line to 'False'
[0.317s] Level 5:colcon.colcon_core.verb:set package 'pkg_template_py' build argument 'cmake_clean_cache' from command line to 'False'
[0.317s] Level 5:colcon.colcon_core.verb:set package 'pkg_template_py' build argument 'cmake_clean_first' from command line to 'False'
[0.317s] Level 5:colcon.colcon_core.verb:set package 'pkg_template_py' build argument 'cmake_force_configure' from command line to 'False'
[0.317s] Level 5:colcon.colcon_core.verb:set package 'pkg_template_py' build argument 'ament_cmake_args' from command line to 'None'
[0.317s] Level 5:colcon.colcon_core.verb:set package 'pkg_template_py' build argument 'catkin_cmake_args' from command line to 'None'
[0.317s] Level 5:colcon.colcon_core.verb:set package 'pkg_template_py' build argument 'catkin_skip_building_tests' from command line to 'False'
[0.317s] DEBUG:colcon.colcon_core.verb:Building package 'pkg_template_py' with the following arguments: {'ament_cmake_args': None, 'build_base': '/home/nijin26/ros2_ws/build/pkg_template_py', 'catkin_cmake_args': None, 'catkin_skip_building_tests': False, 'cmake_args': None, 'cmake_clean_cache': False, 'cmake_clean_first': False, 'cmake_force_configure': False, 'cmake_target': None, 'cmake_target_skip_unavailable': False, 'install_base': '/home/nijin26/ros2_ws/install/pkg_template_py', 'merge_install': False, 'path': '/home/nijin26/ros2_ws/src/pkg_template_py', 'symlink_install': False, 'test_result_base': None}
[0.317s] Level 5:colcon.colcon_core.verb:set package 'pkg_udemy_course' build argument 'cmake_args' from command line to 'None'
[0.317s] Level 5:colcon.colcon_core.verb:set package 'pkg_udemy_course' build argument 'cmake_target' from command line to 'None'
[0.317s] Level 5:colcon.colcon_core.verb:set package 'pkg_udemy_course' build argument 'cmake_target_skip_unavailable' from command line to 'False'
[0.317s] Level 5:colcon.colcon_core.verb:set package 'pkg_udemy_course' build argument 'cmake_clean_cache' from command line to 'False'
[0.317s] Level 5:colcon.colcon_core.verb:set package 'pkg_udemy_course' build argument 'cmake_clean_first' from command line to 'False'
[0.317s] Level 5:colcon.colcon_core.verb:set package 'pkg_udemy_course' build argument 'cmake_force_configure' from command line to 'False'
[0.317s] Level 5:colcon.colcon_core.verb:set package 'pkg_udemy_course' build argument 'ament_cmake_args' from command line to 'None'
[0.317s] Level 5:colcon.colcon_core.verb:set package 'pkg_udemy_course' build argument 'catkin_cmake_args' from command line to 'None'
[0.317s] Level 5:colcon.colcon_core.verb:set package 'pkg_udemy_course' build argument 'catkin_skip_building_tests' from command line to 'False'
[0.317s] DEBUG:colcon.colcon_core.verb:Building package 'pkg_udemy_course' with the following arguments: {'ament_cmake_args': None, 'build_base': '/home/nijin26/ros2_ws/build/pkg_udemy_course', 'catkin_cmake_args': None, 'catkin_skip_building_tests': False, 'cmake_args': None, 'cmake_clean_cache': False, 'cmake_clean_first': False, 'cmake_force_configure': False, 'cmake_target': None, 'cmake_target_skip_unavailable': False, 'install_base': '/home/nijin26/ros2_ws/install/pkg_udemy_course', 'merge_install': False, 'path': '/home/nijin26/ros2_ws/src/pkg_udemy_course', 'symlink_install': False, 'test_result_base': None}
[0.317s] Level 5:colcon.colcon_core.verb:set package 'ros2jazzy_opencv' build argument 'cmake_args' from command line to 'None'
[0.317s] Level 5:colcon.colcon_core.verb:set package 'ros2jazzy_opencv' build argument 'cmake_target' from command line to 'None'
[0.317s] Level 5:colcon.colcon_core.verb:set package 'ros2jazzy_opencv' build argument 'cmake_target_skip_unavailable' from command line to 'False'
[0.318s] Level 5:colcon.colcon_core.verb:set package 'ros2jazzy_opencv' build argument 'cmake_clean_cache' from command line to 'False'
[0.318s] Level 5:colcon.colcon_core.verb:set package 'ros2jazzy_opencv' build argument 'cmake_clean_first' from command line to 'False'
[0.318s] Level 5:colcon.colcon_core.verb:set package 'ros2jazzy_opencv' build argument 'cmake_force_configure' from command line to 'False'
[0.318s] Level 5:colcon.colcon_core.verb:set package 'ros2jazzy_opencv' build argument 'ament_cmake_args' from command line to 'None'
[0.318s] Level 5:colcon.colcon_core.verb:set package 'ros2jazzy_opencv' build argument 'catkin_cmake_args' from command line to 'None'
[0.318s] Level 5:colcon.colcon_core.verb:set package 'ros2jazzy_opencv' build argument 'catkin_skip_building_tests' from command line to 'False'
[0.318s] DEBUG:colcon.colcon_core.verb:Building package 'ros2jazzy_opencv' with the following arguments: {'ament_cmake_args': None, 'build_base': '/home/nijin26/ros2_ws/build/ros2jazzy_opencv', 'catkin_cmake_args': None, 'catkin_skip_building_tests': False, 'cmake_args': None, 'cmake_clean_cache': False, 'cmake_clean_first': False, 'cmake_force_configure': False, 'cmake_target': None, 'cmake_target_skip_unavailable': False, 'install_base': '/home/nijin26/ros2_ws/install/ros2jazzy_opencv', 'merge_install': False, 'path': '/home/nijin26/ros2_ws/src/ros2jazzy_opencv', 'symlink_install': False, 'test_result_base': None}
[0.318s] INFO:colcon.colcon_core.executor:Executing jobs using 'parallel' executor
[0.318s] DEBUG:colcon.colcon_parallel_executor.executor.parallel:run_until_complete
[0.319s] INFO:colcon.colcon_ros.task.ament_cmake.build:Building ROS package in '/home/nijin26/ros2_ws/src/pkg_template_cpp' with build type 'ament_cmake'
[0.319s] INFO:colcon.colcon_cmake.task.cmake.build:Building CMake package in '/home/nijin26/ros2_ws/src/pkg_template_cpp'
[0.323s] INFO:colcon.colcon_core.plugin_system:Skipping extension 'colcon_core.shell.bat': Not used on non-Windows systems
[0.323s] INFO:colcon.colcon_core.shell:Skip shell extension 'powershell' for command environment: Not usable outside of PowerShell
[0.323s] DEBUG:colcon.colcon_core.shell:Skip shell extension 'dsv' for command environment
[0.327s] INFO:colcon.colcon_ros.task.ament_python.build:Building ROS package in '/home/nijin26/ros2_ws/src/pkg_template_py' with build type 'ament_python'
[0.327s] Level 1:colcon.colcon_core.shell:create_environment_hook('pkg_template_py', 'ament_prefix_path')
[0.327s] INFO:colcon.colcon_core.shell:Creating environment hook '/home/nijin26/ros2_ws/install/pkg_template_py/share/pkg_template_py/hook/ament_prefix_path.ps1'
[0.328s] INFO:colcon.colcon_core.shell:Creating environment descriptor '/home/nijin26/ros2_ws/install/pkg_template_py/share/pkg_template_py/hook/ament_prefix_path.dsv'
[0.328s] INFO:colcon.colcon_core.shell:Creating environment hook '/home/nijin26/ros2_ws/install/pkg_template_py/share/pkg_template_py/hook/ament_prefix_path.sh'
[0.329s] INFO:colcon.colcon_core.shell:Skip shell extension 'powershell' for command environment: Not usable outside of PowerShell
[0.329s] DEBUG:colcon.colcon_core.shell:Skip shell extension 'dsv' for command environment
[0.334s] INFO:colcon.colcon_ros.task.ament_python.build:Building ROS package in '/home/nijin26/ros2_ws/src/pkg_udemy_course' with build type 'ament_python'
[0.335s] Level 1:colcon.colcon_core.shell:create_environment_hook('pkg_udemy_course', 'ament_prefix_path')
[0.336s] INFO:colcon.colcon_core.shell:Creating environment hook '/home/nijin26/ros2_ws/install/pkg_udemy_course/share/pkg_udemy_course/hook/ament_prefix_path.ps1'
[0.337s] INFO:colcon.colcon_core.shell:Creating environment descriptor '/home/nijin26/ros2_ws/install/pkg_udemy_course/share/pkg_udemy_course/hook/ament_prefix_path.dsv'
[0.337s] INFO:colcon.colcon_core.shell:Creating environment hook '/home/nijin26/ros2_ws/install/pkg_udemy_course/share/pkg_udemy_course/hook/ament_prefix_path.sh'
[0.338s] INFO:colcon.colcon_core.shell:Skip shell extension 'powershell' for command environment: Not usable outside of PowerShell
[0.338s] DEBUG:colcon.colcon_core.shell:Skip shell extension 'dsv' for command environment
[0.344s] INFO:colcon.colcon_ros.task.ament_python.build:Building ROS package in '/home/nijin26/ros2_ws/src/ros2jazzy_opencv' with build type 'ament_python'
[0.344s] Level 1:colcon.colcon_core.shell:create_environment_hook('ros2jazzy_opencv', 'ament_prefix_path')
[0.344s] INFO:colcon.colcon_core.shell:Creating environment hook '/home/nijin26/ros2_ws/install/ros2jazzy_opencv/share/ros2jazzy_opencv/hook/ament_prefix_path.ps1'
[0.346s] INFO:colcon.colcon_core.shell:Creating environment descriptor '/home/nijin26/ros2_ws/install/ros2jazzy_opencv/share/ros2jazzy_opencv/hook/ament_prefix_path.dsv'
[0.346s] INFO:colcon.colcon_core.shell:Creating environment hook '/home/nijin26/ros2_ws/install/ros2jazzy_opencv/share/ros2jazzy_opencv/hook/ament_prefix_path.sh'
[0.347s] INFO:colcon.colcon_core.shell:Skip shell extension 'powershell' for command environment: Not usable outside of PowerShell
[0.347s] DEBUG:colcon.colcon_core.shell:Skip shell extension 'dsv' for command environment
[0.361s] DEBUG:colcon.colcon_core.event_handler.log_command:Invoking command in '/home/nijin26/ros2_ws/build/pkg_template_cpp': CMAKE_PREFIX_PATH=${CMAKE_PREFIX_PATH}:/home/nijin26/ros2_ws/install/pkg_udemy_course:/home/nijin26/ros2_ws/src/install/pkg_udemy_course:/home/nijin26/ros2_ws/install/ros2jazzy_opencv:/home/nijin26/ros2_ws/install/pkg_template_py:/opt/ros/jazzy DEBUGINFOD_URLS=https://debuginfod.ubuntu.com /usr/bin/cmake --build /home/nijin26/ros2_ws/build/pkg_template_cpp -- -j12 -l12
[0.597s] INFO:colcon.colcon_core.task.python.build:Building Python package in '/home/nijin26/ros2_ws/src/pkg_template_py'
[0.598s] INFO:colcon.colcon_core.shell:Skip shell extension 'powershell' for command environment: Not usable outside of PowerShell
[0.598s] DEBUG:colcon.colcon_core.shell:Skip shell extension 'dsv' for command environment
[0.860s] INFO:colcon.colcon_core.task.python.build:Building Python package in '/home/nijin26/ros2_ws/src/pkg_udemy_course'
[0.861s] INFO:colcon.colcon_core.shell:Skip shell extension 'powershell' for command environment: Not usable outside of PowerShell
[0.861s] DEBUG:colcon.colcon_core.shell:Skip shell extension 'dsv' for command environment
[0.870s] DEBUG:colcon.colcon_core.event_handler.log_command:Invoked command in '/home/nijin26/ros2_ws/build/pkg_template_cpp' returned '0': CMAKE_PREFIX_PATH=${CMAKE_PREFIX_PATH}:/home/nijin26/ros2_ws/install/pkg_udemy_course:/home/nijin26/ros2_ws/src/install/pkg_udemy_course:/home/nijin26/ros2_ws/install/ros2jazzy_opencv:/home/nijin26/ros2_ws/install/pkg_template_py:/opt/ros/jazzy DEBUGINFOD_URLS=https://debuginfod.ubuntu.com /usr/bin/cmake --build /home/nijin26/ros2_ws/build/pkg_template_cpp -- -j12 -l12
[1.091s] INFO:colcon.colcon_core.task.python.build:Building Python package in '/home/nijin26/ros2_ws/src/ros2jazzy_opencv'
[1.092s] INFO:colcon.colcon_core.shell:Skip shell extension 'powershell' for command environment: Not usable outside of PowerShell
[1.092s] DEBUG:colcon.colcon_core.shell:Skip shell extension 'dsv' for command environment
[1.108s] DEBUG:colcon.colcon_core.event_handler.log_command:Invoking command in '/home/nijin26/ros2_ws/build/pkg_template_cpp': CMAKE_PREFIX_PATH=${CMAKE_PREFIX_PATH}:/home/nijin26/ros2_ws/install/pkg_udemy_course:/home/nijin26/ros2_ws/src/install/pkg_udemy_course:/home/nijin26/ros2_ws/install/ros2jazzy_opencv:/home/nijin26/ros2_ws/install/pkg_template_py:/opt/ros/jazzy DEBUGINFOD_URLS=https://debuginfod.ubuntu.com /usr/bin/cmake --install /home/nijin26/ros2_ws/build/pkg_template_cpp
[1.119s] Level 1:colcon.colcon_core.environment:create_environment_scripts_only(pkg_template_cpp)
[1.120s] DEBUG:colcon.colcon_core.event_handler.log_command:Invoked command in '/home/nijin26/ros2_ws/build/pkg_template_cpp' returned '0': CMAKE_PREFIX_PATH=${CMAKE_PREFIX_PATH}:/home/nijin26/ros2_ws/install/pkg_udemy_course:/home/nijin26/ros2_ws/src/install/pkg_udemy_course:/home/nijin26/ros2_ws/install/ros2jazzy_opencv:/home/nijin26/ros2_ws/install/pkg_template_py:/opt/ros/jazzy DEBUGINFOD_URLS=https://debuginfod.ubuntu.com /usr/bin/cmake --install /home/nijin26/ros2_ws/build/pkg_template_cpp
[1.124s] Level 1:colcon.colcon_core.environment:checking '/home/nijin26/ros2_ws/install/pkg_template_cpp' for CMake module files
[1.125s] Level 1:colcon.colcon_core.environment:checking '/home/nijin26/ros2_ws/install/pkg_template_cpp' for CMake config files
[1.125s] Level 1:colcon.colcon_core.shell:create_environment_hook('pkg_template_cpp', 'cmake_prefix_path')
[1.125s] INFO:colcon.colcon_core.shell:Creating environment hook '/home/nijin26/ros2_ws/install/pkg_template_cpp/share/pkg_template_cpp/hook/cmake_prefix_path.ps1'
[1.126s] INFO:colcon.colcon_core.shell:Creating environment descriptor '/home/nijin26/ros2_ws/install/pkg_template_cpp/share/pkg_template_cpp/hook/cmake_prefix_path.dsv'
[1.126s] INFO:colcon.colcon_core.shell:Creating environment hook '/home/nijin26/ros2_ws/install/pkg_template_cpp/share/pkg_template_cpp/hook/cmake_prefix_path.sh'
[1.127s] Level 1:colcon.colcon_core.environment:checking '/home/nijin26/ros2_ws/install/pkg_template_cpp/lib'
[1.128s] Level 1:colcon.colcon_core.environment:checking '/home/nijin26/ros2_ws/install/pkg_template_cpp/bin'
[1.128s] Level 1:colcon.colcon_core.environment:checking '/home/nijin26/ros2_ws/install/pkg_template_cpp/lib/pkgconfig/pkg_template_cpp.pc'
[1.128s] Level 1:colcon.colcon_core.environment:checking '/home/nijin26/ros2_ws/install/pkg_template_cpp/lib/python3.12/site-packages'
[1.129s] Level 1:colcon.colcon_core.environment:checking '/home/nijin26/ros2_ws/install/pkg_template_cpp/bin'
[1.129s] INFO:colcon.colcon_core.shell:Creating package script '/home/nijin26/ros2_ws/install/pkg_template_cpp/share/pkg_template_cpp/package.ps1'
[1.131s] INFO:colcon.colcon_core.shell:Creating package descriptor '/home/nijin26/ros2_ws/install/pkg_template_cpp/share/pkg_template_cpp/package.dsv'
[1.132s] INFO:colcon.colcon_core.shell:Creating package script '/home/nijin26/ros2_ws/install/pkg_template_cpp/share/pkg_template_cpp/package.sh'
[1.133s] INFO:colcon.colcon_core.shell:Creating package script '/home/nijin26/ros2_ws/install/pkg_template_cpp/share/pkg_template_cpp/package.bash'
[1.134s] INFO:colcon.colcon_core.shell:Creating package script '/home/nijin26/ros2_ws/install/pkg_template_cpp/share/pkg_template_cpp/package.zsh'
[1.135s] Level 1:colcon.colcon_core.environment:create_file_with_runtime_dependencies(/home/nijin26/ros2_ws/install/pkg_template_cpp/share/colcon-core/packages/pkg_template_cpp)
[1.162s] Level 1:colcon.colcon_core.environment:create_environment_scripts_only(pkg_template_cpp)
[1.162s] Level 1:colcon.colcon_core.environment:checking '/home/nijin26/ros2_ws/install/pkg_template_cpp' for CMake module files
[1.162s] Level 1:colcon.colcon_core.environment:checking '/home/nijin26/ros2_ws/install/pkg_template_cpp' for CMake config files
[1.162s] Level 1:colcon.colcon_core.shell:create_environment_hook('pkg_template_cpp', 'cmake_prefix_path')
[1.163s] INFO:colcon.colcon_core.shell:Creating environment hook '/home/nijin26/ros2_ws/install/pkg_template_cpp/share/pkg_template_cpp/hook/cmake_prefix_path.ps1'
[1.163s] INFO:colcon.colcon_core.shell:Creating environment descriptor '/home/nijin26/ros2_ws/install/pkg_template_cpp/share/pkg_template_cpp/hook/cmake_prefix_path.dsv'
[1.163s] INFO:colcon.colcon_core.shell:Creating environment hook '/home/nijin26/ros2_ws/install/pkg_template_cpp/share/pkg_template_cpp/hook/cmake_prefix_path.sh'
[1.164s] Level 1:colcon.colcon_core.environment:checking '/home/nijin26/ros2_ws/install/pkg_template_cpp/lib'
[1.164s] Level 1:colcon.colcon_core.environment:checking '/home/nijin26/ros2_ws/install/pkg_template_cpp/bin'
[1.164s] Level 1:colcon.colcon_core.environment:checking '/home/nijin26/ros2_ws/install/pkg_template_cpp/lib/pkgconfig/pkg_template_cpp.pc'
[1.164s] Level 1:colcon.colcon_core.environment:checking '/home/nijin26/ros2_ws/install/pkg_template_cpp/lib/python3.12/site-packages'
[1.164s] Level 1:colcon.colcon_core.environment:checking '/home/nijin26/ros2_ws/install/pkg_template_cpp/bin'
[1.165s] INFO:colcon.colcon_core.shell:Creating package script '/home/nijin26/ros2_ws/install/pkg_template_cpp/share/pkg_template_cpp/package.ps1'
[1.165s] INFO:colcon.colcon_core.shell:Creating package descriptor '/home/nijin26/ros2_ws/install/pkg_template_cpp/share/pkg_template_cpp/package.dsv'
[1.166s] INFO:colcon.colcon_core.shell:Creating package script '/home/nijin26/ros2_ws/install/pkg_template_cpp/share/pkg_template_cpp/package.sh'
[1.166s] INFO:colcon.colcon_core.shell:Creating package script '/home/nijin26/ros2_ws/install/pkg_template_cpp/share/pkg_template_cpp/package.bash'
[1.166s] INFO:colcon.colcon_core.shell:Creating package script '/home/nijin26/ros2_ws/install/pkg_template_cpp/share/pkg_template_cpp/package.zsh'
[1.167s] Level 1:colcon.colcon_core.environment:create_file_with_runtime_dependencies(/home/nijin26/ros2_ws/install/pkg_template_cpp/share/colcon-core/packages/pkg_template_cpp)
[1.784s] DEBUG:colcon.colcon_core.event_handler.log_command:Invoking command in '/home/nijin26/ros2_ws/src/pkg_template_py': DEBUGINFOD_URLS=https://debuginfod.ubuntu.com PYTHONPATH=/home/nijin26/ros2_ws/build/pkg_template_py/prefix_override:/usr/lib/python3/dist-packages/colcon_core/task/python/colcon_distutils_commands:/home/nijin26/ros2_ws/install/pkg_template_py/lib/python3.12/site-packages:${PYTHONPATH} /usr/bin/python3 -W ignore:setup.py install is deprecated setup.py egg_info --egg-base ../../build/pkg_template_py build --build-base /home/nijin26/ros2_ws/build/pkg_template_py/build install --record /home/nijin26/ros2_ws/build/pkg_template_py/install.log --single-version-externally-managed install_data
[1.802s] DEBUG:colcon.colcon_core.event_handler.log_command:Invoking command in '/home/nijin26/ros2_ws/src/pkg_udemy_course': DEBUGINFOD_URLS=https://debuginfod.ubuntu.com PYTHONPATH=/home/nijin26/ros2_ws/build/pkg_udemy_course/prefix_override:/usr/lib/python3/dist-packages/colcon_core/task/python/colcon_distutils_commands:/home/nijin26/ros2_ws/install/pkg_udemy_course/lib/python3.12/site-packages:${PYTHONPATH} /usr/bin/python3 -W ignore:setup.py install is deprecated setup.py egg_info --egg-base ../../build/pkg_udemy_course build --build-base /home/nijin26/ros2_ws/build/pkg_udemy_course/build install --record /home/nijin26/ros2_ws/build/pkg_udemy_course/install.log --single-version-externally-managed install_data
[1.815s] DEBUG:colcon.colcon_core.event_handler.log_command:Invoking command in '/home/nijin26/ros2_ws/src/ros2jazzy_opencv': DEBUGINFOD_URLS=https://debuginfod.ubuntu.com PYTHONPATH=/home/nijin26/ros2_ws/build/ros2jazzy_opencv/prefix_override:/usr/lib/python3/dist-packages/colcon_core/task/python/colcon_distutils_commands:/home/nijin26/ros2_ws/install/ros2jazzy_opencv/lib/python3.12/site-packages:${PYTHONPATH} /usr/bin/python3 -W ignore:setup.py install is deprecated setup.py egg_info --egg-base ../../build/ros2jazzy_opencv build --build-base /home/nijin26/ros2_ws/build/ros2jazzy_opencv/build install --record /home/nijin26/ros2_ws/build/ros2jazzy_opencv/install.log --single-version-externally-managed install_data
[2.491s] Level 1:colcon.colcon_core.environment:checking '/home/nijin26/ros2_ws/install/pkg_template_py' for CMake module files
[2.491s] DEBUG:colcon.colcon_core.event_handler.log_command:Invoked command in '/home/nijin26/ros2_ws/src/pkg_template_py' returned '0': DEBUGINFOD_URLS=https://debuginfod.ubuntu.com PYTHONPATH=/home/nijin26/ros2_ws/build/pkg_template_py/prefix_override:/usr/lib/python3/dist-packages/colcon_core/task/python/colcon_distutils_commands:/home/nijin26/ros2_ws/install/pkg_template_py/lib/python3.12/site-packages:${PYTHONPATH} /usr/bin/python3 -W ignore:setup.py install is deprecated setup.py egg_info --egg-base ../../build/pkg_template_py build --build-base /home/nijin26/ros2_ws/build/pkg_template_py/build install --record /home/nijin26/ros2_ws/build/pkg_template_py/install.log --single-version-externally-managed install_data
[2.492s] Level 1:colcon.colcon_core.environment:checking '/home/nijin26/ros2_ws/install/pkg_template_py' for CMake config files
[2.493s] Level 1:colcon.colcon_core.environment:checking '/home/nijin26/ros2_ws/install/pkg_template_py/lib'
[2.493s] Level 1:colcon.colcon_core.environment:checking '/home/nijin26/ros2_ws/install/pkg_template_py/bin'
[2.493s] Level 1:colcon.colcon_core.environment:checking '/home/nijin26/ros2_ws/install/pkg_template_py/lib/pkgconfig/pkg_template_py.pc'
[2.493s] Level 1:colcon.colcon_core.environment:checking '/home/nijin26/ros2_ws/install/pkg_template_py/lib/python3.12/site-packages'
[2.493s] Level 1:colcon.colcon_core.shell:create_environment_hook('pkg_template_py', 'pythonpath')
[2.493s] INFO:colcon.colcon_core.shell:Creating environment hook '/home/nijin26/ros2_ws/install/pkg_template_py/share/pkg_template_py/hook/pythonpath.ps1'
[2.494s] INFO:colcon.colcon_core.shell:Creating environment descriptor '/home/nijin26/ros2_ws/install/pkg_template_py/share/pkg_template_py/hook/pythonpath.dsv'
[2.494s] INFO:colcon.colcon_core.shell:Creating environment hook '/home/nijin26/ros2_ws/install/pkg_template_py/share/pkg_template_py/hook/pythonpath.sh'
[2.494s] Level 1:colcon.colcon_core.environment:checking '/home/nijin26/ros2_ws/install/pkg_template_py/bin'
[2.495s] Level 1:colcon.colcon_core.environment:create_environment_scripts_only(pkg_template_py)
[2.495s] INFO:colcon.colcon_core.shell:Creating package script '/home/nijin26/ros2_ws/install/pkg_template_py/share/pkg_template_py/package.ps1'
[2.495s] INFO:colcon.colcon_core.shell:Creating package descriptor '/home/nijin26/ros2_ws/install/pkg_template_py/share/pkg_template_py/package.dsv'
[2.496s] INFO:colcon.colcon_core.shell:Creating package script '/home/nijin26/ros2_ws/install/pkg_template_py/share/pkg_template_py/package.sh'
[2.496s] INFO:colcon.colcon_core.shell:Creating package script '/home/nijin26/ros2_ws/install/pkg_template_py/share/pkg_template_py/package.bash'
[2.496s] INFO:colcon.colcon_core.shell:Creating package script '/home/nijin26/ros2_ws/install/pkg_template_py/share/pkg_template_py/package.zsh'
[2.497s] Level 1:colcon.colcon_core.environment:create_file_with_runtime_dependencies(/home/nijin26/ros2_ws/install/pkg_template_py/share/colcon-core/packages/pkg_template_py)
[2.515s] Level 1:colcon.colcon_core.environment:checking '/home/nijin26/ros2_ws/install/pkg_udemy_course' for CMake module files
[2.516s] DEBUG:colcon.colcon_core.event_handler.log_command:Invoked command in '/home/nijin26/ros2_ws/src/pkg_udemy_course' returned '0': DEBUGINFOD_URLS=https://debuginfod.ubuntu.com PYTHONPATH=/home/nijin26/ros2_ws/build/pkg_udemy_course/prefix_override:/usr/lib/python3/dist-packages/colcon_core/task/python/colcon_distutils_commands:/home/nijin26/ros2_ws/install/pkg_udemy_course/lib/python3.12/site-packages:${PYTHONPATH} /usr/bin/python3 -W ignore:setup.py install is deprecated setup.py egg_info --egg-base ../../build/pkg_udemy_course build --build-base /home/nijin26/ros2_ws/build/pkg_udemy_course/build install --record /home/nijin26/ros2_ws/build/pkg_udemy_course/install.log --single-version-externally-managed install_data
[2.516s] Level 1:colcon.colcon_core.environment:checking '/home/nijin26/ros2_ws/install/pkg_udemy_course' for CMake config files
[2.517s] Level 1:colcon.colcon_core.environment:checking '/home/nijin26/ros2_ws/install/pkg_udemy_course/lib'
[2.517s] Level 1:colcon.colcon_core.environment:checking '/home/nijin26/ros2_ws/install/pkg_udemy_course/bin'
[2.517s] Level 1:colcon.colcon_core.environment:checking '/home/nijin26/ros2_ws/install/pkg_udemy_course/lib/pkgconfig/pkg_udemy_course.pc'
[2.518s] Level 1:colcon.colcon_core.environment:checking '/home/nijin26/ros2_ws/install/pkg_udemy_course/lib/python3.12/site-packages'
[2.518s] Level 1:colcon.colcon_core.shell:create_environment_hook('pkg_udemy_course', 'pythonpath')
[2.519s] INFO:colcon.colcon_core.shell:Creating environment hook '/home/nijin26/ros2_ws/install/pkg_udemy_course/share/pkg_udemy_course/hook/pythonpath.ps1'
[2.519s] INFO:colcon.colcon_core.shell:Creating environment descriptor '/home/nijin26/ros2_ws/install/pkg_udemy_course/share/pkg_udemy_course/hook/pythonpath.dsv'
[2.520s] INFO:colcon.colcon_core.shell:Creating environment hook '/home/nijin26/ros2_ws/install/pkg_udemy_course/share/pkg_udemy_course/hook/pythonpath.sh'
[2.521s] Level 1:colcon.colcon_core.environment:checking '/home/nijin26/ros2_ws/install/pkg_udemy_course/bin'
[2.521s] Level 1:colcon.colcon_core.environment:create_environment_scripts_only(pkg_udemy_course)
[2.521s] INFO:colcon.colcon_core.shell:Creating package script '/home/nijin26/ros2_ws/install/pkg_udemy_course/share/pkg_udemy_course/package.ps1'
[2.522s] INFO:colcon.colcon_core.shell:Creating package descriptor '/home/nijin26/ros2_ws/install/pkg_udemy_course/share/pkg_udemy_course/package.dsv'
[2.522s] INFO:colcon.colcon_core.shell:Creating package script '/home/nijin26/ros2_ws/install/pkg_udemy_course/share/pkg_udemy_course/package.sh'
[2.523s] INFO:colcon.colcon_core.shell:Creating package script '/home/nijin26/ros2_ws/install/pkg_udemy_course/share/pkg_udemy_course/package.bash'
[2.523s] INFO:colcon.colcon_core.shell:Creating package script '/home/nijin26/ros2_ws/install/pkg_udemy_course/share/pkg_udemy_course/package.zsh'
[2.524s] Level 1:colcon.colcon_core.environment:create_file_with_runtime_dependencies(/home/nijin26/ros2_ws/install/pkg_udemy_course/share/colcon-core/packages/pkg_udemy_course)
[2.564s] Level 1:colcon.colcon_core.environment:checking '/home/nijin26/ros2_ws/install/ros2jazzy_opencv' for CMake module files
[2.564s] DEBUG:colcon.colcon_core.event_handler.log_command:Invoked command in '/home/nijin26/ros2_ws/src/ros2jazzy_opencv' returned '0': DEBUGINFOD_URLS=https://debuginfod.ubuntu.com PYTHONPATH=/home/nijin26/ros2_ws/build/ros2jazzy_opencv/prefix_override:/usr/lib/python3/dist-packages/colcon_core/task/python/colcon_distutils_commands:/home/nijin26/ros2_ws/install/ros2jazzy_opencv/lib/python3.12/site-packages:${PYTHONPATH} /usr/bin/python3 -W ignore:setup.py install is deprecated setup.py egg_info --egg-base ../../build/ros2jazzy_opencv build --build-base /home/nijin26/ros2_ws/build/ros2jazzy_opencv/build install --record /home/nijin26/ros2_ws/build/ros2jazzy_opencv/install.log --single-version-externally-managed install_data
[2.565s] Level 1:colcon.colcon_core.environment:checking '/home/nijin26/ros2_ws/install/ros2jazzy_opencv' for CMake config files
[2.565s] Level 1:colcon.colcon_core.environment:checking '/home/nijin26/ros2_ws/install/ros2jazzy_opencv/lib'
[2.566s] Level 1:colcon.colcon_core.environment:checking '/home/nijin26/ros2_ws/install/ros2jazzy_opencv/bin'
[2.566s] Level 1:colcon.colcon_core.environment:checking '/home/nijin26/ros2_ws/install/ros2jazzy_opencv/lib/pkgconfig/ros2jazzy_opencv.pc'
[2.566s] Level 1:colcon.colcon_core.environment:checking '/home/nijin26/ros2_ws/install/ros2jazzy_opencv/lib/python3.12/site-packages'
[2.566s] Level 1:colcon.colcon_core.shell:create_environment_hook('ros2jazzy_opencv', 'pythonpath')
[2.566s] INFO:colcon.colcon_core.shell:Creating environment hook '/home/nijin26/ros2_ws/install/ros2jazzy_opencv/share/ros2jazzy_opencv/hook/pythonpath.ps1'
[2.567s] INFO:colcon.colcon_core.shell:Creating environment descriptor '/home/nijin26/ros2_ws/install/ros2jazzy_opencv/share/ros2jazzy_opencv/hook/pythonpath.dsv'
[2.567s] INFO:colcon.colcon_core.shell:Creating environment hook '/home/nijin26/ros2_ws/install/ros2jazzy_opencv/share/ros2jazzy_opencv/hook/pythonpath.sh'
[2.568s] Level 1:colcon.colcon_core.environment:checking '/home/nijin26/ros2_ws/install/ros2jazzy_opencv/bin'
[2.568s] Level 1:colcon.colcon_core.environment:create_environment_scripts_only(ros2jazzy_opencv)
[2.568s] INFO:colcon.colcon_core.shell:Creating package script '/home/nijin26/ros2_ws/install/ros2jazzy_opencv/share/ros2jazzy_opencv/package.ps1'
[2.569s] INFO:colcon.colcon_core.shell:Creating package descriptor '/home/nijin26/ros2_ws/install/ros2jazzy_opencv/share/ros2jazzy_opencv/package.dsv'
[2.569s] INFO:colcon.colcon_core.shell:Creating package script '/home/nijin26/ros2_ws/install/ros2jazzy_opencv/share/ros2jazzy_opencv/package.sh'
[2.569s] INFO:colcon.colcon_core.shell:Creating package script '/home/nijin26/ros2_ws/install/ros2jazzy_opencv/share/ros2jazzy_opencv/package.bash'
[2.570s] INFO:colcon.colcon_core.shell:Creating package script '/home/nijin26/ros2_ws/install/ros2jazzy_opencv/share/ros2jazzy_opencv/package.zsh'
[2.570s] Level 1:colcon.colcon_core.environment:create_file_with_runtime_dependencies(/home/nijin26/ros2_ws/install/ros2jazzy_opencv/share/colcon-core/packages/ros2jazzy_opencv)
[2.570s] DEBUG:colcon.colcon_parallel_executor.executor.parallel:closing loop
[2.571s] DEBUG:colcon.colcon_parallel_executor.executor.parallel:loop closed
[2.571s] DEBUG:colcon.colcon_parallel_executor.executor.parallel:run_until_complete finished with '0'
[2.571s] DEBUG:colcon.colcon_core.event_reactor:joining thread
[2.578s] INFO:colcon.colcon_core.plugin_system:Skipping extension 'colcon_notification.desktop_notification.terminal_notifier': Not used on non-Darwin systems
[2.578s] INFO:colcon.colcon_core.plugin_system:Skipping extension 'colcon_notification.desktop_notification.win32': Not used on non-Windows systems
[2.579s] INFO:colcon.colcon_notification.desktop_notification:Sending desktop notification using 'notify2'
[2.595s] DEBUG:colcon.colcon_core.event_reactor:joined thread
[2.596s] INFO:colcon.colcon_core.shell:Creating prefix script '/home/nijin26/ros2_ws/install/local_setup.ps1'
[2.596s] INFO:colcon.colcon_core.shell:Creating prefix util module '/home/nijin26/ros2_ws/install/_local_setup_util_ps1.py'
[2.598s] INFO:colcon.colcon_core.shell:Creating prefix chain script '/home/nijin26/ros2_ws/install/setup.ps1'
[2.599s] INFO:colcon.colcon_core.shell:Creating prefix script '/home/nijin26/ros2_ws/install/local_setup.sh'
[2.599s] INFO:colcon.colcon_core.shell:Creating prefix util module '/home/nijin26/ros2_ws/install/_local_setup_util_sh.py'
[2.600s] INFO:colcon.colcon_core.shell:Creating prefix chain script '/home/nijin26/ros2_ws/install/setup.sh'
[2.601s] INFO:colcon.colcon_core.shell:Creating prefix script '/home/nijin26/ros2_ws/install/local_setup.bash'
[2.601s] INFO:colcon.colcon_core.shell:Creating prefix chain script '/home/nijin26/ros2_ws/install/setup.bash'
[2.603s] INFO:colcon.colcon_core.shell:Creating prefix script '/home/nijin26/ros2_ws/install/local_setup.zsh'
[2.603s] INFO:colcon.colcon_core.shell:Creating prefix chain script '/home/nijin26/ros2_ws/install/setup.zsh'
