[2.534s] Invoking command in '/home/nijin26/ros2_ws/src/pkg_udemy_course': DEBUGINFOD_URLS=https://debuginfod.ubuntu.com PYTHONPATH=/home/nijin26/ros2_ws/build/pkg_udemy_course/prefix_override:/usr/lib/python3/dist-packages/colcon_core/task/python/colcon_distutils_commands:/home/nijin26/ros2_ws/install/pkg_udemy_course/lib/python3.12/site-packages:${PYTHONPATH} /usr/bin/python3 -W ignore:setup.py install is deprecated setup.py egg_info --egg-base ../../build/pkg_udemy_course build --build-base /home/nijin26/ros2_ws/build/pkg_udemy_course/build install --record /home/nijin26/ros2_ws/build/pkg_udemy_course/install.log --single-version-externally-managed install_data
[3.047s] running egg_info
[3.086s] writing ../../build/pkg_udemy_course/pkg_udemy_course.egg-info/PKG-INFO
[3.086s] writing dependency_links to ../../build/pkg_udemy_course/pkg_udemy_course.egg-info/dependency_links.txt
[3.087s] writing entry points to ../../build/pkg_udemy_course/pkg_udemy_course.egg-info/entry_points.txt
[3.087s] writing requirements to ../../build/pkg_udemy_course/pkg_udemy_course.egg-info/requires.txt
[3.087s] writing top-level names to ../../build/pkg_udemy_course/pkg_udemy_course.egg-info/top_level.txt
[3.169s] reading manifest file '../../build/pkg_udemy_course/pkg_udemy_course.egg-info/SOURCES.txt'
[3.185s] writing manifest file '../../build/pkg_udemy_course/pkg_udemy_course.egg-info/SOURCES.txt'
[3.185s] running build
[3.185s] running build_py
[3.195s] copying pkg_udemy_course/node_number_counter.py -> /home/nijin26/ros2_ws/build/pkg_udemy_course/build/lib/pkg_udemy_course
[3.216s] running install
[3.226s] running install_lib
[3.267s] copying /home/nijin26/ros2_ws/build/pkg_udemy_course/build/lib/pkg_udemy_course/node_number_counter.py -> /home/nijin26/ros2_ws/install/pkg_udemy_course/lib/python3.12/site-packages/pkg_udemy_course
[3.268s] byte-compiling /home/nijin26/ros2_ws/install/pkg_udemy_course/lib/python3.12/site-packages/pkg_udemy_course/node_number_counter.py to node_number_counter.cpython-312.pyc
[3.269s] running install_data
[3.269s] running install_egg_info
[3.310s] removing '/home/nijin26/ros2_ws/install/pkg_udemy_course/lib/python3.12/site-packages/pkg_udemy_course-0.0.0-py3.12.egg-info' (and everything under it)
[3.311s] Copying ../../build/pkg_udemy_course/pkg_udemy_course.egg-info to /home/nijin26/ros2_ws/install/pkg_udemy_course/lib/python3.12/site-packages/pkg_udemy_course-0.0.0-py3.12.egg-info
[3.323s] running install_scripts
[3.601s] Installing node_number_counter script to /home/nijin26/ros2_ws/install/pkg_udemy_course/lib/pkg_udemy_course
[3.605s] Installing node_number_publisher script to /home/nijin26/ros2_ws/install/pkg_udemy_course/lib/pkg_udemy_course
[3.606s] writing list of installed files to '/home/nijin26/ros2_ws/build/pkg_udemy_course/install.log'
[3.695s] Invoked command in '/home/nijin26/ros2_ws/src/pkg_udemy_course' returned '0': DEBUGINFOD_URLS=https://debuginfod.ubuntu.com PYTHONPATH=/home/nijin26/ros2_ws/build/pkg_udemy_course/prefix_override:/usr/lib/python3/dist-packages/colcon_core/task/python/colcon_distutils_commands:/home/nijin26/ros2_ws/install/pkg_udemy_course/lib/python3.12/site-packages:${PYTHONPATH} /usr/bin/python3 -W ignore:setup.py install is deprecated setup.py egg_info --egg-base ../../build/pkg_udemy_course build --build-base /home/nijin26/ros2_ws/build/pkg_udemy_course/build install --record /home/nijin26/ros2_ws/build/pkg_udemy_course/install.log --single-version-externally-managed install_data
