[1.681s] Invoking command in '/home/nijin26/ros2_ws/src/ros2jazzy_opencv': DEBUGINFOD_URLS=https://debuginfod.ubuntu.com PYTHONPATH=/home/nijin26/ros2_ws/build/ros2jazzy_opencv/prefix_override:/usr/lib/python3/dist-packages/colcon_core/task/python/colcon_distutils_commands:/home/nijin26/ros2_ws/install/ros2jazzy_opencv/lib/python3.12/site-packages:${PYTHONPATH} /usr/bin/python3 -W ignore:setup.py install is deprecated setup.py egg_info --egg-base ../../build/ros2jazzy_opencv build --build-base /home/nijin26/ros2_ws/build/ros2jazzy_opencv/build install --record /home/nijin26/ros2_ws/build/ros2jazzy_opencv/install.log --single-version-externally-managed install_data
[2.242s] running egg_info
[2.284s] writing ../../build/ros2jazzy_opencv/ros2jazzy_opencv.egg-info/PKG-INFO
[2.285s] writing dependency_links to ../../build/ros2jazzy_opencv/ros2jazzy_opencv.egg-info/dependency_links.txt
[2.285s] writing entry points to ../../build/ros2jazzy_opencv/ros2jazzy_opencv.egg-info/entry_points.txt
[2.285s] writing requirements to ../../build/ros2jazzy_opencv/ros2jazzy_opencv.egg-info/requires.txt
[2.286s] writing top-level names to ../../build/ros2jazzy_opencv/ros2jazzy_opencv.egg-info/top_level.txt
[2.384s] reading manifest file '../../build/ros2jazzy_opencv/ros2jazzy_opencv.egg-info/SOURCES.txt'
[2.384s] adding license file 'LICENSE'
[2.386s] writing manifest file '../../build/ros2jazzy_opencv/ros2jazzy_opencv.egg-info/SOURCES.txt'
[2.387s] running build
[2.387s] running build_py
[2.388s] running install
[2.405s] running install_lib
[2.453s] running install_data
[2.453s] running install_egg_info
[2.500s] removing '/home/nijin26/ros2_ws/install/ros2jazzy_opencv/lib/python3.12/site-packages/ros2jazzy_opencv-0.0.0-py3.12.egg-info' (and everything under it)
[2.500s] Copying ../../build/ros2jazzy_opencv/ros2jazzy_opencv.egg-info to /home/nijin26/ros2_ws/install/ros2jazzy_opencv/lib/python3.12/site-packages/ros2jazzy_opencv-0.0.0-py3.12.egg-info
[2.502s] running install_scripts
[2.693s] Installing cameraPublisher_node script to /home/nijin26/ros2_ws/install/ros2jazzy_opencv/lib/ros2jazzy_opencv
[2.694s] Installing detectCircle_node script to /home/nijin26/ros2_ws/install/ros2jazzy_opencv/lib/ros2jazzy_opencv
[2.694s] Installing minimalParameters_node script to /home/nijin26/ros2_ws/install/ros2jazzy_opencv/lib/ros2jazzy_opencv
[2.695s] Installing minimalPublisher_node script to /home/nijin26/ros2_ws/install/ros2jazzy_opencv/lib/ros2jazzy_opencv
[2.695s] Installing minimalSubscriber_node script to /home/nijin26/ros2_ws/install/ros2jazzy_opencv/lib/ros2jazzy_opencv
[2.695s] Installing subscriberImage_node script to /home/nijin26/ros2_ws/install/ros2jazzy_opencv/lib/ros2jazzy_opencv
[2.695s] writing list of installed files to '/home/nijin26/ros2_ws/build/ros2jazzy_opencv/install.log'
[2.749s] Invoked command in '/home/nijin26/ros2_ws/src/ros2jazzy_opencv' returned '0': DEBUGINFOD_URLS=https://debuginfod.ubuntu.com PYTHONPATH=/home/nijin26/ros2_ws/build/ros2jazzy_opencv/prefix_override:/usr/lib/python3/dist-packages/colcon_core/task/python/colcon_distutils_commands:/home/nijin26/ros2_ws/install/ros2jazzy_opencv/lib/python3.12/site-packages:${PYTHONPATH} /usr/bin/python3 -W ignore:setup.py install is deprecated setup.py egg_info --egg-base ../../build/ros2jazzy_opencv build --build-base /home/nijin26/ros2_ws/build/ros2jazzy_opencv/build install --record /home/nijin26/ros2_ws/build/ros2jazzy_opencv/install.log --single-version-externally-managed install_data
