[1.318s] Invoking command in '/home/nijin26/ros2_ws/src/pkg_template_py': DEBUGINFOD_URLS=https://debuginfod.ubuntu.com PYTHONPATH=/home/nijin26/ros2_ws/build/pkg_template_py/prefix_override:/usr/lib/python3/dist-packages/colcon_core/task/python/colcon_distutils_commands:/home/nijin26/ros2_ws/install/pkg_template_py/lib/python3.12/site-packages:${PYTHONPATH} /usr/bin/python3 -W ignore:setup.py install is deprecated setup.py egg_info --egg-base ../../build/pkg_template_py build --build-base /home/nijin26/ros2_ws/build/pkg_template_py/build install --record /home/nijin26/ros2_ws/build/pkg_template_py/install.log --single-version-externally-managed install_data
[1.602s] running egg_info
[1.624s] writing ../../build/pkg_template_py/pkg_template_py.egg-info/PKG-INFO
[1.624s] writing dependency_links to ../../build/pkg_template_py/pkg_template_py.egg-info/dependency_links.txt
[1.624s] writing entry points to ../../build/pkg_template_py/pkg_template_py.egg-info/entry_points.txt
[1.624s] writing requirements to ../../build/pkg_template_py/pkg_template_py.egg-info/requires.txt
[1.624s] writing top-level names to ../../build/pkg_template_py/pkg_template_py.egg-info/top_level.txt
[1.670s] reading manifest file '../../build/pkg_template_py/pkg_template_py.egg-info/SOURCES.txt'
[1.671s] writing manifest file '../../build/pkg_template_py/pkg_template_py.egg-info/SOURCES.txt'
[1.671s] running build
[1.671s] running build_py
[1.672s] running install
[1.679s] running install_lib
[1.703s] running install_data
[1.703s] running install_egg_info
[1.726s] removing '/home/nijin26/ros2_ws/install/pkg_template_py/lib/python3.12/site-packages/pkg_template_py-0.0.0-py3.12.egg-info' (and everything under it)
[1.726s] Copying ../../build/pkg_template_py/pkg_template_py.egg-info to /home/nijin26/ros2_ws/install/pkg_template_py/lib/python3.12/site-packages/pkg_template_py-0.0.0-py3.12.egg-info
[1.727s] running install_scripts
[1.873s] Installing node_template_py script to /home/nijin26/ros2_ws/install/pkg_template_py/lib/pkg_template_py
[1.873s] writing list of installed files to '/home/nijin26/ros2_ws/build/pkg_template_py/install.log'
[1.913s] Invoked command in '/home/nijin26/ros2_ws/src/pkg_template_py' returned '0': DEBUGINFOD_URLS=https://debuginfod.ubuntu.com PYTHONPATH=/home/nijin26/ros2_ws/build/pkg_template_py/prefix_override:/usr/lib/python3/dist-packages/colcon_core/task/python/colcon_distutils_commands:/home/nijin26/ros2_ws/install/pkg_template_py/lib/python3.12/site-packages:${PYTHONPATH} /usr/bin/python3 -W ignore:setup.py install is deprecated setup.py egg_info --egg-base ../../build/pkg_template_py build --build-base /home/nijin26/ros2_ws/build/pkg_template_py/build install --record /home/nijin26/ros2_ws/build/pkg_template_py/install.log --single-version-externally-managed install_data
