[0.128s] Invoking command in '/home/nijin26/ros2_ws/build/pkg_template_cpp': CMAKE_PREFIX_PATH=${CMAKE_PREFIX_PATH}:/home/nijin26/ros2_ws/install/ros2jazzy_opencv:/home/nijin26/ros2_ws/install/pkg_udemy_course:/home/nijin26/ros2_ws/install/pkg_template_py:/opt/ros/jazzy DEBUGINFOD_URLS=https://debuginfod.ubuntu.com /usr/bin/cmake --build /home/nijin26/ros2_ws/build/pkg_template_cpp -- -j12 -l12
[1.380s] [100%] Built target node_template_cpp
[1.382s] Invoked command in '/home/nijin26/ros2_ws/build/pkg_template_cpp' returned '0': CMAKE_PREFIX_PATH=${CMAKE_PREFIX_PATH}:/home/nijin26/ros2_ws/install/ros2jazzy_opencv:/home/nijin26/ros2_ws/install/pkg_udemy_course:/home/nijin26/ros2_ws/install/pkg_template_py:/opt/ros/jazzy DEBUGINFOD_URLS=https://debuginfod.ubuntu.com /usr/bin/cmake --build /home/nijin26/ros2_ws/build/pkg_template_cpp -- -j12 -l12
[1.439s] Invoking command in '/home/nijin26/ros2_ws/build/pkg_template_cpp': CMAKE_PREFIX_PATH=${CMAKE_PREFIX_PATH}:/home/nijin26/ros2_ws/install/ros2jazzy_opencv:/home/nijin26/ros2_ws/install/pkg_udemy_course:/home/nijin26/ros2_ws/install/pkg_template_py:/opt/ros/jazzy DEBUGINFOD_URLS=https://debuginfod.ubuntu.com /usr/bin/cmake --install /home/nijin26/ros2_ws/build/pkg_template_cpp
[1.476s] -- Install configuration: ""
[1.485s] -- Up-to-date: /home/nijin26/ros2_ws/install/pkg_template_cpp/lib/pkg_template_cpp/node_template_cpp
[1.486s] -- Up-to-date: /home/nijin26/ros2_ws/install/pkg_template_cpp/share/ament_index/resource_index/package_run_dependencies/pkg_template_cpp
[1.486s] -- Up-to-date: /home/nijin26/ros2_ws/install/pkg_template_cpp/share/ament_index/resource_index/parent_prefix_path/pkg_template_cpp
[1.487s] -- Up-to-date: /home/nijin26/ros2_ws/install/pkg_template_cpp/share/pkg_template_cpp/environment/ament_prefix_path.sh
[1.487s] -- Up-to-date: /home/nijin26/ros2_ws/install/pkg_template_cpp/share/pkg_template_cpp/environment/ament_prefix_path.dsv
[1.487s] -- Up-to-date: /home/nijin26/ros2_ws/install/pkg_template_cpp/share/pkg_template_cpp/environment/path.sh
[1.487s] -- Up-to-date: /home/nijin26/ros2_ws/install/pkg_template_cpp/share/pkg_template_cpp/environment/path.dsv
[1.488s] -- Up-to-date: /home/nijin26/ros2_ws/install/pkg_template_cpp/share/pkg_template_cpp/local_setup.bash
[1.488s] -- Up-to-date: /home/nijin26/ros2_ws/install/pkg_template_cpp/share/pkg_template_cpp/local_setup.sh
[1.488s] -- Up-to-date: /home/nijin26/ros2_ws/install/pkg_template_cpp/share/pkg_template_cpp/local_setup.zsh
[1.488s] -- Up-to-date: /home/nijin26/ros2_ws/install/pkg_template_cpp/share/pkg_template_cpp/local_setup.dsv
[1.488s] -- Installing: /home/nijin26/ros2_ws/install/pkg_template_cpp/share/pkg_template_cpp/package.dsv
[1.489s] -- Up-to-date: /home/nijin26/ros2_ws/install/pkg_template_cpp/share/ament_index/resource_index/packages/pkg_template_cpp
[1.489s] -- Up-to-date: /home/nijin26/ros2_ws/install/pkg_template_cpp/share/pkg_template_cpp/cmake/pkg_template_cppConfig.cmake
[1.489s] -- Up-to-date: /home/nijin26/ros2_ws/install/pkg_template_cpp/share/pkg_template_cpp/cmake/pkg_template_cppConfig-version.cmake
[1.489s] -- Up-to-date: /home/nijin26/ros2_ws/install/pkg_template_cpp/share/pkg_template_cpp/package.xml
[1.491s] Invoked command in '/home/nijin26/ros2_ws/build/pkg_template_cpp' returned '0': CMAKE_PREFIX_PATH=${CMAKE_PREFIX_PATH}:/home/nijin26/ros2_ws/install/ros2jazzy_opencv:/home/nijin26/ros2_ws/install/pkg_udemy_course:/home/nijin26/ros2_ws/install/pkg_template_py:/opt/ros/jazzy DEBUGINFOD_URLS=https://debuginfod.ubuntu.com /usr/bin/cmake --install /home/nijin26/ros2_ws/build/pkg_template_cpp
