[4.594s] Invoking command in '/home/nijin26/ros2_ws/src/pkg_template_py': DEBUGINFOD_URLS=https://debuginfod.ubuntu.com PYTHONPATH=/home/nijin26/ros2_ws/build/pkg_template_py/prefix_override:/usr/lib/python3/dist-packages/colcon_core/task/python/colcon_distutils_commands:/home/nijin26/ros2_ws/install/pkg_template_py/lib/python3.12/site-packages:${PYTHONPATH} /usr/bin/python3 -W ignore:setup.py install is deprecated setup.py egg_info --egg-base ../../build/pkg_template_py build --build-base /home/nijin26/ros2_ws/build/pkg_template_py/build install --record /home/nijin26/ros2_ws/build/pkg_template_py/install.log --single-version-externally-managed install_data
[4.892s] running egg_info
[4.915s] writing ../../build/pkg_template_py/pkg_template_py.egg-info/PKG-INFO
[4.915s] writing dependency_links to ../../build/pkg_template_py/pkg_template_py.egg-info/dependency_links.txt
[4.915s] writing entry points to ../../build/pkg_template_py/pkg_template_py.egg-info/entry_points.txt
[4.916s] writing requirements to ../../build/pkg_template_py/pkg_template_py.egg-info/requires.txt
[4.916s] writing top-level names to ../../build/pkg_template_py/pkg_template_py.egg-info/top_level.txt
[4.965s] reading manifest file '../../build/pkg_template_py/pkg_template_py.egg-info/SOURCES.txt'
[4.974s] writing manifest file '../../build/pkg_template_py/pkg_template_py.egg-info/SOURCES.txt'
[4.974s] running build
[4.974s] running build_py
[4.974s] copying pkg_template_py/node_template_py.py -> /home/nijin26/ros2_ws/build/pkg_template_py/build/lib/pkg_template_py
[4.975s] running install
[4.984s] running install_lib
[5.007s] copying /home/nijin26/ros2_ws/build/pkg_template_py/build/lib/pkg_template_py/node_template_py.py -> /home/nijin26/ros2_ws/install/pkg_template_py/lib/python3.12/site-packages/pkg_template_py
[5.008s] byte-compiling /home/nijin26/ros2_ws/install/pkg_template_py/lib/python3.12/site-packages/pkg_template_py/node_template_py.py to node_template_py.cpython-312.pyc
[5.008s] running install_data
[5.009s] running install_egg_info
[5.036s] removing '/home/nijin26/ros2_ws/install/pkg_template_py/lib/python3.12/site-packages/pkg_template_py-0.0.0-py3.12.egg-info' (and everything under it)
[5.036s] Copying ../../build/pkg_template_py/pkg_template_py.egg-info to /home/nijin26/ros2_ws/install/pkg_template_py/lib/python3.12/site-packages/pkg_template_py-0.0.0-py3.12.egg-info
[5.054s] running install_scripts
[5.231s] Installing node_template_py script to /home/nijin26/ros2_ws/install/pkg_template_py/lib/pkg_template_py
[5.232s] writing list of installed files to '/home/nijin26/ros2_ws/build/pkg_template_py/install.log'
[5.283s] Invoked command in '/home/nijin26/ros2_ws/src/pkg_template_py' returned '0': DEBUGINFOD_URLS=https://debuginfod.ubuntu.com PYTHONPATH=/home/nijin26/ros2_ws/build/pkg_template_py/prefix_override:/usr/lib/python3/dist-packages/colcon_core/task/python/colcon_distutils_commands:/home/nijin26/ros2_ws/install/pkg_template_py/lib/python3.12/site-packages:${PYTHONPATH} /usr/bin/python3 -W ignore:setup.py install is deprecated setup.py egg_info --egg-base ../../build/pkg_template_py build --build-base /home/nijin26/ros2_ws/build/pkg_template_py/build install --record /home/nijin26/ros2_ws/build/pkg_template_py/install.log --single-version-externally-managed install_data
