[0.806s] Invoking command in '/home/nijin26/ros2_ws/build/rplidar_ros': CMAKE_PREFIX_PATH=${CMAKE_PREFIX_PATH}:/home/nijin26/ros2_ws/install/ros2jazzy_opencv:/home/nijin26/ros2_ws/install/pkg_udemy_course:/home/nijin26/ros2_ws/install/pkg_template_py:/opt/ros/jazzy DEBUGINFOD_URLS=https://debuginfod.ubuntu.com /usr/bin/cmake --build /home/nijin26/ros2_ws/build/rplidar_ros -- -j12 -l12
[0.897s] [  5%] Built target rplidar_client
[0.904s] [ 92%] Built target rplidar_node
[0.904s] [100%] Built target rplidar_composition
[0.929s] Invoked command in '/home/nijin26/ros2_ws/build/rplidar_ros' returned '0': CMAKE_PREFIX_PATH=${CMAKE_PREFIX_PATH}:/home/nijin26/ros2_ws/install/ros2jazzy_opencv:/home/nijin26/ros2_ws/install/pkg_udemy_course:/home/nijin26/ros2_ws/install/pkg_template_py:/opt/ros/jazzy DEBUGINFOD_URLS=https://debuginfod.ubuntu.com /usr/bin/cmake --build /home/nijin26/ros2_ws/build/rplidar_ros -- -j12 -l12
[1.022s] Invoking command in '/home/nijin26/ros2_ws/build/rplidar_ros': CMAKE_PREFIX_PATH=${CMAKE_PREFIX_PATH}:/home/nijin26/ros2_ws/install/ros2jazzy_opencv:/home/nijin26/ros2_ws/install/pkg_udemy_course:/home/nijin26/ros2_ws/install/pkg_template_py:/opt/ros/jazzy DEBUGINFOD_URLS=https://debuginfod.ubuntu.com /usr/bin/cmake --install /home/nijin26/ros2_ws/build/rplidar_ros
[1.031s] -- Install configuration: ""
[1.031s] -- Up-to-date: /home/nijin26/ros2_ws/install/rplidar_ros/share/rplidar_ros/launch
[1.031s] -- Up-to-date: /home/nijin26/ros2_ws/install/rplidar_ros/share/rplidar_ros/launch/view_rplidar_s2e_launch.py
[1.031s] -- Up-to-date: /home/nijin26/ros2_ws/install/rplidar_ros/share/rplidar_ros/launch/rplidar_a2m12_launch.py
[1.032s] -- Up-to-date: /home/nijin26/ros2_ws/install/rplidar_ros/share/rplidar_ros/launch/rplidar_a1_launch.py
[1.032s] -- Up-to-date: /home/nijin26/ros2_ws/install/rplidar_ros/share/rplidar_ros/launch/rplidar_c1_launch.py
[1.032s] -- Up-to-date: /home/nijin26/ros2_ws/install/rplidar_ros/share/rplidar_ros/launch/view_rplidar_c1_launch.py
[1.032s] -- Up-to-date: /home/nijin26/ros2_ws/install/rplidar_ros/share/rplidar_ros/launch/rplidar_a2m8_launch.py
[1.032s] -- Up-to-date: /home/nijin26/ros2_ws/install/rplidar_ros/share/rplidar_ros/launch/view_rplidar_a2m12_launch.py
[1.032s] -- Up-to-date: /home/nijin26/ros2_ws/install/rplidar_ros/share/rplidar_ros/launch/rplidar_a3_launch.py
[1.032s] -- Up-to-date: /home/nijin26/ros2_ws/install/rplidar_ros/share/rplidar_ros/launch/rplidar_t1_launch.py
[1.033s] -- Up-to-date: /home/nijin26/ros2_ws/install/rplidar_ros/share/rplidar_ros/launch/view_rplidar_a3_launch.py
[1.033s] -- Up-to-date: /home/nijin26/ros2_ws/install/rplidar_ros/share/rplidar_ros/launch/view_rplidar_a2m7_launch.py
[1.033s] -- Up-to-date: /home/nijin26/ros2_ws/install/rplidar_ros/share/rplidar_ros/launch/rplidar_s3_launch.py
[1.033s] -- Up-to-date: /home/nijin26/ros2_ws/install/rplidar_ros/share/rplidar_ros/launch/view_rplidar_a1_launch.py
[1.033s] -- Up-to-date: /home/nijin26/ros2_ws/install/rplidar_ros/share/rplidar_ros/launch/rplidar_s1_launch.py
[1.033s] -- Up-to-date: /home/nijin26/ros2_ws/install/rplidar_ros/share/rplidar_ros/launch/view_rplidar_s1_launch.py
[1.033s] -- Up-to-date: /home/nijin26/ros2_ws/install/rplidar_ros/share/rplidar_ros/launch/rplidar_s1_tcp_launch.py
[1.033s] -- Up-to-date: /home/nijin26/ros2_ws/install/rplidar_ros/share/rplidar_ros/launch/view_rplidar_t1_launch.py
[1.034s] -- Up-to-date: /home/nijin26/ros2_ws/install/rplidar_ros/share/rplidar_ros/launch/view_rplidar_s2_launch.py
[1.034s] -- Up-to-date: /home/nijin26/ros2_ws/install/rplidar_ros/share/rplidar_ros/launch/view_rplidar_a2m8_launch.py
[1.034s] -- Up-to-date: /home/nijin26/ros2_ws/install/rplidar_ros/share/rplidar_ros/launch/view_rplidar_s1_tcp_launch.py
[1.034s] -- Up-to-date: /home/nijin26/ros2_ws/install/rplidar_ros/share/rplidar_ros/launch/rplidar_s2_launch.py
[1.034s] -- Up-to-date: /home/nijin26/ros2_ws/install/rplidar_ros/share/rplidar_ros/launch/rplidar_a2m7_launch.py
[1.034s] -- Up-to-date: /home/nijin26/ros2_ws/install/rplidar_ros/share/rplidar_ros/launch/view_rplidar_s3_launch.py
[1.034s] -- Up-to-date: /home/nijin26/ros2_ws/install/rplidar_ros/share/rplidar_ros/launch/rplidar_s2e_launch.py
[1.035s] -- Up-to-date: /home/nijin26/ros2_ws/install/rplidar_ros/share/rplidar_ros/rviz
[1.035s] -- Up-to-date: /home/nijin26/ros2_ws/install/rplidar_ros/share/rplidar_ros/rviz/rplidar_ros.rviz
[1.035s] -- Up-to-date: /home/nijin26/ros2_ws/install/rplidar_ros/lib/rplidar_ros/rplidar_node
[1.035s] -- Up-to-date: /home/nijin26/ros2_ws/install/rplidar_ros/lib/rplidar_ros/rplidar_composition
[1.035s] -- Up-to-date: /home/nijin26/ros2_ws/install/rplidar_ros/lib/rplidar_ros/rplidar_client
[1.035s] -- Up-to-date: /home/nijin26/ros2_ws/install/rplidar_ros/share/ament_index/resource_index/package_run_dependencies/rplidar_ros
[1.036s] -- Up-to-date: /home/nijin26/ros2_ws/install/rplidar_ros/share/ament_index/resource_index/parent_prefix_path/rplidar_ros
[1.036s] -- Up-to-date: /home/nijin26/ros2_ws/install/rplidar_ros/share/rplidar_ros/environment/ament_prefix_path.sh
[1.036s] -- Up-to-date: /home/nijin26/ros2_ws/install/rplidar_ros/share/rplidar_ros/environment/ament_prefix_path.dsv
[1.036s] -- Up-to-date: /home/nijin26/ros2_ws/install/rplidar_ros/share/rplidar_ros/environment/path.sh
[1.036s] -- Up-to-date: /home/nijin26/ros2_ws/install/rplidar_ros/share/rplidar_ros/environment/path.dsv
[1.036s] -- Up-to-date: /home/nijin26/ros2_ws/install/rplidar_ros/share/rplidar_ros/local_setup.bash
[1.036s] -- Up-to-date: /home/nijin26/ros2_ws/install/rplidar_ros/share/rplidar_ros/local_setup.sh
[1.036s] -- Up-to-date: /home/nijin26/ros2_ws/install/rplidar_ros/share/rplidar_ros/local_setup.zsh
[1.036s] -- Up-to-date: /home/nijin26/ros2_ws/install/rplidar_ros/share/rplidar_ros/local_setup.dsv
[1.036s] -- Installing: /home/nijin26/ros2_ws/install/rplidar_ros/share/rplidar_ros/package.dsv
[1.036s] -- Up-to-date: /home/nijin26/ros2_ws/install/rplidar_ros/share/ament_index/resource_index/packages/rplidar_ros
[1.037s] -- Up-to-date: /home/nijin26/ros2_ws/install/rplidar_ros/share/rplidar_ros/cmake/ament_cmake_export_dependencies-extras.cmake
[1.037s] -- Up-to-date: /home/nijin26/ros2_ws/install/rplidar_ros/share/rplidar_ros/cmake/ament_cmake_export_include_directories-extras.cmake
[1.037s] -- Up-to-date: /home/nijin26/ros2_ws/install/rplidar_ros/share/rplidar_ros/cmake/rplidar_rosConfig.cmake
[1.037s] -- Up-to-date: /home/nijin26/ros2_ws/install/rplidar_ros/share/rplidar_ros/cmake/rplidar_rosConfig-version.cmake
[1.037s] -- Up-to-date: /home/nijin26/ros2_ws/install/rplidar_ros/share/rplidar_ros/package.xml
[1.039s] Invoked command in '/home/nijin26/ros2_ws/build/rplidar_ros' returned '0': CMAKE_PREFIX_PATH=${CMAKE_PREFIX_PATH}:/home/nijin26/ros2_ws/install/ros2jazzy_opencv:/home/nijin26/ros2_ws/install/pkg_udemy_course:/home/nijin26/ros2_ws/install/pkg_template_py:/opt/ros/jazzy DEBUGINFOD_URLS=https://debuginfod.ubuntu.com /usr/bin/cmake --install /home/nijin26/ros2_ws/build/rplidar_ros
