[8.141s] Invoking command in '/home/nijin26/ros2_ws/src/build/ros2jazzy_opencv': DEBUGINFOD_URLS=https://debuginfod.ubuntu.com PYTHONPATH=/home/nijin26/ros2_ws/src/build/ros2jazzy_opencv/prefix_override:/usr/lib/python3/dist-packages/colcon_core/task/python/colcon_distutils_commands:/home/nijin26/ros2_ws/src/install/ros2jazzy_opencv/lib/python3.12/site-packages:${PYTHONPATH} /usr/bin/python3 -W ignore:setup.py install is deprecated setup.py develop --editable --build-directory /home/nijin26/ros2_ws/src/build/ros2jazzy_opencv/build --no-deps symlink_data
[8.848s] running develop
[8.848s] /usr/lib/python3/dist-packages/setuptools/command/develop.py:40: EasyInstallDeprecationWarning: easy_install command is deprecated.
[8.848s] !!
[8.849s] 
[8.849s]         ********************************************************************************
[8.849s]         Please avoid running ``setup.py`` and ``easy_install``.
[8.849s]         Instead, use pypa/build, pypa/installer or other
[8.849s]         standards-based tools.
[8.849s] 
[8.849s]         See https://github.com/pypa/setuptools/issues/917 for details.
[8.849s]         ********************************************************************************
[8.850s] 
[8.850s] !!
[8.850s]   easy_install.initialize_options(self)
[9.261s] running egg_info
[9.261s] creating ros2jazzy_opencv.egg-info
[9.305s] writing ros2jazzy_opencv.egg-info/PKG-INFO
[9.305s] writing dependency_links to ros2jazzy_opencv.egg-info/dependency_links.txt
[9.306s] writing entry points to ros2jazzy_opencv.egg-info/entry_points.txt
[9.306s] writing requirements to ros2jazzy_opencv.egg-info/requires.txt
[9.307s] writing top-level names to ros2jazzy_opencv.egg-info/top_level.txt
[9.307s] writing manifest file 'ros2jazzy_opencv.egg-info/SOURCES.txt'
[9.395s] reading manifest file 'ros2jazzy_opencv.egg-info/SOURCES.txt'
[9.396s] writing manifest file 'ros2jazzy_opencv.egg-info/SOURCES.txt'
[9.439s] running build_ext
[9.439s] Creating /home/nijin26/ros2_ws/src/install/ros2jazzy_opencv/lib/python3.12/site-packages/ros2jazzy-opencv.egg-link (link to .)
[9.440s] Installing cameraPublisher_node script to /home/nijin26/ros2_ws/src/install/ros2jazzy_opencv/lib/ros2jazzy_opencv
[9.440s] Installing detectCircle_node script to /home/nijin26/ros2_ws/src/install/ros2jazzy_opencv/lib/ros2jazzy_opencv
[9.441s] Installing minimalParameters_node script to /home/nijin26/ros2_ws/src/install/ros2jazzy_opencv/lib/ros2jazzy_opencv
[9.441s] Installing minimalPublisher_node script to /home/nijin26/ros2_ws/src/install/ros2jazzy_opencv/lib/ros2jazzy_opencv
[9.441s] Installing minimalSubscriber_node script to /home/nijin26/ros2_ws/src/install/ros2jazzy_opencv/lib/ros2jazzy_opencv
[9.441s] Installing subscriberImage_node script to /home/nijin26/ros2_ws/src/install/ros2jazzy_opencv/lib/ros2jazzy_opencv
[9.441s] 
[9.442s] Installed /home/nijin26/ros2_ws/src/build/ros2jazzy_opencv
[9.442s] running symlink_data
[9.442s] creating /home/nijin26/ros2_ws/src/install/ros2jazzy_opencv/share/ament_index
[9.442s] creating /home/nijin26/ros2_ws/src/install/ros2jazzy_opencv/share/ament_index/resource_index
[9.442s] creating /home/nijin26/ros2_ws/src/install/ros2jazzy_opencv/share/ament_index/resource_index/packages
[9.443s] symbolically linking /home/nijin26/ros2_ws/src/build/ros2jazzy_opencv/resource/ros2jazzy_opencv -> /home/nijin26/ros2_ws/src/install/ros2jazzy_opencv/share/ament_index/resource_index/packages
[9.443s] symbolically linking /home/nijin26/ros2_ws/src/build/ros2jazzy_opencv/package.xml -> /home/nijin26/ros2_ws/src/install/ros2jazzy_opencv/share/ros2jazzy_opencv
[9.443s] symbolically linking /home/nijin26/ros2_ws/src/build/ros2jazzy_opencv/launch/parameters_launch.py -> /home/nijin26/ros2_ws/src/install/ros2jazzy_opencv/share/ros2jazzy_opencv
[9.443s] symbolically linking /home/nijin26/ros2_ws/src/build/ros2jazzy_opencv/launch/detectCircle_launch.py -> /home/nijin26/ros2_ws/src/install/ros2jazzy_opencv/share/ros2jazzy_opencv
[9.714s] Invoked command in '/home/nijin26/ros2_ws/src/build/ros2jazzy_opencv' returned '0': DEBUGINFOD_URLS=https://debuginfod.ubuntu.com PYTHONPATH=/home/nijin26/ros2_ws/src/build/ros2jazzy_opencv/prefix_override:/usr/lib/python3/dist-packages/colcon_core/task/python/colcon_distutils_commands:/home/nijin26/ros2_ws/src/install/ros2jazzy_opencv/lib/python3.12/site-packages:${PYTHONPATH} /usr/bin/python3 -W ignore:setup.py install is deprecated setup.py develop --editable --build-directory /home/nijin26/ros2_ws/src/build/ros2jazzy_opencv/build --no-deps symlink_data
