[0.029s] Invoking command in '/home/nijin26/ros2_ws/build/pkg_template_cpp': CMAKE_PREFIX_PATH=${CMAKE_PREFIX_PATH}:/home/nijin26/ros2_ws/install/pkg_template_py:/home/nijin26/ros2_ws/install/ros2jazzy_opencv:/opt/ros/jazzy DEBUGINFOD_URLS=https://debuginfod.ubuntu.com /usr/bin/cmake --build /home/nijin26/ros2_ws/build/pkg_template_cpp -- -j12 -l12
[0.259s] [100%] Built target node_template_cpp
[0.478s] Invoked command in '/home/nijin26/ros2_ws/build/pkg_template_cpp' returned '0': CMAKE_PREFIX_PATH=${CMAKE_PREFIX_PATH}:/home/nijin26/ros2_ws/install/pkg_template_py:/home/nijin26/ros2_ws/install/ros2jazzy_opencv:/opt/ros/jazzy DEBUGINFOD_URLS=https://debuginfod.ubuntu.com /usr/bin/cmake --build /home/nijin26/ros2_ws/build/pkg_template_cpp -- -j12 -l12
[0.515s] Invoking command in '/home/nijin26/ros2_ws/build/pkg_template_cpp': CMAKE_PREFIX_PATH=${CMAKE_PREFIX_PATH}:/home/nijin26/ros2_ws/install/pkg_template_py:/home/nijin26/ros2_ws/install/ros2jazzy_opencv:/opt/ros/jazzy DEBUGINFOD_URLS=https://debuginfod.ubuntu.com /usr/bin/cmake --install /home/nijin26/ros2_ws/build/pkg_template_cpp
[0.526s] -- Install configuration: ""
[0.526s] -- Up-to-date: /home/nijin26/ros2_ws/install/pkg_template_cpp/lib/pkg_template_cpp/node_template_cpp
[0.526s] -- Up-to-date: /home/nijin26/ros2_ws/install/pkg_template_cpp/share/ament_index/resource_index/package_run_dependencies/pkg_template_cpp
[0.526s] -- Up-to-date: /home/nijin26/ros2_ws/install/pkg_template_cpp/share/ament_index/resource_index/parent_prefix_path/pkg_template_cpp
[0.526s] -- Up-to-date: /home/nijin26/ros2_ws/install/pkg_template_cpp/share/pkg_template_cpp/environment/ament_prefix_path.sh
[0.527s] -- Up-to-date: /home/nijin26/ros2_ws/install/pkg_template_cpp/share/pkg_template_cpp/environment/ament_prefix_path.dsv
[0.527s] -- Up-to-date: /home/nijin26/ros2_ws/install/pkg_template_cpp/share/pkg_template_cpp/environment/path.sh
[0.527s] -- Up-to-date: /home/nijin26/ros2_ws/install/pkg_template_cpp/share/pkg_template_cpp/environment/path.dsv
[0.527s] -- Up-to-date: /home/nijin26/ros2_ws/install/pkg_template_cpp/share/pkg_template_cpp/local_setup.bash
[0.527s] -- Up-to-date: /home/nijin26/ros2_ws/install/pkg_template_cpp/share/pkg_template_cpp/local_setup.sh
[0.527s] -- Up-to-date: /home/nijin26/ros2_ws/install/pkg_template_cpp/share/pkg_template_cpp/local_setup.zsh
[0.527s] -- Up-to-date: /home/nijin26/ros2_ws/install/pkg_template_cpp/share/pkg_template_cpp/local_setup.dsv
[0.528s] -- Installing: /home/nijin26/ros2_ws/install/pkg_template_cpp/share/pkg_template_cpp/package.dsv
[0.528s] -- Up-to-date: /home/nijin26/ros2_ws/install/pkg_template_cpp/share/ament_index/resource_index/packages/pkg_template_cpp
[0.528s] -- Up-to-date: /home/nijin26/ros2_ws/install/pkg_template_cpp/share/pkg_template_cpp/cmake/pkg_template_cppConfig.cmake
[0.528s] -- Up-to-date: /home/nijin26/ros2_ws/install/pkg_template_cpp/share/pkg_template_cpp/cmake/pkg_template_cppConfig-version.cmake
[0.528s] -- Up-to-date: /home/nijin26/ros2_ws/install/pkg_template_cpp/share/pkg_template_cpp/package.xml
[0.529s] Invoked command in '/home/nijin26/ros2_ws/build/pkg_template_cpp' returned '0': CMAKE_PREFIX_PATH=${CMAKE_PREFIX_PATH}:/home/nijin26/ros2_ws/install/pkg_template_py:/home/nijin26/ros2_ws/install/ros2jazzy_opencv:/opt/ros/jazzy DEBUGINFOD_URLS=https://debuginfod.ubuntu.com /usr/bin/cmake --install /home/nijin26/ros2_ws/build/pkg_template_cpp
