running develop
running egg_info
creating pkg_udemy_course.egg-info
writing pkg_udemy_course.egg-info/PKG-INFO
writing dependency_links to pkg_udemy_course.egg-info/dependency_links.txt
writing entry points to pkg_udemy_course.egg-info/entry_points.txt
writing requirements to pkg_udemy_course.egg-info/requires.txt
writing top-level names to pkg_udemy_course.egg-info/top_level.txt
writing manifest file 'pkg_udemy_course.egg-info/SOURCES.txt'
reading manifest file 'pkg_udemy_course.egg-info/SOURCES.txt'
writing manifest file 'pkg_udemy_course.egg-info/SOURCES.txt'
running build_ext
Creating /home/nijin26/ros2_ws/src/install/pkg_udemy_course/lib/python3.12/site-packages/pkg-udemy-course.egg-link (link to .)
Installing node_number_counter script to /home/nijin26/ros2_ws/src/install/pkg_udemy_course/lib/pkg_udemy_course
Installing node_number_publisher script to /home/nijin26/ros2_ws/src/install/pkg_udemy_course/lib/pkg_udemy_course

Installed /home/nijin26/ros2_ws/src/build/pkg_udemy_course
running symlink_data
creating /home/nijin26/ros2_ws/src/install/pkg_udemy_course/share/ament_index
creating /home/nijin26/ros2_ws/src/install/pkg_udemy_course/share/ament_index/resource_index
creating /home/nijin26/ros2_ws/src/install/pkg_udemy_course/share/ament_index/resource_index/packages
symbolically linking /home/nijin26/ros2_ws/src/build/pkg_udemy_course/resource/pkg_udemy_course -> /home/nijin26/ros2_ws/src/install/pkg_udemy_course/share/ament_index/resource_index/packages
symbolically linking /home/nijin26/ros2_ws/src/build/pkg_udemy_course/package.xml -> /home/nijin26/ros2_ws/src/install/pkg_udemy_course/share/pkg_udemy_course
