[0.176s] DEBUG:colcon:Command line arguments: ['/usr/bin/colcon', 'build']
[0.176s] DEBUG:colcon:Parsed command line arguments: Namespace(log_base=None, log_level=None, verb_name='build', build_base='build', install_base='install', merge_install=False, symlink_install=False, test_result_base=None, continue_on_error=False, executor='parallel', parallel_workers=12, event_handlers=None, ignore_user_meta=False, metas=['./colcon.meta'], base_paths=['.'], packages_ignore=None, packages_ignore_regex=None, paths=None, packages_up_to=None, packages_up_to_regex=None, packages_above=None, packages_above_and_dependencies=None, packages_above_depth=None, packages_select_by_dep=None, packages_skip_by_dep=None, packages_skip_up_to=None, packages_select_build_failed=False, packages_skip_build_finished=False, packages_select_test_failures=False, packages_skip_test_passed=False, packages_select=None, packages_skip=None, packages_select_regex=None, packages_skip_regex=None, packages_start=None, packages_end=None, allow_overriding=[], cmake_args=None, cmake_target=None, cmake_target_skip_unavailable=False, cmake_clean_cache=False, cmake_clean_first=False, cmake_force_configure=False, ament_cmake_args=None, catkin_cmake_args=None, catkin_skip_building_tests=False, mixin_files=None, mixin=None, verb_parser=<colcon_mixin.mixin.mixin_argument.MixinArgumentDecorator object at 0x769b3f100890>, verb_extension=<colcon_core.verb.build.BuildVerb object at 0x769b3f239be0>, main=<bound method BuildVerb.main of <colcon_core.verb.build.BuildVerb object at 0x769b3f239be0>>, mixin_verb=('build',))
[0.212s] Level 1:colcon.colcon_core.package_discovery:discover_packages(colcon_meta) check parameters
[0.212s] Level 1:colcon.colcon_core.package_discovery:discover_packages(recursive) check parameters
[0.212s] Level 1:colcon.colcon_core.package_discovery:discover_packages(ignore) check parameters
[0.213s] Level 1:colcon.colcon_core.package_discovery:discover_packages(path) check parameters
[0.213s] Level 1:colcon.colcon_core.package_discovery:discover_packages(colcon_meta) discover
[0.213s] Level 1:colcon.colcon_core.package_discovery:discover_packages(recursive) discover
[0.213s] INFO:colcon.colcon_core.package_discovery:Crawling recursively for packages in '/home/nijin26/ros2_ws'
[0.213s] Level 1:colcon.colcon_core.package_identification:_identify(.) by extensions ['ignore', 'ignore_ament_install']
[0.213s] Level 1:colcon.colcon_core.package_identification:_identify(.) by extension 'ignore'
[0.213s] Level 1:colcon.colcon_core.package_identification:_identify(.) by extension 'ignore_ament_install'
[0.213s] Level 1:colcon.colcon_core.package_identification:_identify(.) by extensions ['colcon_pkg']
[0.213s] Level 1:colcon.colcon_core.package_identification:_identify(.) by extension 'colcon_pkg'
[0.213s] Level 1:colcon.colcon_core.package_identification:_identify(.) by extensions ['colcon_meta']
[0.213s] Level 1:colcon.colcon_core.package_identification:_identify(.) by extension 'colcon_meta'
[0.213s] Level 1:colcon.colcon_core.package_identification:_identify(.) by extensions ['ros']
[0.213s] Level 1:colcon.colcon_core.package_identification:_identify(.) by extension 'ros'
[0.243s] Level 1:colcon.colcon_core.package_identification:_identify(.) by extensions ['cmake', 'python']
[0.243s] Level 1:colcon.colcon_core.package_identification:_identify(.) by extension 'cmake'
[0.243s] Level 1:colcon.colcon_core.package_identification:_identify(.) by extension 'python'
[0.243s] Level 1:colcon.colcon_core.package_identification:_identify(.) by extensions ['python_setup_py']
[0.243s] Level 1:colcon.colcon_core.package_identification:_identify(.) by extension 'python_setup_py'
[0.243s] Level 1:colcon.colcon_core.package_identification:_identify(build) by extensions ['ignore', 'ignore_ament_install']
[0.243s] Level 1:colcon.colcon_core.package_identification:_identify(build) by extension 'ignore'
[0.243s] Level 1:colcon.colcon_core.package_identification:_identify(build) ignored
[0.243s] Level 1:colcon.colcon_core.package_identification:_identify(install) by extensions ['ignore', 'ignore_ament_install']
[0.243s] Level 1:colcon.colcon_core.package_identification:_identify(install) by extension 'ignore'
[0.243s] Level 1:colcon.colcon_core.package_identification:_identify(install) ignored
[0.244s] Level 1:colcon.colcon_core.package_identification:_identify(log) by extensions ['ignore', 'ignore_ament_install']
[0.244s] Level 1:colcon.colcon_core.package_identification:_identify(log) by extension 'ignore'
[0.244s] Level 1:colcon.colcon_core.package_identification:_identify(log) ignored
[0.244s] Level 1:colcon.colcon_core.package_identification:_identify(src) by extensions ['ignore', 'ignore_ament_install']
[0.244s] Level 1:colcon.colcon_core.package_identification:_identify(src) by extension 'ignore'
[0.244s] Level 1:colcon.colcon_core.package_identification:_identify(src) by extension 'ignore_ament_install'
[0.244s] Level 1:colcon.colcon_core.package_identification:_identify(src) by extensions ['colcon_pkg']
[0.244s] Level 1:colcon.colcon_core.package_identification:_identify(src) by extension 'colcon_pkg'
[0.244s] Level 1:colcon.colcon_core.package_identification:_identify(src) by extensions ['colcon_meta']
[0.244s] Level 1:colcon.colcon_core.package_identification:_identify(src) by extension 'colcon_meta'
[0.244s] Level 1:colcon.colcon_core.package_identification:_identify(src) by extensions ['ros']
[0.244s] Level 1:colcon.colcon_core.package_identification:_identify(src) by extension 'ros'
[0.244s] Level 1:colcon.colcon_core.package_identification:_identify(src) by extensions ['cmake', 'python']
[0.244s] Level 1:colcon.colcon_core.package_identification:_identify(src) by extension 'cmake'
[0.244s] Level 1:colcon.colcon_core.package_identification:_identify(src) by extension 'python'
[0.244s] Level 1:colcon.colcon_core.package_identification:_identify(src) by extensions ['python_setup_py']
[0.244s] Level 1:colcon.colcon_core.package_identification:_identify(src) by extension 'python_setup_py'
[0.244s] Level 1:colcon.colcon_core.package_identification:_identify(src/build) by extensions ['ignore', 'ignore_ament_install']
[0.245s] Level 1:colcon.colcon_core.package_identification:_identify(src/build) by extension 'ignore'
[0.245s] Level 1:colcon.colcon_core.package_identification:_identify(src/build) ignored
[0.245s] Level 1:colcon.colcon_core.package_identification:_identify(src/install) by extensions ['ignore', 'ignore_ament_install']
[0.245s] Level 1:colcon.colcon_core.package_identification:_identify(src/install) by extension 'ignore'
[0.245s] Level 1:colcon.colcon_core.package_identification:_identify(src/install) ignored
[0.245s] Level 1:colcon.colcon_core.package_identification:_identify(src/log) by extensions ['ignore', 'ignore_ament_install']
[0.245s] Level 1:colcon.colcon_core.package_identification:_identify(src/log) by extension 'ignore'
[0.245s] Level 1:colcon.colcon_core.package_identification:_identify(src/log) ignored
[0.245s] Level 1:colcon.colcon_core.package_identification:_identify(src/pkg_template_cpp) by extensions ['ignore', 'ignore_ament_install']
[0.245s] Level 1:colcon.colcon_core.package_identification:_identify(src/pkg_template_cpp) by extension 'ignore'
[0.245s] Level 1:colcon.colcon_core.package_identification:_identify(src/pkg_template_cpp) by extension 'ignore_ament_install'
[0.245s] Level 1:colcon.colcon_core.package_identification:_identify(src/pkg_template_cpp) by extensions ['colcon_pkg']
[0.245s] Level 1:colcon.colcon_core.package_identification:_identify(src/pkg_template_cpp) by extension 'colcon_pkg'
[0.245s] Level 1:colcon.colcon_core.package_identification:_identify(src/pkg_template_cpp) by extensions ['colcon_meta']
[0.245s] Level 1:colcon.colcon_core.package_identification:_identify(src/pkg_template_cpp) by extension 'colcon_meta'
[0.245s] Level 1:colcon.colcon_core.package_identification:_identify(src/pkg_template_cpp) by extensions ['ros']
[0.245s] Level 1:colcon.colcon_core.package_identification:_identify(src/pkg_template_cpp) by extension 'ros'
[0.248s] DEBUG:colcon.colcon_core.package_identification:Package 'src/pkg_template_cpp' with type 'ros.ament_cmake' and name 'pkg_template_cpp'
[0.248s] Level 1:colcon.colcon_core.package_identification:_identify(src/pkg_template_multi_language) by extensions ['ignore', 'ignore_ament_install']
[0.248s] Level 1:colcon.colcon_core.package_identification:_identify(src/pkg_template_multi_language) by extension 'ignore'
[0.248s] Level 1:colcon.colcon_core.package_identification:_identify(src/pkg_template_multi_language) by extension 'ignore_ament_install'
[0.249s] Level 1:colcon.colcon_core.package_identification:_identify(src/pkg_template_multi_language) by extensions ['colcon_pkg']
[0.249s] Level 1:colcon.colcon_core.package_identification:_identify(src/pkg_template_multi_language) by extension 'colcon_pkg'
[0.249s] Level 1:colcon.colcon_core.package_identification:_identify(src/pkg_template_multi_language) by extensions ['colcon_meta']
[0.249s] Level 1:colcon.colcon_core.package_identification:_identify(src/pkg_template_multi_language) by extension 'colcon_meta'
[0.249s] Level 1:colcon.colcon_core.package_identification:_identify(src/pkg_template_multi_language) by extensions ['ros']
[0.249s] Level 1:colcon.colcon_core.package_identification:_identify(src/pkg_template_multi_language) by extension 'ros'
[0.249s] DEBUG:colcon.colcon_core.package_identification:Package 'src/pkg_template_multi_language' with type 'ros.ament_cmake' and name 'pkg_template_multi_language'
[0.249s] Level 1:colcon.colcon_core.package_identification:_identify(src/pkg_template_py) by extensions ['ignore', 'ignore_ament_install']
[0.249s] Level 1:colcon.colcon_core.package_identification:_identify(src/pkg_template_py) by extension 'ignore'
[0.249s] Level 1:colcon.colcon_core.package_identification:_identify(src/pkg_template_py) by extension 'ignore_ament_install'
[0.249s] Level 1:colcon.colcon_core.package_identification:_identify(src/pkg_template_py) by extensions ['colcon_pkg']
[0.249s] Level 1:colcon.colcon_core.package_identification:_identify(src/pkg_template_py) by extension 'colcon_pkg'
[0.249s] Level 1:colcon.colcon_core.package_identification:_identify(src/pkg_template_py) by extensions ['colcon_meta']
[0.249s] Level 1:colcon.colcon_core.package_identification:_identify(src/pkg_template_py) by extension 'colcon_meta'
[0.250s] Level 1:colcon.colcon_core.package_identification:_identify(src/pkg_template_py) by extensions ['ros']
[0.250s] Level 1:colcon.colcon_core.package_identification:_identify(src/pkg_template_py) by extension 'ros'
[0.250s] DEBUG:colcon.colcon_core.package_identification:Package 'src/pkg_template_py' with type 'ros.ament_python' and name 'pkg_template_py'
[0.250s] Level 1:colcon.colcon_core.package_identification:_identify(src/pkg_udemy_course) by extensions ['ignore', 'ignore_ament_install']
[0.250s] Level 1:colcon.colcon_core.package_identification:_identify(src/pkg_udemy_course) by extension 'ignore'
[0.250s] Level 1:colcon.colcon_core.package_identification:_identify(src/pkg_udemy_course) by extension 'ignore_ament_install'
[0.250s] Level 1:colcon.colcon_core.package_identification:_identify(src/pkg_udemy_course) by extensions ['colcon_pkg']
[0.250s] Level 1:colcon.colcon_core.package_identification:_identify(src/pkg_udemy_course) by extension 'colcon_pkg'
[0.250s] Level 1:colcon.colcon_core.package_identification:_identify(src/pkg_udemy_course) by extensions ['colcon_meta']
[0.250s] Level 1:colcon.colcon_core.package_identification:_identify(src/pkg_udemy_course) by extension 'colcon_meta'
[0.250s] Level 1:colcon.colcon_core.package_identification:_identify(src/pkg_udemy_course) by extensions ['ros']
[0.250s] Level 1:colcon.colcon_core.package_identification:_identify(src/pkg_udemy_course) by extension 'ros'
[0.251s] DEBUG:colcon.colcon_core.package_identification:Package 'src/pkg_udemy_course' with type 'ros.ament_python' and name 'pkg_udemy_course'
[0.251s] Level 1:colcon.colcon_core.package_identification:_identify(src/ros2jazzy_opencv) by extensions ['ignore', 'ignore_ament_install']
[0.251s] Level 1:colcon.colcon_core.package_identification:_identify(src/ros2jazzy_opencv) by extension 'ignore'
[0.251s] Level 1:colcon.colcon_core.package_identification:_identify(src/ros2jazzy_opencv) by extension 'ignore_ament_install'
[0.251s] Level 1:colcon.colcon_core.package_identification:_identify(src/ros2jazzy_opencv) by extensions ['colcon_pkg']
[0.251s] Level 1:colcon.colcon_core.package_identification:_identify(src/ros2jazzy_opencv) by extension 'colcon_pkg'
[0.251s] Level 1:colcon.colcon_core.package_identification:_identify(src/ros2jazzy_opencv) by extensions ['colcon_meta']
[0.251s] Level 1:colcon.colcon_core.package_identification:_identify(src/ros2jazzy_opencv) by extension 'colcon_meta'
[0.251s] Level 1:colcon.colcon_core.package_identification:_identify(src/ros2jazzy_opencv) by extensions ['ros']
[0.251s] Level 1:colcon.colcon_core.package_identification:_identify(src/ros2jazzy_opencv) by extension 'ros'
[0.252s] DEBUG:colcon.colcon_core.package_identification:Package 'src/ros2jazzy_opencv' with type 'ros.ament_python' and name 'ros2jazzy_opencv'
[0.252s] Level 1:colcon.colcon_core.package_identification:_identify(src/rplidar_ros) by extensions ['ignore', 'ignore_ament_install']
[0.253s] Level 1:colcon.colcon_core.package_identification:_identify(src/rplidar_ros) by extension 'ignore'
[0.253s] Level 1:colcon.colcon_core.package_identification:_identify(src/rplidar_ros) by extension 'ignore_ament_install'
[0.253s] Level 1:colcon.colcon_core.package_identification:_identify(src/rplidar_ros) by extensions ['colcon_pkg']
[0.253s] Level 1:colcon.colcon_core.package_identification:_identify(src/rplidar_ros) by extension 'colcon_pkg'
[0.253s] Level 1:colcon.colcon_core.package_identification:_identify(src/rplidar_ros) by extensions ['colcon_meta']
[0.253s] Level 1:colcon.colcon_core.package_identification:_identify(src/rplidar_ros) by extension 'colcon_meta'
[0.253s] Level 1:colcon.colcon_core.package_identification:_identify(src/rplidar_ros) by extensions ['ros']
[0.253s] Level 1:colcon.colcon_core.package_identification:_identify(src/rplidar_ros) by extension 'ros'
[0.254s] DEBUG:colcon.colcon_core.package_identification:Package 'src/rplidar_ros' with type 'ros.ament_cmake' and name 'rplidar_ros'
[0.254s] Level 1:colcon.colcon_core.package_discovery:discover_packages(recursive) using defaults
[0.254s] Level 1:colcon.colcon_core.package_discovery:discover_packages(ignore) discover
[0.254s] Level 1:colcon.colcon_core.package_discovery:discover_packages(ignore) using defaults
[0.254s] Level 1:colcon.colcon_core.package_discovery:discover_packages(path) discover
[0.254s] Level 1:colcon.colcon_core.package_discovery:discover_packages(path) using defaults
[0.274s] Level 1:colcon.colcon_core.package_discovery:discover_packages(prefix_path) check parameters
[0.274s] Level 1:colcon.colcon_core.package_discovery:discover_packages(prefix_path) discover
[0.277s] DEBUG:colcon.colcon_installed_package_information.package_discovery:Found 6 installed packages in /home/nijin26/ros2_ws/install
[0.278s] DEBUG:colcon.colcon_installed_package_information.package_discovery:Found 3 installed packages in /home/nijin26/microros_ws/install
[0.279s] DEBUG:colcon.colcon_installed_package_information.package_discovery:Found 285 installed packages in /opt/ros/jazzy
[0.280s] Level 1:colcon.colcon_core.package_discovery:discover_packages(prefix_path) using defaults
[0.326s] Level 5:colcon.colcon_core.verb:set package 'pkg_template_cpp' build argument 'cmake_args' from command line to 'None'
[0.326s] Level 5:colcon.colcon_core.verb:set package 'pkg_template_cpp' build argument 'cmake_target' from command line to 'None'
[0.326s] Level 5:colcon.colcon_core.verb:set package 'pkg_template_cpp' build argument 'cmake_target_skip_unavailable' from command line to 'False'
[0.326s] Level 5:colcon.colcon_core.verb:set package 'pkg_template_cpp' build argument 'cmake_clean_cache' from command line to 'False'
[0.326s] Level 5:colcon.colcon_core.verb:set package 'pkg_template_cpp' build argument 'cmake_clean_first' from command line to 'False'
[0.326s] Level 5:colcon.colcon_core.verb:set package 'pkg_template_cpp' build argument 'cmake_force_configure' from command line to 'False'
[0.326s] Level 5:colcon.colcon_core.verb:set package 'pkg_template_cpp' build argument 'ament_cmake_args' from command line to 'None'
[0.326s] Level 5:colcon.colcon_core.verb:set package 'pkg_template_cpp' build argument 'catkin_cmake_args' from command line to 'None'
[0.326s] Level 5:colcon.colcon_core.verb:set package 'pkg_template_cpp' build argument 'catkin_skip_building_tests' from command line to 'False'
[0.326s] DEBUG:colcon.colcon_core.verb:Building package 'pkg_template_cpp' with the following arguments: {'ament_cmake_args': None, 'build_base': '/home/nijin26/ros2_ws/build/pkg_template_cpp', 'catkin_cmake_args': None, 'catkin_skip_building_tests': False, 'cmake_args': None, 'cmake_clean_cache': False, 'cmake_clean_first': False, 'cmake_force_configure': False, 'cmake_target': None, 'cmake_target_skip_unavailable': False, 'install_base': '/home/nijin26/ros2_ws/install/pkg_template_cpp', 'merge_install': False, 'path': '/home/nijin26/ros2_ws/src/pkg_template_cpp', 'symlink_install': False, 'test_result_base': None}
[0.326s] Level 5:colcon.colcon_core.verb:set package 'pkg_template_multi_language' build argument 'cmake_args' from command line to 'None'
[0.327s] Level 5:colcon.colcon_core.verb:set package 'pkg_template_multi_language' build argument 'cmake_target' from command line to 'None'
[0.327s] Level 5:colcon.colcon_core.verb:set package 'pkg_template_multi_language' build argument 'cmake_target_skip_unavailable' from command line to 'False'
[0.327s] Level 5:colcon.colcon_core.verb:set package 'pkg_template_multi_language' build argument 'cmake_clean_cache' from command line to 'False'
[0.327s] Level 5:colcon.colcon_core.verb:set package 'pkg_template_multi_language' build argument 'cmake_clean_first' from command line to 'False'
[0.327s] Level 5:colcon.colcon_core.verb:set package 'pkg_template_multi_language' build argument 'cmake_force_configure' from command line to 'False'
[0.327s] Level 5:colcon.colcon_core.verb:set package 'pkg_template_multi_language' build argument 'ament_cmake_args' from command line to 'None'
[0.327s] Level 5:colcon.colcon_core.verb:set package 'pkg_template_multi_language' build argument 'catkin_cmake_args' from command line to 'None'
[0.327s] Level 5:colcon.colcon_core.verb:set package 'pkg_template_multi_language' build argument 'catkin_skip_building_tests' from command line to 'False'
[0.327s] DEBUG:colcon.colcon_core.verb:Building package 'pkg_template_multi_language' with the following arguments: {'ament_cmake_args': None, 'build_base': '/home/nijin26/ros2_ws/build/pkg_template_multi_language', 'catkin_cmake_args': None, 'catkin_skip_building_tests': False, 'cmake_args': None, 'cmake_clean_cache': False, 'cmake_clean_first': False, 'cmake_force_configure': False, 'cmake_target': None, 'cmake_target_skip_unavailable': False, 'install_base': '/home/nijin26/ros2_ws/install/pkg_template_multi_language', 'merge_install': False, 'path': '/home/nijin26/ros2_ws/src/pkg_template_multi_language', 'symlink_install': False, 'test_result_base': None}
[0.327s] Level 5:colcon.colcon_core.verb:set package 'pkg_template_py' build argument 'cmake_args' from command line to 'None'
[0.327s] Level 5:colcon.colcon_core.verb:set package 'pkg_template_py' build argument 'cmake_target' from command line to 'None'
[0.327s] Level 5:colcon.colcon_core.verb:set package 'pkg_template_py' build argument 'cmake_target_skip_unavailable' from command line to 'False'
[0.327s] Level 5:colcon.colcon_core.verb:set package 'pkg_template_py' build argument 'cmake_clean_cache' from command line to 'False'
[0.327s] Level 5:colcon.colcon_core.verb:set package 'pkg_template_py' build argument 'cmake_clean_first' from command line to 'False'
[0.327s] Level 5:colcon.colcon_core.verb:set package 'pkg_template_py' build argument 'cmake_force_configure' from command line to 'False'
[0.327s] Level 5:colcon.colcon_core.verb:set package 'pkg_template_py' build argument 'ament_cmake_args' from command line to 'None'
[0.327s] Level 5:colcon.colcon_core.verb:set package 'pkg_template_py' build argument 'catkin_cmake_args' from command line to 'None'
[0.327s] Level 5:colcon.colcon_core.verb:set package 'pkg_template_py' build argument 'catkin_skip_building_tests' from command line to 'False'
[0.327s] DEBUG:colcon.colcon_core.verb:Building package 'pkg_template_py' with the following arguments: {'ament_cmake_args': None, 'build_base': '/home/nijin26/ros2_ws/build/pkg_template_py', 'catkin_cmake_args': None, 'catkin_skip_building_tests': False, 'cmake_args': None, 'cmake_clean_cache': False, 'cmake_clean_first': False, 'cmake_force_configure': False, 'cmake_target': None, 'cmake_target_skip_unavailable': False, 'install_base': '/home/nijin26/ros2_ws/install/pkg_template_py', 'merge_install': False, 'path': '/home/nijin26/ros2_ws/src/pkg_template_py', 'symlink_install': False, 'test_result_base': None}
[0.327s] Level 5:colcon.colcon_core.verb:set package 'pkg_udemy_course' build argument 'cmake_args' from command line to 'None'
[0.327s] Level 5:colcon.colcon_core.verb:set package 'pkg_udemy_course' build argument 'cmake_target' from command line to 'None'
[0.328s] Level 5:colcon.colcon_core.verb:set package 'pkg_udemy_course' build argument 'cmake_target_skip_unavailable' from command line to 'False'
[0.328s] Level 5:colcon.colcon_core.verb:set package 'pkg_udemy_course' build argument 'cmake_clean_cache' from command line to 'False'
[0.328s] Level 5:colcon.colcon_core.verb:set package 'pkg_udemy_course' build argument 'cmake_clean_first' from command line to 'False'
[0.328s] Level 5:colcon.colcon_core.verb:set package 'pkg_udemy_course' build argument 'cmake_force_configure' from command line to 'False'
[0.328s] Level 5:colcon.colcon_core.verb:set package 'pkg_udemy_course' build argument 'ament_cmake_args' from command line to 'None'
[0.328s] Level 5:colcon.colcon_core.verb:set package 'pkg_udemy_course' build argument 'catkin_cmake_args' from command line to 'None'
[0.328s] Level 5:colcon.colcon_core.verb:set package 'pkg_udemy_course' build argument 'catkin_skip_building_tests' from command line to 'False'
[0.328s] DEBUG:colcon.colcon_core.verb:Building package 'pkg_udemy_course' with the following arguments: {'ament_cmake_args': None, 'build_base': '/home/nijin26/ros2_ws/build/pkg_udemy_course', 'catkin_cmake_args': None, 'catkin_skip_building_tests': False, 'cmake_args': None, 'cmake_clean_cache': False, 'cmake_clean_first': False, 'cmake_force_configure': False, 'cmake_target': None, 'cmake_target_skip_unavailable': False, 'install_base': '/home/nijin26/ros2_ws/install/pkg_udemy_course', 'merge_install': False, 'path': '/home/nijin26/ros2_ws/src/pkg_udemy_course', 'symlink_install': False, 'test_result_base': None}
[0.328s] Level 5:colcon.colcon_core.verb:set package 'ros2jazzy_opencv' build argument 'cmake_args' from command line to 'None'
[0.328s] Level 5:colcon.colcon_core.verb:set package 'ros2jazzy_opencv' build argument 'cmake_target' from command line to 'None'
[0.328s] Level 5:colcon.colcon_core.verb:set package 'ros2jazzy_opencv' build argument 'cmake_target_skip_unavailable' from command line to 'False'
[0.328s] Level 5:colcon.colcon_core.verb:set package 'ros2jazzy_opencv' build argument 'cmake_clean_cache' from command line to 'False'
[0.328s] Level 5:colcon.colcon_core.verb:set package 'ros2jazzy_opencv' build argument 'cmake_clean_first' from command line to 'False'
[0.328s] Level 5:colcon.colcon_core.verb:set package 'ros2jazzy_opencv' build argument 'cmake_force_configure' from command line to 'False'
[0.328s] Level 5:colcon.colcon_core.verb:set package 'ros2jazzy_opencv' build argument 'ament_cmake_args' from command line to 'None'
[0.328s] Level 5:colcon.colcon_core.verb:set package 'ros2jazzy_opencv' build argument 'catkin_cmake_args' from command line to 'None'
[0.328s] Level 5:colcon.colcon_core.verb:set package 'ros2jazzy_opencv' build argument 'catkin_skip_building_tests' from command line to 'False'
[0.328s] DEBUG:colcon.colcon_core.verb:Building package 'ros2jazzy_opencv' with the following arguments: {'ament_cmake_args': None, 'build_base': '/home/nijin26/ros2_ws/build/ros2jazzy_opencv', 'catkin_cmake_args': None, 'catkin_skip_building_tests': False, 'cmake_args': None, 'cmake_clean_cache': False, 'cmake_clean_first': False, 'cmake_force_configure': False, 'cmake_target': None, 'cmake_target_skip_unavailable': False, 'install_base': '/home/nijin26/ros2_ws/install/ros2jazzy_opencv', 'merge_install': False, 'path': '/home/nijin26/ros2_ws/src/ros2jazzy_opencv', 'symlink_install': False, 'test_result_base': None}
[0.328s] Level 5:colcon.colcon_core.verb:set package 'rplidar_ros' build argument 'cmake_args' from command line to 'None'
[0.328s] Level 5:colcon.colcon_core.verb:set package 'rplidar_ros' build argument 'cmake_target' from command line to 'None'
[0.328s] Level 5:colcon.colcon_core.verb:set package 'rplidar_ros' build argument 'cmake_target_skip_unavailable' from command line to 'False'
[0.328s] Level 5:colcon.colcon_core.verb:set package 'rplidar_ros' build argument 'cmake_clean_cache' from command line to 'False'
[0.328s] Level 5:colcon.colcon_core.verb:set package 'rplidar_ros' build argument 'cmake_clean_first' from command line to 'False'
[0.329s] Level 5:colcon.colcon_core.verb:set package 'rplidar_ros' build argument 'cmake_force_configure' from command line to 'False'
[0.329s] Level 5:colcon.colcon_core.verb:set package 'rplidar_ros' build argument 'ament_cmake_args' from command line to 'None'
[0.329s] Level 5:colcon.colcon_core.verb:set package 'rplidar_ros' build argument 'catkin_cmake_args' from command line to 'None'
[0.329s] Level 5:colcon.colcon_core.verb:set package 'rplidar_ros' build argument 'catkin_skip_building_tests' from command line to 'False'
[0.329s] DEBUG:colcon.colcon_core.verb:Building package 'rplidar_ros' with the following arguments: {'ament_cmake_args': None, 'build_base': '/home/nijin26/ros2_ws/build/rplidar_ros', 'catkin_cmake_args': None, 'catkin_skip_building_tests': False, 'cmake_args': None, 'cmake_clean_cache': False, 'cmake_clean_first': False, 'cmake_force_configure': False, 'cmake_target': None, 'cmake_target_skip_unavailable': False, 'install_base': '/home/nijin26/ros2_ws/install/rplidar_ros', 'merge_install': False, 'path': '/home/nijin26/ros2_ws/src/rplidar_ros', 'symlink_install': False, 'test_result_base': None}
[0.329s] INFO:colcon.colcon_core.executor:Executing jobs using 'parallel' executor
[0.329s] DEBUG:colcon.colcon_parallel_executor.executor.parallel:run_until_complete
[0.330s] INFO:colcon.colcon_ros.task.ament_cmake.build:Building ROS package in '/home/nijin26/ros2_ws/src/pkg_template_cpp' with build type 'ament_cmake'
[0.330s] INFO:colcon.colcon_cmake.task.cmake.build:Building CMake package in '/home/nijin26/ros2_ws/src/pkg_template_cpp'
[0.334s] INFO:colcon.colcon_core.plugin_system:Skipping extension 'colcon_core.shell.bat': Not used on non-Windows systems
[0.334s] INFO:colcon.colcon_core.shell:Skip shell extension 'powershell' for command environment: Not usable outside of PowerShell
[0.334s] DEBUG:colcon.colcon_core.shell:Skip shell extension 'dsv' for command environment
[0.338s] INFO:colcon.colcon_ros.task.ament_cmake.build:Building ROS package in '/home/nijin26/ros2_ws/src/pkg_template_multi_language' with build type 'ament_cmake'
[0.338s] INFO:colcon.colcon_cmake.task.cmake.build:Building CMake package in '/home/nijin26/ros2_ws/src/pkg_template_multi_language'
[0.338s] INFO:colcon.colcon_core.shell:Skip shell extension 'powershell' for command environment: Not usable outside of PowerShell
[0.338s] DEBUG:colcon.colcon_core.shell:Skip shell extension 'dsv' for command environment
[0.343s] INFO:colcon.colcon_ros.task.ament_python.build:Building ROS package in '/home/nijin26/ros2_ws/src/pkg_template_py' with build type 'ament_python'
[0.344s] Level 1:colcon.colcon_core.shell:create_environment_hook('pkg_template_py', 'ament_prefix_path')
[0.344s] INFO:colcon.colcon_core.shell:Creating environment hook '/home/nijin26/ros2_ws/install/pkg_template_py/share/pkg_template_py/hook/ament_prefix_path.ps1'
[0.345s] INFO:colcon.colcon_core.shell:Creating environment descriptor '/home/nijin26/ros2_ws/install/pkg_template_py/share/pkg_template_py/hook/ament_prefix_path.dsv'
[0.346s] INFO:colcon.colcon_core.shell:Creating environment hook '/home/nijin26/ros2_ws/install/pkg_template_py/share/pkg_template_py/hook/ament_prefix_path.sh'
[0.347s] INFO:colcon.colcon_core.shell:Skip shell extension 'powershell' for command environment: Not usable outside of PowerShell
[0.347s] DEBUG:colcon.colcon_core.shell:Skip shell extension 'dsv' for command environment
[0.352s] INFO:colcon.colcon_ros.task.ament_python.build:Building ROS package in '/home/nijin26/ros2_ws/src/pkg_udemy_course' with build type 'ament_python'
[0.352s] Level 1:colcon.colcon_core.shell:create_environment_hook('pkg_udemy_course', 'ament_prefix_path')
[0.352s] INFO:colcon.colcon_core.shell:Creating environment hook '/home/nijin26/ros2_ws/install/pkg_udemy_course/share/pkg_udemy_course/hook/ament_prefix_path.ps1'
[0.353s] INFO:colcon.colcon_core.shell:Creating environment descriptor '/home/nijin26/ros2_ws/install/pkg_udemy_course/share/pkg_udemy_course/hook/ament_prefix_path.dsv'
[0.354s] INFO:colcon.colcon_core.shell:Creating environment hook '/home/nijin26/ros2_ws/install/pkg_udemy_course/share/pkg_udemy_course/hook/ament_prefix_path.sh'
[0.355s] INFO:colcon.colcon_core.shell:Skip shell extension 'powershell' for command environment: Not usable outside of PowerShell
[0.355s] DEBUG:colcon.colcon_core.shell:Skip shell extension 'dsv' for command environment
[0.360s] INFO:colcon.colcon_ros.task.ament_python.build:Building ROS package in '/home/nijin26/ros2_ws/src/ros2jazzy_opencv' with build type 'ament_python'
[0.360s] Level 1:colcon.colcon_core.shell:create_environment_hook('ros2jazzy_opencv', 'ament_prefix_path')
[0.360s] INFO:colcon.colcon_core.shell:Creating environment hook '/home/nijin26/ros2_ws/install/ros2jazzy_opencv/share/ros2jazzy_opencv/hook/ament_prefix_path.ps1'
[0.361s] INFO:colcon.colcon_core.shell:Creating environment descriptor '/home/nijin26/ros2_ws/install/ros2jazzy_opencv/share/ros2jazzy_opencv/hook/ament_prefix_path.dsv'
[0.361s] INFO:colcon.colcon_core.shell:Creating environment hook '/home/nijin26/ros2_ws/install/ros2jazzy_opencv/share/ros2jazzy_opencv/hook/ament_prefix_path.sh'
[0.362s] INFO:colcon.colcon_core.shell:Skip shell extension 'powershell' for command environment: Not usable outside of PowerShell
[0.362s] DEBUG:colcon.colcon_core.shell:Skip shell extension 'dsv' for command environment
[0.367s] INFO:colcon.colcon_ros.task.ament_cmake.build:Building ROS package in '/home/nijin26/ros2_ws/src/rplidar_ros' with build type 'ament_cmake'
[0.367s] INFO:colcon.colcon_cmake.task.cmake.build:Building CMake package in '/home/nijin26/ros2_ws/src/rplidar_ros'
[0.368s] INFO:colcon.colcon_core.shell:Skip shell extension 'powershell' for command environment: Not usable outside of PowerShell
[0.368s] DEBUG:colcon.colcon_core.shell:Skip shell extension 'dsv' for command environment
[0.380s] DEBUG:colcon.colcon_core.event_handler.log_command:Invoking command in '/home/nijin26/ros2_ws/build/pkg_template_cpp': CMAKE_PREFIX_PATH=${CMAKE_PREFIX_PATH}:/home/nijin26/ros2_ws/install/ros2jazzy_opencv:/home/nijin26/ros2_ws/install/pkg_udemy_course:/home/nijin26/ros2_ws/install/pkg_template_py:/opt/ros/jazzy DEBUGINFOD_URLS=https://debuginfod.ubuntu.com /usr/bin/cmake --build /home/nijin26/ros2_ws/build/pkg_template_cpp -- -j12 -l12
[0.385s] DEBUG:colcon.colcon_core.event_handler.log_command:Invoking command in '/home/nijin26/ros2_ws/build/pkg_template_multi_language': CMAKE_PREFIX_PATH=${CMAKE_PREFIX_PATH}:/home/nijin26/ros2_ws/install/ros2jazzy_opencv:/home/nijin26/ros2_ws/install/pkg_udemy_course:/home/nijin26/ros2_ws/install/pkg_template_py:/opt/ros/jazzy DEBUGINFOD_URLS=https://debuginfod.ubuntu.com /usr/bin/cmake --build /home/nijin26/ros2_ws/build/pkg_template_multi_language -- -j12 -l12
[0.633s] INFO:colcon.colcon_core.task.python.build:Building Python package in '/home/nijin26/ros2_ws/src/pkg_template_py'
[0.634s] INFO:colcon.colcon_core.shell:Skip shell extension 'powershell' for command environment: Not usable outside of PowerShell
[0.634s] DEBUG:colcon.colcon_core.shell:Skip shell extension 'dsv' for command environment
[0.867s] INFO:colcon.colcon_core.task.python.build:Building Python package in '/home/nijin26/ros2_ws/src/pkg_udemy_course'
[0.867s] INFO:colcon.colcon_core.shell:Skip shell extension 'powershell' for command environment: Not usable outside of PowerShell
[0.868s] DEBUG:colcon.colcon_core.shell:Skip shell extension 'dsv' for command environment
[1.116s] INFO:colcon.colcon_core.task.python.build:Building Python package in '/home/nijin26/ros2_ws/src/ros2jazzy_opencv'
[1.116s] INFO:colcon.colcon_core.shell:Skip shell extension 'powershell' for command environment: Not usable outside of PowerShell
[1.116s] DEBUG:colcon.colcon_core.shell:Skip shell extension 'dsv' for command environment
[1.126s] DEBUG:colcon.colcon_core.event_handler.log_command:Invoked command in '/home/nijin26/ros2_ws/build/pkg_template_cpp' returned '0': CMAKE_PREFIX_PATH=${CMAKE_PREFIX_PATH}:/home/nijin26/ros2_ws/install/ros2jazzy_opencv:/home/nijin26/ros2_ws/install/pkg_udemy_course:/home/nijin26/ros2_ws/install/pkg_template_py:/opt/ros/jazzy DEBUGINFOD_URLS=https://debuginfod.ubuntu.com /usr/bin/cmake --build /home/nijin26/ros2_ws/build/pkg_template_cpp -- -j12 -l12
[1.131s] DEBUG:colcon.colcon_core.event_handler.log_command:Invoking command in '/home/nijin26/ros2_ws/build/rplidar_ros': CMAKE_PREFIX_PATH=${CMAKE_PREFIX_PATH}:/home/nijin26/ros2_ws/install/ros2jazzy_opencv:/home/nijin26/ros2_ws/install/pkg_udemy_course:/home/nijin26/ros2_ws/install/pkg_template_py:/opt/ros/jazzy DEBUGINFOD_URLS=https://debuginfod.ubuntu.com /usr/bin/cmake --build /home/nijin26/ros2_ws/build/rplidar_ros -- -j12 -l12
[1.140s] DEBUG:colcon.colcon_core.event_handler.log_command:Invoked command in '/home/nijin26/ros2_ws/build/pkg_template_multi_language' returned '0': CMAKE_PREFIX_PATH=${CMAKE_PREFIX_PATH}:/home/nijin26/ros2_ws/install/ros2jazzy_opencv:/home/nijin26/ros2_ws/install/pkg_udemy_course:/home/nijin26/ros2_ws/install/pkg_template_py:/opt/ros/jazzy DEBUGINFOD_URLS=https://debuginfod.ubuntu.com /usr/bin/cmake --build /home/nijin26/ros2_ws/build/pkg_template_multi_language -- -j12 -l12
[1.168s] DEBUG:colcon.colcon_core.event_handler.log_command:Invoking command in '/home/nijin26/ros2_ws/build/pkg_template_cpp': CMAKE_PREFIX_PATH=${CMAKE_PREFIX_PATH}:/home/nijin26/ros2_ws/install/ros2jazzy_opencv:/home/nijin26/ros2_ws/install/pkg_udemy_course:/home/nijin26/ros2_ws/install/pkg_template_py:/opt/ros/jazzy DEBUGINFOD_URLS=https://debuginfod.ubuntu.com /usr/bin/cmake --install /home/nijin26/ros2_ws/build/pkg_template_cpp
[1.173s] DEBUG:colcon.colcon_core.event_handler.log_command:Invoking command in '/home/nijin26/ros2_ws/build/pkg_template_multi_language': CMAKE_PREFIX_PATH=${CMAKE_PREFIX_PATH}:/home/nijin26/ros2_ws/install/ros2jazzy_opencv:/home/nijin26/ros2_ws/install/pkg_udemy_course:/home/nijin26/ros2_ws/install/pkg_template_py:/opt/ros/jazzy DEBUGINFOD_URLS=https://debuginfod.ubuntu.com /usr/bin/cmake --install /home/nijin26/ros2_ws/build/pkg_template_multi_language
[1.182s] Level 1:colcon.colcon_core.environment:create_environment_scripts_only(pkg_template_cpp)
[1.183s] DEBUG:colcon.colcon_core.event_handler.log_command:Invoked command in '/home/nijin26/ros2_ws/build/pkg_template_cpp' returned '0': CMAKE_PREFIX_PATH=${CMAKE_PREFIX_PATH}:/home/nijin26/ros2_ws/install/ros2jazzy_opencv:/home/nijin26/ros2_ws/install/pkg_udemy_course:/home/nijin26/ros2_ws/install/pkg_template_py:/opt/ros/jazzy DEBUGINFOD_URLS=https://debuginfod.ubuntu.com /usr/bin/cmake --install /home/nijin26/ros2_ws/build/pkg_template_cpp
[1.192s] Level 1:colcon.colcon_core.environment:checking '/home/nijin26/ros2_ws/install/pkg_template_cpp' for CMake module files
[1.193s] Level 1:colcon.colcon_core.environment:checking '/home/nijin26/ros2_ws/install/pkg_template_cpp' for CMake config files
[1.194s] Level 1:colcon.colcon_core.shell:create_environment_hook('pkg_template_cpp', 'cmake_prefix_path')
[1.194s] INFO:colcon.colcon_core.shell:Creating environment hook '/home/nijin26/ros2_ws/install/pkg_template_cpp/share/pkg_template_cpp/hook/cmake_prefix_path.ps1'
[1.195s] INFO:colcon.colcon_core.shell:Creating environment descriptor '/home/nijin26/ros2_ws/install/pkg_template_cpp/share/pkg_template_cpp/hook/cmake_prefix_path.dsv'
[1.195s] INFO:colcon.colcon_core.shell:Creating environment hook '/home/nijin26/ros2_ws/install/pkg_template_cpp/share/pkg_template_cpp/hook/cmake_prefix_path.sh'
[1.197s] Level 1:colcon.colcon_core.environment:checking '/home/nijin26/ros2_ws/install/pkg_template_cpp/lib'
[1.197s] Level 1:colcon.colcon_core.environment:checking '/home/nijin26/ros2_ws/install/pkg_template_cpp/bin'
[1.197s] Level 1:colcon.colcon_core.environment:checking '/home/nijin26/ros2_ws/install/pkg_template_cpp/lib/pkgconfig/pkg_template_cpp.pc'
[1.198s] Level 1:colcon.colcon_core.environment:checking '/home/nijin26/ros2_ws/install/pkg_template_cpp/lib/python3.12/site-packages'
[1.198s] Level 1:colcon.colcon_core.environment:checking '/home/nijin26/ros2_ws/install/pkg_template_cpp/bin'
[1.199s] INFO:colcon.colcon_core.shell:Creating package script '/home/nijin26/ros2_ws/install/pkg_template_cpp/share/pkg_template_cpp/package.ps1'
[1.200s] INFO:colcon.colcon_core.shell:Creating package descriptor '/home/nijin26/ros2_ws/install/pkg_template_cpp/share/pkg_template_cpp/package.dsv'
[1.201s] INFO:colcon.colcon_core.shell:Creating package script '/home/nijin26/ros2_ws/install/pkg_template_cpp/share/pkg_template_cpp/package.sh'
[1.202s] INFO:colcon.colcon_core.shell:Creating package script '/home/nijin26/ros2_ws/install/pkg_template_cpp/share/pkg_template_cpp/package.bash'
[1.203s] INFO:colcon.colcon_core.shell:Creating package script '/home/nijin26/ros2_ws/install/pkg_template_cpp/share/pkg_template_cpp/package.zsh'
[1.204s] Level 1:colcon.colcon_core.environment:create_file_with_runtime_dependencies(/home/nijin26/ros2_ws/install/pkg_template_cpp/share/colcon-core/packages/pkg_template_cpp)
[1.206s] Level 1:colcon.colcon_core.environment:create_environment_scripts_only(pkg_template_multi_language)
[1.206s] Level 1:colcon.colcon_core.environment:checking '/home/nijin26/ros2_ws/install/pkg_template_multi_language' for CMake module files
[1.207s] DEBUG:colcon.colcon_core.event_handler.log_command:Invoked command in '/home/nijin26/ros2_ws/build/pkg_template_multi_language' returned '0': CMAKE_PREFIX_PATH=${CMAKE_PREFIX_PATH}:/home/nijin26/ros2_ws/install/ros2jazzy_opencv:/home/nijin26/ros2_ws/install/pkg_udemy_course:/home/nijin26/ros2_ws/install/pkg_template_py:/opt/ros/jazzy DEBUGINFOD_URLS=https://debuginfod.ubuntu.com /usr/bin/cmake --install /home/nijin26/ros2_ws/build/pkg_template_multi_language
[1.208s] Level 1:colcon.colcon_core.environment:checking '/home/nijin26/ros2_ws/install/pkg_template_multi_language' for CMake config files
[1.208s] Level 1:colcon.colcon_core.shell:create_environment_hook('pkg_template_multi_language', 'cmake_prefix_path')
[1.209s] INFO:colcon.colcon_core.shell:Creating environment hook '/home/nijin26/ros2_ws/install/pkg_template_multi_language/share/pkg_template_multi_language/hook/cmake_prefix_path.ps1'
[1.209s] INFO:colcon.colcon_core.shell:Creating environment descriptor '/home/nijin26/ros2_ws/install/pkg_template_multi_language/share/pkg_template_multi_language/hook/cmake_prefix_path.dsv'
[1.210s] INFO:colcon.colcon_core.shell:Creating environment hook '/home/nijin26/ros2_ws/install/pkg_template_multi_language/share/pkg_template_multi_language/hook/cmake_prefix_path.sh'
[1.211s] Level 1:colcon.colcon_core.environment:checking '/home/nijin26/ros2_ws/install/pkg_template_multi_language/lib'
[1.211s] Level 1:colcon.colcon_core.environment:checking '/home/nijin26/ros2_ws/install/pkg_template_multi_language/bin'
[1.211s] Level 1:colcon.colcon_core.environment:checking '/home/nijin26/ros2_ws/install/pkg_template_multi_language/lib/pkgconfig/pkg_template_multi_language.pc'
[1.212s] Level 1:colcon.colcon_core.environment:checking '/home/nijin26/ros2_ws/install/pkg_template_multi_language/lib/python3.12/site-packages'
[1.212s] Level 1:colcon.colcon_core.environment:checking '/home/nijin26/ros2_ws/install/pkg_template_multi_language/bin'
[1.212s] INFO:colcon.colcon_core.shell:Creating package script '/home/nijin26/ros2_ws/install/pkg_template_multi_language/share/pkg_template_multi_language/package.ps1'
[1.213s] INFO:colcon.colcon_core.shell:Creating package descriptor '/home/nijin26/ros2_ws/install/pkg_template_multi_language/share/pkg_template_multi_language/package.dsv'
[1.214s] INFO:colcon.colcon_core.shell:Creating package script '/home/nijin26/ros2_ws/install/pkg_template_multi_language/share/pkg_template_multi_language/package.sh'
[1.214s] INFO:colcon.colcon_core.shell:Creating package script '/home/nijin26/ros2_ws/install/pkg_template_multi_language/share/pkg_template_multi_language/package.bash'
[1.215s] INFO:colcon.colcon_core.shell:Creating package script '/home/nijin26/ros2_ws/install/pkg_template_multi_language/share/pkg_template_multi_language/package.zsh'
[1.216s] Level 1:colcon.colcon_core.environment:create_file_with_runtime_dependencies(/home/nijin26/ros2_ws/install/pkg_template_multi_language/share/colcon-core/packages/pkg_template_multi_language)
[1.237s] Level 1:colcon.colcon_core.environment:create_environment_scripts_only(pkg_template_cpp)
[1.238s] Level 1:colcon.colcon_core.environment:checking '/home/nijin26/ros2_ws/install/pkg_template_cpp' for CMake module files
[1.239s] Level 1:colcon.colcon_core.environment:checking '/home/nijin26/ros2_ws/install/pkg_template_cpp' for CMake config files
[1.239s] Level 1:colcon.colcon_core.shell:create_environment_hook('pkg_template_cpp', 'cmake_prefix_path')
[1.239s] INFO:colcon.colcon_core.shell:Creating environment hook '/home/nijin26/ros2_ws/install/pkg_template_cpp/share/pkg_template_cpp/hook/cmake_prefix_path.ps1'
[1.240s] INFO:colcon.colcon_core.shell:Creating environment descriptor '/home/nijin26/ros2_ws/install/pkg_template_cpp/share/pkg_template_cpp/hook/cmake_prefix_path.dsv'
[1.241s] INFO:colcon.colcon_core.shell:Creating environment hook '/home/nijin26/ros2_ws/install/pkg_template_cpp/share/pkg_template_cpp/hook/cmake_prefix_path.sh'
[1.242s] Level 1:colcon.colcon_core.environment:checking '/home/nijin26/ros2_ws/install/pkg_template_cpp/lib'
[1.242s] Level 1:colcon.colcon_core.environment:checking '/home/nijin26/ros2_ws/install/pkg_template_cpp/bin'
[1.242s] Level 1:colcon.colcon_core.environment:checking '/home/nijin26/ros2_ws/install/pkg_template_cpp/lib/pkgconfig/pkg_template_cpp.pc'
[1.243s] Level 1:colcon.colcon_core.environment:checking '/home/nijin26/ros2_ws/install/pkg_template_cpp/lib/python3.12/site-packages'
[1.243s] Level 1:colcon.colcon_core.environment:checking '/home/nijin26/ros2_ws/install/pkg_template_cpp/bin'
[1.244s] INFO:colcon.colcon_core.shell:Creating package script '/home/nijin26/ros2_ws/install/pkg_template_cpp/share/pkg_template_cpp/package.ps1'
[1.246s] INFO:colcon.colcon_core.shell:Creating package descriptor '/home/nijin26/ros2_ws/install/pkg_template_cpp/share/pkg_template_cpp/package.dsv'
[1.247s] INFO:colcon.colcon_core.shell:Creating package script '/home/nijin26/ros2_ws/install/pkg_template_cpp/share/pkg_template_cpp/package.sh'
[1.248s] INFO:colcon.colcon_core.shell:Creating package script '/home/nijin26/ros2_ws/install/pkg_template_cpp/share/pkg_template_cpp/package.bash'
[1.248s] INFO:colcon.colcon_core.shell:Creating package script '/home/nijin26/ros2_ws/install/pkg_template_cpp/share/pkg_template_cpp/package.zsh'
[1.249s] Level 1:colcon.colcon_core.environment:create_file_with_runtime_dependencies(/home/nijin26/ros2_ws/install/pkg_template_cpp/share/colcon-core/packages/pkg_template_cpp)
[1.253s] DEBUG:colcon.colcon_core.event_handler.log_command:Invoked command in '/home/nijin26/ros2_ws/build/rplidar_ros' returned '0': CMAKE_PREFIX_PATH=${CMAKE_PREFIX_PATH}:/home/nijin26/ros2_ws/install/ros2jazzy_opencv:/home/nijin26/ros2_ws/install/pkg_udemy_course:/home/nijin26/ros2_ws/install/pkg_template_py:/opt/ros/jazzy DEBUGINFOD_URLS=https://debuginfod.ubuntu.com /usr/bin/cmake --build /home/nijin26/ros2_ws/build/rplidar_ros -- -j12 -l12
[1.256s] Level 1:colcon.colcon_core.environment:create_environment_scripts_only(pkg_template_multi_language)
[1.257s] Level 1:colcon.colcon_core.environment:checking '/home/nijin26/ros2_ws/install/pkg_template_multi_language' for CMake module files
[1.258s] Level 1:colcon.colcon_core.environment:checking '/home/nijin26/ros2_ws/install/pkg_template_multi_language' for CMake config files
[1.258s] Level 1:colcon.colcon_core.shell:create_environment_hook('pkg_template_multi_language', 'cmake_prefix_path')
[1.258s] INFO:colcon.colcon_core.shell:Creating environment hook '/home/nijin26/ros2_ws/install/pkg_template_multi_language/share/pkg_template_multi_language/hook/cmake_prefix_path.ps1'
[1.259s] INFO:colcon.colcon_core.shell:Creating environment descriptor '/home/nijin26/ros2_ws/install/pkg_template_multi_language/share/pkg_template_multi_language/hook/cmake_prefix_path.dsv'
[1.260s] INFO:colcon.colcon_core.shell:Creating environment hook '/home/nijin26/ros2_ws/install/pkg_template_multi_language/share/pkg_template_multi_language/hook/cmake_prefix_path.sh'
[1.261s] Level 1:colcon.colcon_core.environment:checking '/home/nijin26/ros2_ws/install/pkg_template_multi_language/lib'
[1.261s] Level 1:colcon.colcon_core.environment:checking '/home/nijin26/ros2_ws/install/pkg_template_multi_language/bin'
[1.261s] Level 1:colcon.colcon_core.environment:checking '/home/nijin26/ros2_ws/install/pkg_template_multi_language/lib/pkgconfig/pkg_template_multi_language.pc'
[1.261s] Level 1:colcon.colcon_core.environment:checking '/home/nijin26/ros2_ws/install/pkg_template_multi_language/lib/python3.12/site-packages'
[1.262s] Level 1:colcon.colcon_core.environment:checking '/home/nijin26/ros2_ws/install/pkg_template_multi_language/bin'
[1.262s] INFO:colcon.colcon_core.shell:Creating package script '/home/nijin26/ros2_ws/install/pkg_template_multi_language/share/pkg_template_multi_language/package.ps1'
[1.263s] INFO:colcon.colcon_core.shell:Creating package descriptor '/home/nijin26/ros2_ws/install/pkg_template_multi_language/share/pkg_template_multi_language/package.dsv'
[1.264s] INFO:colcon.colcon_core.shell:Creating package script '/home/nijin26/ros2_ws/install/pkg_template_multi_language/share/pkg_template_multi_language/package.sh'
[1.265s] INFO:colcon.colcon_core.shell:Creating package script '/home/nijin26/ros2_ws/install/pkg_template_multi_language/share/pkg_template_multi_language/package.bash'
[1.265s] INFO:colcon.colcon_core.shell:Creating package script '/home/nijin26/ros2_ws/install/pkg_template_multi_language/share/pkg_template_multi_language/package.zsh'
[1.266s] Level 1:colcon.colcon_core.environment:create_file_with_runtime_dependencies(/home/nijin26/ros2_ws/install/pkg_template_multi_language/share/colcon-core/packages/pkg_template_multi_language)
[1.336s] DEBUG:colcon.colcon_core.event_handler.log_command:Invoking command in '/home/nijin26/ros2_ws/build/rplidar_ros': CMAKE_PREFIX_PATH=${CMAKE_PREFIX_PATH}:/home/nijin26/ros2_ws/install/ros2jazzy_opencv:/home/nijin26/ros2_ws/install/pkg_udemy_course:/home/nijin26/ros2_ws/install/pkg_template_py:/opt/ros/jazzy DEBUGINFOD_URLS=https://debuginfod.ubuntu.com /usr/bin/cmake --install /home/nijin26/ros2_ws/build/rplidar_ros
[1.354s] Level 1:colcon.colcon_core.environment:create_environment_scripts_only(rplidar_ros)
[1.355s] Level 1:colcon.colcon_core.environment:checking '/home/nijin26/ros2_ws/install/rplidar_ros' for CMake module files
[1.358s] Level 1:colcon.colcon_core.environment:checking '/home/nijin26/ros2_ws/install/rplidar_ros' for CMake config files
[1.359s] DEBUG:colcon.colcon_core.event_handler.log_command:Invoked command in '/home/nijin26/ros2_ws/build/rplidar_ros' returned '0': CMAKE_PREFIX_PATH=${CMAKE_PREFIX_PATH}:/home/nijin26/ros2_ws/install/ros2jazzy_opencv:/home/nijin26/ros2_ws/install/pkg_udemy_course:/home/nijin26/ros2_ws/install/pkg_template_py:/opt/ros/jazzy DEBUGINFOD_URLS=https://debuginfod.ubuntu.com /usr/bin/cmake --install /home/nijin26/ros2_ws/build/rplidar_ros
[1.359s] Level 1:colcon.colcon_core.shell:create_environment_hook('rplidar_ros', 'cmake_prefix_path')
[1.359s] INFO:colcon.colcon_core.shell:Creating environment hook '/home/nijin26/ros2_ws/install/rplidar_ros/share/rplidar_ros/hook/cmake_prefix_path.ps1'
[1.360s] INFO:colcon.colcon_core.shell:Creating environment descriptor '/home/nijin26/ros2_ws/install/rplidar_ros/share/rplidar_ros/hook/cmake_prefix_path.dsv'
[1.360s] INFO:colcon.colcon_core.shell:Creating environment hook '/home/nijin26/ros2_ws/install/rplidar_ros/share/rplidar_ros/hook/cmake_prefix_path.sh'
[1.361s] Level 1:colcon.colcon_core.environment:checking '/home/nijin26/ros2_ws/install/rplidar_ros/lib'
[1.361s] Level 1:colcon.colcon_core.environment:checking '/home/nijin26/ros2_ws/install/rplidar_ros/bin'
[1.361s] Level 1:colcon.colcon_core.environment:checking '/home/nijin26/ros2_ws/install/rplidar_ros/lib/pkgconfig/rplidar_ros.pc'
[1.361s] Level 1:colcon.colcon_core.environment:checking '/home/nijin26/ros2_ws/install/rplidar_ros/lib/python3.12/site-packages'
[1.361s] Level 1:colcon.colcon_core.environment:checking '/home/nijin26/ros2_ws/install/rplidar_ros/bin'
[1.362s] INFO:colcon.colcon_core.shell:Creating package script '/home/nijin26/ros2_ws/install/rplidar_ros/share/rplidar_ros/package.ps1'
[1.362s] INFO:colcon.colcon_core.shell:Creating package descriptor '/home/nijin26/ros2_ws/install/rplidar_ros/share/rplidar_ros/package.dsv'
[1.362s] INFO:colcon.colcon_core.shell:Creating package script '/home/nijin26/ros2_ws/install/rplidar_ros/share/rplidar_ros/package.sh'
[1.363s] INFO:colcon.colcon_core.shell:Creating package script '/home/nijin26/ros2_ws/install/rplidar_ros/share/rplidar_ros/package.bash'
[1.363s] INFO:colcon.colcon_core.shell:Creating package script '/home/nijin26/ros2_ws/install/rplidar_ros/share/rplidar_ros/package.zsh'
[1.363s] Level 1:colcon.colcon_core.environment:create_file_with_runtime_dependencies(/home/nijin26/ros2_ws/install/rplidar_ros/share/colcon-core/packages/rplidar_ros)
[1.429s] Level 1:colcon.colcon_core.environment:create_environment_scripts_only(rplidar_ros)
[1.429s] Level 1:colcon.colcon_core.environment:checking '/home/nijin26/ros2_ws/install/rplidar_ros' for CMake module files
[1.430s] Level 1:colcon.colcon_core.environment:checking '/home/nijin26/ros2_ws/install/rplidar_ros' for CMake config files
[1.431s] Level 1:colcon.colcon_core.shell:create_environment_hook('rplidar_ros', 'cmake_prefix_path')
[1.431s] INFO:colcon.colcon_core.shell:Creating environment hook '/home/nijin26/ros2_ws/install/rplidar_ros/share/rplidar_ros/hook/cmake_prefix_path.ps1'
[1.432s] INFO:colcon.colcon_core.shell:Creating environment descriptor '/home/nijin26/ros2_ws/install/rplidar_ros/share/rplidar_ros/hook/cmake_prefix_path.dsv'
[1.432s] INFO:colcon.colcon_core.shell:Creating environment hook '/home/nijin26/ros2_ws/install/rplidar_ros/share/rplidar_ros/hook/cmake_prefix_path.sh'
[1.433s] Level 1:colcon.colcon_core.environment:checking '/home/nijin26/ros2_ws/install/rplidar_ros/lib'
[1.433s] Level 1:colcon.colcon_core.environment:checking '/home/nijin26/ros2_ws/install/rplidar_ros/bin'
[1.433s] Level 1:colcon.colcon_core.environment:checking '/home/nijin26/ros2_ws/install/rplidar_ros/lib/pkgconfig/rplidar_ros.pc'
[1.434s] Level 1:colcon.colcon_core.environment:checking '/home/nijin26/ros2_ws/install/rplidar_ros/lib/python3.12/site-packages'
[1.434s] Level 1:colcon.colcon_core.environment:checking '/home/nijin26/ros2_ws/install/rplidar_ros/bin'
[1.434s] INFO:colcon.colcon_core.shell:Creating package script '/home/nijin26/ros2_ws/install/rplidar_ros/share/rplidar_ros/package.ps1'
[1.435s] INFO:colcon.colcon_core.shell:Creating package descriptor '/home/nijin26/ros2_ws/install/rplidar_ros/share/rplidar_ros/package.dsv'
[1.436s] INFO:colcon.colcon_core.shell:Creating package script '/home/nijin26/ros2_ws/install/rplidar_ros/share/rplidar_ros/package.sh'
[1.437s] INFO:colcon.colcon_core.shell:Creating package script '/home/nijin26/ros2_ws/install/rplidar_ros/share/rplidar_ros/package.bash'
[1.437s] INFO:colcon.colcon_core.shell:Creating package script '/home/nijin26/ros2_ws/install/rplidar_ros/share/rplidar_ros/package.zsh'
[1.438s] Level 1:colcon.colcon_core.environment:create_file_with_runtime_dependencies(/home/nijin26/ros2_ws/install/rplidar_ros/share/colcon-core/packages/rplidar_ros)
[1.944s] DEBUG:colcon.colcon_core.event_handler.log_command:Invoking command in '/home/nijin26/ros2_ws/src/pkg_udemy_course': DEBUGINFOD_URLS=https://debuginfod.ubuntu.com PYTHONPATH=/home/nijin26/ros2_ws/build/pkg_udemy_course/prefix_override:/usr/lib/python3/dist-packages/colcon_core/task/python/colcon_distutils_commands:/home/nijin26/ros2_ws/install/pkg_udemy_course/lib/python3.12/site-packages:${PYTHONPATH} /usr/bin/python3 -W ignore:setup.py install is deprecated setup.py egg_info --egg-base ../../build/pkg_udemy_course build --build-base /home/nijin26/ros2_ws/build/pkg_udemy_course/build install --record /home/nijin26/ros2_ws/build/pkg_udemy_course/install.log --single-version-externally-managed install_data
[1.969s] DEBUG:colcon.colcon_core.event_handler.log_command:Invoking command in '/home/nijin26/ros2_ws/src/ros2jazzy_opencv': DEBUGINFOD_URLS=https://debuginfod.ubuntu.com PYTHONPATH=/home/nijin26/ros2_ws/build/ros2jazzy_opencv/prefix_override:/usr/lib/python3/dist-packages/colcon_core/task/python/colcon_distutils_commands:/home/nijin26/ros2_ws/install/ros2jazzy_opencv/lib/python3.12/site-packages:${PYTHONPATH} /usr/bin/python3 -W ignore:setup.py install is deprecated setup.py egg_info --egg-base ../../build/ros2jazzy_opencv build --build-base /home/nijin26/ros2_ws/build/ros2jazzy_opencv/build install --record /home/nijin26/ros2_ws/build/ros2jazzy_opencv/install.log --single-version-externally-managed install_data
[1.971s] DEBUG:colcon.colcon_core.event_handler.log_command:Invoking command in '/home/nijin26/ros2_ws/src/pkg_template_py': DEBUGINFOD_URLS=https://debuginfod.ubuntu.com PYTHONPATH=/home/nijin26/ros2_ws/build/pkg_template_py/prefix_override:/usr/lib/python3/dist-packages/colcon_core/task/python/colcon_distutils_commands:/home/nijin26/ros2_ws/install/pkg_template_py/lib/python3.12/site-packages:${PYTHONPATH} /usr/bin/python3 -W ignore:setup.py install is deprecated setup.py egg_info --egg-base ../../build/pkg_template_py build --build-base /home/nijin26/ros2_ws/build/pkg_template_py/build install --record /home/nijin26/ros2_ws/build/pkg_template_py/install.log --single-version-externally-managed install_data
[2.634s] Level 1:colcon.colcon_core.environment:checking '/home/nijin26/ros2_ws/install/pkg_udemy_course' for CMake module files
[2.634s] DEBUG:colcon.colcon_core.event_handler.log_command:Invoked command in '/home/nijin26/ros2_ws/src/pkg_udemy_course' returned '0': DEBUGINFOD_URLS=https://debuginfod.ubuntu.com PYTHONPATH=/home/nijin26/ros2_ws/build/pkg_udemy_course/prefix_override:/usr/lib/python3/dist-packages/colcon_core/task/python/colcon_distutils_commands:/home/nijin26/ros2_ws/install/pkg_udemy_course/lib/python3.12/site-packages:${PYTHONPATH} /usr/bin/python3 -W ignore:setup.py install is deprecated setup.py egg_info --egg-base ../../build/pkg_udemy_course build --build-base /home/nijin26/ros2_ws/build/pkg_udemy_course/build install --record /home/nijin26/ros2_ws/build/pkg_udemy_course/install.log --single-version-externally-managed install_data
[2.635s] Level 1:colcon.colcon_core.environment:checking '/home/nijin26/ros2_ws/install/pkg_udemy_course' for CMake config files
[2.635s] Level 1:colcon.colcon_core.environment:checking '/home/nijin26/ros2_ws/install/pkg_udemy_course/lib'
[2.635s] Level 1:colcon.colcon_core.environment:checking '/home/nijin26/ros2_ws/install/pkg_udemy_course/bin'
[2.635s] Level 1:colcon.colcon_core.environment:checking '/home/nijin26/ros2_ws/install/pkg_udemy_course/lib/pkgconfig/pkg_udemy_course.pc'
[2.636s] Level 1:colcon.colcon_core.environment:checking '/home/nijin26/ros2_ws/install/pkg_udemy_course/lib/python3.12/site-packages'
[2.636s] Level 1:colcon.colcon_core.shell:create_environment_hook('pkg_udemy_course', 'pythonpath')
[2.636s] INFO:colcon.colcon_core.shell:Creating environment hook '/home/nijin26/ros2_ws/install/pkg_udemy_course/share/pkg_udemy_course/hook/pythonpath.ps1'
[2.637s] INFO:colcon.colcon_core.shell:Creating environment descriptor '/home/nijin26/ros2_ws/install/pkg_udemy_course/share/pkg_udemy_course/hook/pythonpath.dsv'
[2.637s] INFO:colcon.colcon_core.shell:Creating environment hook '/home/nijin26/ros2_ws/install/pkg_udemy_course/share/pkg_udemy_course/hook/pythonpath.sh'
[2.638s] Level 1:colcon.colcon_core.environment:checking '/home/nijin26/ros2_ws/install/pkg_udemy_course/bin'
[2.638s] Level 1:colcon.colcon_core.environment:create_environment_scripts_only(pkg_udemy_course)
[2.638s] INFO:colcon.colcon_core.shell:Creating package script '/home/nijin26/ros2_ws/install/pkg_udemy_course/share/pkg_udemy_course/package.ps1'
[2.638s] INFO:colcon.colcon_core.shell:Creating package descriptor '/home/nijin26/ros2_ws/install/pkg_udemy_course/share/pkg_udemy_course/package.dsv'
[2.639s] INFO:colcon.colcon_core.shell:Creating package script '/home/nijin26/ros2_ws/install/pkg_udemy_course/share/pkg_udemy_course/package.sh'
[2.639s] INFO:colcon.colcon_core.shell:Creating package script '/home/nijin26/ros2_ws/install/pkg_udemy_course/share/pkg_udemy_course/package.bash'
[2.640s] INFO:colcon.colcon_core.shell:Creating package script '/home/nijin26/ros2_ws/install/pkg_udemy_course/share/pkg_udemy_course/package.zsh'
[2.640s] Level 1:colcon.colcon_core.environment:create_file_with_runtime_dependencies(/home/nijin26/ros2_ws/install/pkg_udemy_course/share/colcon-core/packages/pkg_udemy_course)
[2.690s] Level 1:colcon.colcon_core.environment:checking '/home/nijin26/ros2_ws/install/ros2jazzy_opencv' for CMake module files
[2.691s] DEBUG:colcon.colcon_core.event_handler.log_command:Invoked command in '/home/nijin26/ros2_ws/src/ros2jazzy_opencv' returned '0': DEBUGINFOD_URLS=https://debuginfod.ubuntu.com PYTHONPATH=/home/nijin26/ros2_ws/build/ros2jazzy_opencv/prefix_override:/usr/lib/python3/dist-packages/colcon_core/task/python/colcon_distutils_commands:/home/nijin26/ros2_ws/install/ros2jazzy_opencv/lib/python3.12/site-packages:${PYTHONPATH} /usr/bin/python3 -W ignore:setup.py install is deprecated setup.py egg_info --egg-base ../../build/ros2jazzy_opencv build --build-base /home/nijin26/ros2_ws/build/ros2jazzy_opencv/build install --record /home/nijin26/ros2_ws/build/ros2jazzy_opencv/install.log --single-version-externally-managed install_data
[2.692s] Level 1:colcon.colcon_core.environment:checking '/home/nijin26/ros2_ws/install/ros2jazzy_opencv' for CMake config files
[2.693s] Level 1:colcon.colcon_core.environment:checking '/home/nijin26/ros2_ws/install/ros2jazzy_opencv/lib'
[2.693s] Level 1:colcon.colcon_core.environment:checking '/home/nijin26/ros2_ws/install/ros2jazzy_opencv/bin'
[2.693s] Level 1:colcon.colcon_core.environment:checking '/home/nijin26/ros2_ws/install/ros2jazzy_opencv/lib/pkgconfig/ros2jazzy_opencv.pc'
[2.693s] Level 1:colcon.colcon_core.environment:checking '/home/nijin26/ros2_ws/install/ros2jazzy_opencv/lib/python3.12/site-packages'
[2.693s] Level 1:colcon.colcon_core.shell:create_environment_hook('ros2jazzy_opencv', 'pythonpath')
[2.694s] INFO:colcon.colcon_core.shell:Creating environment hook '/home/nijin26/ros2_ws/install/ros2jazzy_opencv/share/ros2jazzy_opencv/hook/pythonpath.ps1'
[2.694s] INFO:colcon.colcon_core.shell:Creating environment descriptor '/home/nijin26/ros2_ws/install/ros2jazzy_opencv/share/ros2jazzy_opencv/hook/pythonpath.dsv'
[2.695s] INFO:colcon.colcon_core.shell:Creating environment hook '/home/nijin26/ros2_ws/install/ros2jazzy_opencv/share/ros2jazzy_opencv/hook/pythonpath.sh'
[2.696s] Level 1:colcon.colcon_core.environment:checking '/home/nijin26/ros2_ws/install/ros2jazzy_opencv/bin'
[2.696s] Level 1:colcon.colcon_core.environment:create_environment_scripts_only(ros2jazzy_opencv)
[2.696s] INFO:colcon.colcon_core.shell:Creating package script '/home/nijin26/ros2_ws/install/ros2jazzy_opencv/share/ros2jazzy_opencv/package.ps1'
[2.697s] INFO:colcon.colcon_core.shell:Creating package descriptor '/home/nijin26/ros2_ws/install/ros2jazzy_opencv/share/ros2jazzy_opencv/package.dsv'
[2.697s] INFO:colcon.colcon_core.shell:Creating package script '/home/nijin26/ros2_ws/install/ros2jazzy_opencv/share/ros2jazzy_opencv/package.sh'
[2.698s] INFO:colcon.colcon_core.shell:Creating package script '/home/nijin26/ros2_ws/install/ros2jazzy_opencv/share/ros2jazzy_opencv/package.bash'
[2.698s] INFO:colcon.colcon_core.shell:Creating package script '/home/nijin26/ros2_ws/install/ros2jazzy_opencv/share/ros2jazzy_opencv/package.zsh'
[2.699s] Level 1:colcon.colcon_core.environment:create_file_with_runtime_dependencies(/home/nijin26/ros2_ws/install/ros2jazzy_opencv/share/colcon-core/packages/ros2jazzy_opencv)
[2.700s] Level 1:colcon.colcon_core.environment:checking '/home/nijin26/ros2_ws/install/pkg_template_py' for CMake module files
[2.700s] DEBUG:colcon.colcon_core.event_handler.log_command:Invoked command in '/home/nijin26/ros2_ws/src/pkg_template_py' returned '0': DEBUGINFOD_URLS=https://debuginfod.ubuntu.com PYTHONPATH=/home/nijin26/ros2_ws/build/pkg_template_py/prefix_override:/usr/lib/python3/dist-packages/colcon_core/task/python/colcon_distutils_commands:/home/nijin26/ros2_ws/install/pkg_template_py/lib/python3.12/site-packages:${PYTHONPATH} /usr/bin/python3 -W ignore:setup.py install is deprecated setup.py egg_info --egg-base ../../build/pkg_template_py build --build-base /home/nijin26/ros2_ws/build/pkg_template_py/build install --record /home/nijin26/ros2_ws/build/pkg_template_py/install.log --single-version-externally-managed install_data
[2.701s] Level 1:colcon.colcon_core.environment:checking '/home/nijin26/ros2_ws/install/pkg_template_py' for CMake config files
[2.702s] Level 1:colcon.colcon_core.environment:checking '/home/nijin26/ros2_ws/install/pkg_template_py/lib'
[2.702s] Level 1:colcon.colcon_core.environment:checking '/home/nijin26/ros2_ws/install/pkg_template_py/bin'
[2.702s] Level 1:colcon.colcon_core.environment:checking '/home/nijin26/ros2_ws/install/pkg_template_py/lib/pkgconfig/pkg_template_py.pc'
[2.702s] Level 1:colcon.colcon_core.environment:checking '/home/nijin26/ros2_ws/install/pkg_template_py/lib/python3.12/site-packages'
[2.702s] Level 1:colcon.colcon_core.shell:create_environment_hook('pkg_template_py', 'pythonpath')
[2.703s] INFO:colcon.colcon_core.shell:Creating environment hook '/home/nijin26/ros2_ws/install/pkg_template_py/share/pkg_template_py/hook/pythonpath.ps1'
[2.703s] INFO:colcon.colcon_core.shell:Creating environment descriptor '/home/nijin26/ros2_ws/install/pkg_template_py/share/pkg_template_py/hook/pythonpath.dsv'
[2.703s] INFO:colcon.colcon_core.shell:Creating environment hook '/home/nijin26/ros2_ws/install/pkg_template_py/share/pkg_template_py/hook/pythonpath.sh'
[2.704s] Level 1:colcon.colcon_core.environment:checking '/home/nijin26/ros2_ws/install/pkg_template_py/bin'
[2.704s] Level 1:colcon.colcon_core.environment:create_environment_scripts_only(pkg_template_py)
[2.705s] INFO:colcon.colcon_core.shell:Creating package script '/home/nijin26/ros2_ws/install/pkg_template_py/share/pkg_template_py/package.ps1'
[2.705s] INFO:colcon.colcon_core.shell:Creating package descriptor '/home/nijin26/ros2_ws/install/pkg_template_py/share/pkg_template_py/package.dsv'
[2.706s] INFO:colcon.colcon_core.shell:Creating package script '/home/nijin26/ros2_ws/install/pkg_template_py/share/pkg_template_py/package.sh'
[2.706s] INFO:colcon.colcon_core.shell:Creating package script '/home/nijin26/ros2_ws/install/pkg_template_py/share/pkg_template_py/package.bash'
[2.707s] INFO:colcon.colcon_core.shell:Creating package script '/home/nijin26/ros2_ws/install/pkg_template_py/share/pkg_template_py/package.zsh'
[2.707s] Level 1:colcon.colcon_core.environment:create_file_with_runtime_dependencies(/home/nijin26/ros2_ws/install/pkg_template_py/share/colcon-core/packages/pkg_template_py)
[2.708s] DEBUG:colcon.colcon_parallel_executor.executor.parallel:closing loop
[2.708s] DEBUG:colcon.colcon_parallel_executor.executor.parallel:loop closed
[2.708s] DEBUG:colcon.colcon_parallel_executor.executor.parallel:run_until_complete finished with '0'
[2.708s] DEBUG:colcon.colcon_core.event_reactor:joining thread
[2.720s] INFO:colcon.colcon_core.plugin_system:Skipping extension 'colcon_notification.desktop_notification.terminal_notifier': Not used on non-Darwin systems
[2.720s] INFO:colcon.colcon_core.plugin_system:Skipping extension 'colcon_notification.desktop_notification.win32': Not used on non-Windows systems
[2.720s] INFO:colcon.colcon_notification.desktop_notification:Sending desktop notification using 'notify2'
[2.737s] DEBUG:colcon.colcon_core.event_reactor:joined thread
[2.738s] INFO:colcon.colcon_core.shell:Creating prefix script '/home/nijin26/ros2_ws/install/local_setup.ps1'
[2.739s] INFO:colcon.colcon_core.shell:Creating prefix util module '/home/nijin26/ros2_ws/install/_local_setup_util_ps1.py'
[2.741s] INFO:colcon.colcon_core.shell:Creating prefix chain script '/home/nijin26/ros2_ws/install/setup.ps1'
[2.744s] INFO:colcon.colcon_core.shell:Creating prefix script '/home/nijin26/ros2_ws/install/local_setup.sh'
[2.745s] INFO:colcon.colcon_core.shell:Creating prefix util module '/home/nijin26/ros2_ws/install/_local_setup_util_sh.py'
[2.746s] INFO:colcon.colcon_core.shell:Creating prefix chain script '/home/nijin26/ros2_ws/install/setup.sh'
[2.748s] INFO:colcon.colcon_core.shell:Creating prefix script '/home/nijin26/ros2_ws/install/local_setup.bash'
[2.749s] INFO:colcon.colcon_core.shell:Creating prefix chain script '/home/nijin26/ros2_ws/install/setup.bash'
[2.751s] INFO:colcon.colcon_core.shell:Creating prefix script '/home/nijin26/ros2_ws/install/local_setup.zsh'
[2.752s] INFO:colcon.colcon_core.shell:Creating prefix chain script '/home/nijin26/ros2_ws/install/setup.zsh'
