[0.173s] DEBUG:colcon:Command line arguments: ['/usr/bin/colcon', 'build']
[0.173s] DEBUG:colcon:Parsed command line arguments: Namespace(log_base=None, log_level=None, verb_name='build', build_base='build', install_base='install', merge_install=False, symlink_install=False, test_result_base=None, continue_on_error=False, executor='parallel', parallel_workers=12, event_handlers=None, ignore_user_meta=False, metas=['./colcon.meta'], base_paths=['.'], packages_ignore=None, packages_ignore_regex=None, paths=None, packages_up_to=None, packages_up_to_regex=None, packages_above=None, packages_above_and_dependencies=None, packages_above_depth=None, packages_select_by_dep=None, packages_skip_by_dep=None, packages_skip_up_to=None, packages_select_build_failed=False, packages_skip_build_finished=False, packages_select_test_failures=False, packages_skip_test_passed=False, packages_select=None, packages_skip=None, packages_select_regex=None, packages_skip_regex=None, packages_start=None, packages_end=None, allow_overriding=[], cmake_args=None, cmake_target=None, cmake_target_skip_unavailable=False, cmake_clean_cache=False, cmake_clean_first=False, cmake_force_configure=False, ament_cmake_args=None, catkin_cmake_args=None, catkin_skip_building_tests=False, mixin_files=None, mixin=None, verb_parser=<colcon_mixin.mixin.mixin_argument.MixinArgumentDecorator object at 0x75c4e92f7650>, verb_extension=<colcon_core.verb.build.BuildVerb object at 0x75c4e9233da0>, main=<bound method BuildVerb.main of <colcon_core.verb.build.BuildVerb object at 0x75c4e9233da0>>, mixin_verb=('build',))
[0.208s] Level 1:colcon.colcon_core.package_discovery:discover_packages(colcon_meta) check parameters
[0.208s] Level 1:colcon.colcon_core.package_discovery:discover_packages(recursive) check parameters
[0.208s] Level 1:colcon.colcon_core.package_discovery:discover_packages(ignore) check parameters
[0.208s] Level 1:colcon.colcon_core.package_discovery:discover_packages(path) check parameters
[0.208s] Level 1:colcon.colcon_core.package_discovery:discover_packages(colcon_meta) discover
[0.208s] Level 1:colcon.colcon_core.package_discovery:discover_packages(recursive) discover
[0.208s] INFO:colcon.colcon_core.package_discovery:Crawling recursively for packages in '/home/nijin26/ros2_ws'
[0.208s] Level 1:colcon.colcon_core.package_identification:_identify(.) by extensions ['ignore', 'ignore_ament_install']
[0.208s] Level 1:colcon.colcon_core.package_identification:_identify(.) by extension 'ignore'
[0.208s] Level 1:colcon.colcon_core.package_identification:_identify(.) by extension 'ignore_ament_install'
[0.208s] Level 1:colcon.colcon_core.package_identification:_identify(.) by extensions ['colcon_pkg']
[0.209s] Level 1:colcon.colcon_core.package_identification:_identify(.) by extension 'colcon_pkg'
[0.209s] Level 1:colcon.colcon_core.package_identification:_identify(.) by extensions ['colcon_meta']
[0.209s] Level 1:colcon.colcon_core.package_identification:_identify(.) by extension 'colcon_meta'
[0.209s] Level 1:colcon.colcon_core.package_identification:_identify(.) by extensions ['ros']
[0.209s] Level 1:colcon.colcon_core.package_identification:_identify(.) by extension 'ros'
[0.237s] Level 1:colcon.colcon_core.package_identification:_identify(.) by extensions ['cmake', 'python']
[0.237s] Level 1:colcon.colcon_core.package_identification:_identify(.) by extension 'cmake'
[0.237s] Level 1:colcon.colcon_core.package_identification:_identify(.) by extension 'python'
[0.237s] Level 1:colcon.colcon_core.package_identification:_identify(.) by extensions ['python_setup_py']
[0.237s] Level 1:colcon.colcon_core.package_identification:_identify(.) by extension 'python_setup_py'
[0.237s] Level 1:colcon.colcon_core.package_identification:_identify(build) by extensions ['ignore', 'ignore_ament_install']
[0.237s] Level 1:colcon.colcon_core.package_identification:_identify(build) by extension 'ignore'
[0.237s] Level 1:colcon.colcon_core.package_identification:_identify(build) ignored
[0.238s] Level 1:colcon.colcon_core.package_identification:_identify(install) by extensions ['ignore', 'ignore_ament_install']
[0.238s] Level 1:colcon.colcon_core.package_identification:_identify(install) by extension 'ignore'
[0.238s] Level 1:colcon.colcon_core.package_identification:_identify(install) ignored
[0.238s] Level 1:colcon.colcon_core.package_identification:_identify(log) by extensions ['ignore', 'ignore_ament_install']
[0.238s] Level 1:colcon.colcon_core.package_identification:_identify(log) by extension 'ignore'
[0.238s] Level 1:colcon.colcon_core.package_identification:_identify(log) ignored
[0.238s] Level 1:colcon.colcon_core.package_identification:_identify(src) by extensions ['ignore', 'ignore_ament_install']
[0.238s] Level 1:colcon.colcon_core.package_identification:_identify(src) by extension 'ignore'
[0.238s] Level 1:colcon.colcon_core.package_identification:_identify(src) by extension 'ignore_ament_install'
[0.238s] Level 1:colcon.colcon_core.package_identification:_identify(src) by extensions ['colcon_pkg']
[0.238s] Level 1:colcon.colcon_core.package_identification:_identify(src) by extension 'colcon_pkg'
[0.238s] Level 1:colcon.colcon_core.package_identification:_identify(src) by extensions ['colcon_meta']
[0.238s] Level 1:colcon.colcon_core.package_identification:_identify(src) by extension 'colcon_meta'
[0.238s] Level 1:colcon.colcon_core.package_identification:_identify(src) by extensions ['ros']
[0.238s] Level 1:colcon.colcon_core.package_identification:_identify(src) by extension 'ros'
[0.238s] Level 1:colcon.colcon_core.package_identification:_identify(src) by extensions ['cmake', 'python']
[0.238s] Level 1:colcon.colcon_core.package_identification:_identify(src) by extension 'cmake'
[0.238s] Level 1:colcon.colcon_core.package_identification:_identify(src) by extension 'python'
[0.238s] Level 1:colcon.colcon_core.package_identification:_identify(src) by extensions ['python_setup_py']
[0.239s] Level 1:colcon.colcon_core.package_identification:_identify(src) by extension 'python_setup_py'
[0.239s] Level 1:colcon.colcon_core.package_identification:_identify(src/pkg_template_cpp) by extensions ['ignore', 'ignore_ament_install']
[0.239s] Level 1:colcon.colcon_core.package_identification:_identify(src/pkg_template_cpp) by extension 'ignore'
[0.239s] Level 1:colcon.colcon_core.package_identification:_identify(src/pkg_template_cpp) by extension 'ignore_ament_install'
[0.239s] Level 1:colcon.colcon_core.package_identification:_identify(src/pkg_template_cpp) by extensions ['colcon_pkg']
[0.239s] Level 1:colcon.colcon_core.package_identification:_identify(src/pkg_template_cpp) by extension 'colcon_pkg'
[0.239s] Level 1:colcon.colcon_core.package_identification:_identify(src/pkg_template_cpp) by extensions ['colcon_meta']
[0.239s] Level 1:colcon.colcon_core.package_identification:_identify(src/pkg_template_cpp) by extension 'colcon_meta'
[0.239s] Level 1:colcon.colcon_core.package_identification:_identify(src/pkg_template_cpp) by extensions ['ros']
[0.239s] Level 1:colcon.colcon_core.package_identification:_identify(src/pkg_template_cpp) by extension 'ros'
[0.242s] DEBUG:colcon.colcon_core.package_identification:Package 'src/pkg_template_cpp' with type 'ros.ament_cmake' and name 'pkg_template_cpp'
[0.242s] Level 1:colcon.colcon_core.package_identification:_identify(src/pkg_template_py) by extensions ['ignore', 'ignore_ament_install']
[0.242s] Level 1:colcon.colcon_core.package_identification:_identify(src/pkg_template_py) by extension 'ignore'
[0.242s] Level 1:colcon.colcon_core.package_identification:_identify(src/pkg_template_py) by extension 'ignore_ament_install'
[0.242s] Level 1:colcon.colcon_core.package_identification:_identify(src/pkg_template_py) by extensions ['colcon_pkg']
[0.242s] Level 1:colcon.colcon_core.package_identification:_identify(src/pkg_template_py) by extension 'colcon_pkg'
[0.242s] Level 1:colcon.colcon_core.package_identification:_identify(src/pkg_template_py) by extensions ['colcon_meta']
[0.242s] Level 1:colcon.colcon_core.package_identification:_identify(src/pkg_template_py) by extension 'colcon_meta'
[0.242s] Level 1:colcon.colcon_core.package_identification:_identify(src/pkg_template_py) by extensions ['ros']
[0.242s] Level 1:colcon.colcon_core.package_identification:_identify(src/pkg_template_py) by extension 'ros'
[0.243s] DEBUG:colcon.colcon_core.package_identification:Package 'src/pkg_template_py' with type 'ros.ament_python' and name 'pkg_template_py'
[0.243s] Level 1:colcon.colcon_core.package_identification:_identify(src/ros2jazzy_opencv) by extensions ['ignore', 'ignore_ament_install']
[0.243s] Level 1:colcon.colcon_core.package_identification:_identify(src/ros2jazzy_opencv) by extension 'ignore'
[0.243s] Level 1:colcon.colcon_core.package_identification:_identify(src/ros2jazzy_opencv) by extension 'ignore_ament_install'
[0.243s] Level 1:colcon.colcon_core.package_identification:_identify(src/ros2jazzy_opencv) by extensions ['colcon_pkg']
[0.243s] Level 1:colcon.colcon_core.package_identification:_identify(src/ros2jazzy_opencv) by extension 'colcon_pkg'
[0.243s] Level 1:colcon.colcon_core.package_identification:_identify(src/ros2jazzy_opencv) by extensions ['colcon_meta']
[0.243s] Level 1:colcon.colcon_core.package_identification:_identify(src/ros2jazzy_opencv) by extension 'colcon_meta'
[0.243s] Level 1:colcon.colcon_core.package_identification:_identify(src/ros2jazzy_opencv) by extensions ['ros']
[0.243s] Level 1:colcon.colcon_core.package_identification:_identify(src/ros2jazzy_opencv) by extension 'ros'
[0.244s] DEBUG:colcon.colcon_core.package_identification:Package 'src/ros2jazzy_opencv' with type 'ros.ament_python' and name 'ros2jazzy_opencv'
[0.244s] Level 1:colcon.colcon_core.package_discovery:discover_packages(recursive) using defaults
[0.244s] Level 1:colcon.colcon_core.package_discovery:discover_packages(ignore) discover
[0.244s] Level 1:colcon.colcon_core.package_discovery:discover_packages(ignore) using defaults
[0.244s] Level 1:colcon.colcon_core.package_discovery:discover_packages(path) discover
[0.244s] Level 1:colcon.colcon_core.package_discovery:discover_packages(path) using defaults
[0.263s] Level 1:colcon.colcon_core.package_discovery:discover_packages(prefix_path) check parameters
[0.263s] Level 1:colcon.colcon_core.package_discovery:discover_packages(prefix_path) discover
[0.266s] DEBUG:colcon.colcon_installed_package_information.package_discovery:Found 3 installed packages in /home/nijin26/ros2_ws/install
[0.267s] DEBUG:colcon.colcon_installed_package_information.package_discovery:Found 285 installed packages in /opt/ros/jazzy
[0.268s] Level 1:colcon.colcon_core.package_discovery:discover_packages(prefix_path) using defaults
[0.311s] Level 5:colcon.colcon_core.verb:set package 'pkg_template_cpp' build argument 'cmake_args' from command line to 'None'
[0.311s] Level 5:colcon.colcon_core.verb:set package 'pkg_template_cpp' build argument 'cmake_target' from command line to 'None'
[0.312s] Level 5:colcon.colcon_core.verb:set package 'pkg_template_cpp' build argument 'cmake_target_skip_unavailable' from command line to 'False'
[0.312s] Level 5:colcon.colcon_core.verb:set package 'pkg_template_cpp' build argument 'cmake_clean_cache' from command line to 'False'
[0.312s] Level 5:colcon.colcon_core.verb:set package 'pkg_template_cpp' build argument 'cmake_clean_first' from command line to 'False'
[0.312s] Level 5:colcon.colcon_core.verb:set package 'pkg_template_cpp' build argument 'cmake_force_configure' from command line to 'False'
[0.312s] Level 5:colcon.colcon_core.verb:set package 'pkg_template_cpp' build argument 'ament_cmake_args' from command line to 'None'
[0.312s] Level 5:colcon.colcon_core.verb:set package 'pkg_template_cpp' build argument 'catkin_cmake_args' from command line to 'None'
[0.312s] Level 5:colcon.colcon_core.verb:set package 'pkg_template_cpp' build argument 'catkin_skip_building_tests' from command line to 'False'
[0.312s] DEBUG:colcon.colcon_core.verb:Building package 'pkg_template_cpp' with the following arguments: {'ament_cmake_args': None, 'build_base': '/home/nijin26/ros2_ws/build/pkg_template_cpp', 'catkin_cmake_args': None, 'catkin_skip_building_tests': False, 'cmake_args': None, 'cmake_clean_cache': False, 'cmake_clean_first': False, 'cmake_force_configure': False, 'cmake_target': None, 'cmake_target_skip_unavailable': False, 'install_base': '/home/nijin26/ros2_ws/install/pkg_template_cpp', 'merge_install': False, 'path': '/home/nijin26/ros2_ws/src/pkg_template_cpp', 'symlink_install': False, 'test_result_base': None}
[0.312s] Level 5:colcon.colcon_core.verb:set package 'pkg_template_py' build argument 'cmake_args' from command line to 'None'
[0.312s] Level 5:colcon.colcon_core.verb:set package 'pkg_template_py' build argument 'cmake_target' from command line to 'None'
[0.312s] Level 5:colcon.colcon_core.verb:set package 'pkg_template_py' build argument 'cmake_target_skip_unavailable' from command line to 'False'
[0.312s] Level 5:colcon.colcon_core.verb:set package 'pkg_template_py' build argument 'cmake_clean_cache' from command line to 'False'
[0.312s] Level 5:colcon.colcon_core.verb:set package 'pkg_template_py' build argument 'cmake_clean_first' from command line to 'False'
[0.312s] Level 5:colcon.colcon_core.verb:set package 'pkg_template_py' build argument 'cmake_force_configure' from command line to 'False'
[0.312s] Level 5:colcon.colcon_core.verb:set package 'pkg_template_py' build argument 'ament_cmake_args' from command line to 'None'
[0.312s] Level 5:colcon.colcon_core.verb:set package 'pkg_template_py' build argument 'catkin_cmake_args' from command line to 'None'
[0.312s] Level 5:colcon.colcon_core.verb:set package 'pkg_template_py' build argument 'catkin_skip_building_tests' from command line to 'False'
[0.312s] DEBUG:colcon.colcon_core.verb:Building package 'pkg_template_py' with the following arguments: {'ament_cmake_args': None, 'build_base': '/home/nijin26/ros2_ws/build/pkg_template_py', 'catkin_cmake_args': None, 'catkin_skip_building_tests': False, 'cmake_args': None, 'cmake_clean_cache': False, 'cmake_clean_first': False, 'cmake_force_configure': False, 'cmake_target': None, 'cmake_target_skip_unavailable': False, 'install_base': '/home/nijin26/ros2_ws/install/pkg_template_py', 'merge_install': False, 'path': '/home/nijin26/ros2_ws/src/pkg_template_py', 'symlink_install': False, 'test_result_base': None}
[0.312s] Level 5:colcon.colcon_core.verb:set package 'ros2jazzy_opencv' build argument 'cmake_args' from command line to 'None'
[0.312s] Level 5:colcon.colcon_core.verb:set package 'ros2jazzy_opencv' build argument 'cmake_target' from command line to 'None'
[0.312s] Level 5:colcon.colcon_core.verb:set package 'ros2jazzy_opencv' build argument 'cmake_target_skip_unavailable' from command line to 'False'
[0.312s] Level 5:colcon.colcon_core.verb:set package 'ros2jazzy_opencv' build argument 'cmake_clean_cache' from command line to 'False'
[0.312s] Level 5:colcon.colcon_core.verb:set package 'ros2jazzy_opencv' build argument 'cmake_clean_first' from command line to 'False'
[0.313s] Level 5:colcon.colcon_core.verb:set package 'ros2jazzy_opencv' build argument 'cmake_force_configure' from command line to 'False'
[0.313s] Level 5:colcon.colcon_core.verb:set package 'ros2jazzy_opencv' build argument 'ament_cmake_args' from command line to 'None'
[0.313s] Level 5:colcon.colcon_core.verb:set package 'ros2jazzy_opencv' build argument 'catkin_cmake_args' from command line to 'None'
[0.313s] Level 5:colcon.colcon_core.verb:set package 'ros2jazzy_opencv' build argument 'catkin_skip_building_tests' from command line to 'False'
[0.313s] DEBUG:colcon.colcon_core.verb:Building package 'ros2jazzy_opencv' with the following arguments: {'ament_cmake_args': None, 'build_base': '/home/nijin26/ros2_ws/build/ros2jazzy_opencv', 'catkin_cmake_args': None, 'catkin_skip_building_tests': False, 'cmake_args': None, 'cmake_clean_cache': False, 'cmake_clean_first': False, 'cmake_force_configure': False, 'cmake_target': None, 'cmake_target_skip_unavailable': False, 'install_base': '/home/nijin26/ros2_ws/install/ros2jazzy_opencv', 'merge_install': False, 'path': '/home/nijin26/ros2_ws/src/ros2jazzy_opencv', 'symlink_install': False, 'test_result_base': None}
[0.313s] INFO:colcon.colcon_core.executor:Executing jobs using 'parallel' executor
[0.313s] DEBUG:colcon.colcon_parallel_executor.executor.parallel:run_until_complete
[0.314s] INFO:colcon.colcon_ros.task.ament_cmake.build:Building ROS package in '/home/nijin26/ros2_ws/src/pkg_template_cpp' with build type 'ament_cmake'
[0.314s] INFO:colcon.colcon_cmake.task.cmake.build:Building CMake package in '/home/nijin26/ros2_ws/src/pkg_template_cpp'
[0.318s] INFO:colcon.colcon_core.plugin_system:Skipping extension 'colcon_core.shell.bat': Not used on non-Windows systems
[0.318s] INFO:colcon.colcon_core.shell:Skip shell extension 'powershell' for command environment: Not usable outside of PowerShell
[0.318s] DEBUG:colcon.colcon_core.shell:Skip shell extension 'dsv' for command environment
[0.321s] INFO:colcon.colcon_ros.task.ament_python.build:Building ROS package in '/home/nijin26/ros2_ws/src/pkg_template_py' with build type 'ament_python'
[0.321s] Level 1:colcon.colcon_core.shell:create_environment_hook('pkg_template_py', 'ament_prefix_path')
[0.321s] INFO:colcon.colcon_core.shell:Creating environment hook '/home/nijin26/ros2_ws/install/pkg_template_py/share/pkg_template_py/hook/ament_prefix_path.ps1'
[0.322s] INFO:colcon.colcon_core.shell:Creating environment descriptor '/home/nijin26/ros2_ws/install/pkg_template_py/share/pkg_template_py/hook/ament_prefix_path.dsv'
[0.323s] INFO:colcon.colcon_core.shell:Creating environment hook '/home/nijin26/ros2_ws/install/pkg_template_py/share/pkg_template_py/hook/ament_prefix_path.sh'
[0.323s] INFO:colcon.colcon_core.shell:Skip shell extension 'powershell' for command environment: Not usable outside of PowerShell
[0.323s] DEBUG:colcon.colcon_core.shell:Skip shell extension 'dsv' for command environment
[0.327s] INFO:colcon.colcon_ros.task.ament_python.build:Building ROS package in '/home/nijin26/ros2_ws/src/ros2jazzy_opencv' with build type 'ament_python'
[0.327s] Level 1:colcon.colcon_core.shell:create_environment_hook('ros2jazzy_opencv', 'ament_prefix_path')
[0.328s] INFO:colcon.colcon_core.shell:Creating environment hook '/home/nijin26/ros2_ws/install/ros2jazzy_opencv/share/ros2jazzy_opencv/hook/ament_prefix_path.ps1'
[0.328s] INFO:colcon.colcon_core.shell:Creating environment descriptor '/home/nijin26/ros2_ws/install/ros2jazzy_opencv/share/ros2jazzy_opencv/hook/ament_prefix_path.dsv'
[0.329s] INFO:colcon.colcon_core.shell:Creating environment hook '/home/nijin26/ros2_ws/install/ros2jazzy_opencv/share/ros2jazzy_opencv/hook/ament_prefix_path.sh'
[0.330s] INFO:colcon.colcon_core.shell:Skip shell extension 'powershell' for command environment: Not usable outside of PowerShell
[0.330s] DEBUG:colcon.colcon_core.shell:Skip shell extension 'dsv' for command environment
[0.343s] DEBUG:colcon.colcon_core.event_handler.log_command:Invoking command in '/home/nijin26/ros2_ws/build/pkg_template_cpp': CMAKE_PREFIX_PATH=${CMAKE_PREFIX_PATH}:/home/nijin26/ros2_ws/install/pkg_template_py:/home/nijin26/ros2_ws/install/ros2jazzy_opencv:/opt/ros/jazzy DEBUGINFOD_URLS=https://debuginfod.ubuntu.com /usr/bin/cmake --build /home/nijin26/ros2_ws/build/pkg_template_cpp -- -j12 -l12
[0.568s] INFO:colcon.colcon_core.task.python.build:Building Python package in '/home/nijin26/ros2_ws/src/pkg_template_py'
[0.569s] INFO:colcon.colcon_core.shell:Skip shell extension 'powershell' for command environment: Not usable outside of PowerShell
[0.569s] DEBUG:colcon.colcon_core.shell:Skip shell extension 'dsv' for command environment
[0.789s] INFO:colcon.colcon_core.task.python.build:Building Python package in '/home/nijin26/ros2_ws/src/ros2jazzy_opencv'
[0.789s] INFO:colcon.colcon_core.shell:Skip shell extension 'powershell' for command environment: Not usable outside of PowerShell
[0.789s] DEBUG:colcon.colcon_core.shell:Skip shell extension 'dsv' for command environment
[0.792s] DEBUG:colcon.colcon_core.event_handler.log_command:Invoked command in '/home/nijin26/ros2_ws/build/pkg_template_cpp' returned '0': CMAKE_PREFIX_PATH=${CMAKE_PREFIX_PATH}:/home/nijin26/ros2_ws/install/pkg_template_py:/home/nijin26/ros2_ws/install/ros2jazzy_opencv:/opt/ros/jazzy DEBUGINFOD_URLS=https://debuginfod.ubuntu.com /usr/bin/cmake --build /home/nijin26/ros2_ws/build/pkg_template_cpp -- -j12 -l12
[0.830s] DEBUG:colcon.colcon_core.event_handler.log_command:Invoking command in '/home/nijin26/ros2_ws/build/pkg_template_cpp': CMAKE_PREFIX_PATH=${CMAKE_PREFIX_PATH}:/home/nijin26/ros2_ws/install/pkg_template_py:/home/nijin26/ros2_ws/install/ros2jazzy_opencv:/opt/ros/jazzy DEBUGINFOD_URLS=https://debuginfod.ubuntu.com /usr/bin/cmake --install /home/nijin26/ros2_ws/build/pkg_template_cpp
[0.843s] Level 1:colcon.colcon_core.environment:create_environment_scripts_only(pkg_template_cpp)
[0.844s] DEBUG:colcon.colcon_core.event_handler.log_command:Invoked command in '/home/nijin26/ros2_ws/build/pkg_template_cpp' returned '0': CMAKE_PREFIX_PATH=${CMAKE_PREFIX_PATH}:/home/nijin26/ros2_ws/install/pkg_template_py:/home/nijin26/ros2_ws/install/ros2jazzy_opencv:/opt/ros/jazzy DEBUGINFOD_URLS=https://debuginfod.ubuntu.com /usr/bin/cmake --install /home/nijin26/ros2_ws/build/pkg_template_cpp
[0.846s] Level 1:colcon.colcon_core.environment:checking '/home/nijin26/ros2_ws/install/pkg_template_cpp' for CMake module files
[0.847s] Level 1:colcon.colcon_core.environment:checking '/home/nijin26/ros2_ws/install/pkg_template_cpp' for CMake config files
[0.847s] Level 1:colcon.colcon_core.shell:create_environment_hook('pkg_template_cpp', 'cmake_prefix_path')
[0.847s] INFO:colcon.colcon_core.shell:Creating environment hook '/home/nijin26/ros2_ws/install/pkg_template_cpp/share/pkg_template_cpp/hook/cmake_prefix_path.ps1'
[0.847s] INFO:colcon.colcon_core.shell:Creating environment descriptor '/home/nijin26/ros2_ws/install/pkg_template_cpp/share/pkg_template_cpp/hook/cmake_prefix_path.dsv'
[0.848s] INFO:colcon.colcon_core.shell:Creating environment hook '/home/nijin26/ros2_ws/install/pkg_template_cpp/share/pkg_template_cpp/hook/cmake_prefix_path.sh'
[0.848s] Level 1:colcon.colcon_core.environment:checking '/home/nijin26/ros2_ws/install/pkg_template_cpp/lib'
[0.848s] Level 1:colcon.colcon_core.environment:checking '/home/nijin26/ros2_ws/install/pkg_template_cpp/bin'
[0.848s] Level 1:colcon.colcon_core.environment:checking '/home/nijin26/ros2_ws/install/pkg_template_cpp/lib/pkgconfig/pkg_template_cpp.pc'
[0.849s] Level 1:colcon.colcon_core.environment:checking '/home/nijin26/ros2_ws/install/pkg_template_cpp/lib/python3.12/site-packages'
[0.849s] Level 1:colcon.colcon_core.environment:checking '/home/nijin26/ros2_ws/install/pkg_template_cpp/bin'
[0.849s] INFO:colcon.colcon_core.shell:Creating package script '/home/nijin26/ros2_ws/install/pkg_template_cpp/share/pkg_template_cpp/package.ps1'
[0.850s] INFO:colcon.colcon_core.shell:Creating package descriptor '/home/nijin26/ros2_ws/install/pkg_template_cpp/share/pkg_template_cpp/package.dsv'
[0.850s] INFO:colcon.colcon_core.shell:Creating package script '/home/nijin26/ros2_ws/install/pkg_template_cpp/share/pkg_template_cpp/package.sh'
[0.851s] INFO:colcon.colcon_core.shell:Creating package script '/home/nijin26/ros2_ws/install/pkg_template_cpp/share/pkg_template_cpp/package.bash'
[0.851s] INFO:colcon.colcon_core.shell:Creating package script '/home/nijin26/ros2_ws/install/pkg_template_cpp/share/pkg_template_cpp/package.zsh'
[0.852s] Level 1:colcon.colcon_core.environment:create_file_with_runtime_dependencies(/home/nijin26/ros2_ws/install/pkg_template_cpp/share/colcon-core/packages/pkg_template_cpp)
[0.875s] Level 1:colcon.colcon_core.environment:create_environment_scripts_only(pkg_template_cpp)
[0.875s] Level 1:colcon.colcon_core.environment:checking '/home/nijin26/ros2_ws/install/pkg_template_cpp' for CMake module files
[0.875s] Level 1:colcon.colcon_core.environment:checking '/home/nijin26/ros2_ws/install/pkg_template_cpp' for CMake config files
[0.875s] Level 1:colcon.colcon_core.shell:create_environment_hook('pkg_template_cpp', 'cmake_prefix_path')
[0.876s] INFO:colcon.colcon_core.shell:Creating environment hook '/home/nijin26/ros2_ws/install/pkg_template_cpp/share/pkg_template_cpp/hook/cmake_prefix_path.ps1'
[0.876s] INFO:colcon.colcon_core.shell:Creating environment descriptor '/home/nijin26/ros2_ws/install/pkg_template_cpp/share/pkg_template_cpp/hook/cmake_prefix_path.dsv'
[0.876s] INFO:colcon.colcon_core.shell:Creating environment hook '/home/nijin26/ros2_ws/install/pkg_template_cpp/share/pkg_template_cpp/hook/cmake_prefix_path.sh'
[0.877s] Level 1:colcon.colcon_core.environment:checking '/home/nijin26/ros2_ws/install/pkg_template_cpp/lib'
[0.877s] Level 1:colcon.colcon_core.environment:checking '/home/nijin26/ros2_ws/install/pkg_template_cpp/bin'
[0.877s] Level 1:colcon.colcon_core.environment:checking '/home/nijin26/ros2_ws/install/pkg_template_cpp/lib/pkgconfig/pkg_template_cpp.pc'
[0.877s] Level 1:colcon.colcon_core.environment:checking '/home/nijin26/ros2_ws/install/pkg_template_cpp/lib/python3.12/site-packages'
[0.878s] Level 1:colcon.colcon_core.environment:checking '/home/nijin26/ros2_ws/install/pkg_template_cpp/bin'
[0.878s] INFO:colcon.colcon_core.shell:Creating package script '/home/nijin26/ros2_ws/install/pkg_template_cpp/share/pkg_template_cpp/package.ps1'
[0.878s] INFO:colcon.colcon_core.shell:Creating package descriptor '/home/nijin26/ros2_ws/install/pkg_template_cpp/share/pkg_template_cpp/package.dsv'
[0.879s] INFO:colcon.colcon_core.shell:Creating package script '/home/nijin26/ros2_ws/install/pkg_template_cpp/share/pkg_template_cpp/package.sh'
[0.879s] INFO:colcon.colcon_core.shell:Creating package script '/home/nijin26/ros2_ws/install/pkg_template_cpp/share/pkg_template_cpp/package.bash'
[0.879s] INFO:colcon.colcon_core.shell:Creating package script '/home/nijin26/ros2_ws/install/pkg_template_cpp/share/pkg_template_cpp/package.zsh'
[0.880s] Level 1:colcon.colcon_core.environment:create_file_with_runtime_dependencies(/home/nijin26/ros2_ws/install/pkg_template_cpp/share/colcon-core/packages/pkg_template_cpp)
[1.463s] DEBUG:colcon.colcon_core.event_handler.log_command:Invoking command in '/home/nijin26/ros2_ws/src/pkg_template_py': DEBUGINFOD_URLS=https://debuginfod.ubuntu.com PYTHONPATH=/home/nijin26/ros2_ws/build/pkg_template_py/prefix_override:/usr/lib/python3/dist-packages/colcon_core/task/python/colcon_distutils_commands:/home/nijin26/ros2_ws/install/pkg_template_py/lib/python3.12/site-packages:${PYTHONPATH} /usr/bin/python3 -W ignore:setup.py install is deprecated setup.py egg_info --egg-base ../../build/pkg_template_py build --build-base /home/nijin26/ros2_ws/build/pkg_template_py/build install --record /home/nijin26/ros2_ws/build/pkg_template_py/install.log --single-version-externally-managed install_data
[1.484s] DEBUG:colcon.colcon_core.event_handler.log_command:Invoking command in '/home/nijin26/ros2_ws/src/ros2jazzy_opencv': DEBUGINFOD_URLS=https://debuginfod.ubuntu.com PYTHONPATH=/home/nijin26/ros2_ws/build/ros2jazzy_opencv/prefix_override:/usr/lib/python3/dist-packages/colcon_core/task/python/colcon_distutils_commands:/home/nijin26/ros2_ws/install/ros2jazzy_opencv/lib/python3.12/site-packages:${PYTHONPATH} /usr/bin/python3 -W ignore:setup.py install is deprecated setup.py egg_info --egg-base ../../build/ros2jazzy_opencv build --build-base /home/nijin26/ros2_ws/build/ros2jazzy_opencv/build install --record /home/nijin26/ros2_ws/build/ros2jazzy_opencv/install.log --single-version-externally-managed install_data
[2.074s] Level 1:colcon.colcon_core.environment:checking '/home/nijin26/ros2_ws/install/pkg_template_py' for CMake module files
[2.074s] DEBUG:colcon.colcon_core.event_handler.log_command:Invoked command in '/home/nijin26/ros2_ws/src/pkg_template_py' returned '0': DEBUGINFOD_URLS=https://debuginfod.ubuntu.com PYTHONPATH=/home/nijin26/ros2_ws/build/pkg_template_py/prefix_override:/usr/lib/python3/dist-packages/colcon_core/task/python/colcon_distutils_commands:/home/nijin26/ros2_ws/install/pkg_template_py/lib/python3.12/site-packages:${PYTHONPATH} /usr/bin/python3 -W ignore:setup.py install is deprecated setup.py egg_info --egg-base ../../build/pkg_template_py build --build-base /home/nijin26/ros2_ws/build/pkg_template_py/build install --record /home/nijin26/ros2_ws/build/pkg_template_py/install.log --single-version-externally-managed install_data
[2.074s] Level 1:colcon.colcon_core.environment:checking '/home/nijin26/ros2_ws/install/pkg_template_py' for CMake config files
[2.075s] Level 1:colcon.colcon_core.environment:checking '/home/nijin26/ros2_ws/install/pkg_template_py/lib'
[2.075s] Level 1:colcon.colcon_core.environment:checking '/home/nijin26/ros2_ws/install/pkg_template_py/bin'
[2.075s] Level 1:colcon.colcon_core.environment:checking '/home/nijin26/ros2_ws/install/pkg_template_py/lib/pkgconfig/pkg_template_py.pc'
[2.075s] Level 1:colcon.colcon_core.environment:checking '/home/nijin26/ros2_ws/install/pkg_template_py/lib/python3.12/site-packages'
[2.075s] Level 1:colcon.colcon_core.shell:create_environment_hook('pkg_template_py', 'pythonpath')
[2.076s] INFO:colcon.colcon_core.shell:Creating environment hook '/home/nijin26/ros2_ws/install/pkg_template_py/share/pkg_template_py/hook/pythonpath.ps1'
[2.076s] INFO:colcon.colcon_core.shell:Creating environment descriptor '/home/nijin26/ros2_ws/install/pkg_template_py/share/pkg_template_py/hook/pythonpath.dsv'
[2.076s] INFO:colcon.colcon_core.shell:Creating environment hook '/home/nijin26/ros2_ws/install/pkg_template_py/share/pkg_template_py/hook/pythonpath.sh'
[2.077s] Level 1:colcon.colcon_core.environment:checking '/home/nijin26/ros2_ws/install/pkg_template_py/bin'
[2.077s] Level 1:colcon.colcon_core.environment:create_environment_scripts_only(pkg_template_py)
[2.077s] INFO:colcon.colcon_core.shell:Creating package script '/home/nijin26/ros2_ws/install/pkg_template_py/share/pkg_template_py/package.ps1'
[2.077s] INFO:colcon.colcon_core.shell:Creating package descriptor '/home/nijin26/ros2_ws/install/pkg_template_py/share/pkg_template_py/package.dsv'
[2.078s] INFO:colcon.colcon_core.shell:Creating package script '/home/nijin26/ros2_ws/install/pkg_template_py/share/pkg_template_py/package.sh'
[2.078s] INFO:colcon.colcon_core.shell:Creating package script '/home/nijin26/ros2_ws/install/pkg_template_py/share/pkg_template_py/package.bash'
[2.078s] INFO:colcon.colcon_core.shell:Creating package script '/home/nijin26/ros2_ws/install/pkg_template_py/share/pkg_template_py/package.zsh'
[2.078s] Level 1:colcon.colcon_core.environment:create_file_with_runtime_dependencies(/home/nijin26/ros2_ws/install/pkg_template_py/share/colcon-core/packages/pkg_template_py)
[2.121s] Level 1:colcon.colcon_core.environment:checking '/home/nijin26/ros2_ws/install/ros2jazzy_opencv' for CMake module files
[2.122s] DEBUG:colcon.colcon_core.event_handler.log_command:Invoked command in '/home/nijin26/ros2_ws/src/ros2jazzy_opencv' returned '0': DEBUGINFOD_URLS=https://debuginfod.ubuntu.com PYTHONPATH=/home/nijin26/ros2_ws/build/ros2jazzy_opencv/prefix_override:/usr/lib/python3/dist-packages/colcon_core/task/python/colcon_distutils_commands:/home/nijin26/ros2_ws/install/ros2jazzy_opencv/lib/python3.12/site-packages:${PYTHONPATH} /usr/bin/python3 -W ignore:setup.py install is deprecated setup.py egg_info --egg-base ../../build/ros2jazzy_opencv build --build-base /home/nijin26/ros2_ws/build/ros2jazzy_opencv/build install --record /home/nijin26/ros2_ws/build/ros2jazzy_opencv/install.log --single-version-externally-managed install_data
[2.122s] Level 1:colcon.colcon_core.environment:checking '/home/nijin26/ros2_ws/install/ros2jazzy_opencv' for CMake config files
[2.123s] Level 1:colcon.colcon_core.environment:checking '/home/nijin26/ros2_ws/install/ros2jazzy_opencv/lib'
[2.123s] Level 1:colcon.colcon_core.environment:checking '/home/nijin26/ros2_ws/install/ros2jazzy_opencv/bin'
[2.123s] Level 1:colcon.colcon_core.environment:checking '/home/nijin26/ros2_ws/install/ros2jazzy_opencv/lib/pkgconfig/ros2jazzy_opencv.pc'
[2.123s] Level 1:colcon.colcon_core.environment:checking '/home/nijin26/ros2_ws/install/ros2jazzy_opencv/lib/python3.12/site-packages'
[2.124s] Level 1:colcon.colcon_core.shell:create_environment_hook('ros2jazzy_opencv', 'pythonpath')
[2.124s] INFO:colcon.colcon_core.shell:Creating environment hook '/home/nijin26/ros2_ws/install/ros2jazzy_opencv/share/ros2jazzy_opencv/hook/pythonpath.ps1'
[2.124s] INFO:colcon.colcon_core.shell:Creating environment descriptor '/home/nijin26/ros2_ws/install/ros2jazzy_opencv/share/ros2jazzy_opencv/hook/pythonpath.dsv'
[2.125s] INFO:colcon.colcon_core.shell:Creating environment hook '/home/nijin26/ros2_ws/install/ros2jazzy_opencv/share/ros2jazzy_opencv/hook/pythonpath.sh'
[2.125s] Level 1:colcon.colcon_core.environment:checking '/home/nijin26/ros2_ws/install/ros2jazzy_opencv/bin'
[2.125s] Level 1:colcon.colcon_core.environment:create_environment_scripts_only(ros2jazzy_opencv)
[2.126s] INFO:colcon.colcon_core.shell:Creating package script '/home/nijin26/ros2_ws/install/ros2jazzy_opencv/share/ros2jazzy_opencv/package.ps1'
[2.126s] INFO:colcon.colcon_core.shell:Creating package descriptor '/home/nijin26/ros2_ws/install/ros2jazzy_opencv/share/ros2jazzy_opencv/package.dsv'
[2.127s] INFO:colcon.colcon_core.shell:Creating package script '/home/nijin26/ros2_ws/install/ros2jazzy_opencv/share/ros2jazzy_opencv/package.sh'
[2.128s] INFO:colcon.colcon_core.shell:Creating package script '/home/nijin26/ros2_ws/install/ros2jazzy_opencv/share/ros2jazzy_opencv/package.bash'
[2.128s] INFO:colcon.colcon_core.shell:Creating package script '/home/nijin26/ros2_ws/install/ros2jazzy_opencv/share/ros2jazzy_opencv/package.zsh'
[2.129s] Level 1:colcon.colcon_core.environment:create_file_with_runtime_dependencies(/home/nijin26/ros2_ws/install/ros2jazzy_opencv/share/colcon-core/packages/ros2jazzy_opencv)
[2.129s] DEBUG:colcon.colcon_parallel_executor.executor.parallel:closing loop
[2.130s] DEBUG:colcon.colcon_parallel_executor.executor.parallel:loop closed
[2.130s] DEBUG:colcon.colcon_parallel_executor.executor.parallel:run_until_complete finished with '0'
[2.130s] DEBUG:colcon.colcon_core.event_reactor:joining thread
[2.140s] INFO:colcon.colcon_core.plugin_system:Skipping extension 'colcon_notification.desktop_notification.terminal_notifier': Not used on non-Darwin systems
[2.140s] INFO:colcon.colcon_core.plugin_system:Skipping extension 'colcon_notification.desktop_notification.win32': Not used on non-Windows systems
[2.141s] INFO:colcon.colcon_notification.desktop_notification:Sending desktop notification using 'notify2'
[2.149s] DEBUG:colcon.colcon_core.event_reactor:joined thread
[2.149s] INFO:colcon.colcon_core.shell:Creating prefix script '/home/nijin26/ros2_ws/install/local_setup.ps1'
[2.150s] INFO:colcon.colcon_core.shell:Creating prefix util module '/home/nijin26/ros2_ws/install/_local_setup_util_ps1.py'
[2.151s] INFO:colcon.colcon_core.shell:Creating prefix chain script '/home/nijin26/ros2_ws/install/setup.ps1'
[2.152s] INFO:colcon.colcon_core.shell:Creating prefix script '/home/nijin26/ros2_ws/install/local_setup.sh'
[2.152s] INFO:colcon.colcon_core.shell:Creating prefix util module '/home/nijin26/ros2_ws/install/_local_setup_util_sh.py'
[2.153s] INFO:colcon.colcon_core.shell:Creating prefix chain script '/home/nijin26/ros2_ws/install/setup.sh'
[2.154s] INFO:colcon.colcon_core.shell:Creating prefix script '/home/nijin26/ros2_ws/install/local_setup.bash'
[2.155s] INFO:colcon.colcon_core.shell:Creating prefix chain script '/home/nijin26/ros2_ws/install/setup.bash'
[2.156s] INFO:colcon.colcon_core.shell:Creating prefix script '/home/nijin26/ros2_ws/install/local_setup.zsh'
[2.156s] INFO:colcon.colcon_core.shell:Creating prefix chain script '/home/nijin26/ros2_ws/install/setup.zsh'
