[0.051s] Invoking command in '/home/nijin26/ros2_ws/build/pkg_template_cpp': CMAKE_PREFIX_PATH=${CMAKE_PREFIX_PATH}:/home/nijin26/ros2_ws/install/ros2jazzy_opencv:/home/nijin26/ros2_ws/install/pkg_udemy_course:/home/nijin26/ros2_ws/install/pkg_template_py:/opt/ros/jazzy DEBUGINFOD_URLS=https://debuginfod.ubuntu.com /usr/bin/cmake --build /home/nijin26/ros2_ws/build/pkg_template_cpp -- -j12 -l12
[0.804s] [100%] Built target node_template_cpp
[0.806s] Invoked command in '/home/nijin26/ros2_ws/build/pkg_template_cpp' returned '0': CMAKE_PREFIX_PATH=${CMAKE_PREFIX_PATH}:/home/nijin26/ros2_ws/install/ros2jazzy_opencv:/home/nijin26/ros2_ws/install/pkg_udemy_course:/home/nijin26/ros2_ws/install/pkg_template_py:/opt/ros/jazzy DEBUGINFOD_URLS=https://debuginfod.ubuntu.com /usr/bin/cmake --build /home/nijin26/ros2_ws/build/pkg_template_cpp -- -j12 -l12
[0.851s] Invoking command in '/home/nijin26/ros2_ws/build/pkg_template_cpp': CMAKE_PREFIX_PATH=${CMAKE_PREFIX_PATH}:/home/nijin26/ros2_ws/install/ros2jazzy_opencv:/home/nijin26/ros2_ws/install/pkg_udemy_course:/home/nijin26/ros2_ws/install/pkg_template_py:/opt/ros/jazzy DEBUGINFOD_URLS=https://debuginfod.ubuntu.com /usr/bin/cmake --install /home/nijin26/ros2_ws/build/pkg_template_cpp
[0.861s] -- Install configuration: ""
[0.861s] -- Up-to-date: /home/nijin26/ros2_ws/install/pkg_template_cpp/lib/pkg_template_cpp/node_template_cpp
[0.862s] -- Up-to-date: /home/nijin26/ros2_ws/install/pkg_template_cpp/share/ament_index/resource_index/package_run_dependencies/pkg_template_cpp
[0.862s] -- Up-to-date: /home/nijin26/ros2_ws/install/pkg_template_cpp/share/ament_index/resource_index/parent_prefix_path/pkg_template_cpp
[0.863s] -- Up-to-date: /home/nijin26/ros2_ws/install/pkg_template_cpp/share/pkg_template_cpp/environment/ament_prefix_path.sh
[0.863s] -- Up-to-date: /home/nijin26/ros2_ws/install/pkg_template_cpp/share/pkg_template_cpp/environment/ament_prefix_path.dsv
[0.863s] -- Up-to-date: /home/nijin26/ros2_ws/install/pkg_template_cpp/share/pkg_template_cpp/environment/path.sh
[0.863s] -- Up-to-date: /home/nijin26/ros2_ws/install/pkg_template_cpp/share/pkg_template_cpp/environment/path.dsv
[0.863s] -- Up-to-date: /home/nijin26/ros2_ws/install/pkg_template_cpp/share/pkg_template_cpp/local_setup.bash
[0.864s] -- Up-to-date: /home/nijin26/ros2_ws/install/pkg_template_cpp/share/pkg_template_cpp/local_setup.sh
[0.864s] -- Up-to-date: /home/nijin26/ros2_ws/install/pkg_template_cpp/share/pkg_template_cpp/local_setup.zsh
[0.864s] -- Up-to-date: /home/nijin26/ros2_ws/install/pkg_template_cpp/share/pkg_template_cpp/local_setup.dsv
[0.864s] -- Installing: /home/nijin26/ros2_ws/install/pkg_template_cpp/share/pkg_template_cpp/package.dsv
[0.865s] -- Up-to-date: /home/nijin26/ros2_ws/install/pkg_template_cpp/share/ament_index/resource_index/packages/pkg_template_cpp
[0.865s] -- Up-to-date: /home/nijin26/ros2_ws/install/pkg_template_cpp/share/pkg_template_cpp/cmake/pkg_template_cppConfig.cmake
[0.865s] -- Up-to-date: /home/nijin26/ros2_ws/install/pkg_template_cpp/share/pkg_template_cpp/cmake/pkg_template_cppConfig-version.cmake
[0.865s] -- Up-to-date: /home/nijin26/ros2_ws/install/pkg_template_cpp/share/pkg_template_cpp/package.xml
[0.867s] Invoked command in '/home/nijin26/ros2_ws/build/pkg_template_cpp' returned '0': CMAKE_PREFIX_PATH=${CMAKE_PREFIX_PATH}:/home/nijin26/ros2_ws/install/ros2jazzy_opencv:/home/nijin26/ros2_ws/install/pkg_udemy_course:/home/nijin26/ros2_ws/install/pkg_template_py:/opt/ros/jazzy DEBUGINFOD_URLS=https://debuginfod.ubuntu.com /usr/bin/cmake --install /home/nijin26/ros2_ws/build/pkg_template_cpp
